========== Stats ==========
iters 10
batchSize 32
numMicro 8
machine 4
log_dir _timeline/resnet_5g
file ./_partition/partition_8_resnet_32_8.txt
model resnet
===========================
Number of Stages: 1
(0, 55)

Profiling for Stage (0, 55) with bs(1)
 ------ 1 / 11 ...
 ------ 2 / 11 ...
 ------ 3 / 11 ...
 ------ 4 / 11 ...
 ------ 5 / 11 ...
 ------ 6 / 11 ...
 ------ 7 / 11 ...
 ------ 8 / 11 ...
 ------ 9 / 11 ...
 ------ 10 / 11 ...
 ------ 11 / 11 ...
 ------ 1 / 11 ...
 ------ 2 / 11 ...
 ------ 3 / 11 ...
 ------ 4 / 11 ...
 ------ 5 / 11 ...
 ------ 6 / 11 ...
 ------ 7 / 11 ...
 ------ 8 / 11 ...
 ------ 9 / 11 ...
 ------ 10 / 11 ...
 ------ 11 / 11 ...
889710.0
980210.0
293510.0
293528.0
292092.0
292129.0
293118.0
291354.0
294078.0
291645.0
[842274]

Mean FP TimeList
[[109714, 4518, 8]]

Mean BP TimeList
[[404460, 5734, 10]]

Mean DPOH TimeList
[842274]

FP TimeList
[[109714, 5734]]

BP TimeList
[[404460, 10]]

Time Chart for FP
[109714]
[109714, 5734]
[109714, 5734]
[109714, 5734]
[109714, 5734]
[109714, 5734]
[109714, 5734]
[109714, 5734]

FP for each step:  [109714, 109714, 109714, 109714, 109714, 109714, 109714, 109714]

Time Chart for BP
[5734, 404460]
[404460, 10]
[404460, 10]
[404460, 10]
[404460, 10]
[404460, 10]
[404460, 10]
[404460, 10]

BP for each step:  [404460, 404460, 404460, 404460, 404460, 404460, 404460, 404460]
Time without overhead: 4.113392 s

Total Time: 4.955666 s
