========== Stats ==========
iters 10
batchSize 16
numMicro 16
machine 4
log_dir _timeline/resnet_5g
file ./_partition/partition_8_resnet_16_16.txt
model resnet
===========================
Number of Stages: 1
(0, 55)

Profiling for Stage (0, 55) with bs(1)
 ------ 1 / 11 ...
 ------ 2 / 11 ...
 ------ 3 / 11 ...
 ------ 4 / 11 ...
 ------ 5 / 11 ...
 ------ 6 / 11 ...
 ------ 7 / 11 ...
 ------ 8 / 11 ...
 ------ 9 / 11 ...
 ------ 10 / 11 ...
 ------ 11 / 11 ...
 ------ 1 / 11 ...
 ------ 2 / 11 ...
 ------ 3 / 11 ...
 ------ 4 / 11 ...
 ------ 5 / 11 ...
 ------ 6 / 11 ...
 ------ 7 / 11 ...
 ------ 8 / 11 ...
 ------ 9 / 11 ...
 ------ 10 / 11 ...
 ------ 11 / 11 ...
890993.0
995784.0
292775.0
293018.0
292891.0
293009.0
294642.0
292066.0
296178.0
293748.0
[847020]

Mean FP TimeList
[[112527, 133, 8]]

Mean BP TimeList
[[404478, 7431, 12]]

Mean DPOH TimeList
[847020]

FP TimeList
[[112527, 7431]]

BP TimeList
[[404478, 12]]

Time Chart for FP
[112527]
[112527, 7431]
[112527, 7431]
[112527, 7431]
[112527, 7431]
[112527, 7431]
[112527, 7431]
[112527, 7431]
[112527, 7431]
[112527, 7431]
[112527, 7431]
[112527, 7431]
[112527, 7431]
[112527, 7431]
[112527, 7431]
[112527, 7431]

FP for each step:  [112527, 112527, 112527, 112527, 112527, 112527, 112527, 112527, 112527, 112527, 112527, 112527, 112527, 112527, 112527, 112527]

Time Chart for BP
[7431, 404478]
[404478, 12]
[404478, 12]
[404478, 12]
[404478, 12]
[404478, 12]
[404478, 12]
[404478, 12]
[404478, 12]
[404478, 12]
[404478, 12]
[404478, 12]
[404478, 12]
[404478, 12]
[404478, 12]
[404478, 12]

BP for each step:  [404478, 404478, 404478, 404478, 404478, 404478, 404478, 404478, 404478, 404478, 404478, 404478, 404478, 404478, 404478, 404478]
Time without overhead: 8.27208 s

Total Time: 9.1191 s
