========== Stats ==========
iters 10
batchSize 16
numMicro 16
machine 4
log_dir _timeline/resnet_5g
file ./_partition/partition_2_resnet_16_16.txt
model resnet
===========================
Number of Stages: 1
(0, 55)

Profiling for Stage (0, 55) with bs(1)
 ------ 1 / 11 ...
 ------ 2 / 11 ...
 ------ 3 / 11 ...
 ------ 4 / 11 ...
 ------ 5 / 11 ...
 ------ 6 / 11 ...
 ------ 7 / 11 ...
 ------ 8 / 11 ...
 ------ 9 / 11 ...
 ------ 10 / 11 ...
 ------ 11 / 11 ...
 ------ 1 / 11 ...
 ------ 2 / 11 ...
 ------ 3 / 11 ...
 ------ 4 / 11 ...
 ------ 5 / 11 ...
 ------ 6 / 11 ...
 ------ 7 / 11 ...
 ------ 8 / 11 ...
 ------ 9 / 11 ...
 ------ 10 / 11 ...
 ------ 11 / 11 ...
877996.0
982476.0
294326.0
293696.0
292546.0
292337.0
293540.0
292658.0
293128.0
292800.0
[841100]

Mean FP TimeList
[[108204, 4664, 6]]

Mean BP TimeList
[[403621, 4341, 10]]

Mean DPOH TimeList
[841100]

FP TimeList
[[108204, 4341]]

BP TimeList
[[403621, 10]]

Time Chart for FP
[108204]
[108204, 4341]
[108204, 4341]
[108204, 4341]
[108204, 4341]
[108204, 4341]
[108204, 4341]
[108204, 4341]
[108204, 4341]
[108204, 4341]
[108204, 4341]
[108204, 4341]
[108204, 4341]
[108204, 4341]
[108204, 4341]
[108204, 4341]

FP for each step:  [108204, 108204, 108204, 108204, 108204, 108204, 108204, 108204, 108204, 108204, 108204, 108204, 108204, 108204, 108204, 108204]

Time Chart for BP
[4341, 403621]
[403621, 10]
[403621, 10]
[403621, 10]
[403621, 10]
[403621, 10]
[403621, 10]
[403621, 10]
[403621, 10]
[403621, 10]
[403621, 10]
[403621, 10]
[403621, 10]
[403621, 10]
[403621, 10]
[403621, 10]

BP for each step:  [403621, 403621, 403621, 403621, 403621, 403621, 403621, 403621, 403621, 403621, 403621, 403621, 403621, 403621, 403621, 403621]
Time without overhead: 8.1892 s

Total Time: 9.0303 s
