========== Stats ==========
iters 10
batchSize 32
numMicro 8
machine 4
log_dir _timeline/resnext
file ./_partition/partition_8_resnext_32_8.txt
model resnext
===========================
Number of Stages: 5
(0, 8)

Profiling for Stage (0, 8) with bs(4)
 ------ 1 / 11 ...
 ------ 2 / 11 ...
 ------ 3 / 11 ...
 ------ 4 / 11 ...
 ------ 5 / 11 ...
 ------ 6 / 11 ...
 ------ 7 / 11 ...
 ------ 8 / 11 ...
 ------ 9 / 11 ...
 ------ 10 / 11 ...
 ------ 11 / 11 ...
 ------ 1 / 11 ...
 ------ 2 / 11 ...
 ------ 3 / 11 ...
 ------ 4 / 11 ...
 ------ 5 / 11 ...
 ------ 6 / 11 ...
 ------ 7 / 11 ...
 ------ 8 / 11 ...
 ------ 9 / 11 ...
 ------ 10 / 11 ...
 ------ 11 / 11 ...
(59, 79)

Profiling for Stage (59, 79) with bs(4)
 ------ 1 / 11 ...
 ------ 2 / 11 ...
 ------ 3 / 11 ...
 ------ 4 / 11 ...
 ------ 5 / 11 ...
 ------ 6 / 11 ...
 ------ 7 / 11 ...
 ------ 8 / 11 ...
 ------ 9 / 11 ...
 ------ 10 / 11 ...
 ------ 11 / 11 ...
 ------ 1 / 11 ...
 ------ 2 / 11 ...
 ------ 3 / 11 ...
 ------ 4 / 11 ...
 ------ 5 / 11 ...
 ------ 6 / 11 ...
 ------ 7 / 11 ...
 ------ 8 / 11 ...
 ------ 9 / 11 ...
 ------ 10 / 11 ...
 ------ 11 / 11 ...
(79, 106)

Profiling for Stage (79, 106) with bs(4)
 ------ 1 / 11 ...
 ------ 2 / 11 ...
 ------ 3 / 11 ...
 ------ 4 / 11 ...
 ------ 5 / 11 ...
 ------ 6 / 11 ...
 ------ 7 / 11 ...
 ------ 8 / 11 ...
 ------ 9 / 11 ...
 ------ 10 / 11 ...
 ------ 11 / 11 ...
 ------ 1 / 11 ...
 ------ 2 / 11 ...
 ------ 3 / 11 ...
 ------ 4 / 11 ...
 ------ 5 / 11 ...
 ------ 6 / 11 ...
 ------ 7 / 11 ...
 ------ 8 / 11 ...
 ------ 9 / 11 ...
 ------ 10 / 11 ...
 ------ 11 / 11 ...
(32, 59)

Profiling for Stage (32, 59) with bs(2)
 ------ 1 / 11 ...
 ------ 2 / 11 ...
 ------ 3 / 11 ...
 ------ 4 / 11 ...
 ------ 5 / 11 ...
 ------ 6 / 11 ...
 ------ 7 / 11 ...
 ------ 8 / 11 ...
 ------ 9 / 11 ...
 ------ 10 / 11 ...
 ------ 11 / 11 ...
 ------ 1 / 11 ...
 ------ 2 / 11 ...
 ------ 3 / 11 ...
 ------ 4 / 11 ...
 ------ 5 / 11 ...
 ------ 6 / 11 ...
 ------ 7 / 11 ...
 ------ 8 / 11 ...
 ------ 9 / 11 ...
 ------ 10 / 11 ...
 ------ 11 / 11 ...
(8, 32)

Profiling for Stage (8, 32) with bs(1)
 ------ 1 / 11 ...
 ------ 2 / 11 ...
 ------ 3 / 11 ...
 ------ 4 / 11 ...
 ------ 5 / 11 ...
 ------ 6 / 11 ...
 ------ 7 / 11 ...
 ------ 8 / 11 ...
 ------ 9 / 11 ...
 ------ 10 / 11 ...
 ------ 11 / 11 ...
 ------ 1 / 11 ...
 ------ 2 / 11 ...
 ------ 3 / 11 ...
 ------ 4 / 11 ...
 ------ 5 / 11 ...
 ------ 6 / 11 ...
 ------ 7 / 11 ...
 ------ 8 / 11 ...
 ------ 9 / 11 ...
 ------ 10 / 11 ...
 ------ 11 / 11 ...
5064.0
3916.0
4186.0
5920.0
4270.0
3813.0
3719.0
3588.0
4757.0
4038.0
16137.0
14160.0
15125.0
18466.0
15380.0
15054.0
14332.0
16476.0
14783.0
15012.0
17440.0
19299.0
17789.0
16376.0
16345.0
19191.0
17722.0
17427.0
17253.0
17867.0
12309.0
12980.0
16426.0
14070.0
14239.0
16336.0
12378.0
17260.0
12538.0
12385.0
73446.0
124846.0
37861.0
37496.0
39270.0
36255.0
37279.0
37302.0
37542.0
36517.0
[8654, 30985, 35341, 28184, 99562]

Mean FP TimeList
[[58072, 1141, 7815], [77874, 2671, 984], [71405, 2720, 985], [62936, 2725, 1956], [60128, 2697, 8]]

Mean BP TimeList
[[181358, 11063, 737], [189186, 5503, 1969], [203288, 3998, 1962], [180944, 8446, 1960], [173993, 6019, 1963]]

Mean DPOH TimeList
[8654, 30985, 35341, 28184, 99562]

FP TimeList
[[58072, 15828], [77874, 8392], [71405, 4695], [62936, 4653], [60128, 6019]]

BP TimeList
[[173993, 10409], [180944, 5958, 180944, 5958], [203288, 9427, 203288, 9427, 203288, 9427], [189186, 16970], [181358, 737]]

Time Chart for FP
[58072]
[58072, 15828]
[58072, 15828, 77874]
[58072, 15828, 77874, 8392]
[58072, 15828, 77874, 8392, 71405]
[58072, 15828, 77874, 8392, 71405, 4695]
[58072, 15828, 77874, 8392, 71405, 4695, 62936]
[58072, 15828, 77874, 8392, 71405, 4695, 62936, 4653]
[77874, 8392, 71405, 4695, 62936, 4653, 60128]
[77874, 8392, 71405, 4695, 62936, 4653, 60128, 6019]
[71405, 4695, 62936, 4653, 60128, 6019]
[71405, 4695, 62936, 4653, 60128, 6019]
[62936, 4653, 60128, 6019]
[62936, 4653, 60128, 6019]
[60128, 6019]
[60128, 6019]

FP for each step:  [58072, 58072, 77874, 77874, 77874, 77874, 77874, 77874, 77874, 77874, 71405, 71405, 62936, 62936, 60128, 60128]

Time Chart for BP
[6019, 173993]
[173993, 10409]
[173993, 10409, 180944]
[173993, 10409, 180944, 5958]
[173993, 10409, 180944, 5958, 203288]
[173993, 10409, 180944, 5958, 203288, 9427]
[173993, 10409, 180944, 5958, 203288, 9427, 189186]
[173993, 10409, 180944, 5958, 203288, 9427, 189186, 16970]
[180944, 5958, 203288, 9427, 189186, 16970, 181358]
[180944, 5958, 203288, 9427, 189186, 16970, 181358, 737]
[203288, 9427, 189186, 16970, 181358, 737]
[203288, 9427, 189186, 16970, 181358, 737]
[189186, 16970, 181358, 737]
[189186, 16970, 181358, 737]
[181358, 737]
[181358, 737]

BP for each step:  [173993, 173993, 180944, 180944, 203288, 203288, 203288, 203288, 203288, 203288, 203288, 203288, 189186, 189186, 181358, 181358]
Time without overhead: 4.20534 s

Total Time: 4.271666 s
