========== Stats ==========
iters 10
batchSize 32
numMicro 8
machine 4
log_dir _timeline/resnext
file ./_partition/partition_4_resnext_32_8.txt
model resnext
===========================
Number of Stages: 4
(0, 14)

Profiling for Stage (0, 14) with bs(4)
 ------ 1 / 11 ...
 ------ 2 / 11 ...
 ------ 3 / 11 ...
 ------ 4 / 11 ...
 ------ 5 / 11 ...
 ------ 6 / 11 ...
 ------ 7 / 11 ...
 ------ 8 / 11 ...
 ------ 9 / 11 ...
 ------ 10 / 11 ...
 ------ 11 / 11 ...
 ------ 1 / 11 ...
 ------ 2 / 11 ...
 ------ 3 / 11 ...
 ------ 4 / 11 ...
 ------ 5 / 11 ...
 ------ 6 / 11 ...
 ------ 7 / 11 ...
 ------ 8 / 11 ...
 ------ 9 / 11 ...
 ------ 10 / 11 ...
 ------ 11 / 11 ...
(14, 31)

Profiling for Stage (14, 31) with bs(4)
 ------ 1 / 11 ...
 ------ 2 / 11 ...
 ------ 3 / 11 ...
 ------ 4 / 11 ...
 ------ 5 / 11 ...
 ------ 6 / 11 ...
 ------ 7 / 11 ...
 ------ 8 / 11 ...
 ------ 9 / 11 ...
 ------ 10 / 11 ...
 ------ 11 / 11 ...
 ------ 1 / 11 ...
 ------ 2 / 11 ...
 ------ 3 / 11 ...
 ------ 4 / 11 ...
 ------ 5 / 11 ...
 ------ 6 / 11 ...
 ------ 7 / 11 ...
 ------ 8 / 11 ...
 ------ 9 / 11 ...
 ------ 10 / 11 ...
 ------ 11 / 11 ...
(31, 58)

Profiling for Stage (31, 58) with bs(4)
 ------ 1 / 11 ...
 ------ 2 / 11 ...
 ------ 3 / 11 ...
 ------ 4 / 11 ...
 ------ 5 / 11 ...
 ------ 6 / 11 ...
 ------ 7 / 11 ...
 ------ 8 / 11 ...
 ------ 9 / 11 ...
 ------ 10 / 11 ...
 ------ 11 / 11 ...
 ------ 1 / 11 ...
 ------ 2 / 11 ...
 ------ 3 / 11 ...
 ------ 4 / 11 ...
 ------ 5 / 11 ...
 ------ 6 / 11 ...
 ------ 7 / 11 ...
 ------ 8 / 11 ...
 ------ 9 / 11 ...
 ------ 10 / 11 ...
 ------ 11 / 11 ...
(58, 106)

Profiling for Stage (58, 106) with bs(4)
 ------ 1 / 11 ...
 ------ 2 / 11 ...
 ------ 3 / 11 ...
 ------ 4 / 11 ...
 ------ 5 / 11 ...
 ------ 6 / 11 ...
 ------ 7 / 11 ...
 ------ 8 / 11 ...
 ------ 9 / 11 ...
 ------ 10 / 11 ...
 ------ 11 / 11 ...
 ------ 1 / 11 ...
 ------ 2 / 11 ...
 ------ 3 / 11 ...
 ------ 4 / 11 ...
 ------ 5 / 11 ...
 ------ 6 / 11 ...
 ------ 7 / 11 ...
 ------ 8 / 11 ...
 ------ 9 / 11 ...
 ------ 10 / 11 ...
 ------ 11 / 11 ...
9010.0
7835.0
8379.0
7627.0
7795.0
7498.0
7666.0
7665.0
7508.0
8751.0
11420.0
12984.0
13225.0
12300.0
11516.0
12388.0
11096.0
10664.0
10744.0
10240.0
22686.0
18271.0
19357.0
18031.0
17562.0
21991.0
17733.0
17108.0
25682.0
18650.0
95003.0
47335.0
46708.0
46251.0
48852.0
49983.0
48658.0
51039.0
45654.0
49572.0
[15946, 23315, 39414, 105811]

Mean FP TimeList
[[110290, 3135, 7803], [115402, 9968, 3910], [113913, 10764, 1959], [113348, 2742, 9]]

Mean BP TimeList
[[346774, 10863, 738], [358629, 17085, 7800], [370614, 7697, 3899], [394911, 2707, 9431]]

Mean DPOH TimeList
[15946, 23315, 39414, 105811]

FP TimeList
[[110290, 17771], [115402, 14674], [113913, 4701], [113348, 2707]]

BP TimeList
[[394911, 17128], [370614, 20984], [358629, 18663], [346774, 738]]

Time Chart for FP
[110290]
[110290, 17771]
[110290, 17771, 115402]
[110290, 17771, 115402, 14674]
[110290, 17771, 115402, 14674, 113913]
[110290, 17771, 115402, 14674, 113913, 4701]
[110290, 17771, 115402, 14674, 113913, 4701, 113348]
[110290, 17771, 115402, 14674, 113913, 4701, 113348, 2707]
[115402, 14674, 113913, 4701, 113348, 2707]
[115402, 14674, 113913, 4701, 113348, 2707]
[113913, 4701, 113348, 2707]
[113913, 4701, 113348, 2707]
[113348, 2707]
[113348, 2707]

FP for each step:  [110290, 110290, 115402, 115402, 115402, 115402, 115402, 115402, 115402, 115402, 113913, 113913, 113348, 113348]

Time Chart for BP
[2707, 394911]
[394911, 17128]
[394911, 17128, 370614]
[394911, 17128, 370614, 20984]
[394911, 17128, 370614, 20984, 358629]
[394911, 17128, 370614, 20984, 358629, 18663]
[394911, 17128, 370614, 20984, 358629, 18663, 346774]
[394911, 17128, 370614, 20984, 358629, 18663, 346774, 738]
[370614, 20984, 358629, 18663, 346774, 738]
[370614, 20984, 358629, 18663, 346774, 738]
[358629, 18663, 346774, 738]
[358629, 18663, 346774, 738]
[346774, 738]
[346774, 738]

BP for each step:  [394911, 394911, 394911, 394911, 394911, 394911, 394911, 394911, 370614, 370614, 358629, 358629, 346774, 346774]
Time without overhead: 6.90964 s

Total Time: 6.90964 s
