========== Stats ==========
iters 10
batchSize 64
numMicro 16
machine 4
log_dir _timeline/resnext
file ./_partition/partition_4_resnext_64_16.txt
model resnext
===========================
Number of Stages: 4
(0, 14)

Profiling for Stage (0, 14) with bs(4)
 ------ 1 / 11 ...
 ------ 2 / 11 ...
 ------ 3 / 11 ...
 ------ 4 / 11 ...
 ------ 5 / 11 ...
 ------ 6 / 11 ...
 ------ 7 / 11 ...
 ------ 8 / 11 ...
 ------ 9 / 11 ...
 ------ 10 / 11 ...
 ------ 11 / 11 ...
 ------ 1 / 11 ...
 ------ 2 / 11 ...
 ------ 3 / 11 ...
 ------ 4 / 11 ...
 ------ 5 / 11 ...
 ------ 6 / 11 ...
 ------ 7 / 11 ...
 ------ 8 / 11 ...
 ------ 9 / 11 ...
 ------ 10 / 11 ...
 ------ 11 / 11 ...
(14, 31)

Profiling for Stage (14, 31) with bs(4)
 ------ 1 / 11 ...
 ------ 2 / 11 ...
 ------ 3 / 11 ...
 ------ 4 / 11 ...
 ------ 5 / 11 ...
 ------ 6 / 11 ...
 ------ 7 / 11 ...
 ------ 8 / 11 ...
 ------ 9 / 11 ...
 ------ 10 / 11 ...
 ------ 11 / 11 ...
 ------ 1 / 11 ...
 ------ 2 / 11 ...
 ------ 3 / 11 ...
 ------ 4 / 11 ...
 ------ 5 / 11 ...
 ------ 6 / 11 ...
 ------ 7 / 11 ...
 ------ 8 / 11 ...
 ------ 9 / 11 ...
 ------ 10 / 11 ...
 ------ 11 / 11 ...
(31, 58)

Profiling for Stage (31, 58) with bs(4)
 ------ 1 / 11 ...
 ------ 2 / 11 ...
 ------ 3 / 11 ...
 ------ 4 / 11 ...
 ------ 5 / 11 ...
 ------ 6 / 11 ...
 ------ 7 / 11 ...
 ------ 8 / 11 ...
 ------ 9 / 11 ...
 ------ 10 / 11 ...
 ------ 11 / 11 ...
 ------ 1 / 11 ...
 ------ 2 / 11 ...
 ------ 3 / 11 ...
 ------ 4 / 11 ...
 ------ 5 / 11 ...
 ------ 6 / 11 ...
 ------ 7 / 11 ...
 ------ 8 / 11 ...
 ------ 9 / 11 ...
 ------ 10 / 11 ...
 ------ 11 / 11 ...
(58, 106)

Profiling for Stage (58, 106) with bs(4)
 ------ 1 / 11 ...
 ------ 2 / 11 ...
 ------ 3 / 11 ...
 ------ 4 / 11 ...
 ------ 5 / 11 ...
 ------ 6 / 11 ...
 ------ 7 / 11 ...
 ------ 8 / 11 ...
 ------ 9 / 11 ...
 ------ 10 / 11 ...
 ------ 11 / 11 ...
 ------ 1 / 11 ...
 ------ 2 / 11 ...
 ------ 3 / 11 ...
 ------ 4 / 11 ...
 ------ 5 / 11 ...
 ------ 6 / 11 ...
 ------ 7 / 11 ...
 ------ 8 / 11 ...
 ------ 9 / 11 ...
 ------ 10 / 11 ...
 ------ 11 / 11 ...
7407.0
8426.0
9042.0
7623.0
7949.0
7211.0
7274.0
7589.0
8427.0
8519.0
11498.0
11858.0
11730.0
11038.0
13116.0
11987.0
12272.0
10685.0
12604.0
11581.0
17607.0
18982.0
17016.0
16916.0
17836.0
17987.0
19508.0
19249.0
17584.0
19545.0
84851.0
48904.0
49152.0
53178.0
46052.0
50692.0
46717.0
48925.0
52602.0
51672.0
[15893, 23673, 36446, 106549]

Mean FP TimeList
[[111064, 1149, 7795], [113603, 13432, 3903], [115317, 5104, 1956], [116298, 2690, 8]]

Mean BP TimeList
[[345905, 12610, 737], [361826, 14943, 7793], [372145, 7994, 3900], [392683, 2762, 9873]]

Mean DPOH TimeList
[15893, 23673, 36446, 106549]

FP TimeList
[[111064, 21227], [113603, 9007], [115317, 4646], [116298, 2762]]

BP TimeList
[[392683, 17867], [372145, 18843], [361826, 20403], [345905, 737]]

Time Chart for FP
[111064]
[111064, 21227]
[111064, 21227, 113603]
[111064, 21227, 113603, 9007]
[111064, 21227, 113603, 9007, 115317]
[111064, 21227, 113603, 9007, 115317, 4646]
[111064, 21227, 113603, 9007, 115317, 4646, 116298]
[111064, 21227, 113603, 9007, 115317, 4646, 116298, 2762]
[111064, 21227, 113603, 9007, 115317, 4646, 116298, 2762]
[111064, 21227, 113603, 9007, 115317, 4646, 116298, 2762]
[111064, 21227, 113603, 9007, 115317, 4646, 116298, 2762]
[111064, 21227, 113603, 9007, 115317, 4646, 116298, 2762]
[111064, 21227, 113603, 9007, 115317, 4646, 116298, 2762]
[111064, 21227, 113603, 9007, 115317, 4646, 116298, 2762]
[111064, 21227, 113603, 9007, 115317, 4646, 116298, 2762]
[111064, 21227, 113603, 9007, 115317, 4646, 116298, 2762]
[113603, 9007, 115317, 4646, 116298, 2762]
[113603, 9007, 115317, 4646, 116298, 2762]
[115317, 4646, 116298, 2762]
[115317, 4646, 116298, 2762]
[116298, 2762]
[116298, 2762]

FP for each step:  [111064, 111064, 113603, 113603, 115317, 115317, 116298, 116298, 116298, 116298, 116298, 116298, 116298, 116298, 116298, 116298, 116298, 116298, 116298, 116298, 116298, 116298]

Time Chart for BP
[2762, 392683]
[392683, 17867]
[392683, 17867, 372145]
[392683, 17867, 372145, 18843]
[392683, 17867, 372145, 18843, 361826]
[392683, 17867, 372145, 18843, 361826, 20403]
[392683, 17867, 372145, 18843, 361826, 20403, 345905]
[392683, 17867, 372145, 18843, 361826, 20403, 345905, 737]
[392683, 17867, 372145, 18843, 361826, 20403, 345905, 737]
[392683, 17867, 372145, 18843, 361826, 20403, 345905, 737]
[392683, 17867, 372145, 18843, 361826, 20403, 345905, 737]
[392683, 17867, 372145, 18843, 361826, 20403, 345905, 737]
[392683, 17867, 372145, 18843, 361826, 20403, 345905, 737]
[392683, 17867, 372145, 18843, 361826, 20403, 345905, 737]
[392683, 17867, 372145, 18843, 361826, 20403, 345905, 737]
[392683, 17867, 372145, 18843, 361826, 20403, 345905, 737]
[372145, 18843, 361826, 20403, 345905, 737]
[372145, 18843, 361826, 20403, 345905, 737]
[361826, 20403, 345905, 737]
[361826, 20403, 345905, 737]
[345905, 737]
[345905, 737]

BP for each step:  [392683, 392683, 392683, 392683, 392683, 392683, 392683, 392683, 392683, 392683, 392683, 392683, 392683, 392683, 392683, 392683, 372145, 372145, 361826, 361826, 345905, 345905]
Time without overhead: 10.983416 s

Total Time: 10.983416 s
