========== Stats ==========
iters 10
batchSize 32
numMicro 8
machine 4
log_dir _timeline/resnext
file ./_partition/partition_8_resnext_32_8_m5000.txt
model resnext
===========================
Number of Stages: 2
(0, 8)

Profiling for Stage (0, 8) with bs(4)
 ------ 1 / 11 ...
 ------ 2 / 11 ...
 ------ 3 / 11 ...
 ------ 4 / 11 ...
 ------ 5 / 11 ...
 ------ 6 / 11 ...
 ------ 7 / 11 ...
 ------ 8 / 11 ...
 ------ 9 / 11 ...
 ------ 10 / 11 ...
 ------ 11 / 11 ...
 ------ 1 / 11 ...
 ------ 2 / 11 ...
 ------ 3 / 11 ...
 ------ 4 / 11 ...
 ------ 5 / 11 ...
 ------ 6 / 11 ...
 ------ 7 / 11 ...
 ------ 8 / 11 ...
 ------ 9 / 11 ...
 ------ 10 / 11 ...
 ------ 11 / 11 ...
(8, 106)

Profiling for Stage (8, 106) with bs(1)
 ------ 1 / 11 ...
 ------ 2 / 11 ...
 ------ 3 / 11 ...
 ------ 4 / 11 ...
 ------ 5 / 11 ...
 ------ 6 / 11 ...
 ------ 7 / 11 ...
 ------ 8 / 11 ...
 ------ 9 / 11 ...
 ------ 10 / 11 ...
 ------ 11 / 11 ...
 ------ 1 / 11 ...
 ------ 2 / 11 ...
 ------ 3 / 11 ...
 ------ 4 / 11 ...
 ------ 5 / 11 ...
 ------ 6 / 11 ...
 ------ 7 / 11 ...
 ------ 8 / 11 ...
 ------ 9 / 11 ...
 ------ 10 / 11 ...
 ------ 11 / 11 ...
5093.0
4468.0
3836.0
4130.0
5032.0
3805.0
4046.0
4745.0
4886.0
4225.0
213402.0
87004.0
79109.0
79525.0
269918.0
83149.0
80158.0
83607.0
82685.0
79865.0
[8853, 227684]

Mean FP TimeList
[[57592, 2099, 7796], [166880, 3048, 20]]

Mean BP TimeList
[[181819, 10309, 737], [499431, 21875, 1956]]

Mean DPOH TimeList
[8853, 227684]

FP TimeList
[[57592, 29132], [166880, 21875]]

BP TimeList
[[499431, 24001], [181819, 737]]

Time Chart for FP
[57592]
[57592, 29132]
[57592, 29132, 166880]
[57592, 29132, 166880, 21875]
[57592, 29132, 166880, 21875]
[57592, 29132, 166880, 21875]
[57592, 29132, 166880, 21875]
[57592, 29132, 166880, 21875]
[166880, 21875]
[166880, 21875]

FP for each step:  [57592, 57592, 166880, 166880, 166880, 166880, 166880, 166880, 166880, 166880]

Time Chart for BP
[21875, 499431]
[499431, 24001]
[499431, 24001, 181819]
[499431, 24001, 181819, 737]
[499431, 24001, 181819, 737]
[499431, 24001, 181819, 737]
[499431, 24001, 181819, 737]
[499431, 24001, 181819, 737]
[181819, 737]
[181819, 737]

BP for each step:  [499431, 499431, 499431, 499431, 499431, 499431, 499431, 499431, 181819, 181819]
Time without overhead: 5.80931 s

Total Time: 6.036994 s
