========== Stats ==========
iters 10
batchSize 128
numMicro 8
machine 4
log_dir _timeline/resnet_5g
file ./_partition/partition_8_resnet_128_8.txt
model resnet
===========================
Number of Stages: 2
(0, 19)

Profiling for Stage (0, 19) with bs(5)
 ------ 1 / 11 ...
 ------ 2 / 11 ...
 ------ 3 / 11 ...
 ------ 4 / 11 ...
 ------ 5 / 11 ...
 ------ 6 / 11 ...
 ------ 7 / 11 ...
 ------ 8 / 11 ...
 ------ 9 / 11 ...
 ------ 10 / 11 ...
 ------ 11 / 11 ...
 ------ 1 / 11 ...
 ------ 2 / 11 ...
 ------ 3 / 11 ...
 ------ 4 / 11 ...
 ------ 5 / 11 ...
 ------ 6 / 11 ...
 ------ 7 / 11 ...
 ------ 8 / 11 ...
 ------ 9 / 11 ...
 ------ 10 / 11 ...
 ------ 11 / 11 ...
(19, 55)

Profiling for Stage (19, 55) with bs(3)
 ------ 1 / 11 ...
 ------ 2 / 11 ...
 ------ 3 / 11 ...
 ------ 4 / 11 ...
 ------ 5 / 11 ...
 ------ 6 / 11 ...
 ------ 7 / 11 ...
 ------ 8 / 11 ...
 ------ 9 / 11 ...
 ------ 10 / 11 ...
 ------ 11 / 11 ...
 ------ 1 / 11 ...
 ------ 2 / 11 ...
 ------ 3 / 11 ...
 ------ 4 / 11 ...
 ------ 5 / 11 ...
 ------ 6 / 11 ...
 ------ 7 / 11 ...
 ------ 8 / 11 ...
 ------ 9 / 11 ...
 ------ 10 / 11 ...
 ------ 11 / 11 ...
200748.0
218290.0
53216.0
53231.0
55184.0
55090.0
53123.0
52667.0
54995.0
54991.0
467585.0
888217.0
240204.0
239489.0
240088.0
240994.0
239926.0
240535.0
240765.0
241472.0
[170307, 655855]

Mean FP TimeList
[[86439, 1394, 1197], [133890, 1106, 8]]

Mean BP TimeList
[[277487, 1823, 27], [474220, 4219, 720]]

Mean DPOH TimeList
[170307, 655855]

FP TimeList
[[86439, 9121], [133890, 4219]]

BP TimeList
[[474220, 5423, 474220, 5423, 474220, 5423], [277487, 27]]

Time Chart for FP
[86439]
[86439, 9121]
[86439, 9121, 133890]
[86439, 9121, 133890, 4219]
[86439, 9121, 133890, 4219]
[86439, 9121, 133890, 4219]
[86439, 9121, 133890, 4219]
[86439, 9121, 133890, 4219]
[133890, 4219]
[133890, 4219]

FP for each step:  [86439, 86439, 133890, 133890, 133890, 133890, 133890, 133890, 133890, 133890]

Time Chart for BP
[4219, 474220]
[474220, 5423]
[474220, 5423, 277487]
[474220, 5423, 277487, 27]
[474220, 5423, 277487, 27]
[474220, 5423, 277487, 27]
[474220, 5423, 277487, 27]
[474220, 5423, 277487, 27]
[277487, 27]
[277487, 27]

BP for each step:  [474220, 474220, 474220, 474220, 474220, 474220, 474220, 474220, 277487, 277487]
Time without overhead: 5.592732 s

Total Time: 6.418894 s
