========== Stats ==========
iters 10
batchSize 64
numMicro 16
machine 4
log_dir _timeline/resnet_5g
file ./_partition/partition_8_resnet_64_16.txt
model resnet
===========================
Number of Stages: 1
(0, 55)

Profiling for Stage (0, 55) with bs(1)
 ------ 1 / 11 ...
 ------ 2 / 11 ...
 ------ 3 / 11 ...
 ------ 4 / 11 ...
 ------ 5 / 11 ...
 ------ 6 / 11 ...
 ------ 7 / 11 ...
 ------ 8 / 11 ...
 ------ 9 / 11 ...
 ------ 10 / 11 ...
 ------ 11 / 11 ...
 ------ 1 / 11 ...
 ------ 2 / 11 ...
 ------ 3 / 11 ...
 ------ 4 / 11 ...
 ------ 5 / 11 ...
 ------ 6 / 11 ...
 ------ 7 / 11 ...
 ------ 8 / 11 ...
 ------ 9 / 11 ...
 ------ 10 / 11 ...
 ------ 11 / 11 ...
889496.0
975011.0
292666.0
294004.0
292862.0
292774.0
293209.0
291617.0
292888.0
292996.0
[841504]

Mean FP TimeList
[[110558, 158, 8]]

Mean BP TimeList
[[402580, 4327, 10]]

Mean DPOH TimeList
[841504]

FP TimeList
[[110558, 4327]]

BP TimeList
[[402580, 10]]

Time Chart for FP
[110558]
[110558, 4327]
[110558, 4327]
[110558, 4327]
[110558, 4327]
[110558, 4327]
[110558, 4327]
[110558, 4327]
[110558, 4327]
[110558, 4327]
[110558, 4327]
[110558, 4327]
[110558, 4327]
[110558, 4327]
[110558, 4327]
[110558, 4327]

FP for each step:  [110558, 110558, 110558, 110558, 110558, 110558, 110558, 110558, 110558, 110558, 110558, 110558, 110558, 110558, 110558, 110558]

Time Chart for BP
[4327, 402580]
[402580, 10]
[402580, 10]
[402580, 10]
[402580, 10]
[402580, 10]
[402580, 10]
[402580, 10]
[402580, 10]
[402580, 10]
[402580, 10]
[402580, 10]
[402580, 10]
[402580, 10]
[402580, 10]
[402580, 10]

BP for each step:  [402580, 402580, 402580, 402580, 402580, 402580, 402580, 402580, 402580, 402580, 402580, 402580, 402580, 402580, 402580, 402580]
Time without overhead: 8.210208 s

Total Time: 9.051712 s
