========== Stats ==========
iters 10
batchSize 128
numMicro 16
machine 4
log_dir _timeline/resnet_5g
file ./_partition/partition_2_resnet_128_16.txt
model resnet
===========================
Number of Stages: 2
(0, 26)

Profiling for Stage (0, 26) with bs(8)
 ------ 1 / 11 ...
 ------ 2 / 11 ...
 ------ 3 / 11 ...
 ------ 4 / 11 ...
 ------ 5 / 11 ...
 ------ 6 / 11 ...
 ------ 7 / 11 ...
 ------ 8 / 11 ...
 ------ 9 / 11 ...
 ------ 10 / 11 ...
 ------ 11 / 11 ...
 ------ 1 / 11 ...
 ------ 2 / 11 ...
 ------ 3 / 11 ...
 ------ 4 / 11 ...
 ------ 5 / 11 ...
 ------ 6 / 11 ...
 ------ 7 / 11 ...
 ------ 8 / 11 ...
 ------ 9 / 11 ...
 ------ 10 / 11 ...
 ------ 11 / 11 ...
(26, 55)

Profiling for Stage (26, 55) with bs(8)
 ------ 1 / 11 ...
 ------ 2 / 11 ...
 ------ 3 / 11 ...
 ------ 4 / 11 ...
 ------ 5 / 11 ...
 ------ 6 / 11 ...
 ------ 7 / 11 ...
 ------ 8 / 11 ...
 ------ 9 / 11 ...
 ------ 10 / 11 ...
 ------ 11 / 11 ...
 ------ 1 / 11 ...
 ------ 2 / 11 ...
 ------ 3 / 11 ...
 ------ 4 / 11 ...
 ------ 5 / 11 ...
 ------ 6 / 11 ...
 ------ 7 / 11 ...
 ------ 8 / 11 ...
 ------ 9 / 11 ...
 ------ 10 / 11 ...
 ------ 11 / 11 ...
386071.0
406344.0
96618.0
96192.0
96653.0
97334.0
96819.0
96594.0
97005.0
97265.0
198576.0
803872.0
198857.0
199411.0
198679.0
198702.0
199286.0
198815.0
198825.0
198740.0
[313379, 518752]

Mean FP TimeList
[[191045, 2248, 1915], [197111, 5181, 7]]

Mean BP TimeList
[[587746, 2603, 39], [691002, 2923, 1915]]

Mean DPOH TimeList
[313379, 518752]

FP TimeList
[[191045, 7096], [197111, 2923]]

BP TimeList
[[691002, 4518], [587746, 39]]

Time Chart for FP
[191045]
[191045, 7096]
[191045, 7096, 197111]
[191045, 7096, 197111, 2923]
[191045, 7096, 197111, 2923]
[191045, 7096, 197111, 2923]
[191045, 7096, 197111, 2923]
[191045, 7096, 197111, 2923]
[191045, 7096, 197111, 2923]
[191045, 7096, 197111, 2923]
[191045, 7096, 197111, 2923]
[191045, 7096, 197111, 2923]
[191045, 7096, 197111, 2923]
[191045, 7096, 197111, 2923]
[191045, 7096, 197111, 2923]
[191045, 7096, 197111, 2923]
[197111, 2923]
[197111, 2923]

FP for each step:  [191045, 191045, 197111, 197111, 197111, 197111, 197111, 197111, 197111, 197111, 197111, 197111, 197111, 197111, 197111, 197111, 197111, 197111]

Time Chart for BP
[2923, 691002]
[691002, 4518]
[691002, 4518, 587746]
[691002, 4518, 587746, 39]
[691002, 4518, 587746, 39]
[691002, 4518, 587746, 39]
[691002, 4518, 587746, 39]
[691002, 4518, 587746, 39]
[691002, 4518, 587746, 39]
[691002, 4518, 587746, 39]
[691002, 4518, 587746, 39]
[691002, 4518, 587746, 39]
[691002, 4518, 587746, 39]
[691002, 4518, 587746, 39]
[691002, 4518, 587746, 39]
[691002, 4518, 587746, 39]
[587746, 39]
[587746, 39]

BP for each step:  [691002, 691002, 691002, 691002, 691002, 691002, 691002, 691002, 691002, 691002, 691002, 691002, 691002, 691002, 691002, 691002, 587746, 587746]
Time without overhead: 15.76739 s

Total Time: 15.76739 s
