========== Stats ==========
iters 10
batchSize 16
numMicro 4
machine 4
log_dir _timeline/resnext
file ./_partition/partition_4_resnext_16_4_m5000.txt
model resnext
===========================
Number of Stages: 2
(59, 106)

Profiling for Stage (59, 106) with bs(4)
 ------ 1 / 11 ...
 ------ 2 / 11 ...
 ------ 3 / 11 ...
 ------ 4 / 11 ...
 ------ 5 / 11 ...
 ------ 6 / 11 ...
 ------ 7 / 11 ...
 ------ 8 / 11 ...
 ------ 9 / 11 ...
 ------ 10 / 11 ...
 ------ 11 / 11 ...
 ------ 1 / 11 ...
 ------ 2 / 11 ...
 ------ 3 / 11 ...
 ------ 4 / 11 ...
 ------ 5 / 11 ...
 ------ 6 / 11 ...
 ------ 7 / 11 ...
 ------ 8 / 11 ...
 ------ 9 / 11 ...
 ------ 10 / 11 ...
 ------ 11 / 11 ...
(0, 59)

Profiling for Stage (0, 59) with bs(1)
 ------ 1 / 11 ...
 ------ 2 / 11 ...
 ------ 3 / 11 ...
 ------ 4 / 11 ...
 ------ 5 / 11 ...
 ------ 6 / 11 ...
 ------ 7 / 11 ...
 ------ 8 / 11 ...
 ------ 9 / 11 ...
 ------ 10 / 11 ...
 ------ 11 / 11 ...
 ------ 1 / 11 ...
 ------ 2 / 11 ...
 ------ 3 / 11 ...
 ------ 4 / 11 ...
 ------ 5 / 11 ...
 ------ 6 / 11 ...
 ------ 7 / 11 ...
 ------ 8 / 11 ...
 ------ 9 / 11 ...
 ------ 10 / 11 ...
 ------ 11 / 11 ...
38467.0
35851.0
37857.0
36116.0
34990.0
40168.0
36646.0
36941.0
39140.0
36376.0
125562.0
48996.0
46074.0
50618.0
48796.0
46749.0
48125.0
45726.0
49492.0
48200.0
[74510, 111667]

Mean FP TimeList
[[137102, 450, 495], [106223, 11158, 9]]

Mean BP TimeList
[[400908, 1105, 191], [381293, 11748, 9918]]

Mean DPOH TimeList
[74510, 111667]

FP TimeList
[[137102, 12643], [106223, 11748]]

BP TimeList
[[381293, 11023, 381293, 11023, 381293, 11023], [400908, 191]]

Time Chart for FP
[137102]
[137102, 12643]
[137102, 12643, 106223]
[137102, 12643, 106223, 11748]
[106223, 11748]
[106223, 11748]

FP for each step:  [137102, 137102, 137102, 137102, 106223, 106223]

Time Chart for BP
[11748, 381293]
[381293, 11023]
[381293, 11023, 400908]
[381293, 11023, 400908, 191]
[400908, 191]
[400908, 191]

BP for each step:  [381293, 381293, 400908, 400908, 400908, 400908]
Time without overhead: 3.127072 s

Total Time: 3.201582 s
