========== Stats ==========
iters 10
batchSize 64
numMicro 16
machine 4
log_dir _timeline/resnet_5g
file ./_partition/partition_2_resnet_64_16.txt
model resnet
===========================
Number of Stages: 1
(0, 55)

Profiling for Stage (0, 55) with bs(2)
 ------ 1 / 11 ...
 ------ 2 / 11 ...
 ------ 3 / 11 ...
 ------ 4 / 11 ...
 ------ 5 / 11 ...
 ------ 6 / 11 ...
 ------ 7 / 11 ...
 ------ 8 / 11 ...
 ------ 9 / 11 ...
 ------ 10 / 11 ...
 ------ 11 / 11 ...
 ------ 1 / 11 ...
 ------ 2 / 11 ...
 ------ 3 / 11 ...
 ------ 4 / 11 ...
 ------ 5 / 11 ...
 ------ 6 / 11 ...
 ------ 7 / 11 ...
 ------ 8 / 11 ...
 ------ 9 / 11 ...
 ------ 10 / 11 ...
 ------ 11 / 11 ...
876470.0
991266.0
294278.0
291595.0
292574.0
291829.0
291524.0
293061.0
292647.0
292112.0
[841471]

Mean FP TimeList
[[140531, 4307, 9]]

Mean BP TimeList
[[523298, 162, 14]]

Mean DPOH TimeList
[841471]

FP TimeList
[[140531, 162]]

BP TimeList
[[523298, 14]]

Time Chart for FP
[140531]
[140531, 162]
[140531, 162]
[140531, 162]
[140531, 162]
[140531, 162]
[140531, 162]
[140531, 162]
[140531, 162]
[140531, 162]
[140531, 162]
[140531, 162]
[140531, 162]
[140531, 162]
[140531, 162]
[140531, 162]

FP for each step:  [140531, 140531, 140531, 140531, 140531, 140531, 140531, 140531, 140531, 140531, 140531, 140531, 140531, 140531, 140531, 140531]

Time Chart for BP
[162, 523298]
[523298, 14]
[523298, 14]
[523298, 14]
[523298, 14]
[523298, 14]
[523298, 14]
[523298, 14]
[523298, 14]
[523298, 14]
[523298, 14]
[523298, 14]
[523298, 14]
[523298, 14]
[523298, 14]
[523298, 14]

BP for each step:  [523298, 523298, 523298, 523298, 523298, 523298, 523298, 523298, 523298, 523298, 523298, 523298, 523298, 523298, 523298, 523298]
Time without overhead: 10.621264 s

Total Time: 11.462735 s
