========== Stats ==========
iters 10
batchSize 64
numMicro 2
machine 4
log_dir _timeline/resnet_5g
file ./_partition/partition_4_resnet_64_2.txt
model resnet
===========================
Number of Stages: 4
(0, 12)

Profiling for Stage (0, 12) with bs(32)
 ------ 1 / 11 ...
 ------ 2 / 11 ...
 ------ 3 / 11 ...
 ------ 4 / 11 ...
 ------ 5 / 11 ...
 ------ 6 / 11 ...
 ------ 7 / 11 ...
 ------ 8 / 11 ...
 ------ 9 / 11 ...
 ------ 10 / 11 ...
 ------ 11 / 11 ...
 ------ 1 / 11 ...
 ------ 2 / 11 ...
 ------ 3 / 11 ...
 ------ 4 / 11 ...
 ------ 5 / 11 ...
 ------ 6 / 11 ...
 ------ 7 / 11 ...
 ------ 8 / 11 ...
 ------ 9 / 11 ...
 ------ 10 / 11 ...
 ------ 11 / 11 ...
(12, 25)

Profiling for Stage (12, 25) with bs(32)
 ------ 1 / 11 ...
 ------ 2 / 11 ...
 ------ 3 / 11 ...
 ------ 4 / 11 ...
 ------ 5 / 11 ...
 ------ 6 / 11 ...
 ------ 7 / 11 ...
 ------ 8 / 11 ...
 ------ 9 / 11 ...
 ------ 10 / 11 ...
 ------ 11 / 11 ...
 ------ 1 / 11 ...
 ------ 2 / 11 ...
 ------ 3 / 11 ...
 ------ 4 / 11 ...
 ------ 5 / 11 ...
 ------ 6 / 11 ...
 ------ 7 / 11 ...
 ------ 8 / 11 ...
 ------ 9 / 11 ...
 ------ 10 / 11 ...
 ------ 11 / 11 ...
(25, 38)

Profiling for Stage (25, 38) with bs(32)
 ------ 1 / 11 ...
 ------ 2 / 11 ...
 ------ 3 / 11 ...
 ------ 4 / 11 ...
 ------ 5 / 11 ...
 ------ 6 / 11 ...
 ------ 7 / 11 ...
 ------ 8 / 11 ...
 ------ 9 / 11 ...
 ------ 10 / 11 ...
 ------ 11 / 11 ...
 ------ 1 / 11 ...
 ------ 2 / 11 ...
 ------ 3 / 11 ...
 ------ 4 / 11 ...
 ------ 5 / 11 ...
 ------ 6 / 11 ...
 ------ 7 / 11 ...
 ------ 8 / 11 ...
 ------ 9 / 11 ...
 ------ 10 / 11 ...
 ------ 11 / 11 ...
(38, 55)

Profiling for Stage (38, 55) with bs(32)
 ------ 1 / 11 ...
 ------ 2 / 11 ...
 ------ 3 / 11 ...
 ------ 4 / 11 ...
 ------ 5 / 11 ...
 ------ 6 / 11 ...
 ------ 7 / 11 ...
 ------ 8 / 11 ...
 ------ 9 / 11 ...
 ------ 10 / 11 ...
 ------ 11 / 11 ...
 ------ 1 / 11 ...
 ------ 2 / 11 ...
 ------ 3 / 11 ...
 ------ 4 / 11 ...
 ------ 5 / 11 ...
 ------ 6 / 11 ...
 ------ 7 / 11 ...
 ------ 8 / 11 ...
 ------ 9 / 11 ...
 ------ 10 / 11 ...
 ------ 11 / 11 ...
14107.0
14106.0
13336.0
14099.0
14217.0
14280.0
14150.0
14546.0
14335.0
14286.0
295860.0
378906.0
78094.0
77242.0
77157.0
75908.0
77853.0
77266.0
76758.0
77418.0
78948.0
79147.0
80719.0
79305.0
78634.0
79299.0
78971.0
78658.0
78964.0
79902.0
127706.0
127688.0
126951.0
126626.0
126458.0
125535.0
125331.0
126512.0
125307.0
126123.0
[28292, 258492, 158509, 252847]

Mean FP TimeList
[[306964, 339, 15286], [316083, 19329, 7633], [313983, 9701, 7640], [325974, 10794, 17]]

Mean BP TimeList
[[901174, 19394, 125], [1005848, 29678, 15271], [989628, 19324, 7644], [1125802, 9710, 7644]]

Mean DPOH TimeList
[28292, 258492, 158509, 252847]

FP TimeList
[[306964, 34615], [316083, 17334], [313983, 18434], [325974, 9710]]

BP TimeList
[[1125802, 26968], [989628, 37322], [1005848, 34665], [901174, 125]]

Time Chart for FP
[306964]
[306964, 34615]
[316083]
[316083, 17334]
[313983]
[313983, 18434]
[325974]
[325974, 9710]

FP for each step:  [306964, 306964, 316083, 316083, 313983, 313983, 325974, 325974]

Time Chart for BP
[9710, 1125802]
[1125802, 26968]
[989628]
[989628, 37322]
[1005848]
[1005848, 34665]
[901174]
[901174, 125]

BP for each step:  [1125802, 1125802, 989628, 989628, 1005848, 1005848, 901174, 901174]
Time without overhead: 10.570912 s

Total Time: 10.570912 s
