========== Stats ==========
iters 10
batchSize 32
numMicro 16
machine 4
log_dir _timeline/resnext
file ./_partition/partition_8_resnext_32_16_m5000.txt
model resnext
===========================
Number of Stages: 1
(0, 106)

Profiling for Stage (0, 106) with bs(1)
 ------ 1 / 11 ...
 ------ 2 / 11 ...
 ------ 3 / 11 ...
 ------ 4 / 11 ...
 ------ 5 / 11 ...
 ------ 6 / 11 ...
 ------ 7 / 11 ...
 ------ 8 / 11 ...
 ------ 9 / 11 ...
 ------ 10 / 11 ...
 ------ 11 / 11 ...
 ------ 1 / 11 ...
 ------ 2 / 11 ...
 ------ 3 / 11 ...
 ------ 4 / 11 ...
 ------ 5 / 11 ...
 ------ 6 / 11 ...
 ------ 7 / 11 ...
 ------ 8 / 11 ...
 ------ 9 / 11 ...
 ------ 10 / 11 ...
 ------ 11 / 11 ...
258696.0
75132.0
75102.0
74553.0
262928.0
76824.0
78071.0
73634.0
87311.0
77361.0
[227922]

Mean FP TimeList
[[176692, 11419, 21]]

Mean BP TimeList
[[566181, 16367, 189]]

Mean DPOH TimeList
[227922]

FP TimeList
[[176692, 16367]]

BP TimeList
[[566181, 189]]

Time Chart for FP
[176692]
[176692, 16367]
[176692, 16367]
[176692, 16367]
[176692, 16367]
[176692, 16367]
[176692, 16367]
[176692, 16367]
[176692, 16367]
[176692, 16367]
[176692, 16367]
[176692, 16367]
[176692, 16367]
[176692, 16367]
[176692, 16367]
[176692, 16367]

FP for each step:  [176692, 176692, 176692, 176692, 176692, 176692, 176692, 176692, 176692, 176692, 176692, 176692, 176692, 176692, 176692, 176692]

Time Chart for BP
[16367, 566181]
[566181, 189]
[566181, 189]
[566181, 189]
[566181, 189]
[566181, 189]
[566181, 189]
[566181, 189]
[566181, 189]
[566181, 189]
[566181, 189]
[566181, 189]
[566181, 189]
[566181, 189]
[566181, 189]
[566181, 189]

BP for each step:  [566181, 566181, 566181, 566181, 566181, 566181, 566181, 566181, 566181, 566181, 566181, 566181, 566181, 566181, 566181, 566181]
Time without overhead: 11.885968 s

Total Time: 12.11389 s
