========== Stats ==========
iters 10
batchSize 32
numMicro 16
machine 4
log_dir _timeline/resnext
file ./_partition/partition_4_resnext_32_16_m5000.txt
model resnext
===========================
Number of Stages: 1
(0, 106)

Profiling for Stage (0, 106) with bs(1)
 ------ 1 / 11 ...
 ------ 2 / 11 ...
 ------ 3 / 11 ...
 ------ 4 / 11 ...
 ------ 5 / 11 ...
 ------ 6 / 11 ...
 ------ 7 / 11 ...
 ------ 8 / 11 ...
 ------ 9 / 11 ...
 ------ 10 / 11 ...
 ------ 11 / 11 ...
 ------ 1 / 11 ...
 ------ 2 / 11 ...
 ------ 3 / 11 ...
 ------ 4 / 11 ...
 ------ 5 / 11 ...
 ------ 6 / 11 ...
 ------ 7 / 11 ...
 ------ 8 / 11 ...
 ------ 9 / 11 ...
 ------ 10 / 11 ...
 ------ 11 / 11 ...
260328.0
82195.0
84987.0
83185.0
83936.0
80954.0
81148.0
84697.0
84896.0
81772.0
[201619]

Mean FP TimeList
[[176768, 12909, 24]]

Mean BP TimeList
[[556573, 15166, 191]]

Mean DPOH TimeList
[201619]

FP TimeList
[[176768, 15166]]

BP TimeList
[[556573, 191]]

Time Chart for FP
[176768]
[176768, 15166]
[176768, 15166]
[176768, 15166]
[176768, 15166]
[176768, 15166]
[176768, 15166]
[176768, 15166]
[176768, 15166]
[176768, 15166]
[176768, 15166]
[176768, 15166]
[176768, 15166]
[176768, 15166]
[176768, 15166]
[176768, 15166]

FP for each step:  [176768, 176768, 176768, 176768, 176768, 176768, 176768, 176768, 176768, 176768, 176768, 176768, 176768, 176768, 176768, 176768]

Time Chart for BP
[15166, 556573]
[556573, 191]
[556573, 191]
[556573, 191]
[556573, 191]
[556573, 191]
[556573, 191]
[556573, 191]
[556573, 191]
[556573, 191]
[556573, 191]
[556573, 191]
[556573, 191]
[556573, 191]
[556573, 191]
[556573, 191]

BP for each step:  [556573, 556573, 556573, 556573, 556573, 556573, 556573, 556573, 556573, 556573, 556573, 556573, 556573, 556573, 556573, 556573]
Time without overhead: 11.733456 s

Total Time: 11.935075 s
