========== Stats ==========
iters 10
batchSize 16
numMicro 2
machine 4
log_dir _timeline/resnet_5g
file ./_partition/partition_4_resnet_16_2.txt
model resnet
===========================
Number of Stages: 2
(0, 13)

Profiling for Stage (0, 13) with bs(8)
 ------ 1 / 11 ...
 ------ 2 / 11 ...
 ------ 3 / 11 ...
 ------ 4 / 11 ...
 ------ 5 / 11 ...
 ------ 6 / 11 ...
 ------ 7 / 11 ...
 ------ 8 / 11 ...
 ------ 9 / 11 ...
 ------ 10 / 11 ...
 ------ 11 / 11 ...
 ------ 1 / 11 ...
 ------ 2 / 11 ...
 ------ 3 / 11 ...
 ------ 4 / 11 ...
 ------ 5 / 11 ...
 ------ 6 / 11 ...
 ------ 7 / 11 ...
 ------ 8 / 11 ...
 ------ 9 / 11 ...
 ------ 10 / 11 ...
 ------ 11 / 11 ...
(13, 55)

Profiling for Stage (13, 55) with bs(2)
 ------ 1 / 11 ...
 ------ 2 / 11 ...
 ------ 3 / 11 ...
 ------ 4 / 11 ...
 ------ 5 / 11 ...
 ------ 6 / 11 ...
 ------ 7 / 11 ...
 ------ 8 / 11 ...
 ------ 9 / 11 ...
 ------ 10 / 11 ...
 ------ 11 / 11 ...
 ------ 1 / 11 ...
 ------ 2 / 11 ...
 ------ 3 / 11 ...
 ------ 4 / 11 ...
 ------ 5 / 11 ...
 ------ 6 / 11 ...
 ------ 7 / 11 ...
 ------ 8 / 11 ...
 ------ 9 / 11 ...
 ------ 10 / 11 ...
 ------ 11 / 11 ...
46519.0
62643.0
18358.0
18650.0
18485.0
17786.0
18784.0
17302.0
18819.0
17472.0
776979.0
958282.0
276023.0
275904.0
276847.0
278244.0
275752.0
275463.0
277205.0
276021.0
[50963, 789344]

Mean FP TimeList
[[94504, 208, 1918], [117816, 4221, 9]]

Mean BP TimeList
[[274094, 2604, 36], [435923, 5812, 484]]

Mean DPOH TimeList
[50963, 789344]

FP TimeList
[[94504, 14581], [117816, 5812]]

BP TimeList
[[435923, 4056], [274094, 36]]

Time Chart for FP
[94504]
[94504, 14581]
[117816]
[117816, 5812]

FP for each step:  [94504, 94504, 117816, 117816]

Time Chart for BP
[5812, 435923]
[435923, 4056]
[274094]
[274094, 36]

BP for each step:  [435923, 435923, 274094, 274094]
Time without overhead: 1.844674 s

Total Time: 2.634018 s
