========== Stats ==========
iters 10
batchSize 32
numMicro 16
machine 4
log_dir _timeline/resnet_5g
file ./_partition/partition_8_resnet_32_16.txt
model resnet
===========================
Number of Stages: 1
(0, 55)

Profiling for Stage (0, 55) with bs(1)
 ------ 1 / 11 ...
 ------ 2 / 11 ...
 ------ 3 / 11 ...
 ------ 4 / 11 ...
 ------ 5 / 11 ...
 ------ 6 / 11 ...
 ------ 7 / 11 ...
 ------ 8 / 11 ...
 ------ 9 / 11 ...
 ------ 10 / 11 ...
 ------ 11 / 11 ...
 ------ 1 / 11 ...
 ------ 2 / 11 ...
 ------ 3 / 11 ...
 ------ 4 / 11 ...
 ------ 5 / 11 ...
 ------ 6 / 11 ...
 ------ 7 / 11 ...
 ------ 8 / 11 ...
 ------ 9 / 11 ...
 ------ 10 / 11 ...
 ------ 11 / 11 ...
896294.0
978426.0
293205.0
292861.0
293073.0
292173.0
293543.0
292413.0
293412.0
293597.0
[843799]

Mean FP TimeList
[[108773, 5400, 9]]

Mean BP TimeList
[[401354, 6571, 11]]

Mean DPOH TimeList
[843799]

FP TimeList
[[108773, 6571]]

BP TimeList
[[401354, 11]]

Time Chart for FP
[108773]
[108773, 6571]
[108773, 6571]
[108773, 6571]
[108773, 6571]
[108773, 6571]
[108773, 6571]
[108773, 6571]
[108773, 6571]
[108773, 6571]
[108773, 6571]
[108773, 6571]
[108773, 6571]
[108773, 6571]
[108773, 6571]
[108773, 6571]

FP for each step:  [108773, 108773, 108773, 108773, 108773, 108773, 108773, 108773, 108773, 108773, 108773, 108773, 108773, 108773, 108773, 108773]

Time Chart for BP
[6571, 401354]
[401354, 11]
[401354, 11]
[401354, 11]
[401354, 11]
[401354, 11]
[401354, 11]
[401354, 11]
[401354, 11]
[401354, 11]
[401354, 11]
[401354, 11]
[401354, 11]
[401354, 11]
[401354, 11]
[401354, 11]

BP for each step:  [401354, 401354, 401354, 401354, 401354, 401354, 401354, 401354, 401354, 401354, 401354, 401354, 401354, 401354, 401354, 401354]
Time without overhead: 8.162032 s

Total Time: 9.005831 s
