========== Stats ==========
iters 10
batchSize 16
numMicro 16
machine 4
log_dir _timeline/resnext
file ./_partition/partition_4_resnext_16_16.txt
model resnext
===========================
Number of Stages: 1
(0, 106)

Profiling for Stage (0, 106) with bs(1)
 ------ 1 / 11 ...
 ------ 2 / 11 ...
 ------ 3 / 11 ...
 ------ 4 / 11 ...
 ------ 5 / 11 ...
 ------ 6 / 11 ...
 ------ 7 / 11 ...
 ------ 8 / 11 ...
 ------ 9 / 11 ...
 ------ 10 / 11 ...
 ------ 11 / 11 ...
 ------ 1 / 11 ...
 ------ 2 / 11 ...
 ------ 3 / 11 ...
 ------ 4 / 11 ...
 ------ 5 / 11 ...
 ------ 6 / 11 ...
 ------ 7 / 11 ...
 ------ 8 / 11 ...
 ------ 9 / 11 ...
 ------ 10 / 11 ...
 ------ 11 / 11 ...
254948.0
78802.0
79964.0
79602.0
86608.0
85013.0
270160.0
82587.0
80445.0
89893.0
[237604]

Mean FP TimeList
[[182258, 1068, 22]]

Mean BP TimeList
[[559648, 20981, 190]]

Mean DPOH TimeList
[237604]

FP TimeList
[[182258, 20981]]

BP TimeList
[[559648, 190]]

Time Chart for FP
[182258]
[182258, 20981]
[182258, 20981]
[182258, 20981]
[182258, 20981]
[182258, 20981]
[182258, 20981]
[182258, 20981]
[182258, 20981]
[182258, 20981]
[182258, 20981]
[182258, 20981]
[182258, 20981]
[182258, 20981]
[182258, 20981]
[182258, 20981]

FP for each step:  [182258, 182258, 182258, 182258, 182258, 182258, 182258, 182258, 182258, 182258, 182258, 182258, 182258, 182258, 182258, 182258]

Time Chart for BP
[20981, 559648]
[559648, 190]
[559648, 190]
[559648, 190]
[559648, 190]
[559648, 190]
[559648, 190]
[559648, 190]
[559648, 190]
[559648, 190]
[559648, 190]
[559648, 190]
[559648, 190]
[559648, 190]
[559648, 190]
[559648, 190]

BP for each step:  [559648, 559648, 559648, 559648, 559648, 559648, 559648, 559648, 559648, 559648, 559648, 559648, 559648, 559648, 559648, 559648]
Time without overhead: 11.870496 s

Total Time: 12.1081 s
