========== Stats ==========
iters 10
batchSize 32
numMicro 16
machine 4
log_dir _timeline/resnext
file ./_partition/partition_8_resnext_32_16.txt
model resnext
===========================
Number of Stages: 2
(44, 106)

Profiling for Stage (44, 106) with bs(1)
 ------ 1 / 11 ...
 ------ 2 / 11 ...
 ------ 3 / 11 ...
 ------ 4 / 11 ...
 ------ 5 / 11 ...
 ------ 6 / 11 ...
 ------ 7 / 11 ...
 ------ 8 / 11 ...
 ------ 9 / 11 ...
 ------ 10 / 11 ...
 ------ 11 / 11 ...
 ------ 1 / 11 ...
 ------ 2 / 11 ...
 ------ 3 / 11 ...
 ------ 4 / 11 ...
 ------ 5 / 11 ...
 ------ 6 / 11 ...
 ------ 7 / 11 ...
 ------ 8 / 11 ...
 ------ 9 / 11 ...
 ------ 10 / 11 ...
 ------ 11 / 11 ...
(0, 44)

Profiling for Stage (0, 44) with bs(1)
 ------ 1 / 11 ...
 ------ 2 / 11 ...
 ------ 3 / 11 ...
 ------ 4 / 11 ...
 ------ 5 / 11 ...
 ------ 6 / 11 ...
 ------ 7 / 11 ...
 ------ 8 / 11 ...
 ------ 9 / 11 ...
 ------ 10 / 11 ...
 ------ 11 / 11 ...
 ------ 1 / 11 ...
 ------ 2 / 11 ...
 ------ 3 / 11 ...
 ------ 4 / 11 ...
 ------ 5 / 11 ...
 ------ 6 / 11 ...
 ------ 7 / 11 ...
 ------ 8 / 11 ...
 ------ 9 / 11 ...
 ------ 10 / 11 ...
 ------ 11 / 11 ...
26673.0
26125.0
26741.0
30761.0
29613.0
26098.0
33121.0
26655.0
26263.0
30608.0
135014.0
149224.0
53337.0
53156.0
55613.0
61455.0
55473.0
56136.0
57792.0
54437.0
[56531, 146327]

Mean FP TimeList
[[108219, 5504, 988], [81174, 1504, 10]]

Mean BP TimeList
[[330668, 1644, 189], [257387, 1695, 982]]

Mean DPOH TimeList
[56531, 146327]

FP TimeList
[[108219, 9452], [81174, 1695]]

BP TimeList
[[257387, 4590, 257387, 4590, 257387, 4590, 257387, 4590, 257387, 4590], [330668, 189]]

Time Chart for FP
[108219]
[108219, 9452]
[108219, 9452, 81174]
[108219, 9452, 81174, 1695]
[108219, 9452, 81174, 1695]
[108219, 9452, 81174, 1695]
[108219, 9452, 81174, 1695]
[108219, 9452, 81174, 1695]
[108219, 9452, 81174, 1695]
[108219, 9452, 81174, 1695]
[108219, 9452, 81174, 1695]
[108219, 9452, 81174, 1695]
[108219, 9452, 81174, 1695]
[108219, 9452, 81174, 1695]
[108219, 9452, 81174, 1695]
[108219, 9452, 81174, 1695]
[81174, 1695]
[81174, 1695]

FP for each step:  [108219, 108219, 108219, 108219, 108219, 108219, 108219, 108219, 108219, 108219, 108219, 108219, 108219, 108219, 108219, 108219, 81174, 81174]

Time Chart for BP
[1695, 257387]
[257387, 4590]
[257387, 4590, 330668]
[257387, 4590, 330668, 189]
[257387, 4590, 330668, 189]
[257387, 4590, 330668, 189]
[257387, 4590, 330668, 189]
[257387, 4590, 330668, 189]
[257387, 4590, 330668, 189]
[257387, 4590, 330668, 189]
[257387, 4590, 330668, 189]
[257387, 4590, 330668, 189]
[257387, 4590, 330668, 189]
[257387, 4590, 330668, 189]
[257387, 4590, 330668, 189]
[257387, 4590, 330668, 189]
[330668, 189]
[330668, 189]

BP for each step:  [257387, 257387, 330668, 330668, 330668, 330668, 330668, 330668, 330668, 330668, 330668, 330668, 330668, 330668, 330668, 330668, 330668, 330668]
Time without overhead: 7.699314 s

Total Time: 7.902172 s
