========== Stats ==========
iters 10
batchSize 64
numMicro 4
machine 4
log_dir _timeline/resnet_5g
file ./_partition/partition_8_resnet_64_4.txt
model resnet
===========================
Number of Stages: 2
(0, 19)

Profiling for Stage (0, 19) with bs(5)
 ------ 1 / 11 ...
 ------ 2 / 11 ...
 ------ 3 / 11 ...
 ------ 4 / 11 ...
 ------ 5 / 11 ...
 ------ 6 / 11 ...
 ------ 7 / 11 ...
 ------ 8 / 11 ...
 ------ 9 / 11 ...
 ------ 10 / 11 ...
 ------ 11 / 11 ...
 ------ 1 / 11 ...
 ------ 2 / 11 ...
 ------ 3 / 11 ...
 ------ 4 / 11 ...
 ------ 5 / 11 ...
 ------ 6 / 11 ...
 ------ 7 / 11 ...
 ------ 8 / 11 ...
 ------ 9 / 11 ...
 ------ 10 / 11 ...
 ------ 11 / 11 ...
(19, 55)

Profiling for Stage (19, 55) with bs(3)
 ------ 1 / 11 ...
 ------ 2 / 11 ...
 ------ 3 / 11 ...
 ------ 4 / 11 ...
 ------ 5 / 11 ...
 ------ 6 / 11 ...
 ------ 7 / 11 ...
 ------ 8 / 11 ...
 ------ 9 / 11 ...
 ------ 10 / 11 ...
 ------ 11 / 11 ...
 ------ 1 / 11 ...
 ------ 2 / 11 ...
 ------ 3 / 11 ...
 ------ 4 / 11 ...
 ------ 5 / 11 ...
 ------ 6 / 11 ...
 ------ 7 / 11 ...
 ------ 8 / 11 ...
 ------ 9 / 11 ...
 ------ 10 / 11 ...
 ------ 11 / 11 ...
198465.0
215595.0
55687.0
55601.0
55682.0
55215.0
52958.0
53471.0
54518.0
54076.0
458777.0
886553.0
240785.0
241126.0
240925.0
238780.0
240981.0
239999.0
239694.0
240755.0
[170253, 653675]

Mean FP TimeList
[[86838, 1680, 1201], [135489, 1111, 7]]

Mean BP TimeList
[[277149, 1884, 26], [476692, 2573, 721]]

Mean DPOH TimeList
[170253, 653675]

FP TimeList
[[86838, 9158], [135489, 2573]]

BP TimeList
[[476692, 5489, 476692, 5489, 476692, 5489], [277149, 26]]

Time Chart for FP
[86838]
[86838, 9158]
[86838, 9158, 135489]
[86838, 9158, 135489, 2573]
[135489, 2573]
[135489, 2573]

FP for each step:  [86838, 86838, 135489, 135489, 135489, 135489]

Time Chart for BP
[2573, 476692]
[476692, 5489]
[476692, 5489, 277149]
[476692, 5489, 277149, 26]
[277149, 26]
[277149, 26]

BP for each step:  [476692, 476692, 476692, 476692, 277149, 277149]
Time without overhead: 3.176698 s

Total Time: 4.000626 s
