========== Stats ==========
iters 10
batchSize 64
numMicro 4
machine 4
log_dir _timeline/resnet_5g
file ./_partition/partition_4_resnet_64_4.txt
model resnet
===========================
Number of Stages: 2
(39, 55)

Profiling for Stage (39, 55) with bs(16)
 ------ 1 / 11 ...
 ------ 2 / 11 ...
 ------ 3 / 11 ...
 ------ 4 / 11 ...
 ------ 5 / 11 ...
 ------ 6 / 11 ...
 ------ 7 / 11 ...
 ------ 8 / 11 ...
 ------ 9 / 11 ...
 ------ 10 / 11 ...
 ------ 11 / 11 ...
 ------ 1 / 11 ...
 ------ 2 / 11 ...
 ------ 3 / 11 ...
 ------ 4 / 11 ...
 ------ 5 / 11 ...
 ------ 6 / 11 ...
 ------ 7 / 11 ...
 ------ 8 / 11 ...
 ------ 9 / 11 ...
 ------ 10 / 11 ...
 ------ 11 / 11 ...
(0, 39)

Profiling for Stage (0, 39) with bs(5)
 ------ 1 / 11 ...
 ------ 2 / 11 ...
 ------ 3 / 11 ...
 ------ 4 / 11 ...
 ------ 5 / 11 ...
 ------ 6 / 11 ...
 ------ 7 / 11 ...
 ------ 8 / 11 ...
 ------ 9 / 11 ...
 ------ 10 / 11 ...
 ------ 11 / 11 ...
 ------ 1 / 11 ...
 ------ 2 / 11 ...
 ------ 3 / 11 ...
 ------ 4 / 11 ...
 ------ 5 / 11 ...
 ------ 6 / 11 ...
 ------ 7 / 11 ...
 ------ 8 / 11 ...
 ------ 9 / 11 ...
 ------ 10 / 11 ...
 ------ 11 / 11 ...
173142.0
764658.0
174021.0
175415.0
174596.0
174045.0
174406.0
174117.0
173431.0
176415.0
396307.0
468089.0
121267.0
119197.0
121511.0
121113.0
120947.0
121594.0
120647.0
120837.0
[466849, 366301]

Mean FP TimeList
[[188595, 4504, 1199], [166881, 5036, 12]]

Mean BP TimeList
[[612999, 1884, 26], [584113, 6132, 3829]]

Mean DPOH TimeList
[466849, 366301]

FP TimeList
[[188595, 8633], [166881, 6132]]

BP TimeList
[[584113, 5713, 584113, 5713, 584113, 5713], [612999, 26]]

Time Chart for FP
[188595]
[188595, 8633]
[188595, 8633, 166881]
[188595, 8633, 166881, 6132]
[166881, 6132]
[166881, 6132]

FP for each step:  [188595, 188595, 188595, 188595, 166881, 166881]

Time Chart for BP
[6132, 584113]
[584113, 5713]
[584113, 5713, 612999]
[584113, 5713, 612999, 26]
[612999, 26]
[612999, 26]

BP for each step:  [584113, 584113, 612999, 612999, 612999, 612999]
Time without overhead: 4.708364 s

Total Time: 5.175213 s
