========== Stats ==========
iters 10
batchSize 16
numMicro 16
machine 4
log_dir _timeline/resnext
file ./_partition/partition_8_resnext_16_16_m5000.txt
model resnext
===========================
Number of Stages: 1
(0, 106)

Profiling for Stage (0, 106) with bs(1)
 ------ 1 / 11 ...
 ------ 2 / 11 ...
 ------ 3 / 11 ...
 ------ 4 / 11 ...
 ------ 5 / 11 ...
 ------ 6 / 11 ...
 ------ 7 / 11 ...
 ------ 8 / 11 ...
 ------ 9 / 11 ...
 ------ 10 / 11 ...
 ------ 11 / 11 ...
 ------ 1 / 11 ...
 ------ 2 / 11 ...
 ------ 3 / 11 ...
 ------ 4 / 11 ...
 ------ 5 / 11 ...
 ------ 6 / 11 ...
 ------ 7 / 11 ...
 ------ 8 / 11 ...
 ------ 9 / 11 ...
 ------ 10 / 11 ...
 ------ 11 / 11 ...
178952.0
181001.0
81969.0
83806.0
83033.0
88925.0
93025.0
83324.0
81973.0
93386.0
[209878]

Mean FP TimeList
[[182792, 490, 22]]

Mean BP TimeList
[[572940, 475, 190]]

Mean DPOH TimeList
[209878]

FP TimeList
[[182792, 475]]

BP TimeList
[[572940, 190]]

Time Chart for FP
[182792]
[182792, 475]
[182792, 475]
[182792, 475]
[182792, 475]
[182792, 475]
[182792, 475]
[182792, 475]
[182792, 475]
[182792, 475]
[182792, 475]
[182792, 475]
[182792, 475]
[182792, 475]
[182792, 475]
[182792, 475]

FP for each step:  [182792, 182792, 182792, 182792, 182792, 182792, 182792, 182792, 182792, 182792, 182792, 182792, 182792, 182792, 182792, 182792]

Time Chart for BP
[475, 572940]
[572940, 190]
[572940, 190]
[572940, 190]
[572940, 190]
[572940, 190]
[572940, 190]
[572940, 190]
[572940, 190]
[572940, 190]
[572940, 190]
[572940, 190]
[572940, 190]
[572940, 190]
[572940, 190]
[572940, 190]

BP for each step:  [572940, 572940, 572940, 572940, 572940, 572940, 572940, 572940, 572940, 572940, 572940, 572940, 572940, 572940, 572940, 572940]
Time without overhead: 12.091712 s

Total Time: 12.30159 s
