========== Stats ==========
iters 10
batchSize 16
numMicro 4
machine 4
log_dir _timeline/resnext
file ./_partition/partition_4_resnext_16_4.txt
model resnext
===========================
Number of Stages: 4
(0, 14)

Profiling for Stage (0, 14) with bs(4)
 ------ 1 / 11 ...
 ------ 2 / 11 ...
 ------ 3 / 11 ...
 ------ 4 / 11 ...
 ------ 5 / 11 ...
 ------ 6 / 11 ...
 ------ 7 / 11 ...
 ------ 8 / 11 ...
 ------ 9 / 11 ...
 ------ 10 / 11 ...
 ------ 11 / 11 ...
 ------ 1 / 11 ...
 ------ 2 / 11 ...
 ------ 3 / 11 ...
 ------ 4 / 11 ...
 ------ 5 / 11 ...
 ------ 6 / 11 ...
 ------ 7 / 11 ...
 ------ 8 / 11 ...
 ------ 9 / 11 ...
 ------ 10 / 11 ...
 ------ 11 / 11 ...
(14, 31)

Profiling for Stage (14, 31) with bs(4)
 ------ 1 / 11 ...
 ------ 2 / 11 ...
 ------ 3 / 11 ...
 ------ 4 / 11 ...
 ------ 5 / 11 ...
 ------ 6 / 11 ...
 ------ 7 / 11 ...
 ------ 8 / 11 ...
 ------ 9 / 11 ...
 ------ 10 / 11 ...
 ------ 11 / 11 ...
 ------ 1 / 11 ...
 ------ 2 / 11 ...
 ------ 3 / 11 ...
 ------ 4 / 11 ...
 ------ 5 / 11 ...
 ------ 6 / 11 ...
 ------ 7 / 11 ...
 ------ 8 / 11 ...
 ------ 9 / 11 ...
 ------ 10 / 11 ...
 ------ 11 / 11 ...
(31, 58)

Profiling for Stage (31, 58) with bs(4)
 ------ 1 / 11 ...
 ------ 2 / 11 ...
 ------ 3 / 11 ...
 ------ 4 / 11 ...
 ------ 5 / 11 ...
 ------ 6 / 11 ...
 ------ 7 / 11 ...
 ------ 8 / 11 ...
 ------ 9 / 11 ...
 ------ 10 / 11 ...
 ------ 11 / 11 ...
 ------ 1 / 11 ...
 ------ 2 / 11 ...
 ------ 3 / 11 ...
 ------ 4 / 11 ...
 ------ 5 / 11 ...
 ------ 6 / 11 ...
 ------ 7 / 11 ...
 ------ 8 / 11 ...
 ------ 9 / 11 ...
 ------ 10 / 11 ...
 ------ 11 / 11 ...
(58, 106)

Profiling for Stage (58, 106) with bs(4)
 ------ 1 / 11 ...
 ------ 2 / 11 ...
 ------ 3 / 11 ...
 ------ 4 / 11 ...
 ------ 5 / 11 ...
 ------ 6 / 11 ...
 ------ 7 / 11 ...
 ------ 8 / 11 ...
 ------ 9 / 11 ...
 ------ 10 / 11 ...
 ------ 11 / 11 ...
 ------ 1 / 11 ...
 ------ 2 / 11 ...
 ------ 3 / 11 ...
 ------ 4 / 11 ...
 ------ 5 / 11 ...
 ------ 6 / 11 ...
 ------ 7 / 11 ...
 ------ 8 / 11 ...
 ------ 9 / 11 ...
 ------ 10 / 11 ...
 ------ 11 / 11 ...
8340.0
8504.0
6974.0
6978.0
9280.0
7101.0
11013.0
7613.0
7198.0
8111.0
11723.0
11730.0
11632.0
10970.0
10854.0
11066.0
10900.0
10195.0
9947.0
11823.0
19934.0
18259.0
16396.0
16287.0
16280.0
17523.0
16678.0
22748.0
17017.0
21719.0
85207.0
53893.0
46062.0
51230.0
46041.0
47088.0
47379.0
45577.0
45907.0
50729.0
[16222, 22168, 36568, 103822]

Mean FP TimeList
[[112368, 1137, 7795], [115166, 9952, 3909], [117824, 5151, 1958], [108334, 9736, 9]]

Mean BP TimeList
[[346915, 10648, 739], [359249, 14797, 7790], [364068, 7529, 3904], [395443, 10579, 9473]]

Mean DPOH TimeList
[16222, 22168, 36568, 103822]

FP TimeList
[[112368, 17747], [115166, 9060], [117824, 11694], [108334, 10579]]

BP TimeList
[[395443, 17002], [364068, 18701], [359249, 18438], [346915, 739]]

Time Chart for FP
[112368]
[112368, 17747]
[112368, 17747, 115166]
[112368, 17747, 115166, 9060]
[115166, 9060, 117824]
[115166, 9060, 117824, 11694]
[117824, 11694, 108334]
[117824, 11694, 108334, 10579]
[108334, 10579]
[108334, 10579]

FP for each step:  [112368, 112368, 115166, 115166, 117824, 117824, 117824, 117824, 108334, 108334]

Time Chart for BP
[10579, 395443]
[395443, 17002]
[395443, 17002, 364068]
[395443, 17002, 364068, 18701]
[364068, 18701, 359249]
[364068, 18701, 359249, 18438]
[359249, 18438, 346915]
[359249, 18438, 346915, 739]
[346915, 739]
[346915, 739]

BP for each step:  [395443, 395443, 395443, 395443, 364068, 364068, 359249, 359249, 346915, 346915]
Time without overhead: 4.865268 s

Total Time: 4.865268 s
