========== Stats ==========
iters 10
batchSize 16
numMicro 16
machine 4
log_dir _timeline/resnext
file ./_partition/partition_8_resnext_16_16.txt
model resnext
===========================
Number of Stages: 1
(0, 106)

Profiling for Stage (0, 106) with bs(1)
 ------ 1 / 11 ...
 ------ 2 / 11 ...
 ------ 3 / 11 ...
 ------ 4 / 11 ...
 ------ 5 / 11 ...
 ------ 6 / 11 ...
 ------ 7 / 11 ...
 ------ 8 / 11 ...
 ------ 9 / 11 ...
 ------ 10 / 11 ...
 ------ 11 / 11 ...
 ------ 1 / 11 ...
 ------ 2 / 11 ...
 ------ 3 / 11 ...
 ------ 4 / 11 ...
 ------ 5 / 11 ...
 ------ 6 / 11 ...
 ------ 7 / 11 ...
 ------ 8 / 11 ...
 ------ 9 / 11 ...
 ------ 10 / 11 ...
 ------ 11 / 11 ...
270947.0
84202.0
87485.0
83108.0
79312.0
82018.0
80363.0
80727.0
264620.0
78863.0
[238329]

Mean FP TimeList
[[188107, 930, 26]]

Mean BP TimeList
[[593285, 466, 191]]

Mean DPOH TimeList
[238329]

FP TimeList
[[188107, 466]]

BP TimeList
[[593285, 191]]

Time Chart for FP
[188107]
[188107, 466]
[188107, 466]
[188107, 466]
[188107, 466]
[188107, 466]
[188107, 466]
[188107, 466]
[188107, 466]
[188107, 466]
[188107, 466]
[188107, 466]
[188107, 466]
[188107, 466]
[188107, 466]
[188107, 466]

FP for each step:  [188107, 188107, 188107, 188107, 188107, 188107, 188107, 188107, 188107, 188107, 188107, 188107, 188107, 188107, 188107, 188107]

Time Chart for BP
[466, 593285]
[593285, 191]
[593285, 191]
[593285, 191]
[593285, 191]
[593285, 191]
[593285, 191]
[593285, 191]
[593285, 191]
[593285, 191]
[593285, 191]
[593285, 191]
[593285, 191]
[593285, 191]
[593285, 191]
[593285, 191]

BP for each step:  [593285, 593285, 593285, 593285, 593285, 593285, 593285, 593285, 593285, 593285, 593285, 593285, 593285, 593285, 593285, 593285]
Time without overhead: 12.502272 s

Total Time: 12.740601 s
