========== Stats ==========
iters 10
batchSize 32
numMicro 4
machine 4
log_dir _timeline/resnet_5g
file ./_partition/partition_2_resnet_32_4.txt
model resnet
===========================
Number of Stages: 2
(0, 26)

Profiling for Stage (0, 26) with bs(8)
 ------ 1 / 11 ...
 ------ 2 / 11 ...
 ------ 3 / 11 ...
 ------ 4 / 11 ...
 ------ 5 / 11 ...
 ------ 6 / 11 ...
 ------ 7 / 11 ...
 ------ 8 / 11 ...
 ------ 9 / 11 ...
 ------ 10 / 11 ...
 ------ 11 / 11 ...
 ------ 1 / 11 ...
 ------ 2 / 11 ...
 ------ 3 / 11 ...
 ------ 4 / 11 ...
 ------ 5 / 11 ...
 ------ 6 / 11 ...
 ------ 7 / 11 ...
 ------ 8 / 11 ...
 ------ 9 / 11 ...
 ------ 10 / 11 ...
 ------ 11 / 11 ...
(26, 55)

Profiling for Stage (26, 55) with bs(8)
 ------ 1 / 11 ...
 ------ 2 / 11 ...
 ------ 3 / 11 ...
 ------ 4 / 11 ...
 ------ 5 / 11 ...
 ------ 6 / 11 ...
 ------ 7 / 11 ...
 ------ 8 / 11 ...
 ------ 9 / 11 ...
 ------ 10 / 11 ...
 ------ 11 / 11 ...
 ------ 1 / 11 ...
 ------ 2 / 11 ...
 ------ 3 / 11 ...
 ------ 4 / 11 ...
 ------ 5 / 11 ...
 ------ 6 / 11 ...
 ------ 7 / 11 ...
 ------ 8 / 11 ...
 ------ 9 / 11 ...
 ------ 10 / 11 ...
 ------ 11 / 11 ...
381817.0
402469.0
95705.0
96102.0
96429.0
94452.0
95832.0
98130.0
96506.0
95709.0
197597.0
811455.0
197783.0
199420.0
199120.0
198114.0
198210.0
198321.0
199312.0
198578.0
[310630, 519582]

Mean FP TimeList
[[191967, 218, 1917], [196445, 6148, 10]]

Mean BP TimeList
[[586556, 2779, 37], [689780, 5530, 1915]]

Mean DPOH TimeList
[310630, 519582]

FP TimeList
[[191967, 8065], [196445, 5530]]

BP TimeList
[[689780, 4694], [586556, 37]]

Time Chart for FP
[191967]
[191967, 8065]
[191967, 8065, 196445]
[191967, 8065, 196445, 5530]
[196445, 5530]
[196445, 5530]

FP for each step:  [191967, 191967, 196445, 196445, 196445, 196445]

Time Chart for BP
[5530, 689780]
[689780, 4694]
[689780, 4694, 586556]
[689780, 4694, 586556, 37]
[586556, 37]
[586556, 37]

BP for each step:  [689780, 689780, 689780, 689780, 586556, 586556]
Time without overhead: 5.101946 s

Total Time: 5.101946 s
