========== Stats ==========
iters 10
batchSize 32
numMicro 2
machine 4
log_dir _timeline/resnet_5g
file ./_partition/partition_8_resnet_32_2.txt
model resnet
===========================
Number of Stages: 2
(0, 19)

Profiling for Stage (0, 19) with bs(5)
 ------ 1 / 11 ...
 ------ 2 / 11 ...
 ------ 3 / 11 ...
 ------ 4 / 11 ...
 ------ 5 / 11 ...
 ------ 6 / 11 ...
 ------ 7 / 11 ...
 ------ 8 / 11 ...
 ------ 9 / 11 ...
 ------ 10 / 11 ...
 ------ 11 / 11 ...
 ------ 1 / 11 ...
 ------ 2 / 11 ...
 ------ 3 / 11 ...
 ------ 4 / 11 ...
 ------ 5 / 11 ...
 ------ 6 / 11 ...
 ------ 7 / 11 ...
 ------ 8 / 11 ...
 ------ 9 / 11 ...
 ------ 10 / 11 ...
 ------ 11 / 11 ...
(19, 55)

Profiling for Stage (19, 55) with bs(3)
 ------ 1 / 11 ...
 ------ 2 / 11 ...
 ------ 3 / 11 ...
 ------ 4 / 11 ...
 ------ 5 / 11 ...
 ------ 6 / 11 ...
 ------ 7 / 11 ...
 ------ 8 / 11 ...
 ------ 9 / 11 ...
 ------ 10 / 11 ...
 ------ 11 / 11 ...
 ------ 1 / 11 ...
 ------ 2 / 11 ...
 ------ 3 / 11 ...
 ------ 4 / 11 ...
 ------ 5 / 11 ...
 ------ 6 / 11 ...
 ------ 7 / 11 ...
 ------ 8 / 11 ...
 ------ 9 / 11 ...
 ------ 10 / 11 ...
 ------ 11 / 11 ...
198893.0
220581.0
54818.0
54301.0
53132.0
54100.0
54616.0
54034.0
55135.0
54970.0
464317.0
890741.0
242089.0
239286.0
239787.0
240230.0
240392.0
240359.0
241102.0
241503.0
[170916, 655961]

Mean FP TimeList
[[87628, 226, 1201], [132888, 1112, 9]]

Mean BP TimeList
[[275821, 1875, 26], [475195, 2030, 725]]

Mean DPOH TimeList
[170916, 655961]

FP TimeList
[[87628, 9163], [132888, 2030]]

BP TimeList
[[475195, 5500, 475195, 5500, 475195, 5500], [275821, 26]]

Time Chart for FP
[87628]
[87628, 9163]
[132888]
[132888, 2030]

FP for each step:  [87628, 87628, 132888, 132888]

Time Chart for BP
[2030, 475195]
[475195, 5500]
[275821]
[275821, 26]

BP for each step:  [475195, 475195, 275821, 275821]
Time without overhead: 1.943064 s

Total Time: 2.769941 s
