========== Stats ==========
iters 10
batchSize 16
numMicro 8
machine 4
log_dir _timeline/resnext
file ./_partition/partition_2_resnext_16_8.txt
model resnext
===========================
Number of Stages: 2
(0, 31)

Profiling for Stage (0, 31) with bs(2)
 ------ 1 / 11 ...
 ------ 2 / 11 ...
 ------ 3 / 11 ...
 ------ 4 / 11 ...
 ------ 5 / 11 ...
 ------ 6 / 11 ...
 ------ 7 / 11 ...
 ------ 8 / 11 ...
 ------ 9 / 11 ...
 ------ 10 / 11 ...
 ------ 11 / 11 ...
 ------ 1 / 11 ...
 ------ 2 / 11 ...
 ------ 3 / 11 ...
 ------ 4 / 11 ...
 ------ 5 / 11 ...
 ------ 6 / 11 ...
 ------ 7 / 11 ...
 ------ 8 / 11 ...
 ------ 9 / 11 ...
 ------ 10 / 11 ...
 ------ 11 / 11 ...
(31, 106)

Profiling for Stage (31, 106) with bs(2)
 ------ 1 / 11 ...
 ------ 2 / 11 ...
 ------ 3 / 11 ...
 ------ 4 / 11 ...
 ------ 5 / 11 ...
 ------ 6 / 11 ...
 ------ 7 / 11 ...
 ------ 8 / 11 ...
 ------ 9 / 11 ...
 ------ 10 / 11 ...
 ------ 11 / 11 ...
 ------ 1 / 11 ...
 ------ 2 / 11 ...
 ------ 3 / 11 ...
 ------ 4 / 11 ...
 ------ 5 / 11 ...
 ------ 6 / 11 ...
 ------ 7 / 11 ...
 ------ 8 / 11 ...
 ------ 9 / 11 ...
 ------ 10 / 11 ...
 ------ 11 / 11 ...
16568.0
16358.0
21343.0
20338.0
21984.0
20494.0
18622.0
20544.0
18298.0
22928.0
225679.0
65557.0
60426.0
58307.0
239111.0
61288.0
61848.0
68090.0
62787.0
62636.0
[39495, 193145]

Mean FP TimeList
[[135712, 678, 1961], [136788, 2714, 6]]

Mean BP TimeList
[[392349, 2933, 371], [441814, 12057, 1953]]

Mean DPOH TimeList
[39495, 193145]

FP TimeList
[[135712, 4675], [136788, 12057]]

BP TimeList
[[441814, 4886], [392349, 371]]

Time Chart for FP
[135712]
[135712, 4675]
[135712, 4675, 136788]
[135712, 4675, 136788, 12057]
[135712, 4675, 136788, 12057]
[135712, 4675, 136788, 12057]
[135712, 4675, 136788, 12057]
[135712, 4675, 136788, 12057]
[136788, 12057]
[136788, 12057]

FP for each step:  [135712, 135712, 136788, 136788, 136788, 136788, 136788, 136788, 136788, 136788]

Time Chart for BP
[12057, 441814]
[441814, 4886]
[441814, 4886, 392349]
[441814, 4886, 392349, 371]
[441814, 4886, 392349, 371]
[441814, 4886, 392349, 371]
[441814, 4886, 392349, 371]
[441814, 4886, 392349, 371]
[392349, 371]
[392349, 371]

BP for each step:  [441814, 441814, 441814, 441814, 441814, 441814, 441814, 441814, 392349, 392349]
Time without overhead: 5.684938 s

Total Time: 5.684938 s
