========== Stats ==========
iters 10
batchSize 128
numMicro 4
machine 4
log_dir _timeline/resnet_5g
file ./_partition/partition_8_resnet_128_4.txt
model resnet
===========================
Number of Stages: 4
(0, 12)

Profiling for Stage (0, 12) with bs(16)
 ------ 1 / 11 ...
 ------ 2 / 11 ...
 ------ 3 / 11 ...
 ------ 4 / 11 ...
 ------ 5 / 11 ...
 ------ 6 / 11 ...
 ------ 7 / 11 ...
 ------ 8 / 11 ...
 ------ 9 / 11 ...
 ------ 10 / 11 ...
 ------ 11 / 11 ...
 ------ 1 / 11 ...
 ------ 2 / 11 ...
 ------ 3 / 11 ...
 ------ 4 / 11 ...
 ------ 5 / 11 ...
 ------ 6 / 11 ...
 ------ 7 / 11 ...
 ------ 8 / 11 ...
 ------ 9 / 11 ...
 ------ 10 / 11 ...
 ------ 11 / 11 ...
(12, 25)

Profiling for Stage (12, 25) with bs(16)
 ------ 1 / 11 ...
 ------ 2 / 11 ...
 ------ 3 / 11 ...
 ------ 4 / 11 ...
 ------ 5 / 11 ...
 ------ 6 / 11 ...
 ------ 7 / 11 ...
 ------ 8 / 11 ...
 ------ 9 / 11 ...
 ------ 10 / 11 ...
 ------ 11 / 11 ...
 ------ 1 / 11 ...
 ------ 2 / 11 ...
 ------ 3 / 11 ...
 ------ 4 / 11 ...
 ------ 5 / 11 ...
 ------ 6 / 11 ...
 ------ 7 / 11 ...
 ------ 8 / 11 ...
 ------ 9 / 11 ...
 ------ 10 / 11 ...
 ------ 11 / 11 ...
(25, 38)

Profiling for Stage (25, 38) with bs(16)
 ------ 1 / 11 ...
 ------ 2 / 11 ...
 ------ 3 / 11 ...
 ------ 4 / 11 ...
 ------ 5 / 11 ...
 ------ 6 / 11 ...
 ------ 7 / 11 ...
 ------ 8 / 11 ...
 ------ 9 / 11 ...
 ------ 10 / 11 ...
 ------ 11 / 11 ...
 ------ 1 / 11 ...
 ------ 2 / 11 ...
 ------ 3 / 11 ...
 ------ 4 / 11 ...
 ------ 5 / 11 ...
 ------ 6 / 11 ...
 ------ 7 / 11 ...
 ------ 8 / 11 ...
 ------ 9 / 11 ...
 ------ 10 / 11 ...
 ------ 11 / 11 ...
(38, 55)

Profiling for Stage (38, 55) with bs(16)
 ------ 1 / 11 ...
 ------ 2 / 11 ...
 ------ 3 / 11 ...
 ------ 4 / 11 ...
 ------ 5 / 11 ...
 ------ 6 / 11 ...
 ------ 7 / 11 ...
 ------ 8 / 11 ...
 ------ 9 / 11 ...
 ------ 10 / 11 ...
 ------ 11 / 11 ...
 ------ 1 / 11 ...
 ------ 2 / 11 ...
 ------ 3 / 11 ...
 ------ 4 / 11 ...
 ------ 5 / 11 ...
 ------ 6 / 11 ...
 ------ 7 / 11 ...
 ------ 8 / 11 ...
 ------ 9 / 11 ...
 ------ 10 / 11 ...
 ------ 11 / 11 ...
13544.0
55465.0
13953.0
13833.0
14275.0
14182.0
13826.0
14393.0
14523.0
13690.0
285235.0
369602.0
78043.0
77586.0
78001.0
76942.0
77683.0
77240.0
76714.0
75790.0
79145.0
79089.0
79862.0
78920.0
79702.0
79709.0
78093.0
78957.0
79000.0
78796.0
125268.0
126743.0
125171.0
127296.0
126939.0
127185.0
125232.0
126638.0
126625.0
125765.0
[36336, 254567, 158254, 252572]

Mean FP TimeList
[[152606, 1007, 7637], [164412, 9801, 3818], [162403, 5217, 3829], [178692, 6004, 13]]

Mean BP TimeList
[[457280, 9757, 66], [533674, 14547, 7641], [525979, 9859, 3819], [627417, 5338, 3824]]

Mean DPOH TimeList
[36336, 254567, 158254, 252572]

FP TimeList
[[152606, 34876], [164412, 18070], [162403, 19666], [178692, 5338]]

BP TimeList
[[627417, 17507, 627417, 17507], [525979, 22185, 525979, 22185], [533674, 25039, 533674, 25039], [457280, 66]]

Time Chart for FP
[152606]
[152606, 34876]
[152606, 34876, 164412]
[152606, 34876, 164412, 18070]
[164412, 18070, 162403]
[164412, 18070, 162403, 19666]
[162403, 19666, 178692]
[162403, 19666, 178692, 5338]
[178692, 5338]
[178692, 5338]

FP for each step:  [152606, 152606, 164412, 164412, 164412, 164412, 178692, 178692, 178692, 178692]

Time Chart for BP
[5338, 627417]
[627417, 17507]
[627417, 17507, 525979]
[627417, 17507, 525979, 22185]
[525979, 22185, 533674]
[525979, 22185, 533674, 25039]
[533674, 25039, 457280]
[533674, 25039, 457280, 66]
[457280, 66]
[457280, 66]

BP for each step:  [627417, 627417, 627417, 627417, 533674, 533674, 533674, 533674, 457280, 457280]
Time without overhead: 7.236552 s

Total Time: 7.938281 s
