========== Stats ==========
iters 10
batchSize 32
numMicro 4
machine 4
log_dir _timeline/resnet_5g
file ./_partition/partition_8_resnet_32_4.txt
model resnet
===========================
Number of Stages: 2
(0, 7)

Profiling for Stage (0, 7) with bs(8)
 ------ 1 / 11 ...
 ------ 2 / 11 ...
 ------ 3 / 11 ...
 ------ 4 / 11 ...
 ------ 5 / 11 ...
 ------ 6 / 11 ...
 ------ 7 / 11 ...
 ------ 8 / 11 ...
 ------ 9 / 11 ...
 ------ 10 / 11 ...
 ------ 11 / 11 ...
 ------ 1 / 11 ...
 ------ 2 / 11 ...
 ------ 3 / 11 ...
 ------ 4 / 11 ...
 ------ 5 / 11 ...
 ------ 6 / 11 ...
 ------ 7 / 11 ...
 ------ 8 / 11 ...
 ------ 9 / 11 ...
 ------ 10 / 11 ...
 ------ 11 / 11 ...
(7, 55)

Profiling for Stage (7, 55) with bs(1)
 ------ 1 / 11 ...
 ------ 2 / 11 ...
 ------ 3 / 11 ...
 ------ 4 / 11 ...
 ------ 5 / 11 ...
 ------ 6 / 11 ...
 ------ 7 / 11 ...
 ------ 8 / 11 ...
 ------ 9 / 11 ...
 ------ 10 / 11 ...
 ------ 11 / 11 ...
 ------ 1 / 11 ...
 ------ 2 / 11 ...
 ------ 3 / 11 ...
 ------ 4 / 11 ...
 ------ 5 / 11 ...
 ------ 6 / 11 ...
 ------ 7 / 11 ...
 ------ 8 / 11 ...
 ------ 9 / 11 ...
 ------ 10 / 11 ...
 ------ 11 / 11 ...
5641.0
5402.0
5514.0
25821.0
5828.0
5842.0
5763.0
5961.0
5965.0
5927.0
788081.0
993813.0
287266.0
286277.0
287423.0
287762.0
287011.0
287815.0
287065.0
287446.0
[15532, 815991]

Mean FP TimeList
[[46446, 210, 3827], [100900, 4177, 9]]

Mean BP TimeList
[[136689, 5091, 38], [381995, 814, 485]]

Mean DPOH TimeList
[15532, 815991]

FP TimeList
[[46446, 33066], [100900, 814]]

BP TimeList
[[381995, 8486], [136689, 38]]

Time Chart for FP
[46446]
[46446, 33066]
[46446, 33066, 100900]
[46446, 33066, 100900, 814]
[100900, 814]
[100900, 814]

FP for each step:  [46446, 46446, 100900, 100900, 100900, 100900]

Time Chart for BP
[814, 381995]
[381995, 8486]
[381995, 8486, 136689]
[381995, 8486, 136689, 38]
[136689, 38]
[136689, 38]

BP for each step:  [381995, 381995, 381995, 381995, 136689, 136689]
Time without overhead: 2.29785 s

Total Time: 3.113841 s
