========== Stats ==========
iters 10
batchSize 32
numMicro 16
machine 4
log_dir _timeline/resnet_5g
file ./_partition/partition_4_resnet_32_16.txt
model resnet
===========================
Number of Stages: 1
(0, 55)

Profiling for Stage (0, 55) with bs(1)
 ------ 1 / 11 ...
 ------ 2 / 11 ...
 ------ 3 / 11 ...
 ------ 4 / 11 ...
 ------ 5 / 11 ...
 ------ 6 / 11 ...
 ------ 7 / 11 ...
 ------ 8 / 11 ...
 ------ 9 / 11 ...
 ------ 10 / 11 ...
 ------ 11 / 11 ...
 ------ 1 / 11 ...
 ------ 2 / 11 ...
 ------ 3 / 11 ...
 ------ 4 / 11 ...
 ------ 5 / 11 ...
 ------ 6 / 11 ...
 ------ 7 / 11 ...
 ------ 8 / 11 ...
 ------ 9 / 11 ...
 ------ 10 / 11 ...
 ------ 11 / 11 ...
892376.0
997765.0
293605.0
291157.0
291668.0
292553.0
292224.0
293150.0
294191.0
292989.0
[846335]

Mean FP TimeList
[[111396, 110, 8]]

Mean BP TimeList
[[406369, 137, 10]]

Mean DPOH TimeList
[846335]

FP TimeList
[[111396, 137]]

BP TimeList
[[406369, 10]]

Time Chart for FP
[111396]
[111396, 137]
[111396, 137]
[111396, 137]
[111396, 137]
[111396, 137]
[111396, 137]
[111396, 137]
[111396, 137]
[111396, 137]
[111396, 137]
[111396, 137]
[111396, 137]
[111396, 137]
[111396, 137]
[111396, 137]

FP for each step:  [111396, 111396, 111396, 111396, 111396, 111396, 111396, 111396, 111396, 111396, 111396, 111396, 111396, 111396, 111396, 111396]

Time Chart for BP
[137, 406369]
[406369, 10]
[406369, 10]
[406369, 10]
[406369, 10]
[406369, 10]
[406369, 10]
[406369, 10]
[406369, 10]
[406369, 10]
[406369, 10]
[406369, 10]
[406369, 10]
[406369, 10]
[406369, 10]
[406369, 10]

BP for each step:  [406369, 406369, 406369, 406369, 406369, 406369, 406369, 406369, 406369, 406369, 406369, 406369, 406369, 406369, 406369, 406369]
Time without overhead: 8.28424 s

Total Time: 9.130575 s
