========== Stats ==========
iters 10
batchSize 128
numMicro 4
machine 4
log_dir _timeline/resnet_5g
file ./_partition/partition_4_resnet_128_4.txt
model resnet
===========================
Number of Stages: 4
(0, 12)

Profiling for Stage (0, 12) with bs(32)
 ------ 1 / 11 ...
 ------ 2 / 11 ...
 ------ 3 / 11 ...
 ------ 4 / 11 ...
 ------ 5 / 11 ...
 ------ 6 / 11 ...
 ------ 7 / 11 ...
 ------ 8 / 11 ...
 ------ 9 / 11 ...
 ------ 10 / 11 ...
 ------ 11 / 11 ...
 ------ 1 / 11 ...
 ------ 2 / 11 ...
 ------ 3 / 11 ...
 ------ 4 / 11 ...
 ------ 5 / 11 ...
 ------ 6 / 11 ...
 ------ 7 / 11 ...
 ------ 8 / 11 ...
 ------ 9 / 11 ...
 ------ 10 / 11 ...
 ------ 11 / 11 ...
(12, 25)

Profiling for Stage (12, 25) with bs(32)
 ------ 1 / 11 ...
 ------ 2 / 11 ...
 ------ 3 / 11 ...
 ------ 4 / 11 ...
 ------ 5 / 11 ...
 ------ 6 / 11 ...
 ------ 7 / 11 ...
 ------ 8 / 11 ...
 ------ 9 / 11 ...
 ------ 10 / 11 ...
 ------ 11 / 11 ...
 ------ 1 / 11 ...
 ------ 2 / 11 ...
 ------ 3 / 11 ...
 ------ 4 / 11 ...
 ------ 5 / 11 ...
 ------ 6 / 11 ...
 ------ 7 / 11 ...
 ------ 8 / 11 ...
 ------ 9 / 11 ...
 ------ 10 / 11 ...
 ------ 11 / 11 ...
(25, 38)

Profiling for Stage (25, 38) with bs(32)
 ------ 1 / 11 ...
 ------ 2 / 11 ...
 ------ 3 / 11 ...
 ------ 4 / 11 ...
 ------ 5 / 11 ...
 ------ 6 / 11 ...
 ------ 7 / 11 ...
 ------ 8 / 11 ...
 ------ 9 / 11 ...
 ------ 10 / 11 ...
 ------ 11 / 11 ...
 ------ 1 / 11 ...
 ------ 2 / 11 ...
 ------ 3 / 11 ...
 ------ 4 / 11 ...
 ------ 5 / 11 ...
 ------ 6 / 11 ...
 ------ 7 / 11 ...
 ------ 8 / 11 ...
 ------ 9 / 11 ...
 ------ 10 / 11 ...
 ------ 11 / 11 ...
(38, 55)

Profiling for Stage (38, 55) with bs(32)
 ------ 1 / 11 ...
 ------ 2 / 11 ...
 ------ 3 / 11 ...
 ------ 4 / 11 ...
 ------ 5 / 11 ...
 ------ 6 / 11 ...
 ------ 7 / 11 ...
 ------ 8 / 11 ...
 ------ 9 / 11 ...
 ------ 10 / 11 ...
 ------ 11 / 11 ...
 ------ 1 / 11 ...
 ------ 2 / 11 ...
 ------ 3 / 11 ...
 ------ 4 / 11 ...
 ------ 5 / 11 ...
 ------ 6 / 11 ...
 ------ 7 / 11 ...
 ------ 8 / 11 ...
 ------ 9 / 11 ...
 ------ 10 / 11 ...
 ------ 11 / 11 ...
13020.0
14358.0
13772.0
12930.0
13645.0
14330.0
14300.0
14328.0
13270.0
14196.0
296251.0
376841.0
77189.0
75719.0
77250.0
75847.0
76445.0
77675.0
75938.0
77994.0
78922.0
77602.0
79727.0
77999.0
78727.0
79555.0
79267.0
77446.0
79384.0
79884.0
126134.0
125804.0
126028.0
125488.0
126368.0
126167.0
126595.0
126521.0
125330.0
125467.0
[27629, 257429, 157702, 251980]

Mean FP TimeList
[[307153, 351, 15272], [315974, 19406, 7633], [314000, 9775, 7643], [326267, 9779, 18]]

Mean BP TimeList
[[904388, 20487, 126], [1003570, 30054, 15281], [989703, 19292, 7638], [1125793, 9714, 7634]]

Mean DPOH TimeList
[27629, 257429, 157702, 251980]

FP TimeList
[[307153, 34678], [315974, 17408], [314000, 17422], [326267, 9714]]

BP TimeList
[[1125793, 26926], [989703, 37692], [1003570, 35768], [904388, 126]]

Time Chart for FP
[307153]
[307153, 34678]
[307153, 34678, 315974]
[307153, 34678, 315974, 17408]
[315974, 17408, 314000]
[315974, 17408, 314000, 17422]
[314000, 17422, 326267]
[314000, 17422, 326267, 9714]
[326267, 9714]
[326267, 9714]

FP for each step:  [307153, 307153, 315974, 315974, 315974, 315974, 326267, 326267, 326267, 326267]

Time Chart for BP
[9714, 1125793]
[1125793, 26926]
[1125793, 26926, 989703]
[1125793, 26926, 989703, 37692]
[989703, 37692, 1003570]
[989703, 37692, 1003570, 35768]
[1003570, 35768, 904388]
[1003570, 35768, 904388, 126]
[904388, 126]
[904388, 126]

BP for each step:  [1125793, 1125793, 1125793, 1125793, 1003570, 1003570, 1003570, 1003570, 904388, 904388]
Time without overhead: 13.509498 s

Total Time: 13.509498 s
