========== Stats ==========
iters 10
batchSize 16
numMicro 4
machine 4
log_dir _timeline/resnext
file ./_partition/partition_8_resnext_16_4.txt
model resnext
===========================
Number of Stages: 6
(0, 8)

Profiling for Stage (0, 8) with bs(4)
 ------ 1 / 11 ...
 ------ 2 / 11 ...
 ------ 3 / 11 ...
 ------ 4 / 11 ...
 ------ 5 / 11 ...
 ------ 6 / 11 ...
 ------ 7 / 11 ...
 ------ 8 / 11 ...
 ------ 9 / 11 ...
 ------ 10 / 11 ...
 ------ 11 / 11 ...
 ------ 1 / 11 ...
 ------ 2 / 11 ...
 ------ 3 / 11 ...
 ------ 4 / 11 ...
 ------ 5 / 11 ...
 ------ 6 / 11 ...
 ------ 7 / 11 ...
 ------ 8 / 11 ...
 ------ 9 / 11 ...
 ------ 10 / 11 ...
 ------ 11 / 11 ...
(32, 44)

Profiling for Stage (32, 44) with bs(4)
 ------ 1 / 11 ...
 ------ 2 / 11 ...
 ------ 3 / 11 ...
 ------ 4 / 11 ...
 ------ 5 / 11 ...
 ------ 6 / 11 ...
 ------ 7 / 11 ...
 ------ 8 / 11 ...
 ------ 9 / 11 ...
 ------ 10 / 11 ...
 ------ 11 / 11 ...
 ------ 1 / 11 ...
 ------ 2 / 11 ...
 ------ 3 / 11 ...
 ------ 4 / 11 ...
 ------ 5 / 11 ...
 ------ 6 / 11 ...
 ------ 7 / 11 ...
 ------ 8 / 11 ...
 ------ 9 / 11 ...
 ------ 10 / 11 ...
 ------ 11 / 11 ...
(44, 58)

Profiling for Stage (44, 58) with bs(4)
 ------ 1 / 11 ...
 ------ 2 / 11 ...
 ------ 3 / 11 ...
 ------ 4 / 11 ...
 ------ 5 / 11 ...
 ------ 6 / 11 ...
 ------ 7 / 11 ...
 ------ 8 / 11 ...
 ------ 9 / 11 ...
 ------ 10 / 11 ...
 ------ 11 / 11 ...
 ------ 1 / 11 ...
 ------ 2 / 11 ...
 ------ 3 / 11 ...
 ------ 4 / 11 ...
 ------ 5 / 11 ...
 ------ 6 / 11 ...
 ------ 7 / 11 ...
 ------ 8 / 11 ...
 ------ 9 / 11 ...
 ------ 10 / 11 ...
 ------ 11 / 11 ...
(58, 78)

Profiling for Stage (58, 78) with bs(4)
 ------ 1 / 11 ...
 ------ 2 / 11 ...
 ------ 3 / 11 ...
 ------ 4 / 11 ...
 ------ 5 / 11 ...
 ------ 6 / 11 ...
 ------ 7 / 11 ...
 ------ 8 / 11 ...
 ------ 9 / 11 ...
 ------ 10 / 11 ...
 ------ 11 / 11 ...
 ------ 1 / 11 ...
 ------ 2 / 11 ...
 ------ 3 / 11 ...
 ------ 4 / 11 ...
 ------ 5 / 11 ...
 ------ 6 / 11 ...
 ------ 7 / 11 ...
 ------ 8 / 11 ...
 ------ 9 / 11 ...
 ------ 10 / 11 ...
 ------ 11 / 11 ...
(78, 106)

Profiling for Stage (78, 106) with bs(4)
 ------ 1 / 11 ...
 ------ 2 / 11 ...
 ------ 3 / 11 ...
 ------ 4 / 11 ...
 ------ 5 / 11 ...
 ------ 6 / 11 ...
 ------ 7 / 11 ...
 ------ 8 / 11 ...
 ------ 9 / 11 ...
 ------ 10 / 11 ...
 ------ 11 / 11 ...
 ------ 1 / 11 ...
 ------ 2 / 11 ...
 ------ 3 / 11 ...
 ------ 4 / 11 ...
 ------ 5 / 11 ...
 ------ 6 / 11 ...
 ------ 7 / 11 ...
 ------ 8 / 11 ...
 ------ 9 / 11 ...
 ------ 10 / 11 ...
 ------ 11 / 11 ...
(8, 32)

Profiling for Stage (8, 32) with bs(1)
 ------ 1 / 11 ...
 ------ 2 / 11 ...
 ------ 3 / 11 ...
 ------ 4 / 11 ...
 ------ 5 / 11 ...
 ------ 6 / 11 ...
 ------ 7 / 11 ...
 ------ 8 / 11 ...
 ------ 9 / 11 ...
 ------ 10 / 11 ...
 ------ 11 / 11 ...
 ------ 1 / 11 ...
 ------ 2 / 11 ...
 ------ 3 / 11 ...
 ------ 4 / 11 ...
 ------ 5 / 11 ...
 ------ 6 / 11 ...
 ------ 7 / 11 ...
 ------ 8 / 11 ...
 ------ 9 / 11 ...
 ------ 10 / 11 ...
 ------ 11 / 11 ...
4471.0
6021.0
4115.0
3912.0
5372.0
4720.0
3875.0
4008.0
4542.0
4310.0
20190.0
19111.0
15877.0
14798.0
17436.0
16666.0
16457.0
17487.0
17953.0
16792.0
7385.0
7692.0
7420.0
7290.0
7401.0
7117.0
9079.0
8829.0
7697.0
7955.0
9656.0
8972.0
8677.0
9689.0
8767.0
9074.0
9412.0
8967.0
8736.0
11316.0
15119.0
17870.0
12885.0
12435.0
14343.0
16831.0
13663.0
13987.0
14658.0
19060.0
76208.0
130670.0
37878.0
39395.0
39032.0
37507.0
40680.0
37910.0
40634.0
39535.0
[9069, 34553, 15573, 18653, 30170, 103889]

Mean FP TimeList
[[58258, 1174, 7834], [72875, 7614, 989], [61108, 5159, 3923], [57554, 7862, 1972], [67495, 2770, 1967], [61908, 2698, 8]]

Mean BP TimeList
[[179824, 11014, 741], [188386, 3889, 1956], [171899, 9989, 3908], [173708, 7662, 3919], [181277, 5155, 1960], [186637, 6766, 1963]]

Mean DPOH TimeList
[9069, 34553, 15573, 18653, 30170, 103889]

FP TimeList
[[58258, 30676], [72875, 8126], [61108, 11785], [57554, 4742], [67495, 4665], [61908, 6766]]

BP TimeList
[[186637, 7118], [181277, 9622], [173708, 13908], [171899, 7797, 171899, 7797, 171899, 7797], [188386, 16882], [179824, 741]]

Time Chart for FP
[58258]
[58258, 30676]
[58258, 30676, 72875]
[58258, 30676, 72875, 8126]
[72875, 8126, 61108]
[72875, 8126, 61108, 11785]
[61108, 11785, 57554]
[61108, 11785, 57554, 4742]
[57554, 4742, 67495]
[57554, 4742, 67495, 4665]
[67495, 4665, 61908]
[67495, 4665, 61908, 6766]
[61908, 6766]
[61908, 6766]

FP for each step:  [58258, 58258, 72875, 72875, 72875, 72875, 61108, 61108, 67495, 67495, 67495, 67495, 61908, 61908]

Time Chart for BP
[6766, 186637]
[186637, 7118]
[186637, 7118, 181277]
[186637, 7118, 181277, 9622]
[181277, 9622, 173708]
[181277, 9622, 173708, 13908]
[173708, 13908, 171899]
[173708, 13908, 171899, 7797]
[171899, 7797, 188386]
[171899, 7797, 188386, 16882]
[188386, 16882, 179824]
[188386, 16882, 179824, 741]
[179824, 741]
[179824, 741]

BP for each step:  [186637, 186637, 186637, 186637, 181277, 181277, 173708, 173708, 188386, 188386, 188386, 188386, 179824, 179824]
Time without overhead: 3.493738 s

Total Time: 3.528291 s
