========== Stats ==========
iters 10
batchSize 32
numMicro 16
machine 4
log_dir _timeline/resnet_5g
file ./_partition/partition_2_resnet_32_16.txt
model resnet
===========================
Number of Stages: 1
(0, 55)

Profiling for Stage (0, 55) with bs(1)
 ------ 1 / 11 ...
 ------ 2 / 11 ...
 ------ 3 / 11 ...
 ------ 4 / 11 ...
 ------ 5 / 11 ...
 ------ 6 / 11 ...
 ------ 7 / 11 ...
 ------ 8 / 11 ...
 ------ 9 / 11 ...
 ------ 10 / 11 ...
 ------ 11 / 11 ...
 ------ 1 / 11 ...
 ------ 2 / 11 ...
 ------ 3 / 11 ...
 ------ 4 / 11 ...
 ------ 5 / 11 ...
 ------ 6 / 11 ...
 ------ 7 / 11 ...
 ------ 8 / 11 ...
 ------ 9 / 11 ...
 ------ 10 / 11 ...
 ------ 11 / 11 ...
877278.0
983664.0
294194.0
295945.0
292874.0
292560.0
293661.0
291270.0
291558.0
294113.0
[841423]

Mean FP TimeList
[[109547, 3778, 7]]

Mean BP TimeList
[[401176, 4527, 11]]

Mean DPOH TimeList
[841423]

FP TimeList
[[109547, 4527]]

BP TimeList
[[401176, 11]]

Time Chart for FP
[109547]
[109547, 4527]
[109547, 4527]
[109547, 4527]
[109547, 4527]
[109547, 4527]
[109547, 4527]
[109547, 4527]
[109547, 4527]
[109547, 4527]
[109547, 4527]
[109547, 4527]
[109547, 4527]
[109547, 4527]
[109547, 4527]
[109547, 4527]

FP for each step:  [109547, 109547, 109547, 109547, 109547, 109547, 109547, 109547, 109547, 109547, 109547, 109547, 109547, 109547, 109547, 109547]

Time Chart for BP
[4527, 401176]
[401176, 11]
[401176, 11]
[401176, 11]
[401176, 11]
[401176, 11]
[401176, 11]
[401176, 11]
[401176, 11]
[401176, 11]
[401176, 11]
[401176, 11]
[401176, 11]
[401176, 11]
[401176, 11]
[401176, 11]

BP for each step:  [401176, 401176, 401176, 401176, 401176, 401176, 401176, 401176, 401176, 401176, 401176, 401176, 401176, 401176, 401176, 401176]
Time without overhead: 8.171568 s

Total Time: 9.012991 s
