========== Stats ==========
iters 10
batchSize 128
numMicro 8
machine 4
log_dir _timeline/resnet_5g
file ./_partition/partition_4_resnet_128_8.txt
model resnet
===========================
Number of Stages: 2
(39, 55)

Profiling for Stage (39, 55) with bs(16)
 ------ 1 / 11 ...
 ------ 2 / 11 ...
 ------ 3 / 11 ...
 ------ 4 / 11 ...
 ------ 5 / 11 ...
 ------ 6 / 11 ...
 ------ 7 / 11 ...
 ------ 8 / 11 ...
 ------ 9 / 11 ...
 ------ 10 / 11 ...
 ------ 11 / 11 ...
 ------ 1 / 11 ...
 ------ 2 / 11 ...
 ------ 3 / 11 ...
 ------ 4 / 11 ...
 ------ 5 / 11 ...
 ------ 6 / 11 ...
 ------ 7 / 11 ...
 ------ 8 / 11 ...
 ------ 9 / 11 ...
 ------ 10 / 11 ...
 ------ 11 / 11 ...
(0, 39)

Profiling for Stage (0, 39) with bs(5)
 ------ 1 / 11 ...
 ------ 2 / 11 ...
 ------ 3 / 11 ...
 ------ 4 / 11 ...
 ------ 5 / 11 ...
 ------ 6 / 11 ...
 ------ 7 / 11 ...
 ------ 8 / 11 ...
 ------ 9 / 11 ...
 ------ 10 / 11 ...
 ------ 11 / 11 ...
 ------ 1 / 11 ...
 ------ 2 / 11 ...
 ------ 3 / 11 ...
 ------ 4 / 11 ...
 ------ 5 / 11 ...
 ------ 6 / 11 ...
 ------ 7 / 11 ...
 ------ 8 / 11 ...
 ------ 9 / 11 ...
 ------ 10 / 11 ...
 ------ 11 / 11 ...
173404.0
788263.0
174522.0
173787.0
173780.0
175110.0
173350.0
173174.0
175074.0
174225.0
397854.0
460177.0
119306.0
119374.0
121194.0
120890.0
119402.0
120116.0
120870.0
120487.0
[470937, 363934]

Mean FP TimeList
[[191693, 185, 1199], [166091, 6270, 13]]

Mean BP TimeList
[[607960, 7522, 27], [583663, 6346, 3821]]

Mean DPOH TimeList
[470937, 363934]

FP TimeList
[[191693, 9867], [166091, 6346]]

BP TimeList
[[583663, 11343, 583663, 11343, 583663, 11343], [607960, 27]]

Time Chart for FP
[191693]
[191693, 9867]
[191693, 9867, 166091]
[191693, 9867, 166091, 6346]
[191693, 9867, 166091, 6346]
[191693, 9867, 166091, 6346]
[191693, 9867, 166091, 6346]
[191693, 9867, 166091, 6346]
[166091, 6346]
[166091, 6346]

FP for each step:  [191693, 191693, 191693, 191693, 191693, 191693, 191693, 191693, 166091, 166091]

Time Chart for BP
[6346, 583663]
[583663, 11343]
[583663, 11343, 607960]
[583663, 11343, 607960, 27]
[583663, 11343, 607960, 27]
[583663, 11343, 607960, 27]
[583663, 11343, 607960, 27]
[583663, 11343, 607960, 27]
[607960, 27]
[607960, 27]

BP for each step:  [583663, 583663, 607960, 607960, 607960, 607960, 607960, 607960, 607960, 607960]
Time without overhead: 7.896732 s

Total Time: 8.367669 s
