========== Stats ==========
iters 10
batchSize 16
numMicro 4
machine 4
log_dir _timeline/resnet_5g
file ./_partition/partition_2_resnet_16_4.txt
model resnet
===========================
Number of Stages: 1
(0, 55)

Profiling for Stage (0, 55) with bs(2)
 ------ 1 / 11 ...
 ------ 2 / 11 ...
 ------ 3 / 11 ...
 ------ 4 / 11 ...
 ------ 5 / 11 ...
 ------ 6 / 11 ...
 ------ 7 / 11 ...
 ------ 8 / 11 ...
 ------ 9 / 11 ...
 ------ 10 / 11 ...
 ------ 11 / 11 ...
 ------ 1 / 11 ...
 ------ 2 / 11 ...
 ------ 3 / 11 ...
 ------ 4 / 11 ...
 ------ 5 / 11 ...
 ------ 6 / 11 ...
 ------ 7 / 11 ...
 ------ 8 / 11 ...
 ------ 9 / 11 ...
 ------ 10 / 11 ...
 ------ 11 / 11 ...
891175.0
989658.0
293156.0
292521.0
293718.0
292993.0
292691.0
292057.0
291294.0
291515.0
[844155]

Mean FP TimeList
[[147058, 245, 8]]

Mean BP TimeList
[[533588, 5093, 16]]

Mean DPOH TimeList
[844155]

FP TimeList
[[147058, 5093]]

BP TimeList
[[533588, 16]]

Time Chart for FP
[147058]
[147058, 5093]
[147058, 5093]
[147058, 5093]

FP for each step:  [147058, 147058, 147058, 147058]

Time Chart for BP
[5093, 533588]
[533588, 16]
[533588, 16]
[533588, 16]

BP for each step:  [533588, 533588, 533588, 533588]
Time without overhead: 2.722584 s

Total Time: 3.566739 s
