========== Stats ==========
iters 10
batchSize 32
numMicro 16
machine 4
log_dir _timeline/resnext
file ./_partition/partition_2_resnext_32_16_m5000.txt
model resnext
===========================
Number of Stages: 1
(0, 106)

Profiling for Stage (0, 106) with bs(1)
 ------ 1 / 11 ...
 ------ 2 / 11 ...
 ------ 3 / 11 ...
 ------ 4 / 11 ...
 ------ 5 / 11 ...
 ------ 6 / 11 ...
 ------ 7 / 11 ...
 ------ 8 / 11 ...
 ------ 9 / 11 ...
 ------ 10 / 11 ...
 ------ 11 / 11 ...
 ------ 1 / 11 ...
 ------ 2 / 11 ...
 ------ 3 / 11 ...
 ------ 4 / 11 ...
 ------ 5 / 11 ...
 ------ 6 / 11 ...
 ------ 7 / 11 ...
 ------ 8 / 11 ...
 ------ 9 / 11 ...
 ------ 10 / 11 ...
 ------ 11 / 11 ...
173870.0
176041.0
81636.0
90733.0
82671.0
85348.0
87748.0
88927.0
82059.0
84936.0
[206793]

Mean FP TimeList
[[175108, 14398, 25]]

Mean BP TimeList
[[575692, 481, 189]]

Mean DPOH TimeList
[206793]

FP TimeList
[[175108, 481]]

BP TimeList
[[575692, 189]]

Time Chart for FP
[175108]
[175108, 481]
[175108, 481]
[175108, 481]
[175108, 481]
[175108, 481]
[175108, 481]
[175108, 481]
[175108, 481]
[175108, 481]
[175108, 481]
[175108, 481]
[175108, 481]
[175108, 481]
[175108, 481]
[175108, 481]

FP for each step:  [175108, 175108, 175108, 175108, 175108, 175108, 175108, 175108, 175108, 175108, 175108, 175108, 175108, 175108, 175108, 175108]

Time Chart for BP
[481, 575692]
[575692, 189]
[575692, 189]
[575692, 189]
[575692, 189]
[575692, 189]
[575692, 189]
[575692, 189]
[575692, 189]
[575692, 189]
[575692, 189]
[575692, 189]
[575692, 189]
[575692, 189]
[575692, 189]
[575692, 189]

BP for each step:  [575692, 575692, 575692, 575692, 575692, 575692, 575692, 575692, 575692, 575692, 575692, 575692, 575692, 575692, 575692, 575692]
Time without overhead: 12.0128 s

Total Time: 12.219593 s
