========== Stats ==========
iters 10
batchSize 16
numMicro 8
machine 4
log_dir _timeline/resnet_5g
file ./_partition/partition_8_resnet_16_8.txt
model resnet
===========================
Number of Stages: 1
(0, 55)

Profiling for Stage (0, 55) with bs(1)
 ------ 1 / 11 ...
 ------ 2 / 11 ...
 ------ 3 / 11 ...
 ------ 4 / 11 ...
 ------ 5 / 11 ...
 ------ 6 / 11 ...
 ------ 7 / 11 ...
 ------ 8 / 11 ...
 ------ 9 / 11 ...
 ------ 10 / 11 ...
 ------ 11 / 11 ...
 ------ 1 / 11 ...
 ------ 2 / 11 ...
 ------ 3 / 11 ...
 ------ 4 / 11 ...
 ------ 5 / 11 ...
 ------ 6 / 11 ...
 ------ 7 / 11 ...
 ------ 8 / 11 ...
 ------ 9 / 11 ...
 ------ 10 / 11 ...
 ------ 11 / 11 ...
876114.0
983878.0
292498.0
293194.0
293492.0
292108.0
293583.0
290818.0
291957.0
293467.0
[840221]

Mean FP TimeList
[[110544, 131, 8]]

Mean BP TimeList
[[406289, 131, 12]]

Mean DPOH TimeList
[840221]

FP TimeList
[[110544, 131]]

BP TimeList
[[406289, 12]]

Time Chart for FP
[110544]
[110544, 131]
[110544, 131]
[110544, 131]
[110544, 131]
[110544, 131]
[110544, 131]
[110544, 131]

FP for each step:  [110544, 110544, 110544, 110544, 110544, 110544, 110544, 110544]

Time Chart for BP
[131, 406289]
[406289, 12]
[406289, 12]
[406289, 12]
[406289, 12]
[406289, 12]
[406289, 12]
[406289, 12]

BP for each step:  [406289, 406289, 406289, 406289, 406289, 406289, 406289, 406289]
Time without overhead: 4.134664 s

Total Time: 4.974885 s
