========== Stats ==========
iters 10
batchSize 16
numMicro 4
machine 4
log_dir _timeline/resnet_5g
file ./_partition/partition_4_resnet_16_4.txt
model resnet
===========================
Number of Stages: 1
(0, 55)

Profiling for Stage (0, 55) with bs(1)
 ------ 1 / 11 ...
 ------ 2 / 11 ...
 ------ 3 / 11 ...
 ------ 4 / 11 ...
 ------ 5 / 11 ...
 ------ 6 / 11 ...
 ------ 7 / 11 ...
 ------ 8 / 11 ...
 ------ 9 / 11 ...
 ------ 10 / 11 ...
 ------ 11 / 11 ...
 ------ 1 / 11 ...
 ------ 2 / 11 ...
 ------ 3 / 11 ...
 ------ 4 / 11 ...
 ------ 5 / 11 ...
 ------ 6 / 11 ...
 ------ 7 / 11 ...
 ------ 8 / 11 ...
 ------ 9 / 11 ...
 ------ 10 / 11 ...
 ------ 11 / 11 ...
889251.0
998073.0
293124.0
292698.0
292394.0
293520.0
292762.0
294334.0
291975.0
294172.0
[846460]

Mean FP TimeList
[[109957, 4030, 7]]

Mean BP TimeList
[[402699, 6577, 9]]

Mean DPOH TimeList
[846460]

FP TimeList
[[109957, 6577]]

BP TimeList
[[402699, 9]]

Time Chart for FP
[109957]
[109957, 6577]
[109957, 6577]
[109957, 6577]

FP for each step:  [109957, 109957, 109957, 109957]

Time Chart for BP
[6577, 402699]
[402699, 9]
[402699, 9]
[402699, 9]

BP for each step:  [402699, 402699, 402699, 402699]
Time without overhead: 2.050624 s

Total Time: 2.897084 s
