========== Stats ==========
iters 10
batchSize 16
numMicro 4
machine 4
log_dir _timeline/resnext
file ./_partition/partition_8_resnext_16_4_m5000.txt
model resnext
===========================
Number of Stages: 2
(0, 8)

Profiling for Stage (0, 8) with bs(4)
 ------ 1 / 11 ...
 ------ 2 / 11 ...
 ------ 3 / 11 ...
 ------ 4 / 11 ...
 ------ 5 / 11 ...
 ------ 6 / 11 ...
 ------ 7 / 11 ...
 ------ 8 / 11 ...
 ------ 9 / 11 ...
 ------ 10 / 11 ...
 ------ 11 / 11 ...
 ------ 1 / 11 ...
 ------ 2 / 11 ...
 ------ 3 / 11 ...
 ------ 4 / 11 ...
 ------ 5 / 11 ...
 ------ 6 / 11 ...
 ------ 7 / 11 ...
 ------ 8 / 11 ...
 ------ 9 / 11 ...
 ------ 10 / 11 ...
 ------ 11 / 11 ...
(8, 106)

Profiling for Stage (8, 106) with bs(1)
 ------ 1 / 11 ...
 ------ 2 / 11 ...
 ------ 3 / 11 ...
 ------ 4 / 11 ...
 ------ 5 / 11 ...
 ------ 6 / 11 ...
 ------ 7 / 11 ...
 ------ 8 / 11 ...
 ------ 9 / 11 ...
 ------ 10 / 11 ...
 ------ 11 / 11 ...
 ------ 1 / 11 ...
 ------ 2 / 11 ...
 ------ 3 / 11 ...
 ------ 4 / 11 ...
 ------ 5 / 11 ...
 ------ 6 / 11 ...
 ------ 7 / 11 ...
 ------ 8 / 11 ...
 ------ 9 / 11 ...
 ------ 10 / 11 ...
 ------ 11 / 11 ...
4222.0
3736.0
3675.0
3825.0
4841.0
3870.0
4248.0
6594.0
4784.0
4739.0
208386.0
251924.0
83703.0
80241.0
74748.0
77009.0
75110.0
76501.0
76467.0
74399.0
[8906, 215697]

Mean FP TimeList
[[58707, 1137, 7796], [154484, 23320, 22]]

Mean BP TimeList
[[180891, 10918, 737], [518976, 2852, 1954]]

Mean DPOH TimeList
[8906, 215697]

FP TimeList
[[58707, 171036], [154484, 2852]]

BP TimeList
[[518976, 24596], [180891, 737]]

Time Chart for FP
[58707]
[58707, 171036]
[58707, 171036, 154484]
[58707, 171036, 154484, 2852]
[154484, 2852]
[154484, 2852]

FP for each step:  [58707, 171036, 171036, 171036, 154484, 154484]

Time Chart for BP
[2852, 518976]
[518976, 24596]
[518976, 24596, 180891]
[518976, 24596, 180891, 737]
[180891, 737]
[180891, 737]

BP for each step:  [518976, 518976, 518976, 518976, 180891, 180891]
Time without overhead: 3.318469 s

Total Time: 3.534166 s
