========== Stats ==========
iters 10
batchSize 16
numMicro 16
machine 4
log_dir _timeline/resnet_5g
file ./_partition/partition_4_resnet_16_16.txt
model resnet
===========================
Number of Stages: 1
(0, 55)

Profiling for Stage (0, 55) with bs(1)
 ------ 1 / 11 ...
 ------ 2 / 11 ...
 ------ 3 / 11 ...
 ------ 4 / 11 ...
 ------ 5 / 11 ...
 ------ 6 / 11 ...
 ------ 7 / 11 ...
 ------ 8 / 11 ...
 ------ 9 / 11 ...
 ------ 10 / 11 ...
 ------ 11 / 11 ...
 ------ 1 / 11 ...
 ------ 2 / 11 ...
 ------ 3 / 11 ...
 ------ 4 / 11 ...
 ------ 5 / 11 ...
 ------ 6 / 11 ...
 ------ 7 / 11 ...
 ------ 8 / 11 ...
 ------ 9 / 11 ...
 ------ 10 / 11 ...
 ------ 11 / 11 ...
890613.0
979273.0
293095.0
292676.0
292002.0
292531.0
291160.0
292587.0
291317.0
294095.0
[841869]

Mean FP TimeList
[[116992, 147, 8]]

Mean BP TimeList
[[406922, 4809, 11]]

Mean DPOH TimeList
[841869]

FP TimeList
[[116992, 4809]]

BP TimeList
[[406922, 11]]

Time Chart for FP
[116992]
[116992, 4809]
[116992, 4809]
[116992, 4809]
[116992, 4809]
[116992, 4809]
[116992, 4809]
[116992, 4809]
[116992, 4809]
[116992, 4809]
[116992, 4809]
[116992, 4809]
[116992, 4809]
[116992, 4809]
[116992, 4809]
[116992, 4809]

FP for each step:  [116992, 116992, 116992, 116992, 116992, 116992, 116992, 116992, 116992, 116992, 116992, 116992, 116992, 116992, 116992, 116992]

Time Chart for BP
[4809, 406922]
[406922, 11]
[406922, 11]
[406922, 11]
[406922, 11]
[406922, 11]
[406922, 11]
[406922, 11]
[406922, 11]
[406922, 11]
[406922, 11]
[406922, 11]
[406922, 11]
[406922, 11]
[406922, 11]
[406922, 11]

BP for each step:  [406922, 406922, 406922, 406922, 406922, 406922, 406922, 406922, 406922, 406922, 406922, 406922, 406922, 406922, 406922, 406922]
Time without overhead: 8.382624 s

Total Time: 9.224493 s
