========== Stats ==========
iters 10
batchSize 64
numMicro 16
machine 4
log_dir _timeline/resnext
file ./_partition/partition_8_resnext_64_16_m5000.txt
model resnext
===========================
Number of Stages: 2
(0, 8)

Profiling for Stage (0, 8) with bs(4)
 ------ 1 / 11 ...
 ------ 2 / 11 ...
 ------ 3 / 11 ...
 ------ 4 / 11 ...
 ------ 5 / 11 ...
 ------ 6 / 11 ...
 ------ 7 / 11 ...
 ------ 8 / 11 ...
 ------ 9 / 11 ...
 ------ 10 / 11 ...
 ------ 11 / 11 ...
 ------ 1 / 11 ...
 ------ 2 / 11 ...
 ------ 3 / 11 ...
 ------ 4 / 11 ...
 ------ 5 / 11 ...
 ------ 6 / 11 ...
 ------ 7 / 11 ...
 ------ 8 / 11 ...
 ------ 9 / 11 ...
 ------ 10 / 11 ...
 ------ 11 / 11 ...
(8, 106)

Profiling for Stage (8, 106) with bs(1)
 ------ 1 / 11 ...
 ------ 2 / 11 ...
 ------ 3 / 11 ...
 ------ 4 / 11 ...
 ------ 5 / 11 ...
 ------ 6 / 11 ...
 ------ 7 / 11 ...
 ------ 8 / 11 ...
 ------ 9 / 11 ...
 ------ 10 / 11 ...
 ------ 11 / 11 ...
 ------ 1 / 11 ...
 ------ 2 / 11 ...
 ------ 3 / 11 ...
 ------ 4 / 11 ...
 ------ 5 / 11 ...
 ------ 6 / 11 ...
 ------ 7 / 11 ...
 ------ 8 / 11 ...
 ------ 9 / 11 ...
 ------ 10 / 11 ...
 ------ 11 / 11 ...
4480.0
4089.0
4103.0
3711.0
4486.0
3885.0
3800.0
3849.0
4820.0
3840.0
218303.0
74183.0
72252.0
72125.0
75592.0
74367.0
80805.0
261967.0
70159.0
72154.0
[8212, 214381]

Mean FP TimeList
[[58517, 1151, 7800], [159797, 15859, 23]]

Mean BP TimeList
[[191322, 1149, 736], [513385, 2712, 1959]]

Mean DPOH TimeList
[8212, 214381]

FP TimeList
[[58517, 118813], [159797, 2712]]

BP TimeList
[[513385, 14862], [191322, 736]]

Time Chart for FP
[58517]
[58517, 118813]
[58517, 118813, 159797]
[58517, 118813, 159797, 2712]
[58517, 118813, 159797, 2712]
[58517, 118813, 159797, 2712]
[58517, 118813, 159797, 2712]
[58517, 118813, 159797, 2712]
[58517, 118813, 159797, 2712]
[58517, 118813, 159797, 2712]
[58517, 118813, 159797, 2712]
[58517, 118813, 159797, 2712]
[58517, 118813, 159797, 2712]
[58517, 118813, 159797, 2712]
[58517, 118813, 159797, 2712]
[58517, 118813, 159797, 2712]
[159797, 2712]
[159797, 2712]

FP for each step:  [58517, 118813, 159797, 159797, 159797, 159797, 159797, 159797, 159797, 159797, 159797, 159797, 159797, 159797, 159797, 159797, 159797, 159797]

Time Chart for BP
[2712, 513385]
[513385, 14862]
[513385, 14862, 191322]
[513385, 14862, 191322, 736]
[513385, 14862, 191322, 736]
[513385, 14862, 191322, 736]
[513385, 14862, 191322, 736]
[513385, 14862, 191322, 736]
[513385, 14862, 191322, 736]
[513385, 14862, 191322, 736]
[513385, 14862, 191322, 736]
[513385, 14862, 191322, 736]
[513385, 14862, 191322, 736]
[513385, 14862, 191322, 736]
[513385, 14862, 191322, 736]
[513385, 14862, 191322, 736]
[191322, 736]
[191322, 736]

BP for each step:  [513385, 513385, 513385, 513385, 513385, 513385, 513385, 513385, 513385, 513385, 513385, 513385, 513385, 513385, 513385, 513385, 191322, 191322]
Time without overhead: 11.330886 s

Total Time: 11.545267 s
