========== Stats ==========
iters 10
batchSize 64
numMicro 8
machine 4
log_dir _timeline/resnet_5g
file ./_partition/partition_4_resnet_64_8.txt
model resnet
===========================
Number of Stages: 2
(0, 13)

Profiling for Stage (0, 13) with bs(8)
 ------ 1 / 11 ...
 ------ 2 / 11 ...
 ------ 3 / 11 ...
 ------ 4 / 11 ...
 ------ 5 / 11 ...
 ------ 6 / 11 ...
 ------ 7 / 11 ...
 ------ 8 / 11 ...
 ------ 9 / 11 ...
 ------ 10 / 11 ...
 ------ 11 / 11 ...
 ------ 1 / 11 ...
 ------ 2 / 11 ...
 ------ 3 / 11 ...
 ------ 4 / 11 ...
 ------ 5 / 11 ...
 ------ 6 / 11 ...
 ------ 7 / 11 ...
 ------ 8 / 11 ...
 ------ 9 / 11 ...
 ------ 10 / 11 ...
 ------ 11 / 11 ...
(13, 55)

Profiling for Stage (13, 55) with bs(2)
 ------ 1 / 11 ...
 ------ 2 / 11 ...
 ------ 3 / 11 ...
 ------ 4 / 11 ...
 ------ 5 / 11 ...
 ------ 6 / 11 ...
 ------ 7 / 11 ...
 ------ 8 / 11 ...
 ------ 9 / 11 ...
 ------ 10 / 11 ...
 ------ 11 / 11 ...
 ------ 1 / 11 ...
 ------ 2 / 11 ...
 ------ 3 / 11 ...
 ------ 4 / 11 ...
 ------ 5 / 11 ...
 ------ 6 / 11 ...
 ------ 7 / 11 ...
 ------ 8 / 11 ...
 ------ 9 / 11 ...
 ------ 10 / 11 ...
 ------ 11 / 11 ...
46209.0
62785.0
18697.0
18309.0
18724.0
18335.0
18765.0
18574.0
17916.0
18622.0
770608.0
952567.0
277134.0
276877.0
275778.0
275211.0
276278.0
275458.0
277178.0
277189.0
[51387, 786855]

Mean FP TimeList
[[94720, 225, 1914], [116202, 3601, 8]]

Mean BP TimeList
[[275431, 2766, 37], [438338, 3812, 485]]

Mean DPOH TimeList
[51387, 786855]

FP TimeList
[[94720, 12717], [116202, 3812]]

BP TimeList
[[438338, 4221], [275431, 37]]

Time Chart for FP
[94720]
[94720, 12717]
[94720, 12717, 116202]
[94720, 12717, 116202, 3812]
[94720, 12717, 116202, 3812]
[94720, 12717, 116202, 3812]
[94720, 12717, 116202, 3812]
[94720, 12717, 116202, 3812]
[116202, 3812]
[116202, 3812]

FP for each step:  [94720, 94720, 116202, 116202, 116202, 116202, 116202, 116202, 116202, 116202]

Time Chart for BP
[3812, 438338]
[438338, 4221]
[438338, 4221, 275431]
[438338, 4221, 275431, 37]
[438338, 4221, 275431, 37]
[438338, 4221, 275431, 37]
[438338, 4221, 275431, 37]
[438338, 4221, 275431, 37]
[275431, 37]
[275431, 37]

BP for each step:  [438338, 438338, 438338, 438338, 438338, 438338, 438338, 438338, 275431, 275431]
Time without overhead: 5.176622 s

Total Time: 5.963477 s
