========== Stats ==========
iters 10
batchSize 16
numMicro 8
machine 4
log_dir _timeline/resnext
file ./_partition/partition_2_resnext_16_8_m5000.txt
model resnext
===========================
Number of Stages: 1
(0, 106)

Profiling for Stage (0, 106) with bs(1)
 ------ 1 / 11 ...
 ------ 2 / 11 ...
 ------ 3 / 11 ...
 ------ 4 / 11 ...
 ------ 5 / 11 ...
 ------ 6 / 11 ...
 ------ 7 / 11 ...
 ------ 8 / 11 ...
 ------ 9 / 11 ...
 ------ 10 / 11 ...
 ------ 11 / 11 ...
 ------ 1 / 11 ...
 ------ 2 / 11 ...
 ------ 3 / 11 ...
 ------ 4 / 11 ...
 ------ 5 / 11 ...
 ------ 6 / 11 ...
 ------ 7 / 11 ...
 ------ 8 / 11 ...
 ------ 9 / 11 ...
 ------ 10 / 11 ...
 ------ 11 / 11 ...
168617.0
177904.0
83580.0
86951.0
84951.0
83307.0
90932.0
85884.0
81963.0
83142.0
[205446]

Mean FP TimeList
[[184231, 10936, 22]]

Mean BP TimeList
[[573294, 472, 191]]

Mean DPOH TimeList
[205446]

FP TimeList
[[184231, 472]]

BP TimeList
[[573294, 191]]

Time Chart for FP
[184231]
[184231, 472]
[184231, 472]
[184231, 472]
[184231, 472]
[184231, 472]
[184231, 472]
[184231, 472]

FP for each step:  [184231, 184231, 184231, 184231, 184231, 184231, 184231, 184231]

Time Chart for BP
[472, 573294]
[573294, 191]
[573294, 191]
[573294, 191]
[573294, 191]
[573294, 191]
[573294, 191]
[573294, 191]

BP for each step:  [573294, 573294, 573294, 573294, 573294, 573294, 573294, 573294]
Time without overhead: 6.0602 s

Total Time: 6.265646 s
