========== Stats ==========
iters 10
batchSize 16
numMicro 2
machine 4
log_dir _timeline/resnet_5g
file ./_partition/partition_8_resnet_16_2.txt
model resnet
===========================
Number of Stages: 2
(0, 13)

Profiling for Stage (0, 13) with bs(4)
 ------ 1 / 11 ...
 ------ 2 / 11 ...
 ------ 3 / 11 ...
 ------ 4 / 11 ...
 ------ 5 / 11 ...
 ------ 6 / 11 ...
 ------ 7 / 11 ...
 ------ 8 / 11 ...
 ------ 9 / 11 ...
 ------ 10 / 11 ...
 ------ 11 / 11 ...
 ------ 1 / 11 ...
 ------ 2 / 11 ...
 ------ 3 / 11 ...
 ------ 4 / 11 ...
 ------ 5 / 11 ...
 ------ 6 / 11 ...
 ------ 7 / 11 ...
 ------ 8 / 11 ...
 ------ 9 / 11 ...
 ------ 10 / 11 ...
 ------ 11 / 11 ...
(13, 55)

Profiling for Stage (13, 55) with bs(1)
 ------ 1 / 11 ...
 ------ 2 / 11 ...
 ------ 3 / 11 ...
 ------ 4 / 11 ...
 ------ 5 / 11 ...
 ------ 6 / 11 ...
 ------ 7 / 11 ...
 ------ 8 / 11 ...
 ------ 9 / 11 ...
 ------ 10 / 11 ...
 ------ 11 / 11 ...
 ------ 1 / 11 ...
 ------ 2 / 11 ...
 ------ 3 / 11 ...
 ------ 4 / 11 ...
 ------ 5 / 11 ...
 ------ 6 / 11 ...
 ------ 7 / 11 ...
 ------ 8 / 11 ...
 ------ 9 / 11 ...
 ------ 10 / 11 ...
 ------ 11 / 11 ...
53439.0
62495.0
18726.0
18185.0
18449.0
18110.0
18762.0
17644.0
18519.0
18288.0
774040.0
964505.0
274943.0
276495.0
275784.0
276439.0
276266.0
277200.0
277498.0
276207.0
[52523, 789875]

Mean FP TimeList
[[44383, 1627, 964], [94836, 501, 7]]

Mean BP TimeList
[[142540, 1270, 22], [355173, 468, 244]]

Mean DPOH TimeList
[52523, 789875]

FP TimeList
[[44383, 4934], [94836, 468]]

BP TimeList
[[355173, 2734, 355173, 2734], [142540, 22]]

Time Chart for FP
[44383]
[44383, 4934]
[94836]
[94836, 468]

FP for each step:  [44383, 44383, 94836, 94836]

Time Chart for BP
[468, 355173]
[355173, 2734]
[142540]
[142540, 22]

BP for each step:  [355173, 355173, 142540, 142540]
Time without overhead: 1.273864 s

Total Time: 2.116262 s
