========== Stats ==========
iters 10
batchSize 32
numMicro 8
machine 4
log_dir _timeline/resnext
file ./_partition/partition_4_resnext_32_8_m5000.txt
model resnext
===========================
Number of Stages: 2
(59, 106)

Profiling for Stage (59, 106) with bs(4)
 ------ 1 / 11 ...
 ------ 2 / 11 ...
 ------ 3 / 11 ...
 ------ 4 / 11 ...
 ------ 5 / 11 ...
 ------ 6 / 11 ...
 ------ 7 / 11 ...
 ------ 8 / 11 ...
 ------ 9 / 11 ...
 ------ 10 / 11 ...
 ------ 11 / 11 ...
 ------ 1 / 11 ...
 ------ 2 / 11 ...
 ------ 3 / 11 ...
 ------ 4 / 11 ...
 ------ 5 / 11 ...
 ------ 6 / 11 ...
 ------ 7 / 11 ...
 ------ 8 / 11 ...
 ------ 9 / 11 ...
 ------ 10 / 11 ...
 ------ 11 / 11 ...
(0, 59)

Profiling for Stage (0, 59) with bs(1)
 ------ 1 / 11 ...
 ------ 2 / 11 ...
 ------ 3 / 11 ...
 ------ 4 / 11 ...
 ------ 5 / 11 ...
 ------ 6 / 11 ...
 ------ 7 / 11 ...
 ------ 8 / 11 ...
 ------ 9 / 11 ...
 ------ 10 / 11 ...
 ------ 11 / 11 ...
 ------ 1 / 11 ...
 ------ 2 / 11 ...
 ------ 3 / 11 ...
 ------ 4 / 11 ...
 ------ 5 / 11 ...
 ------ 6 / 11 ...
 ------ 7 / 11 ...
 ------ 8 / 11 ...
 ------ 9 / 11 ...
 ------ 10 / 11 ...
 ------ 11 / 11 ...
39870.0
37484.0
36076.0
36856.0
34818.0
38523.0
36677.0
36114.0
36364.0
36151.0
119517.0
47017.0
47546.0
49011.0
47151.0
47219.0
46546.0
46142.0
49500.0
50845.0
[73786, 110098]

Mean FP TimeList
[[133192, 9215, 495], [109909, 2703, 9]]

Mean BP TimeList
[[400175, 3019, 189], [380904, 9668, 9882]]

Mean DPOH TimeList
[73786, 110098]

FP TimeList
[[133192, 4188], [109909, 9668]]

BP TimeList
[[380904, 12901, 380904, 12901, 380904, 12901], [400175, 189]]

Time Chart for FP
[133192]
[133192, 4188]
[133192, 4188, 109909]
[133192, 4188, 109909, 9668]
[133192, 4188, 109909, 9668]
[133192, 4188, 109909, 9668]
[133192, 4188, 109909, 9668]
[133192, 4188, 109909, 9668]
[109909, 9668]
[109909, 9668]

FP for each step:  [133192, 133192, 133192, 133192, 133192, 133192, 133192, 133192, 109909, 109909]

Time Chart for BP
[9668, 380904]
[380904, 12901]
[380904, 12901, 400175]
[380904, 12901, 400175, 189]
[380904, 12901, 400175, 189]
[380904, 12901, 400175, 189]
[380904, 12901, 400175, 189]
[380904, 12901, 400175, 189]
[400175, 189]
[400175, 189]

BP for each step:  [380904, 380904, 400175, 400175, 400175, 400175, 400175, 400175, 400175, 400175]
Time without overhead: 5.248562 s

Total Time: 5.322348 s
