========== Stats ==========
iters 10
batchSize 16
numMicro 4
machine 4
log_dir _timeline/resnet_5g
file ./_partition/partition_8_resnet_16_4.txt
model resnet
===========================
Number of Stages: 1
(0, 55)

Profiling for Stage (0, 55) with bs(1)
 ------ 1 / 11 ...
 ------ 2 / 11 ...
 ------ 3 / 11 ...
 ------ 4 / 11 ...
 ------ 5 / 11 ...
 ------ 6 / 11 ...
 ------ 7 / 11 ...
 ------ 8 / 11 ...
 ------ 9 / 11 ...
 ------ 10 / 11 ...
 ------ 11 / 11 ...
 ------ 1 / 11 ...
 ------ 2 / 11 ...
 ------ 3 / 11 ...
 ------ 4 / 11 ...
 ------ 5 / 11 ...
 ------ 6 / 11 ...
 ------ 7 / 11 ...
 ------ 8 / 11 ...
 ------ 9 / 11 ...
 ------ 10 / 11 ...
 ------ 11 / 11 ...
890100.0
1003686.0
293787.0
292646.0
292218.0
293013.0
292036.0
293069.0
295536.0
293138.0
[847845]

Mean FP TimeList
[[110432, 147, 8]]

Mean BP TimeList
[[407280, 141, 11]]

Mean DPOH TimeList
[847845]

FP TimeList
[[110432, 141]]

BP TimeList
[[407280, 11]]

Time Chart for FP
[110432]
[110432, 141]
[110432, 141]
[110432, 141]

FP for each step:  [110432, 110432, 110432, 110432]

Time Chart for BP
[141, 407280]
[407280, 11]
[407280, 11]
[407280, 11]

BP for each step:  [407280, 407280, 407280, 407280]
Time without overhead: 2.070848 s

Total Time: 2.918693 s
