========== Stats ==========
iters 10
batchSize 128
numMicro 16
machine 4
log_dir _timeline/resnet_5g
file ./_partition/partition_4_resnet_128_16.txt
model resnet
===========================
Number of Stages: 2
(0, 13)

Profiling for Stage (0, 13) with bs(8)
 ------ 1 / 11 ...
 ------ 2 / 11 ...
 ------ 3 / 11 ...
 ------ 4 / 11 ...
 ------ 5 / 11 ...
 ------ 6 / 11 ...
 ------ 7 / 11 ...
 ------ 8 / 11 ...
 ------ 9 / 11 ...
 ------ 10 / 11 ...
 ------ 11 / 11 ...
 ------ 1 / 11 ...
 ------ 2 / 11 ...
 ------ 3 / 11 ...
 ------ 4 / 11 ...
 ------ 5 / 11 ...
 ------ 6 / 11 ...
 ------ 7 / 11 ...
 ------ 8 / 11 ...
 ------ 9 / 11 ...
 ------ 10 / 11 ...
 ------ 11 / 11 ...
(13, 55)

Profiling for Stage (13, 55) with bs(2)
 ------ 1 / 11 ...
 ------ 2 / 11 ...
 ------ 3 / 11 ...
 ------ 4 / 11 ...
 ------ 5 / 11 ...
 ------ 6 / 11 ...
 ------ 7 / 11 ...
 ------ 8 / 11 ...
 ------ 9 / 11 ...
 ------ 10 / 11 ...
 ------ 11 / 11 ...
 ------ 1 / 11 ...
 ------ 2 / 11 ...
 ------ 3 / 11 ...
 ------ 4 / 11 ...
 ------ 5 / 11 ...
 ------ 6 / 11 ...
 ------ 7 / 11 ...
 ------ 8 / 11 ...
 ------ 9 / 11 ...
 ------ 10 / 11 ...
 ------ 11 / 11 ...
45924.0
60497.0
17009.0
18018.0
18502.0
17085.0
17579.0
18135.0
17937.0
18712.0
774113.0
975465.0
276037.0
277009.0
276941.0
276101.0
275369.0
276680.0
276351.0
276914.0
[49879, 792196]

Mean FP TimeList
[[94058, 1278, 1914], [116239, 5046, 8]]

Mean BP TimeList
[[274858, 2947, 37], [441244, 817, 483]]

Mean DPOH TimeList
[49879, 792196]

FP TimeList
[[94058, 17052], [116239, 817]]

BP TimeList
[[441244, 4396], [274858, 37]]

Time Chart for FP
[94058]
[94058, 17052]
[94058, 17052, 116239]
[94058, 17052, 116239, 817]
[94058, 17052, 116239, 817]
[94058, 17052, 116239, 817]
[94058, 17052, 116239, 817]
[94058, 17052, 116239, 817]
[94058, 17052, 116239, 817]
[94058, 17052, 116239, 817]
[94058, 17052, 116239, 817]
[94058, 17052, 116239, 817]
[94058, 17052, 116239, 817]
[94058, 17052, 116239, 817]
[94058, 17052, 116239, 817]
[94058, 17052, 116239, 817]
[116239, 817]
[116239, 817]

FP for each step:  [94058, 94058, 116239, 116239, 116239, 116239, 116239, 116239, 116239, 116239, 116239, 116239, 116239, 116239, 116239, 116239, 116239, 116239]

Time Chart for BP
[817, 441244]
[441244, 4396]
[441244, 4396, 274858]
[441244, 4396, 274858, 37]
[441244, 4396, 274858, 37]
[441244, 4396, 274858, 37]
[441244, 4396, 274858, 37]
[441244, 4396, 274858, 37]
[441244, 4396, 274858, 37]
[441244, 4396, 274858, 37]
[441244, 4396, 274858, 37]
[441244, 4396, 274858, 37]
[441244, 4396, 274858, 37]
[441244, 4396, 274858, 37]
[441244, 4396, 274858, 37]
[441244, 4396, 274858, 37]
[274858, 37]
[274858, 37]

BP for each step:  [441244, 441244, 441244, 441244, 441244, 441244, 441244, 441244, 441244, 441244, 441244, 441244, 441244, 441244, 441244, 441244, 274858, 274858]
Time without overhead: 9.65756 s

Total Time: 10.449756 s
