========== Stats ==========
iters 10
batchSize 64
numMicro 8
machine 4
log_dir _timeline/resnet_5g
file ./_partition/partition_2_resnet_64_8.txt
model resnet
===========================
Number of Stages: 2
(0, 26)

Profiling for Stage (0, 26) with bs(8)
 ------ 1 / 11 ...
 ------ 2 / 11 ...
 ------ 3 / 11 ...
 ------ 4 / 11 ...
 ------ 5 / 11 ...
 ------ 6 / 11 ...
 ------ 7 / 11 ...
 ------ 8 / 11 ...
 ------ 9 / 11 ...
 ------ 10 / 11 ...
 ------ 11 / 11 ...
 ------ 1 / 11 ...
 ------ 2 / 11 ...
 ------ 3 / 11 ...
 ------ 4 / 11 ...
 ------ 5 / 11 ...
 ------ 6 / 11 ...
 ------ 7 / 11 ...
 ------ 8 / 11 ...
 ------ 9 / 11 ...
 ------ 10 / 11 ...
 ------ 11 / 11 ...
(26, 55)

Profiling for Stage (26, 55) with bs(8)
 ------ 1 / 11 ...
 ------ 2 / 11 ...
 ------ 3 / 11 ...
 ------ 4 / 11 ...
 ------ 5 / 11 ...
 ------ 6 / 11 ...
 ------ 7 / 11 ...
 ------ 8 / 11 ...
 ------ 9 / 11 ...
 ------ 10 / 11 ...
 ------ 11 / 11 ...
 ------ 1 / 11 ...
 ------ 2 / 11 ...
 ------ 3 / 11 ...
 ------ 4 / 11 ...
 ------ 5 / 11 ...
 ------ 6 / 11 ...
 ------ 7 / 11 ...
 ------ 8 / 11 ...
 ------ 9 / 11 ...
 ------ 10 / 11 ...
 ------ 11 / 11 ...
390696.0
411470.0
97957.0
95315.0
96565.0
97246.0
98150.0
97564.0
96183.0
94971.0
199045.0
823066.0
198041.0
198628.0
199287.0
200432.0
199193.0
198649.0
198044.0
198385.0
[315223, 522554]

Mean FP TimeList
[[191653, 230, 1914], [199458, 2614, 10]]

Mean BP TimeList
[[585098, 2598, 38], [688277, 5800, 1913]]

Mean DPOH TimeList
[315223, 522554]

FP TimeList
[[191653, 4528], [199458, 5800]]

BP TimeList
[[688277, 4511], [585098, 38]]

Time Chart for FP
[191653]
[191653, 4528]
[191653, 4528, 199458]
[191653, 4528, 199458, 5800]
[191653, 4528, 199458, 5800]
[191653, 4528, 199458, 5800]
[191653, 4528, 199458, 5800]
[191653, 4528, 199458, 5800]
[199458, 5800]
[199458, 5800]

FP for each step:  [191653, 191653, 199458, 199458, 199458, 199458, 199458, 199458, 199458, 199458]

Time Chart for BP
[5800, 688277]
[688277, 4511]
[688277, 4511, 585098]
[688277, 4511, 585098, 38]
[688277, 4511, 585098, 38]
[688277, 4511, 585098, 38]
[688277, 4511, 585098, 38]
[688277, 4511, 585098, 38]
[585098, 38]
[585098, 38]

BP for each step:  [688277, 688277, 688277, 688277, 688277, 688277, 688277, 688277, 585098, 585098]
Time without overhead: 8.655382 s

Total Time: 8.655382 s
