========== Stats ==========
iters 10
batchSize 16
numMicro 16
machine 4
log_dir _timeline/resnext
file ./_partition/partition_2_resnext_16_16.txt
model resnext
===========================
Number of Stages: 1
(0, 106)

Profiling for Stage (0, 106) with bs(1)
 ------ 1 / 11 ...
 ------ 2 / 11 ...
 ------ 3 / 11 ...
 ------ 4 / 11 ...
 ------ 5 / 11 ...
 ------ 6 / 11 ...
 ------ 7 / 11 ...
 ------ 8 / 11 ...
 ------ 9 / 11 ...
 ------ 10 / 11 ...
 ------ 11 / 11 ...
 ------ 1 / 11 ...
 ------ 2 / 11 ...
 ------ 3 / 11 ...
 ------ 4 / 11 ...
 ------ 5 / 11 ...
 ------ 6 / 11 ...
 ------ 7 / 11 ...
 ------ 8 / 11 ...
 ------ 9 / 11 ...
 ------ 10 / 11 ...
 ------ 11 / 11 ...
262306.0
82728.0
81968.0
86758.0
84950.0
81341.0
92435.0
84816.0
91656.0
82396.0
[206270]

Mean FP TimeList
[[192562, 661, 20]]

Mean BP TimeList
[[566235, 21057, 189]]

Mean DPOH TimeList
[206270]

FP TimeList
[[192562, 21057]]

BP TimeList
[[566235, 189]]

Time Chart for FP
[192562]
[192562, 21057]
[192562, 21057]
[192562, 21057]
[192562, 21057]
[192562, 21057]
[192562, 21057]
[192562, 21057]
[192562, 21057]
[192562, 21057]
[192562, 21057]
[192562, 21057]
[192562, 21057]
[192562, 21057]
[192562, 21057]
[192562, 21057]

FP for each step:  [192562, 192562, 192562, 192562, 192562, 192562, 192562, 192562, 192562, 192562, 192562, 192562, 192562, 192562, 192562, 192562]

Time Chart for BP
[21057, 566235]
[566235, 189]
[566235, 189]
[566235, 189]
[566235, 189]
[566235, 189]
[566235, 189]
[566235, 189]
[566235, 189]
[566235, 189]
[566235, 189]
[566235, 189]
[566235, 189]
[566235, 189]
[566235, 189]
[566235, 189]

BP for each step:  [566235, 566235, 566235, 566235, 566235, 566235, 566235, 566235, 566235, 566235, 566235, 566235, 566235, 566235, 566235, 566235]
Time without overhead: 12.140752 s

Total Time: 12.347022 s
