========== Stats ==========
iters 10
batchSize 32
numMicro 8
machine 4
log_dir _timeline/resnet_5g
file ./_partition/partition_2_resnet_32_8.txt
model resnet
===========================
Number of Stages: 1
(0, 55)

Profiling for Stage (0, 55) with bs(2)
 ------ 1 / 11 ...
 ------ 2 / 11 ...
 ------ 3 / 11 ...
 ------ 4 / 11 ...
 ------ 5 / 11 ...
 ------ 6 / 11 ...
 ------ 7 / 11 ...
 ------ 8 / 11 ...
 ------ 9 / 11 ...
 ------ 10 / 11 ...
 ------ 11 / 11 ...
 ------ 1 / 11 ...
 ------ 2 / 11 ...
 ------ 3 / 11 ...
 ------ 4 / 11 ...
 ------ 5 / 11 ...
 ------ 6 / 11 ...
 ------ 7 / 11 ...
 ------ 8 / 11 ...
 ------ 9 / 11 ...
 ------ 10 / 11 ...
 ------ 11 / 11 ...
884915.0
999770.0
294009.0
293755.0
293092.0
294924.0
292083.0
294818.0
292349.0
293855.0
[846714]

Mean FP TimeList
[[143631, 174, 8]]

Mean BP TimeList
[[520926, 5796, 14]]

Mean DPOH TimeList
[846714]

FP TimeList
[[143631, 5796]]

BP TimeList
[[520926, 14]]

Time Chart for FP
[143631]
[143631, 5796]
[143631, 5796]
[143631, 5796]
[143631, 5796]
[143631, 5796]
[143631, 5796]
[143631, 5796]

FP for each step:  [143631, 143631, 143631, 143631, 143631, 143631, 143631, 143631]

Time Chart for BP
[5796, 520926]
[520926, 14]
[520926, 14]
[520926, 14]
[520926, 14]
[520926, 14]
[520926, 14]
[520926, 14]

BP for each step:  [520926, 520926, 520926, 520926, 520926, 520926, 520926, 520926]
Time without overhead: 5.316456 s

Total Time: 6.16317 s
