========== Stats ==========
iters 10
batchSize 64
numMicro 16
machine 4
log_dir _timeline/resnet_5g
file ./_partition/partition_4_resnet_64_16.txt
model resnet
===========================
Number of Stages: 1
(0, 55)

Profiling for Stage (0, 55) with bs(1)
 ------ 1 / 11 ...
 ------ 2 / 11 ...
 ------ 3 / 11 ...
 ------ 4 / 11 ...
 ------ 5 / 11 ...
 ------ 6 / 11 ...
 ------ 7 / 11 ...
 ------ 8 / 11 ...
 ------ 9 / 11 ...
 ------ 10 / 11 ...
 ------ 11 / 11 ...
 ------ 1 / 11 ...
 ------ 2 / 11 ...
 ------ 3 / 11 ...
 ------ 4 / 11 ...
 ------ 5 / 11 ...
 ------ 6 / 11 ...
 ------ 7 / 11 ...
 ------ 8 / 11 ...
 ------ 9 / 11 ...
 ------ 10 / 11 ...
 ------ 11 / 11 ...
878953.0
993947.0
292479.0
291448.0
293556.0
292949.0
291572.0
292726.0
292265.0
292687.0
[842516]

Mean FP TimeList
[[110092, 4406, 7]]

Mean BP TimeList
[[407334, 115, 10]]

Mean DPOH TimeList
[842516]

FP TimeList
[[110092, 115]]

BP TimeList
[[407334, 10]]

Time Chart for FP
[110092]
[110092, 115]
[110092, 115]
[110092, 115]
[110092, 115]
[110092, 115]
[110092, 115]
[110092, 115]
[110092, 115]
[110092, 115]
[110092, 115]
[110092, 115]
[110092, 115]
[110092, 115]
[110092, 115]
[110092, 115]

FP for each step:  [110092, 110092, 110092, 110092, 110092, 110092, 110092, 110092, 110092, 110092, 110092, 110092, 110092, 110092, 110092, 110092]

Time Chart for BP
[115, 407334]
[407334, 10]
[407334, 10]
[407334, 10]
[407334, 10]
[407334, 10]
[407334, 10]
[407334, 10]
[407334, 10]
[407334, 10]
[407334, 10]
[407334, 10]
[407334, 10]
[407334, 10]
[407334, 10]
[407334, 10]

BP for each step:  [407334, 407334, 407334, 407334, 407334, 407334, 407334, 407334, 407334, 407334, 407334, 407334, 407334, 407334, 407334, 407334]
Time without overhead: 8.278816 s

Total Time: 9.121332 s
