========== Stats ==========
iters 10
batchSize 64
numMicro 4
machine 4
log_dir _timeline/resnet_5g
file ./_partition/partition_2_resnet_64_4.txt
model resnet
===========================
Number of Stages: 2
(0, 26)

Profiling for Stage (0, 26) with bs(16)
 ------ 1 / 11 ...
 ------ 2 / 11 ...
 ------ 3 / 11 ...
 ------ 4 / 11 ...
 ------ 5 / 11 ...
 ------ 6 / 11 ...
 ------ 7 / 11 ...
 ------ 8 / 11 ...
 ------ 9 / 11 ...
 ------ 10 / 11 ...
 ------ 11 / 11 ...
 ------ 1 / 11 ...
 ------ 2 / 11 ...
 ------ 3 / 11 ...
 ------ 4 / 11 ...
 ------ 5 / 11 ...
 ------ 6 / 11 ...
 ------ 7 / 11 ...
 ------ 8 / 11 ...
 ------ 9 / 11 ...
 ------ 10 / 11 ...
 ------ 11 / 11 ...
(26, 55)

Profiling for Stage (26, 55) with bs(16)
 ------ 1 / 11 ...
 ------ 2 / 11 ...
 ------ 3 / 11 ...
 ------ 4 / 11 ...
 ------ 5 / 11 ...
 ------ 6 / 11 ...
 ------ 7 / 11 ...
 ------ 8 / 11 ...
 ------ 9 / 11 ...
 ------ 10 / 11 ...
 ------ 11 / 11 ...
 ------ 1 / 11 ...
 ------ 2 / 11 ...
 ------ 3 / 11 ...
 ------ 4 / 11 ...
 ------ 5 / 11 ...
 ------ 6 / 11 ...
 ------ 7 / 11 ...
 ------ 8 / 11 ...
 ------ 9 / 11 ...
 ------ 10 / 11 ...
 ------ 11 / 11 ...
376171.0
409335.0
96323.0
95474.0
96963.0
96328.0
96098.0
96969.0
96771.0
97780.0
198928.0
808070.0
198075.0
199023.0
197464.0
199148.0
198537.0
198039.0
198770.0
197834.0
[311642, 518777]

Mean FP TimeList
[[331997, 254, 3822], [333192, 4975, 14]]

Mean BP TimeList
[[1032418, 5152, 70], [1149176, 4972, 3820]]

Mean DPOH TimeList
[311642, 518777]

FP TimeList
[[331997, 8797], [333192, 4972]]

BP TimeList
[[1149176, 8972], [1032418, 70]]

Time Chart for FP
[331997]
[331997, 8797]
[331997, 8797, 333192]
[331997, 8797, 333192, 4972]
[333192, 4972]
[333192, 4972]

FP for each step:  [331997, 331997, 333192, 333192, 333192, 333192]

Time Chart for BP
[4972, 1149176]
[1149176, 8972]
[1149176, 8972, 1032418]
[1149176, 8972, 1032418, 70]
[1032418, 70]
[1032418, 70]

BP for each step:  [1149176, 1149176, 1149176, 1149176, 1032418, 1032418]
Time without overhead: 8.658302 s

Total Time: 8.658302 s
