========== Stats ==========
iters 10
batchSize 16
numMicro 8
machine 4
log_dir _timeline/resnext
file ./_partition/partition_4_resnext_16_8.txt
model resnext
===========================
Number of Stages: 2
(60, 106)

Profiling for Stage (60, 106) with bs(2)
 ------ 1 / 11 ...
 ------ 2 / 11 ...
 ------ 3 / 11 ...
 ------ 4 / 11 ...
 ------ 5 / 11 ...
 ------ 6 / 11 ...
 ------ 7 / 11 ...
 ------ 8 / 11 ...
 ------ 9 / 11 ...
 ------ 10 / 11 ...
 ------ 11 / 11 ...
 ------ 1 / 11 ...
 ------ 2 / 11 ...
 ------ 3 / 11 ...
 ------ 4 / 11 ...
 ------ 5 / 11 ...
 ------ 6 / 11 ...
 ------ 7 / 11 ...
 ------ 8 / 11 ...
 ------ 9 / 11 ...
 ------ 10 / 11 ...
 ------ 11 / 11 ...
(0, 60)

Profiling for Stage (0, 60) with bs(1)
 ------ 1 / 11 ...
 ------ 2 / 11 ...
 ------ 3 / 11 ...
 ------ 4 / 11 ...
 ------ 5 / 11 ...
 ------ 6 / 11 ...
 ------ 7 / 11 ...
 ------ 8 / 11 ...
 ------ 9 / 11 ...
 ------ 10 / 11 ...
 ------ 11 / 11 ...
 ------ 1 / 11 ...
 ------ 2 / 11 ...
 ------ 3 / 11 ...
 ------ 4 / 11 ...
 ------ 5 / 11 ...
 ------ 6 / 11 ...
 ------ 7 / 11 ...
 ------ 8 / 11 ...
 ------ 9 / 11 ...
 ------ 10 / 11 ...
 ------ 11 / 11 ...
41479.0
36658.0
35935.0
42454.0
40469.0
37279.0
42789.0
36003.0
40896.0
38314.0
126094.0
138556.0
47444.0
48002.0
46572.0
47355.0
46403.0
45047.0
45498.0
47159.0
[78455, 127626]

Mean FP TimeList
[[133440, 474, 494], [70552, 1468, 7]]

Mean BP TimeList
[[402211, 1164, 190], [248886, 1461, 984]]

Mean DPOH TimeList
[78455, 127626]

FP TimeList
[[133440, 2950], [70552, 1461]]

BP TimeList
[[248886, 2148, 248886, 2148, 248886, 2148], [402211, 190]]

Time Chart for FP
[133440]
[133440, 2950]
[133440, 2950, 70552]
[133440, 2950, 70552, 1461]
[133440, 2950, 70552, 1461]
[133440, 2950, 70552, 1461]
[133440, 2950, 70552, 1461]
[133440, 2950, 70552, 1461]
[70552, 1461]
[70552, 1461]

FP for each step:  [133440, 133440, 133440, 133440, 133440, 133440, 133440, 133440, 70552, 70552]

Time Chart for BP
[1461, 248886]
[248886, 2148]
[248886, 2148, 402211]
[248886, 2148, 402211, 190]
[248886, 2148, 402211, 190]
[248886, 2148, 402211, 190]
[248886, 2148, 402211, 190]
[248886, 2148, 402211, 190]
[402211, 190]
[402211, 190]

BP for each step:  [248886, 248886, 402211, 402211, 402211, 402211, 402211, 402211, 402211, 402211]
Time without overhead: 4.924084 s

Total Time: 5.002539 s
