========== Stats ==========
iters 10
batchSize 128
numMicro 16
machine 4
log_dir _timeline/resnet_5g
file ./_partition/partition_8_resnet_128_16.txt
model resnet
===========================
Number of Stages: 2
(39, 55)

Profiling for Stage (39, 55) with bs(4)
 ------ 1 / 11 ...
 ------ 2 / 11 ...
 ------ 3 / 11 ...
 ------ 4 / 11 ...
 ------ 5 / 11 ...
 ------ 6 / 11 ...
 ------ 7 / 11 ...
 ------ 8 / 11 ...
 ------ 9 / 11 ...
 ------ 10 / 11 ...
 ------ 11 / 11 ...
 ------ 1 / 11 ...
 ------ 2 / 11 ...
 ------ 3 / 11 ...
 ------ 4 / 11 ...
 ------ 5 / 11 ...
 ------ 6 / 11 ...
 ------ 7 / 11 ...
 ------ 8 / 11 ...
 ------ 9 / 11 ...
 ------ 10 / 11 ...
 ------ 11 / 11 ...
(0, 39)

Profiling for Stage (0, 39) with bs(1)
 ------ 1 / 11 ...
 ------ 2 / 11 ...
 ------ 3 / 11 ...
 ------ 4 / 11 ...
 ------ 5 / 11 ...
 ------ 6 / 11 ...
 ------ 7 / 11 ...
 ------ 8 / 11 ...
 ------ 9 / 11 ...
 ------ 10 / 11 ...
 ------ 11 / 11 ...
 ------ 1 / 11 ...
 ------ 2 / 11 ...
 ------ 3 / 11 ...
 ------ 4 / 11 ...
 ------ 5 / 11 ...
 ------ 6 / 11 ...
 ------ 7 / 11 ...
 ------ 8 / 11 ...
 ------ 9 / 11 ...
 ------ 10 / 11 ...
 ------ 11 / 11 ...
173811.0
770232.0
173919.0
174304.0
174501.0
174843.0
175188.0
173408.0
174845.0
173442.0
411795.0
460710.0
119665.0
121376.0
121074.0
119571.0
120307.0
120784.0
119825.0
121182.0
[467698, 367257]

Mean FP TimeList
[[76099, 3374, 247], [63698, 2852, 7]]

Mean BP TimeList
[[253181, 658, 11], [238446, 1395, 960]]

Mean DPOH TimeList
[467698, 367257]

FP TimeList
[[76099, 7186], [63698, 1395]]

BP TimeList
[[238446, 2578, 238446, 2578, 238446, 2578, 238446, 2578, 238446, 2578, 238446, 2578], [253181, 11]]

Time Chart for FP
[76099]
[76099, 7186]
[76099, 7186, 63698]
[76099, 7186, 63698, 1395]
[76099, 7186, 63698, 1395]
[76099, 7186, 63698, 1395]
[76099, 7186, 63698, 1395]
[76099, 7186, 63698, 1395]
[76099, 7186, 63698, 1395]
[76099, 7186, 63698, 1395]
[76099, 7186, 63698, 1395]
[76099, 7186, 63698, 1395]
[76099, 7186, 63698, 1395]
[76099, 7186, 63698, 1395]
[76099, 7186, 63698, 1395]
[76099, 7186, 63698, 1395]
[63698, 1395]
[63698, 1395]

FP for each step:  [76099, 76099, 76099, 76099, 76099, 76099, 76099, 76099, 76099, 76099, 76099, 76099, 76099, 76099, 76099, 76099, 63698, 63698]

Time Chart for BP
[1395, 238446]
[238446, 2578]
[238446, 2578, 253181]
[238446, 2578, 253181, 11]
[238446, 2578, 253181, 11]
[238446, 2578, 253181, 11]
[238446, 2578, 253181, 11]
[238446, 2578, 253181, 11]
[238446, 2578, 253181, 11]
[238446, 2578, 253181, 11]
[238446, 2578, 253181, 11]
[238446, 2578, 253181, 11]
[238446, 2578, 253181, 11]
[238446, 2578, 253181, 11]
[238446, 2578, 253181, 11]
[238446, 2578, 253181, 11]
[253181, 11]
[253181, 11]

BP for each step:  [238446, 238446, 253181, 253181, 253181, 253181, 253181, 253181, 253181, 253181, 253181, 253181, 253181, 253181, 253181, 253181, 253181, 253181]
Time without overhead: 5.872768 s

Total Time: 6.707723 s
