========== Stats ==========
iters 10
batchSize 16
numMicro 8
machine 4
log_dir _timeline/resnext
file ./_partition/partition_4_resnext_16_8_m5000.txt
model resnext
===========================
Number of Stages: 1
(0, 106)

Profiling for Stage (0, 106) with bs(1)
 ------ 1 / 11 ...
 ------ 2 / 11 ...
 ------ 3 / 11 ...
 ------ 4 / 11 ...
 ------ 5 / 11 ...
 ------ 6 / 11 ...
 ------ 7 / 11 ...
 ------ 8 / 11 ...
 ------ 9 / 11 ...
 ------ 10 / 11 ...
 ------ 11 / 11 ...
 ------ 1 / 11 ...
 ------ 2 / 11 ...
 ------ 3 / 11 ...
 ------ 4 / 11 ...
 ------ 5 / 11 ...
 ------ 6 / 11 ...
 ------ 7 / 11 ...
 ------ 8 / 11 ...
 ------ 9 / 11 ...
 ------ 10 / 11 ...
 ------ 11 / 11 ...
163182.0
178547.0
78359.0
83192.0
281421.0
82694.0
82754.0
83164.0
82716.0
84956.0
[240197]

Mean FP TimeList
[[181699, 14144, 22]]

Mean BP TimeList
[[573767, 454, 192]]

Mean DPOH TimeList
[240197]

FP TimeList
[[181699, 454]]

BP TimeList
[[573767, 192]]

Time Chart for FP
[181699]
[181699, 454]
[181699, 454]
[181699, 454]
[181699, 454]
[181699, 454]
[181699, 454]
[181699, 454]

FP for each step:  [181699, 181699, 181699, 181699, 181699, 181699, 181699, 181699]

Time Chart for BP
[454, 573767]
[573767, 192]
[573767, 192]
[573767, 192]
[573767, 192]
[573767, 192]
[573767, 192]
[573767, 192]

BP for each step:  [573767, 573767, 573767, 573767, 573767, 573767, 573767, 573767]
Time without overhead: 6.043728 s

Total Time: 6.283925 s
