========== Stats ==========
iters 10
batchSize 16
numMicro 16
machine 4
log_dir _timeline/resnext
file ./_partition/partition_2_resnext_16_16_m5000.txt
model resnext
===========================
Number of Stages: 1
(0, 106)

Profiling for Stage (0, 106) with bs(1)
 ------ 1 / 11 ...
 ------ 2 / 11 ...
 ------ 3 / 11 ...
 ------ 4 / 11 ...
 ------ 5 / 11 ...
 ------ 6 / 11 ...
 ------ 7 / 11 ...
 ------ 8 / 11 ...
 ------ 9 / 11 ...
 ------ 10 / 11 ...
 ------ 11 / 11 ...
 ------ 1 / 11 ...
 ------ 2 / 11 ...
 ------ 3 / 11 ...
 ------ 4 / 11 ...
 ------ 5 / 11 ...
 ------ 6 / 11 ...
 ------ 7 / 11 ...
 ------ 8 / 11 ...
 ------ 9 / 11 ...
 ------ 10 / 11 ...
 ------ 11 / 11 ...
168818.0
174498.0
83494.0
84167.0
87806.0
87020.0
89869.0
87155.0
84507.0
81852.0
[205837]

Mean FP TimeList
[[195745, 471, 23]]

Mean BP TimeList
[[586181, 471, 189]]

Mean DPOH TimeList
[205837]

FP TimeList
[[195745, 471]]

BP TimeList
[[586181, 189]]

Time Chart for FP
[195745]
[195745, 471]
[195745, 471]
[195745, 471]
[195745, 471]
[195745, 471]
[195745, 471]
[195745, 471]
[195745, 471]
[195745, 471]
[195745, 471]
[195745, 471]
[195745, 471]
[195745, 471]
[195745, 471]
[195745, 471]

FP for each step:  [195745, 195745, 195745, 195745, 195745, 195745, 195745, 195745, 195745, 195745, 195745, 195745, 195745, 195745, 195745, 195745]

Time Chart for BP
[471, 586181]
[586181, 189]
[586181, 189]
[586181, 189]
[586181, 189]
[586181, 189]
[586181, 189]
[586181, 189]
[586181, 189]
[586181, 189]
[586181, 189]
[586181, 189]
[586181, 189]
[586181, 189]
[586181, 189]
[586181, 189]

BP for each step:  [586181, 586181, 586181, 586181, 586181, 586181, 586181, 586181, 586181, 586181, 586181, 586181, 586181, 586181, 586181, 586181]
Time without overhead: 12.510816 s

Total Time: 12.716653 s
