========== Stats ==========
iters 10
batchSize 32
numMicro 16
machine 4
log_dir _timeline/resnext
file ./_partition/partition_2_resnext_32_16.txt
model resnext
===========================
Number of Stages: 2
(0, 31)

Profiling for Stage (0, 31) with bs(2)
 ------ 1 / 11 ...
 ------ 2 / 11 ...
 ------ 3 / 11 ...
 ------ 4 / 11 ...
 ------ 5 / 11 ...
 ------ 6 / 11 ...
 ------ 7 / 11 ...
 ------ 8 / 11 ...
 ------ 9 / 11 ...
 ------ 10 / 11 ...
 ------ 11 / 11 ...
 ------ 1 / 11 ...
 ------ 2 / 11 ...
 ------ 3 / 11 ...
 ------ 4 / 11 ...
 ------ 5 / 11 ...
 ------ 6 / 11 ...
 ------ 7 / 11 ...
 ------ 8 / 11 ...
 ------ 9 / 11 ...
 ------ 10 / 11 ...
 ------ 11 / 11 ...
(31, 106)

Profiling for Stage (31, 106) with bs(2)
 ------ 1 / 11 ...
 ------ 2 / 11 ...
 ------ 3 / 11 ...
 ------ 4 / 11 ...
 ------ 5 / 11 ...
 ------ 6 / 11 ...
 ------ 7 / 11 ...
 ------ 8 / 11 ...
 ------ 9 / 11 ...
 ------ 10 / 11 ...
 ------ 11 / 11 ...
 ------ 1 / 11 ...
 ------ 2 / 11 ...
 ------ 3 / 11 ...
 ------ 4 / 11 ...
 ------ 5 / 11 ...
 ------ 6 / 11 ...
 ------ 7 / 11 ...
 ------ 8 / 11 ...
 ------ 9 / 11 ...
 ------ 10 / 11 ...
 ------ 11 / 11 ...
19382.0
19297.0
19243.0
17948.0
20306.0
17877.0
20272.0
20875.0
19612.0
18543.0
229362.0
63019.0
66816.0
68918.0
251711.0
60966.0
70142.0
61397.0
61433.0
62773.0
[38671, 199307]

Mean FP TimeList
[[133611, 686, 1968], [144528, 2745, 7]]

Mean BP TimeList
[[396707, 3329, 373], [445682, 2783, 1960]]

Mean DPOH TimeList
[38671, 199307]

FP TimeList
[[133611, 4713], [144528, 2783]]

BP TimeList
[[445682, 5289], [396707, 373]]

Time Chart for FP
[133611]
[133611, 4713]
[133611, 4713, 144528]
[133611, 4713, 144528, 2783]
[133611, 4713, 144528, 2783]
[133611, 4713, 144528, 2783]
[133611, 4713, 144528, 2783]
[133611, 4713, 144528, 2783]
[133611, 4713, 144528, 2783]
[133611, 4713, 144528, 2783]
[133611, 4713, 144528, 2783]
[133611, 4713, 144528, 2783]
[133611, 4713, 144528, 2783]
[133611, 4713, 144528, 2783]
[133611, 4713, 144528, 2783]
[133611, 4713, 144528, 2783]
[144528, 2783]
[144528, 2783]

FP for each step:  [133611, 133611, 144528, 144528, 144528, 144528, 144528, 144528, 144528, 144528, 144528, 144528, 144528, 144528, 144528, 144528, 144528, 144528]

Time Chart for BP
[2783, 445682]
[445682, 5289]
[445682, 5289, 396707]
[445682, 5289, 396707, 373]
[445682, 5289, 396707, 373]
[445682, 5289, 396707, 373]
[445682, 5289, 396707, 373]
[445682, 5289, 396707, 373]
[445682, 5289, 396707, 373]
[445682, 5289, 396707, 373]
[445682, 5289, 396707, 373]
[445682, 5289, 396707, 373]
[445682, 5289, 396707, 373]
[445682, 5289, 396707, 373]
[445682, 5289, 396707, 373]
[445682, 5289, 396707, 373]
[396707, 373]
[396707, 373]

BP for each step:  [445682, 445682, 445682, 445682, 445682, 445682, 445682, 445682, 445682, 445682, 445682, 445682, 445682, 445682, 445682, 445682, 396707, 396707]
Time without overhead: 10.503996 s

Total Time: 10.503996 s
