========== Stats ==========
iters 10
batchSize 64
numMicro 16
machine 4
log_dir _timeline/resnext
file ./_partition/partition_8_resnext_64_16.txt
model resnext
===========================
Number of Stages: 5
(0, 8)

Profiling for Stage (0, 8) with bs(4)
 ------ 1 / 11 ...
 ------ 2 / 11 ...
 ------ 3 / 11 ...
 ------ 4 / 11 ...
 ------ 5 / 11 ...
 ------ 6 / 11 ...
 ------ 7 / 11 ...
 ------ 8 / 11 ...
 ------ 9 / 11 ...
 ------ 10 / 11 ...
 ------ 11 / 11 ...
 ------ 1 / 11 ...
 ------ 2 / 11 ...
 ------ 3 / 11 ...
 ------ 4 / 11 ...
 ------ 5 / 11 ...
 ------ 6 / 11 ...
 ------ 7 / 11 ...
 ------ 8 / 11 ...
 ------ 9 / 11 ...
 ------ 10 / 11 ...
 ------ 11 / 11 ...
(59, 78)

Profiling for Stage (59, 78) with bs(4)
 ------ 1 / 11 ...
 ------ 2 / 11 ...
 ------ 3 / 11 ...
 ------ 4 / 11 ...
 ------ 5 / 11 ...
 ------ 6 / 11 ...
 ------ 7 / 11 ...
 ------ 8 / 11 ...
 ------ 9 / 11 ...
 ------ 10 / 11 ...
 ------ 11 / 11 ...
 ------ 1 / 11 ...
 ------ 2 / 11 ...
 ------ 3 / 11 ...
 ------ 4 / 11 ...
 ------ 5 / 11 ...
 ------ 6 / 11 ...
 ------ 7 / 11 ...
 ------ 8 / 11 ...
 ------ 9 / 11 ...
 ------ 10 / 11 ...
 ------ 11 / 11 ...
(78, 106)

Profiling for Stage (78, 106) with bs(4)
 ------ 1 / 11 ...
 ------ 2 / 11 ...
 ------ 3 / 11 ...
 ------ 4 / 11 ...
 ------ 5 / 11 ...
 ------ 6 / 11 ...
 ------ 7 / 11 ...
 ------ 8 / 11 ...
 ------ 9 / 11 ...
 ------ 10 / 11 ...
 ------ 11 / 11 ...
 ------ 1 / 11 ...
 ------ 2 / 11 ...
 ------ 3 / 11 ...
 ------ 4 / 11 ...
 ------ 5 / 11 ...
 ------ 6 / 11 ...
 ------ 7 / 11 ...
 ------ 8 / 11 ...
 ------ 9 / 11 ...
 ------ 10 / 11 ...
 ------ 11 / 11 ...
(32, 59)

Profiling for Stage (32, 59) with bs(2)
 ------ 1 / 11 ...
 ------ 2 / 11 ...
 ------ 3 / 11 ...
 ------ 4 / 11 ...
 ------ 5 / 11 ...
 ------ 6 / 11 ...
 ------ 7 / 11 ...
 ------ 8 / 11 ...
 ------ 9 / 11 ...
 ------ 10 / 11 ...
 ------ 11 / 11 ...
 ------ 1 / 11 ...
 ------ 2 / 11 ...
 ------ 3 / 11 ...
 ------ 4 / 11 ...
 ------ 5 / 11 ...
 ------ 6 / 11 ...
 ------ 7 / 11 ...
 ------ 8 / 11 ...
 ------ 9 / 11 ...
 ------ 10 / 11 ...
 ------ 11 / 11 ...
(8, 32)

Profiling for Stage (8, 32) with bs(1)
 ------ 1 / 11 ...
 ------ 2 / 11 ...
 ------ 3 / 11 ...
 ------ 4 / 11 ...
 ------ 5 / 11 ...
 ------ 6 / 11 ...
 ------ 7 / 11 ...
 ------ 8 / 11 ...
 ------ 9 / 11 ...
 ------ 10 / 11 ...
 ------ 11 / 11 ...
 ------ 1 / 11 ...
 ------ 2 / 11 ...
 ------ 3 / 11 ...
 ------ 4 / 11 ...
 ------ 5 / 11 ...
 ------ 6 / 11 ...
 ------ 7 / 11 ...
 ------ 8 / 11 ...
 ------ 9 / 11 ...
 ------ 10 / 11 ...
 ------ 11 / 11 ...
5343.0
4121.0
4017.0
4114.0
4701.0
4954.0
4143.0
4235.0
4140.0
3724.0
17693.0
15404.0
17080.0
15762.0
18502.0
18425.0
16090.0
18515.0
17214.0
17822.0
22516.0
24157.0
17613.0
19147.0
18898.0
18705.0
18151.0
18721.0
19336.0
20956.0
13411.0
14561.0
17504.0
14849.0
13527.0
16974.0
13050.0
14132.0
14511.0
13073.0
77971.0
130402.0
39315.0
41705.0
37516.0
40444.0
39963.0
38579.0
40945.0
38117.0
[8698, 34501, 39640, 29118, 104991]

Mean FP TimeList
[[57561, 1947, 7811], [71576, 6895, 983], [69474, 6476, 981], [59624, 2689, 1960], [60174, 5937, 8]]

Mean BP TimeList
[[180546, 10831, 738], [188980, 3897, 1953], [199011, 7581, 1961], [175338, 5965, 1962], [194121, 4506, 1976]]

Mean DPOH TimeList
[8698, 34501, 39640, 29118, 104991]

FP TimeList
[[57561, 28496], [71576, 15901], [69474, 4651], [59624, 7897], [60174, 4506]]

BP TimeList
[[194121, 7941], [175338, 9543, 175338, 9543], [199011, 7819, 199011, 7819, 199011, 7819], [188980, 16690], [180546, 738]]

Time Chart for FP
[57561]
[57561, 28496]
[57561, 28496, 71576]
[57561, 28496, 71576, 15901]
[57561, 28496, 71576, 15901, 69474]
[57561, 28496, 71576, 15901, 69474, 4651]
[57561, 28496, 71576, 15901, 69474, 4651, 59624]
[57561, 28496, 71576, 15901, 69474, 4651, 59624, 7897]
[57561, 28496, 71576, 15901, 69474, 4651, 59624, 7897, 60174]
[57561, 28496, 71576, 15901, 69474, 4651, 59624, 7897, 60174, 4506]
[57561, 28496, 71576, 15901, 69474, 4651, 59624, 7897, 60174, 4506]
[57561, 28496, 71576, 15901, 69474, 4651, 59624, 7897, 60174, 4506]
[57561, 28496, 71576, 15901, 69474, 4651, 59624, 7897, 60174, 4506]
[57561, 28496, 71576, 15901, 69474, 4651, 59624, 7897, 60174, 4506]
[57561, 28496, 71576, 15901, 69474, 4651, 59624, 7897, 60174, 4506]
[57561, 28496, 71576, 15901, 69474, 4651, 59624, 7897, 60174, 4506]
[71576, 15901, 69474, 4651, 59624, 7897, 60174, 4506]
[71576, 15901, 69474, 4651, 59624, 7897, 60174, 4506]
[69474, 4651, 59624, 7897, 60174, 4506]
[69474, 4651, 59624, 7897, 60174, 4506]
[59624, 7897, 60174, 4506]
[59624, 7897, 60174, 4506]
[60174, 4506]
[60174, 4506]

FP for each step:  [57561, 57561, 71576, 71576, 71576, 71576, 71576, 71576, 71576, 71576, 71576, 71576, 71576, 71576, 71576, 71576, 71576, 71576, 69474, 69474, 60174, 60174, 60174, 60174]

Time Chart for BP
[4506, 194121]
[194121, 7941]
[194121, 7941, 175338]
[194121, 7941, 175338, 9543]
[194121, 7941, 175338, 9543, 199011]
[194121, 7941, 175338, 9543, 199011, 7819]
[194121, 7941, 175338, 9543, 199011, 7819, 188980]
[194121, 7941, 175338, 9543, 199011, 7819, 188980, 16690]
[194121, 7941, 175338, 9543, 199011, 7819, 188980, 16690, 180546]
[194121, 7941, 175338, 9543, 199011, 7819, 188980, 16690, 180546, 738]
[194121, 7941, 175338, 9543, 199011, 7819, 188980, 16690, 180546, 738]
[194121, 7941, 175338, 9543, 199011, 7819, 188980, 16690, 180546, 738]
[194121, 7941, 175338, 9543, 199011, 7819, 188980, 16690, 180546, 738]
[194121, 7941, 175338, 9543, 199011, 7819, 188980, 16690, 180546, 738]
[194121, 7941, 175338, 9543, 199011, 7819, 188980, 16690, 180546, 738]
[194121, 7941, 175338, 9543, 199011, 7819, 188980, 16690, 180546, 738]
[175338, 9543, 199011, 7819, 188980, 16690, 180546, 738]
[175338, 9543, 199011, 7819, 188980, 16690, 180546, 738]
[199011, 7819, 188980, 16690, 180546, 738]
[199011, 7819, 188980, 16690, 180546, 738]
[188980, 16690, 180546, 738]
[188980, 16690, 180546, 738]
[180546, 738]
[180546, 738]

BP for each step:  [194121, 194121, 194121, 194121, 199011, 199011, 199011, 199011, 199011, 199011, 199011, 199011, 199011, 199011, 199011, 199011, 199011, 199011, 199011, 199011, 188980, 188980, 180546, 180546]
Time without overhead: 6.339694 s

Total Time: 6.413835 s
