========== Stats ==========
iters 10
batchSize 64
numMicro 2
machine 4
log_dir _timeline/resnet_5g
file ./_partition/partition_8_resnet_64_2.txt
model resnet
===========================
Number of Stages: 4
(0, 12)

Profiling for Stage (0, 12) with bs(16)
 ------ 1 / 11 ...
 ------ 2 / 11 ...
 ------ 3 / 11 ...
 ------ 4 / 11 ...
 ------ 5 / 11 ...
 ------ 6 / 11 ...
 ------ 7 / 11 ...
 ------ 8 / 11 ...
 ------ 9 / 11 ...
 ------ 10 / 11 ...
 ------ 11 / 11 ...
 ------ 1 / 11 ...
 ------ 2 / 11 ...
 ------ 3 / 11 ...
 ------ 4 / 11 ...
 ------ 5 / 11 ...
 ------ 6 / 11 ...
 ------ 7 / 11 ...
 ------ 8 / 11 ...
 ------ 9 / 11 ...
 ------ 10 / 11 ...
 ------ 11 / 11 ...
(12, 25)

Profiling for Stage (12, 25) with bs(16)
 ------ 1 / 11 ...
 ------ 2 / 11 ...
 ------ 3 / 11 ...
 ------ 4 / 11 ...
 ------ 5 / 11 ...
 ------ 6 / 11 ...
 ------ 7 / 11 ...
 ------ 8 / 11 ...
 ------ 9 / 11 ...
 ------ 10 / 11 ...
 ------ 11 / 11 ...
 ------ 1 / 11 ...
 ------ 2 / 11 ...
 ------ 3 / 11 ...
 ------ 4 / 11 ...
 ------ 5 / 11 ...
 ------ 6 / 11 ...
 ------ 7 / 11 ...
 ------ 8 / 11 ...
 ------ 9 / 11 ...
 ------ 10 / 11 ...
 ------ 11 / 11 ...
(25, 38)

Profiling for Stage (25, 38) with bs(16)
 ------ 1 / 11 ...
 ------ 2 / 11 ...
 ------ 3 / 11 ...
 ------ 4 / 11 ...
 ------ 5 / 11 ...
 ------ 6 / 11 ...
 ------ 7 / 11 ...
 ------ 8 / 11 ...
 ------ 9 / 11 ...
 ------ 10 / 11 ...
 ------ 11 / 11 ...
 ------ 1 / 11 ...
 ------ 2 / 11 ...
 ------ 3 / 11 ...
 ------ 4 / 11 ...
 ------ 5 / 11 ...
 ------ 6 / 11 ...
 ------ 7 / 11 ...
 ------ 8 / 11 ...
 ------ 9 / 11 ...
 ------ 10 / 11 ...
 ------ 11 / 11 ...
(38, 55)

Profiling for Stage (38, 55) with bs(16)
 ------ 1 / 11 ...
 ------ 2 / 11 ...
 ------ 3 / 11 ...
 ------ 4 / 11 ...
 ------ 5 / 11 ...
 ------ 6 / 11 ...
 ------ 7 / 11 ...
 ------ 8 / 11 ...
 ------ 9 / 11 ...
 ------ 10 / 11 ...
 ------ 11 / 11 ...
 ------ 1 / 11 ...
 ------ 2 / 11 ...
 ------ 3 / 11 ...
 ------ 4 / 11 ...
 ------ 5 / 11 ...
 ------ 6 / 11 ...
 ------ 7 / 11 ...
 ------ 8 / 11 ...
 ------ 9 / 11 ...
 ------ 10 / 11 ...
 ------ 11 / 11 ...
14550.0
54604.0
13260.0
12972.0
13506.0
13390.0
14433.0
14482.0
14779.0
13952.0
295740.0
371380.0
76986.0
77295.0
76922.0
77538.0
76865.0
75638.0
77409.0
76251.0
78404.0
79710.0
79662.0
79119.0
78854.0
79686.0
78504.0
78963.0
79451.0
77758.0
126661.0
125261.0
125537.0
126425.0
125446.0
125265.0
125397.0
126776.0
126936.0
125342.0
[35985, 256404, 158022, 251809]

Mean FP TimeList
[[152947, 239, 7641], [164343, 9696, 3819], [162439, 4972, 3823], [178503, 6303, 12]]

Mean BP TimeList
[[458104, 9832, 66], [536528, 14434, 7640], [527399, 9639, 3822], [628362, 6879, 3829]]

Mean DPOH TimeList
[35985, 256404, 158022, 251809]

FP TimeList
[[152947, 34674], [164343, 17582], [162439, 20252], [178503, 6879]]

BP TimeList
[[628362, 17297, 628362, 17297], [527399, 22078, 527399, 22078], [536528, 25112, 536528, 25112], [458104, 66]]

Time Chart for FP
[152947]
[152947, 34674]
[164343]
[164343, 17582]
[162439]
[162439, 20252]
[178503]
[178503, 6879]

FP for each step:  [152947, 152947, 164343, 164343, 162439, 162439, 178503, 178503]

Time Chart for BP
[6879, 628362]
[628362, 17297]
[527399]
[527399, 22078]
[536528]
[536528, 25112]
[458104]
[458104, 66]

BP for each step:  [628362, 628362, 527399, 527399, 536528, 536528, 458104, 458104]
Time without overhead: 5.61725 s

Total Time: 6.31947 s
