========== Stats ==========
iters 10
batchSize 32
numMicro 4
machine 4
log_dir _timeline/resnet_5g
file ./_partition/partition_4_resnet_32_4.txt
model resnet
===========================
Number of Stages: 2
(0, 13)

Profiling for Stage (0, 13) with bs(8)
 ------ 1 / 11 ...
 ------ 2 / 11 ...
 ------ 3 / 11 ...
 ------ 4 / 11 ...
 ------ 5 / 11 ...
 ------ 6 / 11 ...
 ------ 7 / 11 ...
 ------ 8 / 11 ...
 ------ 9 / 11 ...
 ------ 10 / 11 ...
 ------ 11 / 11 ...
 ------ 1 / 11 ...
 ------ 2 / 11 ...
 ------ 3 / 11 ...
 ------ 4 / 11 ...
 ------ 5 / 11 ...
 ------ 6 / 11 ...
 ------ 7 / 11 ...
 ------ 8 / 11 ...
 ------ 9 / 11 ...
 ------ 10 / 11 ...
 ------ 11 / 11 ...
(13, 55)

Profiling for Stage (13, 55) with bs(2)
 ------ 1 / 11 ...
 ------ 2 / 11 ...
 ------ 3 / 11 ...
 ------ 4 / 11 ...
 ------ 5 / 11 ...
 ------ 6 / 11 ...
 ------ 7 / 11 ...
 ------ 8 / 11 ...
 ------ 9 / 11 ...
 ------ 10 / 11 ...
 ------ 11 / 11 ...
 ------ 1 / 11 ...
 ------ 2 / 11 ...
 ------ 3 / 11 ...
 ------ 4 / 11 ...
 ------ 5 / 11 ...
 ------ 6 / 11 ...
 ------ 7 / 11 ...
 ------ 8 / 11 ...
 ------ 9 / 11 ...
 ------ 10 / 11 ...
 ------ 11 / 11 ...
46957.0
63616.0
18715.0
18329.0
17968.0
18943.0
17735.0
18853.0
18781.0
18921.0
767679.0
960810.0
275553.0
275313.0
275214.0
275953.0
276198.0
275702.0
275867.0
276504.0
[51763, 786958]

Mean FP TimeList
[[94694, 224, 1919], [118029, 804, 7]]

Mean BP TimeList
[[274500, 2765, 37], [438609, 4654, 484]]

Mean DPOH TimeList
[51763, 786958]

FP TimeList
[[94694, 4331], [118029, 4654]]

BP TimeList
[[438609, 4217], [274500, 37]]

Time Chart for FP
[94694]
[94694, 4331]
[94694, 4331, 118029]
[94694, 4331, 118029, 4654]
[118029, 4654]
[118029, 4654]

FP for each step:  [94694, 94694, 118029, 118029, 118029, 118029]

Time Chart for BP
[4654, 438609]
[438609, 4217]
[438609, 4217, 274500]
[438609, 4217, 274500, 37]
[274500, 37]
[274500, 37]

BP for each step:  [438609, 438609, 438609, 438609, 274500, 274500]
Time without overhead: 2.96494 s

Total Time: 3.751898 s
