========== Stats ==========
iters 10
batchSize 16
numMicro 16
machine 4
log_dir _timeline/resnext
file ./_partition/partition_4_resnext_16_16_m5000.txt
model resnext
===========================
Number of Stages: 1
(0, 106)

Profiling for Stage (0, 106) with bs(1)
 ------ 1 / 11 ...
 ------ 2 / 11 ...
 ------ 3 / 11 ...
 ------ 4 / 11 ...
 ------ 5 / 11 ...
 ------ 6 / 11 ...
 ------ 7 / 11 ...
 ------ 8 / 11 ...
 ------ 9 / 11 ...
 ------ 10 / 11 ...
 ------ 11 / 11 ...
 ------ 1 / 11 ...
 ------ 2 / 11 ...
 ------ 3 / 11 ...
 ------ 4 / 11 ...
 ------ 5 / 11 ...
 ------ 6 / 11 ...
 ------ 7 / 11 ...
 ------ 8 / 11 ...
 ------ 9 / 11 ...
 ------ 10 / 11 ...
 ------ 11 / 11 ...
168598.0
77723.0
79492.0
83184.0
77556.0
79200.0
78327.0
77360.0
80497.0
76764.0
[175740]

Mean FP TimeList
[[179247, 17519, 25]]

Mean BP TimeList
[[587684, 443, 7624]]

Mean DPOH TimeList
[175740]

FP TimeList
[[179247, 443]]

BP TimeList
[[587684, 7624]]

Time Chart for FP
[179247]
[179247, 443]
[179247, 443]
[179247, 443]
[179247, 443]
[179247, 443]
[179247, 443]
[179247, 443]
[179247, 443]
[179247, 443]
[179247, 443]
[179247, 443]
[179247, 443]
[179247, 443]
[179247, 443]
[179247, 443]

FP for each step:  [179247, 179247, 179247, 179247, 179247, 179247, 179247, 179247, 179247, 179247, 179247, 179247, 179247, 179247, 179247, 179247]

Time Chart for BP
[443, 587684]
[587684, 7624]
[587684, 7624]
[587684, 7624]
[587684, 7624]
[587684, 7624]
[587684, 7624]
[587684, 7624]
[587684, 7624]
[587684, 7624]
[587684, 7624]
[587684, 7624]
[587684, 7624]
[587684, 7624]
[587684, 7624]
[587684, 7624]

BP for each step:  [587684, 587684, 587684, 587684, 587684, 587684, 587684, 587684, 587684, 587684, 587684, 587684, 587684, 587684, 587684, 587684]
Time without overhead: 12.270896 s

Total Time: 12.446636 s
