========== Stats ==========
iters 10
batchSize 16
numMicro 8
machine 4
log_dir _timeline/resnet_5g
file ./_partition/partition_4_resnet_16_8.txt
model resnet
===========================
Number of Stages: 1
(0, 55)

Profiling for Stage (0, 55) with bs(1)
 ------ 1 / 11 ...
 ------ 2 / 11 ...
 ------ 3 / 11 ...
 ------ 4 / 11 ...
 ------ 5 / 11 ...
 ------ 6 / 11 ...
 ------ 7 / 11 ...
 ------ 8 / 11 ...
 ------ 9 / 11 ...
 ------ 10 / 11 ...
 ------ 11 / 11 ...
 ------ 1 / 11 ...
 ------ 2 / 11 ...
 ------ 3 / 11 ...
 ------ 4 / 11 ...
 ------ 5 / 11 ...
 ------ 6 / 11 ...
 ------ 7 / 11 ...
 ------ 8 / 11 ...
 ------ 9 / 11 ...
 ------ 10 / 11 ...
 ------ 11 / 11 ...
893880.0
984493.0
294211.0
293342.0
293128.0
292824.0
292206.0
293532.0
292615.0
292062.0
[844458]

Mean FP TimeList
[[108092, 6528, 8]]

Mean BP TimeList
[[406087, 158, 11]]

Mean DPOH TimeList
[844458]

FP TimeList
[[108092, 158]]

BP TimeList
[[406087, 11]]

Time Chart for FP
[108092]
[108092, 158]
[108092, 158]
[108092, 158]
[108092, 158]
[108092, 158]
[108092, 158]
[108092, 158]

FP for each step:  [108092, 108092, 108092, 108092, 108092, 108092, 108092, 108092]

Time Chart for BP
[158, 406087]
[406087, 11]
[406087, 11]
[406087, 11]
[406087, 11]
[406087, 11]
[406087, 11]
[406087, 11]

BP for each step:  [406087, 406087, 406087, 406087, 406087, 406087, 406087, 406087]
Time without overhead: 4.113432 s

Total Time: 4.95789 s
