========== Stats ==========
iters 10
batchSize 64
numMicro 8
machine 4
log_dir _timeline/resnet_5g
file ./_partition/partition_8_resnet_64_8.txt
model resnet
===========================
Number of Stages: 2
(0, 13)

Profiling for Stage (0, 13) with bs(4)
 ------ 1 / 11 ...
 ------ 2 / 11 ...
 ------ 3 / 11 ...
 ------ 4 / 11 ...
 ------ 5 / 11 ...
 ------ 6 / 11 ...
 ------ 7 / 11 ...
 ------ 8 / 11 ...
 ------ 9 / 11 ...
 ------ 10 / 11 ...
 ------ 11 / 11 ...
 ------ 1 / 11 ...
 ------ 2 / 11 ...
 ------ 3 / 11 ...
 ------ 4 / 11 ...
 ------ 5 / 11 ...
 ------ 6 / 11 ...
 ------ 7 / 11 ...
 ------ 8 / 11 ...
 ------ 9 / 11 ...
 ------ 10 / 11 ...
 ------ 11 / 11 ...
(13, 55)

Profiling for Stage (13, 55) with bs(1)
 ------ 1 / 11 ...
 ------ 2 / 11 ...
 ------ 3 / 11 ...
 ------ 4 / 11 ...
 ------ 5 / 11 ...
 ------ 6 / 11 ...
 ------ 7 / 11 ...
 ------ 8 / 11 ...
 ------ 9 / 11 ...
 ------ 10 / 11 ...
 ------ 11 / 11 ...
 ------ 1 / 11 ...
 ------ 2 / 11 ...
 ------ 3 / 11 ...
 ------ 4 / 11 ...
 ------ 5 / 11 ...
 ------ 6 / 11 ...
 ------ 7 / 11 ...
 ------ 8 / 11 ...
 ------ 9 / 11 ...
 ------ 10 / 11 ...
 ------ 11 / 11 ...
52200.0
62196.0
18085.0
19205.0
18833.0
17631.0
18876.0
17965.0
17435.0
18370.0
771474.0
959533.0
276977.0
276298.0
276556.0
274722.0
275331.0
275286.0
276252.0
276386.0
[52159, 787763]

Mean FP TimeList
[[44507, 155, 964], [93993, 3905, 9]]

Mean BP TimeList
[[143346, 969, 24], [353276, 448, 246]]

Mean DPOH TimeList
[52159, 787763]

FP TimeList
[[44507, 25358], [93993, 448]]

BP TimeList
[[353276, 2445, 353276, 2445], [143346, 24]]

Time Chart for FP
[44507]
[44507, 25358]
[44507, 25358, 93993]
[44507, 25358, 93993, 448]
[44507, 25358, 93993, 448]
[44507, 25358, 93993, 448]
[44507, 25358, 93993, 448]
[44507, 25358, 93993, 448]
[93993, 448]
[93993, 448]

FP for each step:  [44507, 44507, 93993, 93993, 93993, 93993, 93993, 93993, 93993, 93993]

Time Chart for BP
[448, 353276]
[353276, 2445]
[353276, 2445, 143346]
[353276, 2445, 143346, 24]
[353276, 2445, 143346, 24]
[353276, 2445, 143346, 24]
[353276, 2445, 143346, 24]
[353276, 2445, 143346, 24]
[143346, 24]
[143346, 24]

BP for each step:  [353276, 353276, 353276, 353276, 353276, 353276, 353276, 353276, 143346, 143346]
Time without overhead: 3.953858 s

Total Time: 4.79378 s
