========== Stats ==========
iters 10
batchSize 32
numMicro 2
machine 4
log_dir _timeline/resnet_5g
file ./_partition/partition_4_resnet_32_2.txt
model resnet
===========================
Number of Stages: 2
(39, 55)

Profiling for Stage (39, 55) with bs(16)
 ------ 1 / 11 ...
 ------ 2 / 11 ...
 ------ 3 / 11 ...
 ------ 4 / 11 ...
 ------ 5 / 11 ...
 ------ 6 / 11 ...
 ------ 7 / 11 ...
 ------ 8 / 11 ...
 ------ 9 / 11 ...
 ------ 10 / 11 ...
 ------ 11 / 11 ...
 ------ 1 / 11 ...
 ------ 2 / 11 ...
 ------ 3 / 11 ...
 ------ 4 / 11 ...
 ------ 5 / 11 ...
 ------ 6 / 11 ...
 ------ 7 / 11 ...
 ------ 8 / 11 ...
 ------ 9 / 11 ...
 ------ 10 / 11 ...
 ------ 11 / 11 ...
(0, 39)

Profiling for Stage (0, 39) with bs(5)
 ------ 1 / 11 ...
 ------ 2 / 11 ...
 ------ 3 / 11 ...
 ------ 4 / 11 ...
 ------ 5 / 11 ...
 ------ 6 / 11 ...
 ------ 7 / 11 ...
 ------ 8 / 11 ...
 ------ 9 / 11 ...
 ------ 10 / 11 ...
 ------ 11 / 11 ...
 ------ 1 / 11 ...
 ------ 2 / 11 ...
 ------ 3 / 11 ...
 ------ 4 / 11 ...
 ------ 5 / 11 ...
 ------ 6 / 11 ...
 ------ 7 / 11 ...
 ------ 8 / 11 ...
 ------ 9 / 11 ...
 ------ 10 / 11 ...
 ------ 11 / 11 ...
173769.0
781889.0
173956.0
173874.0
173551.0
174367.0
174566.0
173924.0
176181.0
172878.0
413443.0
449640.0
119949.0
119353.0
121208.0
120724.0
119602.0
119764.0
119473.0
121265.0
[469791, 364884]

Mean FP TimeList
[[188482, 3861, 1198], [165510, 6192, 11]]

Mean BP TimeList
[[612523, 1702, 26], [584395, 4958, 3826]]

Mean DPOH TimeList
[469791, 364884]

FP TimeList
[[188482, 9786], [165510, 4958]]

BP TimeList
[[584395, 5528, 584395, 5528, 584395, 5528], [612523, 26]]

Time Chart for FP
[188482]
[188482, 9786]
[165510]
[165510, 4958]

FP for each step:  [188482, 188482, 165510, 165510]

Time Chart for BP
[4958, 584395]
[584395, 5528]
[612523]
[612523, 26]

BP for each step:  [584395, 584395, 612523, 612523]
Time without overhead: 3.10182 s

Total Time: 3.571611 s
