========== Stats ==========
iters 10
batchSize 16
numMicro 8
machine 4
log_dir _timeline/resnet_5g
file ./_partition/partition_2_resnet_16_8.txt
model resnet
===========================
Number of Stages: 1
(0, 55)

Profiling for Stage (0, 55) with bs(1)
 ------ 1 / 11 ...
 ------ 2 / 11 ...
 ------ 3 / 11 ...
 ------ 4 / 11 ...
 ------ 5 / 11 ...
 ------ 6 / 11 ...
 ------ 7 / 11 ...
 ------ 8 / 11 ...
 ------ 9 / 11 ...
 ------ 10 / 11 ...
 ------ 11 / 11 ...
 ------ 1 / 11 ...
 ------ 2 / 11 ...
 ------ 3 / 11 ...
 ------ 4 / 11 ...
 ------ 5 / 11 ...
 ------ 6 / 11 ...
 ------ 7 / 11 ...
 ------ 8 / 11 ...
 ------ 9 / 11 ...
 ------ 10 / 11 ...
 ------ 11 / 11 ...
887479.0
985817.0
292197.0
292045.0
296064.0
292105.0
293311.0
293726.0
294808.0
292396.0
[843989]

Mean FP TimeList
[[114642, 117, 8]]

Mean BP TimeList
[[404629, 144, 10]]

Mean DPOH TimeList
[843989]

FP TimeList
[[114642, 144]]

BP TimeList
[[404629, 10]]

Time Chart for FP
[114642]
[114642, 144]
[114642, 144]
[114642, 144]
[114642, 144]
[114642, 144]
[114642, 144]
[114642, 144]

FP for each step:  [114642, 114642, 114642, 114642, 114642, 114642, 114642, 114642]

Time Chart for BP
[144, 404629]
[404629, 10]
[404629, 10]
[404629, 10]
[404629, 10]
[404629, 10]
[404629, 10]
[404629, 10]

BP for each step:  [404629, 404629, 404629, 404629, 404629, 404629, 404629, 404629]
Time without overhead: 4.154168 s

Total Time: 4.998157 s
