========== Stats ==========
iters 10
batchSize 16
numMicro 8
machine 4
log_dir _timeline/resnext
file ./_partition/partition_8_resnext_16_8.txt
model resnext
===========================
Number of Stages: 2
(44, 106)

Profiling for Stage (44, 106) with bs(1)
 ------ 1 / 11 ...
 ------ 2 / 11 ...
 ------ 3 / 11 ...
 ------ 4 / 11 ...
 ------ 5 / 11 ...
 ------ 6 / 11 ...
 ------ 7 / 11 ...
 ------ 8 / 11 ...
 ------ 9 / 11 ...
 ------ 10 / 11 ...
 ------ 11 / 11 ...
 ------ 1 / 11 ...
 ------ 2 / 11 ...
 ------ 3 / 11 ...
 ------ 4 / 11 ...
 ------ 5 / 11 ...
 ------ 6 / 11 ...
 ------ 7 / 11 ...
 ------ 8 / 11 ...
 ------ 9 / 11 ...
 ------ 10 / 11 ...
 ------ 11 / 11 ...
(0, 44)

Profiling for Stage (0, 44) with bs(1)
 ------ 1 / 11 ...
 ------ 2 / 11 ...
 ------ 3 / 11 ...
 ------ 4 / 11 ...
 ------ 5 / 11 ...
 ------ 6 / 11 ...
 ------ 7 / 11 ...
 ------ 8 / 11 ...
 ------ 9 / 11 ...
 ------ 10 / 11 ...
 ------ 11 / 11 ...
 ------ 1 / 11 ...
 ------ 2 / 11 ...
 ------ 3 / 11 ...
 ------ 4 / 11 ...
 ------ 5 / 11 ...
 ------ 6 / 11 ...
 ------ 7 / 11 ...
 ------ 8 / 11 ...
 ------ 9 / 11 ...
 ------ 10 / 11 ...
 ------ 11 / 11 ...
27121.0
35067.0
31729.0
34159.0
33145.0
27075.0
27530.0
27227.0
28641.0
29686.0
136044.0
59831.0
54793.0
59791.0
61060.0
55119.0
57437.0
53445.0
54968.0
56113.0
[60276, 129720]

Mean FP TimeList
[[112206, 468, 980], [77192, 1512, 11]]

Mean BP TimeList
[[334563, 1625, 191], [254726, 9577, 9890]]

Mean DPOH TimeList
[60276, 129720]

FP TimeList
[[112206, 9436], [77192, 9577]]

BP TimeList
[[254726, 31295, 254726, 31295, 254726, 31295, 254726, 31295, 254726, 31295], [334563, 191]]

Time Chart for FP
[112206]
[112206, 9436]
[112206, 9436, 77192]
[112206, 9436, 77192, 9577]
[112206, 9436, 77192, 9577]
[112206, 9436, 77192, 9577]
[112206, 9436, 77192, 9577]
[112206, 9436, 77192, 9577]
[77192, 9577]
[77192, 9577]

FP for each step:  [112206, 112206, 112206, 112206, 112206, 112206, 112206, 112206, 77192, 77192]

Time Chart for BP
[9577, 254726]
[254726, 31295]
[254726, 31295, 334563]
[254726, 31295, 334563, 191]
[254726, 31295, 334563, 191]
[254726, 31295, 334563, 191]
[254726, 31295, 334563, 191]
[254726, 31295, 334563, 191]
[334563, 191]
[334563, 191]

BP for each step:  [254726, 254726, 334563, 334563, 334563, 334563, 334563, 334563, 334563, 334563]
Time without overhead: 4.237988 s

Total Time: 4.427984 s
