========== Stats ==========
iters 10
batchSize 32
numMicro 2
machine 4
log_dir _timeline/resnet_5g
file ./_partition/partition_2_resnet_32_2.txt
model resnet
===========================
Number of Stages: 2
(0, 26)

Profiling for Stage (0, 26) with bs(16)
 ------ 1 / 11 ...
 ------ 2 / 11 ...
 ------ 3 / 11 ...
 ------ 4 / 11 ...
 ------ 5 / 11 ...
 ------ 6 / 11 ...
 ------ 7 / 11 ...
 ------ 8 / 11 ...
 ------ 9 / 11 ...
 ------ 10 / 11 ...
 ------ 11 / 11 ...
 ------ 1 / 11 ...
 ------ 2 / 11 ...
 ------ 3 / 11 ...
 ------ 4 / 11 ...
 ------ 5 / 11 ...
 ------ 6 / 11 ...
 ------ 7 / 11 ...
 ------ 8 / 11 ...
 ------ 9 / 11 ...
 ------ 10 / 11 ...
 ------ 11 / 11 ...
(26, 55)

Profiling for Stage (26, 55) with bs(16)
 ------ 1 / 11 ...
 ------ 2 / 11 ...
 ------ 3 / 11 ...
 ------ 4 / 11 ...
 ------ 5 / 11 ...
 ------ 6 / 11 ...
 ------ 7 / 11 ...
 ------ 8 / 11 ...
 ------ 9 / 11 ...
 ------ 10 / 11 ...
 ------ 11 / 11 ...
 ------ 1 / 11 ...
 ------ 2 / 11 ...
 ------ 3 / 11 ...
 ------ 4 / 11 ...
 ------ 5 / 11 ...
 ------ 6 / 11 ...
 ------ 7 / 11 ...
 ------ 8 / 11 ...
 ------ 9 / 11 ...
 ------ 10 / 11 ...
 ------ 11 / 11 ...
369644.0
402255.0
98085.0
98100.0
95393.0
95683.0
96112.0
95333.0
96194.0
95893.0
198534.0
814307.0
198998.0
198784.0
199430.0
199046.0
196700.0
198152.0
198800.0
198780.0
[308538, 520306]

Mean FP TimeList
[[331502, 268, 3822], [333195, 4927, 14]]

Mean BP TimeList
[[1037097, 274, 67], [1148287, 4960, 3826]]

Mean DPOH TimeList
[308538, 520306]

FP TimeList
[[331502, 8749], [333195, 4960]]

BP TimeList
[[1148287, 4100], [1037097, 67]]

Time Chart for FP
[331502]
[331502, 8749]
[333195]
[333195, 4960]

FP for each step:  [331502, 331502, 333195, 333195]

Time Chart for BP
[4960, 1148287]
[1148287, 4100]
[1037097]
[1037097, 67]

BP for each step:  [1148287, 1148287, 1037097, 1037097]
Time without overhead: 5.700162 s

Total Time: 5.700162 s
