========== Stats ==========
iters 10
batchSize 32
numMicro 8
machine 4
log_dir _timeline/resnet_5g
file ./_partition/partition_4_resnet_32_8.txt
model resnet
===========================
Number of Stages: 1
(0, 55)

Profiling for Stage (0, 55) with bs(1)
 ------ 1 / 11 ...
 ------ 2 / 11 ...
 ------ 3 / 11 ...
 ------ 4 / 11 ...
 ------ 5 / 11 ...
 ------ 6 / 11 ...
 ------ 7 / 11 ...
 ------ 8 / 11 ...
 ------ 9 / 11 ...
 ------ 10 / 11 ...
 ------ 11 / 11 ...
 ------ 1 / 11 ...
 ------ 2 / 11 ...
 ------ 3 / 11 ...
 ------ 4 / 11 ...
 ------ 5 / 11 ...
 ------ 6 / 11 ...
 ------ 7 / 11 ...
 ------ 8 / 11 ...
 ------ 9 / 11 ...
 ------ 10 / 11 ...
 ------ 11 / 11 ...
894102.0
987676.0
293147.0
292668.0
295881.0
293149.0
292311.0
292925.0
294291.0
294968.0
[846223]

Mean FP TimeList
[[109929, 4853, 8]]

Mean BP TimeList
[[403584, 5468, 11]]

Mean DPOH TimeList
[846223]

FP TimeList
[[109929, 5468]]

BP TimeList
[[403584, 11]]

Time Chart for FP
[109929]
[109929, 5468]
[109929, 5468]
[109929, 5468]
[109929, 5468]
[109929, 5468]
[109929, 5468]
[109929, 5468]

FP for each step:  [109929, 109929, 109929, 109929, 109929, 109929, 109929, 109929]

Time Chart for BP
[5468, 403584]
[403584, 11]
[403584, 11]
[403584, 11]
[403584, 11]
[403584, 11]
[403584, 11]
[403584, 11]

BP for each step:  [403584, 403584, 403584, 403584, 403584, 403584, 403584, 403584]
Time without overhead: 4.108104 s

Total Time: 4.954327 s
