========== Stats ==========
iters 10
batchSize 64
numMicro 16
machine 4
log_dir _timeline/resnext
file ./_partition/partition_4_resnext_64_16_m5000.txt
model resnext
===========================
Number of Stages: 2
(59, 106)

Profiling for Stage (59, 106) with bs(4)
 ------ 1 / 11 ...
 ------ 2 / 11 ...
 ------ 3 / 11 ...
 ------ 4 / 11 ...
 ------ 5 / 11 ...
 ------ 6 / 11 ...
 ------ 7 / 11 ...
 ------ 8 / 11 ...
 ------ 9 / 11 ...
 ------ 10 / 11 ...
 ------ 11 / 11 ...
 ------ 1 / 11 ...
 ------ 2 / 11 ...
 ------ 3 / 11 ...
 ------ 4 / 11 ...
 ------ 5 / 11 ...
 ------ 6 / 11 ...
 ------ 7 / 11 ...
 ------ 8 / 11 ...
 ------ 9 / 11 ...
 ------ 10 / 11 ...
 ------ 11 / 11 ...
(0, 59)

Profiling for Stage (0, 59) with bs(1)
 ------ 1 / 11 ...
 ------ 2 / 11 ...
 ------ 3 / 11 ...
 ------ 4 / 11 ...
 ------ 5 / 11 ...
 ------ 6 / 11 ...
 ------ 7 / 11 ...
 ------ 8 / 11 ...
 ------ 9 / 11 ...
 ------ 10 / 11 ...
 ------ 11 / 11 ...
 ------ 1 / 11 ...
 ------ 2 / 11 ...
 ------ 3 / 11 ...
 ------ 4 / 11 ...
 ------ 5 / 11 ...
 ------ 6 / 11 ...
 ------ 7 / 11 ...
 ------ 8 / 11 ...
 ------ 9 / 11 ...
 ------ 10 / 11 ...
 ------ 11 / 11 ...
54651.0
38944.0
35758.0
43754.0
33431.0
38947.0
45769.0
40430.0
47167.0
43061.0
209392.0
42878.0
44438.0
44770.0
48532.0
43011.0
45154.0
42837.0
45104.0
45609.0
[84382, 122345]

Mean FP TimeList
[[132698, 12364, 494], [108504, 8988, 10]]

Mean BP TimeList
[[394210, 1053, 190], [381953, 2719, 1957]]

Mean DPOH TimeList
[84382, 122345]

FP TimeList
[[132698, 10470], [108504, 2719]]

BP TimeList
[[381953, 3010, 381953, 3010, 381953, 3010], [394210, 190]]

Time Chart for FP
[132698]
[132698, 10470]
[132698, 10470, 108504]
[132698, 10470, 108504, 2719]
[132698, 10470, 108504, 2719]
[132698, 10470, 108504, 2719]
[132698, 10470, 108504, 2719]
[132698, 10470, 108504, 2719]
[132698, 10470, 108504, 2719]
[132698, 10470, 108504, 2719]
[132698, 10470, 108504, 2719]
[132698, 10470, 108504, 2719]
[132698, 10470, 108504, 2719]
[132698, 10470, 108504, 2719]
[132698, 10470, 108504, 2719]
[132698, 10470, 108504, 2719]
[108504, 2719]
[108504, 2719]

FP for each step:  [132698, 132698, 132698, 132698, 132698, 132698, 132698, 132698, 132698, 132698, 132698, 132698, 132698, 132698, 132698, 132698, 108504, 108504]

Time Chart for BP
[2719, 381953]
[381953, 3010]
[381953, 3010, 394210]
[381953, 3010, 394210, 190]
[381953, 3010, 394210, 190]
[381953, 3010, 394210, 190]
[381953, 3010, 394210, 190]
[381953, 3010, 394210, 190]
[381953, 3010, 394210, 190]
[381953, 3010, 394210, 190]
[381953, 3010, 394210, 190]
[381953, 3010, 394210, 190]
[381953, 3010, 394210, 190]
[381953, 3010, 394210, 190]
[381953, 3010, 394210, 190]
[381953, 3010, 394210, 190]
[394210, 190]
[394210, 190]

BP for each step:  [381953, 381953, 394210, 394210, 394210, 394210, 394210, 394210, 394210, 394210, 394210, 394210, 394210, 394210, 394210, 394210, 394210, 394210]
Time without overhead: 9.411442 s

Total Time: 9.495824 s
