========== Stats ==========
iters 10
batchSize 128
numMicro 8
machine 4
log_dir _timeline/resnet_5g
file ./_partition/partition_2_resnet_128_8.txt
model resnet
===========================
Number of Stages: 2
(0, 26)

Profiling for Stage (0, 26) with bs(16)
 ------ 1 / 11 ...
 ------ 2 / 11 ...
 ------ 3 / 11 ...
 ------ 4 / 11 ...
 ------ 5 / 11 ...
 ------ 6 / 11 ...
 ------ 7 / 11 ...
 ------ 8 / 11 ...
 ------ 9 / 11 ...
 ------ 10 / 11 ...
 ------ 11 / 11 ...
 ------ 1 / 11 ...
 ------ 2 / 11 ...
 ------ 3 / 11 ...
 ------ 4 / 11 ...
 ------ 5 / 11 ...
 ------ 6 / 11 ...
 ------ 7 / 11 ...
 ------ 8 / 11 ...
 ------ 9 / 11 ...
 ------ 10 / 11 ...
 ------ 11 / 11 ...
(26, 55)

Profiling for Stage (26, 55) with bs(16)
 ------ 1 / 11 ...
 ------ 2 / 11 ...
 ------ 3 / 11 ...
 ------ 4 / 11 ...
 ------ 5 / 11 ...
 ------ 6 / 11 ...
 ------ 7 / 11 ...
 ------ 8 / 11 ...
 ------ 9 / 11 ...
 ------ 10 / 11 ...
 ------ 11 / 11 ...
 ------ 1 / 11 ...
 ------ 2 / 11 ...
 ------ 3 / 11 ...
 ------ 4 / 11 ...
 ------ 5 / 11 ...
 ------ 6 / 11 ...
 ------ 7 / 11 ...
 ------ 8 / 11 ...
 ------ 9 / 11 ...
 ------ 10 / 11 ...
 ------ 11 / 11 ...
376310.0
407048.0
96317.0
96722.0
96358.0
95746.0
96432.0
96616.0
96571.0
95909.0
197266.0
814299.0
198569.0
198585.0
198749.0
198997.0
198411.0
199593.0
198201.0
197736.0
[310805, 520081]

Mean FP TimeList
[[330008, 3154, 3823], [333159, 4993, 12]]

Mean BP TimeList
[[1029984, 5006, 67], [1147858, 4994, 3826]]

Mean DPOH TimeList
[310805, 520081]

FP TimeList
[[330008, 8816], [333159, 4994]]

BP TimeList
[[1147858, 8832], [1029984, 67]]

Time Chart for FP
[330008]
[330008, 8816]
[330008, 8816, 333159]
[330008, 8816, 333159, 4994]
[330008, 8816, 333159, 4994]
[330008, 8816, 333159, 4994]
[330008, 8816, 333159, 4994]
[330008, 8816, 333159, 4994]
[333159, 4994]
[333159, 4994]

FP for each step:  [330008, 330008, 333159, 333159, 333159, 333159, 333159, 333159, 333159, 333159]

Time Chart for BP
[4994, 1147858]
[1147858, 8832]
[1147858, 8832, 1029984]
[1147858, 8832, 1029984, 67]
[1147858, 8832, 1029984, 67]
[1147858, 8832, 1029984, 67]
[1147858, 8832, 1029984, 67]
[1147858, 8832, 1029984, 67]
[1029984, 67]
[1029984, 67]

BP for each step:  [1147858, 1147858, 1147858, 1147858, 1147858, 1147858, 1147858, 1147858, 1029984, 1029984]
Time without overhead: 14.56812 s

Total Time: 14.56812 s
