========== Stats ==========
iters 10
batchSize 16
numMicro 8
machine 4
log_dir _timeline/resnext
file ./_partition/partition_8_resnext_16_8_m5000.txt
model resnext
===========================
Number of Stages: 1
(0, 106)

Profiling for Stage (0, 106) with bs(1)
 ------ 1 / 11 ...
 ------ 2 / 11 ...
 ------ 3 / 11 ...
 ------ 4 / 11 ...
 ------ 5 / 11 ...
 ------ 6 / 11 ...
 ------ 7 / 11 ...
 ------ 8 / 11 ...
 ------ 9 / 11 ...
 ------ 10 / 11 ...
 ------ 11 / 11 ...
 ------ 1 / 11 ...
 ------ 2 / 11 ...
 ------ 3 / 11 ...
 ------ 4 / 11 ...
 ------ 5 / 11 ...
 ------ 6 / 11 ...
 ------ 7 / 11 ...
 ------ 8 / 11 ...
 ------ 9 / 11 ...
 ------ 10 / 11 ...
 ------ 11 / 11 ...
173784.0
174739.0
90614.0
77614.0
81518.0
80351.0
80692.0
82748.0
78168.0
78391.0
[199723]

Mean FP TimeList
[[181699, 706, 23]]

Mean BP TimeList
[[556045, 15191, 195]]

Mean DPOH TimeList
[199723]

FP TimeList
[[181699, 15191]]

BP TimeList
[[556045, 195]]

Time Chart for FP
[181699]
[181699, 15191]
[181699, 15191]
[181699, 15191]
[181699, 15191]
[181699, 15191]
[181699, 15191]
[181699, 15191]

FP for each step:  [181699, 181699, 181699, 181699, 181699, 181699, 181699, 181699]

Time Chart for BP
[15191, 556045]
[556045, 195]
[556045, 195]
[556045, 195]
[556045, 195]
[556045, 195]
[556045, 195]
[556045, 195]

BP for each step:  [556045, 556045, 556045, 556045, 556045, 556045, 556045, 556045]
Time without overhead: 5.901952 s

Total Time: 6.101675 s
