========== Stats ==========
iters 10
batchSize 32
numMicro 16
machine 4
log_dir _timeline/resnext
file ./_partition/partition_4_resnext_32_16.txt
model resnext
===========================
Number of Stages: 2
(0, 32)

Profiling for Stage (0, 32) with bs(1)
 ------ 1 / 11 ...
 ------ 2 / 11 ...
 ------ 3 / 11 ...
 ------ 4 / 11 ...
 ------ 5 / 11 ...
 ------ 6 / 11 ...
 ------ 7 / 11 ...
 ------ 8 / 11 ...
 ------ 9 / 11 ...
 ------ 10 / 11 ...
 ------ 11 / 11 ...
 ------ 1 / 11 ...
 ------ 2 / 11 ...
 ------ 3 / 11 ...
 ------ 4 / 11 ...
 ------ 5 / 11 ...
 ------ 6 / 11 ...
 ------ 7 / 11 ...
 ------ 8 / 11 ...
 ------ 9 / 11 ...
 ------ 10 / 11 ...
 ------ 11 / 11 ...
(32, 106)

Profiling for Stage (32, 106) with bs(1)
 ------ 1 / 11 ...
 ------ 2 / 11 ...
 ------ 3 / 11 ...
 ------ 4 / 11 ...
 ------ 5 / 11 ...
 ------ 6 / 11 ...
 ------ 7 / 11 ...
 ------ 8 / 11 ...
 ------ 9 / 11 ...
 ------ 10 / 11 ...
 ------ 11 / 11 ...
 ------ 1 / 11 ...
 ------ 2 / 11 ...
 ------ 3 / 11 ...
 ------ 4 / 11 ...
 ------ 5 / 11 ...
 ------ 6 / 11 ...
 ------ 7 / 11 ...
 ------ 8 / 11 ...
 ------ 9 / 11 ...
 ------ 10 / 11 ...
 ------ 11 / 11 ...
19506.0
18634.0
19802.0
19365.0
19097.0
19249.0
18896.0
19019.0
19451.0
19971.0
138616.0
158030.0
70026.0
62704.0
64398.0
61175.0
65431.0
65472.0
63910.0
66672.0
[38598, 163286]

Mean FP TimeList
[[87297, 4615, 979], [90387, 11818, 14]]

Mean BP TimeList
[[260922, 4009, 190], [320374, 1514, 988]]

Mean DPOH TimeList
[38598, 163286]

FP TimeList
[[87297, 25594], [90387, 1514]]

BP TimeList
[[320374, 5985, 320374, 5985], [260922, 190]]

Time Chart for FP
[87297]
[87297, 25594]
[87297, 25594, 90387]
[87297, 25594, 90387, 1514]
[87297, 25594, 90387, 1514]
[87297, 25594, 90387, 1514]
[87297, 25594, 90387, 1514]
[87297, 25594, 90387, 1514]
[87297, 25594, 90387, 1514]
[87297, 25594, 90387, 1514]
[87297, 25594, 90387, 1514]
[87297, 25594, 90387, 1514]
[87297, 25594, 90387, 1514]
[87297, 25594, 90387, 1514]
[87297, 25594, 90387, 1514]
[87297, 25594, 90387, 1514]
[90387, 1514]
[90387, 1514]

FP for each step:  [87297, 87297, 90387, 90387, 90387, 90387, 90387, 90387, 90387, 90387, 90387, 90387, 90387, 90387, 90387, 90387, 90387, 90387]

Time Chart for BP
[1514, 320374]
[320374, 5985]
[320374, 5985, 260922]
[320374, 5985, 260922, 190]
[320374, 5985, 260922, 190]
[320374, 5985, 260922, 190]
[320374, 5985, 260922, 190]
[320374, 5985, 260922, 190]
[320374, 5985, 260922, 190]
[320374, 5985, 260922, 190]
[320374, 5985, 260922, 190]
[320374, 5985, 260922, 190]
[320374, 5985, 260922, 190]
[320374, 5985, 260922, 190]
[320374, 5985, 260922, 190]
[320374, 5985, 260922, 190]
[260922, 190]
[260922, 190]

BP for each step:  [320374, 320374, 320374, 320374, 320374, 320374, 320374, 320374, 320374, 320374, 320374, 320374, 320374, 320374, 320374, 320374, 260922, 260922]
Time without overhead: 7.268614 s

Total Time: 7.470498 s
