<<<<<<< HEAD
Reshaping [N, M] = [28,8]
========== Partition ==========
# of layers : 28
# of workers: 8
stage     layer     reps   cost
    1   1->   6       4  57479.2
    2   7->  11       2    70872
    3  12->  14       1    69747
    4  15->  28       1    70720
Pipeline bottleneck cost: 70872
=======
========== Stats ==========
iters 10
batchSize 32
numMicro 2
machine 4
log_dir _timeline/vgg
file ./_partition/partition_8_vgg_32_2.txt
model vgg
===========================
Number of Stages: 4
(3, 6)

Profiling for Stage (3, 6) with bs(16)
 ------ 1 / 11 ...
 ------ 2 / 11 ...
 ------ 3 / 11 ...
 ------ 4 / 11 ...
 ------ 5 / 11 ...
 ------ 6 / 11 ...
 ------ 7 / 11 ...
 ------ 8 / 11 ...
 ------ 9 / 11 ...
 ------ 10 / 11 ...
 ------ 11 / 11 ...
 ------ 1 / 11 ...
 ------ 2 / 11 ...
 ------ 3 / 11 ...
 ------ 4 / 11 ...
 ------ 5 / 11 ...
 ------ 6 / 11 ...
 ------ 7 / 11 ...
 ------ 8 / 11 ...
 ------ 9 / 11 ...
 ------ 10 / 11 ...
 ------ 11 / 11 ...
(6, 10)

Profiling for Stage (6, 10) with bs(16)
 ------ 1 / 11 ...
 ------ 2 / 11 ...
 ------ 3 / 11 ...
 ------ 4 / 11 ...
 ------ 5 / 11 ...
 ------ 6 / 11 ...
 ------ 7 / 11 ...
 ------ 8 / 11 ...
 ------ 9 / 11 ...
 ------ 10 / 11 ...
 ------ 11 / 11 ...
 ------ 1 / 11 ...
 ------ 2 / 11 ...
 ------ 3 / 11 ...
 ------ 4 / 11 ...
 ------ 5 / 11 ...
 ------ 6 / 11 ...
 ------ 7 / 11 ...
 ------ 8 / 11 ...
 ------ 9 / 11 ...
 ------ 10 / 11 ...
 ------ 11 / 11 ...
(10, 28)

Profiling for Stage (10, 28) with bs(16)
 ------ 1 / 11 ...
 ------ 2 / 11 ...
 ------ 3 / 11 ...
 ------ 4 / 11 ...
 ------ 5 / 11 ...
 ------ 6 / 11 ...
 ------ 7 / 11 ...
 ------ 8 / 11 ...
 ------ 9 / 11 ...
 ------ 10 / 11 ...
 ------ 11 / 11 ...
 ------ 1 / 11 ...
 ------ 2 / 11 ...
 ------ 3 / 11 ...
 ------ 4 / 11 ...
 ------ 5 / 11 ...
 ------ 6 / 11 ...
 ------ 7 / 11 ...
 ------ 8 / 11 ...
 ------ 9 / 11 ...
 ------ 10 / 11 ...
 ------ 11 / 11 ...
(0, 3)

Profiling for Stage (0, 3) with bs(3)
 ------ 1 / 11 ...
 ------ 2 / 11 ...
 ------ 3 / 11 ...
 ------ 4 / 11 ...
 ------ 5 / 11 ...
 ------ 6 / 11 ...
 ------ 7 / 11 ...
 ------ 8 / 11 ...
 ------ 9 / 11 ...
 ------ 10 / 11 ...
 ------ 11 / 11 ...
 ------ 1 / 11 ...
 ------ 2 / 11 ...
 ------ 3 / 11 ...
 ------ 4 / 11 ...
 ------ 5 / 11 ...
 ------ 6 / 11 ...
 ------ 7 / 11 ...
 ------ 8 / 11 ...
 ------ 9 / 11 ...
 ------ 10 / 11 ...
 ------ 11 / 11 ...
101.0
245.0
77.0
62.0
89.0
63.0
66.0
86.0
66.0
77.0
308.0
309.0
308.0
309.0
308.0
308.0
309.0
309.0
308.0
309.0
2591.0
2645.0
2746.0
2643.0
2702.0
2534.0
2573.0
2613.0
2533.0
2652.0
437494.0
90480.0
90602.0
90625.0
90629.0
90554.0
90428.0
90742.0
90360.0
90758.0
[186, 617, 5246, 250534]

Mean FP TimeList
[[20476, 866, 5861], [80834, 39157, 15609], [98200, 19630, 31188], [112522, 39112, 12]]

Mean BP TimeList
[[50602, 8059, 556], [207763, 58463, 31159], [291514, 58322, 15596], [352131, 38988, 31184]]

Mean DPOH TimeList
[186, 617, 5246, 250534]

FP TimeList
[[20476, 68462], [80834, 35239], [98200, 70300], [112522, 38988]]

BP TimeList
[[352131, 89506], [291514, 74059], [207763, 39218, 207763, 39218, 207763, 39218, 207763, 39218, 207763, 39218], [50602, 556]]

Time Chart for FP
[20476]
[20476, 68462]
[80834]
[80834, 35239]
[98200]
[98200, 70300]
[112522]
[112522, 38988]

FP for each step:  [20476, 68462, 80834, 80834, 98200, 98200, 112522, 112522]

Time Chart for BP
[38988, 352131]
[352131, 89506]
[291514]
[291514, 74059]
[207763]
[207763, 39218]
[50602]
[50602, 556]

BP for each step:  [352131, 352131, 291514, 291514, 207763, 207763, 50602, 50602]
Time without overhead: 2.47607 s

Total Time: 2.476256 s
>>>>>>> 159326b283c2f9476111678d6a824d883a9eaaab
