========== Stats ==========
iters 10
batchSize 64
numMicro 4
machine 4
log_dir _timeline/vgg
file ./_partition/partition_4_vgg_64_4.txt
model vgg
===========================
Number of Stages: 4
(0, 3)

Profiling for Stage (0, 3) with bs(16)
 ------ 1 / 11 ...
 ------ 2 / 11 ...
 ------ 3 / 11 ...
 ------ 4 / 11 ...
 ------ 5 / 11 ...
 ------ 6 / 11 ...
 ------ 7 / 11 ...
 ------ 8 / 11 ...
 ------ 9 / 11 ...
 ------ 10 / 11 ...
 ------ 11 / 11 ...
 ------ 1 / 11 ...
 ------ 2 / 11 ...
 ------ 3 / 11 ...
 ------ 4 / 11 ...
 ------ 5 / 11 ...
 ------ 6 / 11 ...
 ------ 7 / 11 ...
 ------ 8 / 11 ...
 ------ 9 / 11 ...
 ------ 10 / 11 ...
 ------ 11 / 11 ...
(3, 6)

Profiling for Stage (3, 6) with bs(16)
 ------ 1 / 11 ...
 ------ 2 / 11 ...
 ------ 3 / 11 ...
 ------ 4 / 11 ...
 ------ 5 / 11 ...
 ------ 6 / 11 ...
 ------ 7 / 11 ...
 ------ 8 / 11 ...
 ------ 9 / 11 ...
 ------ 10 / 11 ...
 ------ 11 / 11 ...
 ------ 1 / 11 ...
 ------ 2 / 11 ...
 ------ 3 / 11 ...
 ------ 4 / 11 ...
 ------ 5 / 11 ...
 ------ 6 / 11 ...
 ------ 7 / 11 ...
 ------ 8 / 11 ...
 ------ 9 / 11 ...
 ------ 10 / 11 ...
 ------ 11 / 11 ...
(6, 10)

Profiling for Stage (6, 10) with bs(16)
 ------ 1 / 11 ...
 ------ 2 / 11 ...
 ------ 3 / 11 ...
 ------ 4 / 11 ...
 ------ 5 / 11 ...
 ------ 6 / 11 ...
 ------ 7 / 11 ...
 ------ 8 / 11 ...
 ------ 9 / 11 ...
 ------ 10 / 11 ...
 ------ 11 / 11 ...
 ------ 1 / 11 ...
 ------ 2 / 11 ...
 ------ 3 / 11 ...
 ------ 4 / 11 ...
 ------ 5 / 11 ...
 ------ 6 / 11 ...
 ------ 7 / 11 ...
 ------ 8 / 11 ...
 ------ 9 / 11 ...
 ------ 10 / 11 ...
 ------ 11 / 11 ...
(10, 28)

Profiling for Stage (10, 28) with bs(16)
 ------ 1 / 11 ...
 ------ 2 / 11 ...
 ------ 3 / 11 ...
 ------ 4 / 11 ...
 ------ 5 / 11 ...
 ------ 6 / 11 ...
 ------ 7 / 11 ...
 ------ 8 / 11 ...
 ------ 9 / 11 ...
 ------ 10 / 11 ...
 ------ 11 / 11 ...
 ------ 1 / 11 ...
 ------ 2 / 11 ...
 ------ 3 / 11 ...
 ------ 4 / 11 ...
 ------ 5 / 11 ...
 ------ 6 / 11 ...
 ------ 7 / 11 ...
 ------ 8 / 11 ...
 ------ 9 / 11 ...
 ------ 10 / 11 ...
 ------ 11 / 11 ...
98.0
91.0
103.0
100.0
102.0
91.0
111.0
95.0
132.0
93.0
321.0
312.0
309.0
309.0
309.0
309.0
309.0
309.0
322.0
323.0
2618.0
2653.0
2606.0
2684.0
2685.0
2647.0
2623.0
2673.0
2605.0
2642.0
248667.0
90698.0
90610.0
90940.0
90644.0
90749.0
90407.0
90615.0
90664.0
90507.0
[203, 626, 5287, 212900]

Mean FP TimeList
[[113316, 3882, 31192], [82814, 38971, 15595], [98433, 19769, 31185], [112534, 39186, 13]]

Mean BP TimeList
[[275525, 42803, 2932], [207890, 58526, 31178], [291720, 58580, 15602], [352086, 39210, 31886]]

Mean DPOH TimeList
[203, 626, 5287, 212900]

FP TimeList
[[113316, 70163], [82814, 35364], [98433, 70371], [112534, 39210]]

BP TimeList
[[352086, 90466], [291720, 74128], [207890, 73981], [275525, 2932]]

Time Chart for FP
[113316]
[113316, 70163]
[113316, 70163, 82814]
[113316, 70163, 82814, 35364]
[82814, 35364, 98433]
[82814, 35364, 98433, 70371]
[98433, 70371, 112534]
[98433, 70371, 112534, 39210]
[112534, 39210]
[112534, 39210]

FP for each step:  [113316, 113316, 113316, 113316, 98433, 98433, 112534, 112534, 112534, 112534]

Time Chart for BP
[39210, 352086]
[352086, 90466]
[352086, 90466, 291720]
[352086, 90466, 291720, 74128]
[291720, 74128, 207890]
[291720, 74128, 207890, 73981]
[207890, 73981, 275525]
[207890, 73981, 275525, 2932]
[275525, 2932]
[275525, 2932]

BP for each step:  [352086, 352086, 352086, 352086, 291720, 291720, 275525, 275525, 275525, 275525]
Time without overhead: 4.19415 s

Total Time: 4.19415 s
