<<<<<<< HEAD
Reshaping [N, M] = [28,8]
========== Partition ==========
# of layers : 28
# of workers: 8
stage     layer     reps   cost
    1   1->  28       8  23750.8
Pipeline bottleneck cost: 23750.8
=======
========== Stats ==========
iters 10
batchSize 32
numMicro 8
machine 4
log_dir _timeline/vgg
file ./_partition/partition_8_vgg_32_8.txt
model vgg
===========================
Number of Stages: 1
(0, 28)

Profiling for Stage (0, 28) with bs(1)
 ------ 1 / 11 ...
 ------ 2 / 11 ...
 ------ 3 / 11 ...
 ------ 4 / 11 ...
 ------ 5 / 11 ...
 ------ 6 / 11 ...
 ------ 7 / 11 ...
 ------ 8 / 11 ...
 ------ 9 / 11 ...
 ------ 10 / 11 ...
 ------ 11 / 11 ...
 ------ 1 / 11 ...
 ------ 2 / 11 ...
 ------ 3 / 11 ...
 ------ 4 / 11 ...
 ------ 5 / 11 ...
 ------ 6 / 11 ...
 ------ 7 / 11 ...
 ------ 8 / 11 ...
 ------ 9 / 11 ...
 ------ 10 / 11 ...
 ------ 11 / 11 ...
201791.0
425790.0
93671.0
93869.0
93811.0
93734.0
94078.0
93644.0
93761.0
93419.0
[275513]

Mean FP TimeList
[[40569, 309, 6]]

Mean BP TimeList
[[132330, 473, 191]]

Mean DPOH TimeList
[275513]

FP TimeList
[[40569, 473]]

BP TimeList
[[132330, 191]]

Time Chart for FP
[40569]
[40569, 473]
[40569, 473]
[40569, 473]
[40569, 473]
[40569, 473]
[40569, 473]
[40569, 473]

FP for each step:  [40569, 40569, 40569, 40569, 40569, 40569, 40569, 40569]

Time Chart for BP
[473, 132330]
[132330, 191]
[132330, 191]
[132330, 191]
[132330, 191]
[132330, 191]
[132330, 191]
[132330, 191]

BP for each step:  [132330, 132330, 132330, 132330, 132330, 132330, 132330, 132330]
Time without overhead: 1.383192 s

Total Time: 1.658705 s
>>>>>>> 159326b283c2f9476111678d6a824d883a9eaaab
