<<<<<<< HEAD
Reshaping [N, M] = [28,4]
========== Partition ==========
# of layers : 28
# of workers: 4
stage     layer     reps   cost
    1   1->  28       4  46782.2
Pipeline bottleneck cost: 46782.2
=======
========== Stats ==========
iters 10
batchSize 64
numMicro 16
machine 4
log_dir _timeline/vgg
file ./_partition/partition_4_vgg_64_16.txt
model vgg
===========================
Number of Stages: 1
(0, 28)

Profiling for Stage (0, 28) with bs(1)
 ------ 1 / 11 ...
 ------ 2 / 11 ...
 ------ 3 / 11 ...
 ------ 4 / 11 ...
 ------ 5 / 11 ...
 ------ 6 / 11 ...
 ------ 7 / 11 ...
 ------ 8 / 11 ...
 ------ 9 / 11 ...
 ------ 10 / 11 ...
 ------ 11 / 11 ...
 ------ 1 / 11 ...
 ------ 2 / 11 ...
 ------ 3 / 11 ...
 ------ 4 / 11 ...
 ------ 5 / 11 ...
 ------ 6 / 11 ...
 ------ 7 / 11 ...
 ------ 8 / 11 ...
 ------ 9 / 11 ...
 ------ 10 / 11 ...
 ------ 11 / 11 ...
373134.0
387084.0
93816.0
93829.0
93554.0
93868.0
93888.0
93882.0
93839.0
93954.0
[302169]

Mean FP TimeList
[[40475, 381, 7]]

Mean BP TimeList
[[132672, 355, 191]]

Mean DPOH TimeList
[302169]

FP TimeList
[[40475, 355]]

BP TimeList
[[132672, 191]]

Time Chart for FP
[40475]
[40475, 355]
[40475, 355]
[40475, 355]
[40475, 355]
[40475, 355]
[40475, 355]
[40475, 355]
[40475, 355]
[40475, 355]
[40475, 355]
[40475, 355]
[40475, 355]
[40475, 355]
[40475, 355]
[40475, 355]

FP for each step:  [40475, 40475, 40475, 40475, 40475, 40475, 40475, 40475, 40475, 40475, 40475, 40475, 40475, 40475, 40475, 40475]

Time Chart for BP
[355, 132672]
[132672, 191]
[132672, 191]
[132672, 191]
[132672, 191]
[132672, 191]
[132672, 191]
[132672, 191]
[132672, 191]
[132672, 191]
[132672, 191]
[132672, 191]
[132672, 191]
[132672, 191]
[132672, 191]
[132672, 191]

BP for each step:  [132672, 132672, 132672, 132672, 132672, 132672, 132672, 132672, 132672, 132672, 132672, 132672, 132672, 132672, 132672, 132672]
Time without overhead: 2.770352 s

Total Time: 3.072521 s
>>>>>>> 159326b283c2f9476111678d6a824d883a9eaaab
