<<<<<<< HEAD
Reshaping [N, M] = [28,2]
========== Partition ==========
# of layers : 28
# of workers: 2
stage     layer     reps   cost
    1   1->  28       2    93418
Pipeline bottleneck cost: 93418
=======
========== Stats ==========
iters 10
batchSize 64
numMicro 16
machine 4
log_dir _timeline/vgg
file ./_partition/partition_2_vgg_64_16.txt
model vgg
===========================
Number of Stages: 1
(0, 28)

Profiling for Stage (0, 28) with bs(2)
 ------ 1 / 11 ...
 ------ 2 / 11 ...
 ------ 3 / 11 ...
 ------ 4 / 11 ...
 ------ 5 / 11 ...
 ------ 6 / 11 ...
 ------ 7 / 11 ...
 ------ 8 / 11 ...
 ------ 9 / 11 ...
 ------ 10 / 11 ...
 ------ 11 / 11 ...
 ------ 1 / 11 ...
 ------ 2 / 11 ...
 ------ 3 / 11 ...
 ------ 4 / 11 ...
 ------ 5 / 11 ...
 ------ 6 / 11 ...
 ------ 7 / 11 ...
 ------ 8 / 11 ...
 ------ 9 / 11 ...
 ------ 10 / 11 ...
 ------ 11 / 11 ...
316509.0
557079.0
93730.0
93978.0
93221.0
93917.0
93697.0
93768.0
93716.0
93868.0
[324696]

Mean FP TimeList
[[76994, 650, 8]]

Mean BP TimeList
[[226842, 816, 372]]

Mean DPOH TimeList
[324696]

FP TimeList
[[76994, 816]]

BP TimeList
[[226842, 372]]

Time Chart for FP
[76994]
[76994, 816]
[76994, 816]
[76994, 816]
[76994, 816]
[76994, 816]
[76994, 816]
[76994, 816]
[76994, 816]
[76994, 816]
[76994, 816]
[76994, 816]
[76994, 816]
[76994, 816]
[76994, 816]
[76994, 816]

FP for each step:  [76994, 76994, 76994, 76994, 76994, 76994, 76994, 76994, 76994, 76994, 76994, 76994, 76994, 76994, 76994, 76994]

Time Chart for BP
[816, 226842]
[226842, 372]
[226842, 372]
[226842, 372]
[226842, 372]
[226842, 372]
[226842, 372]
[226842, 372]
[226842, 372]
[226842, 372]
[226842, 372]
[226842, 372]
[226842, 372]
[226842, 372]
[226842, 372]
[226842, 372]

BP for each step:  [226842, 226842, 226842, 226842, 226842, 226842, 226842, 226842, 226842, 226842, 226842, 226842, 226842, 226842, 226842, 226842]
Time without overhead: 4.861376 s

Total Time: 5.186072 s
>>>>>>> 159326b283c2f9476111678d6a824d883a9eaaab
