========== Stats ==========
iters 10
batchSize 32
numMicro 8
machine 4
log_dir _timeline/vgg
file ./_partition/partition_4_vgg_32_8.txt
model vgg
===========================
Number of Stages: 1
(0, 28)

Profiling for Stage (0, 28) with bs(1)
 ------ 1 / 11 ...
 ------ 2 / 11 ...
 ------ 3 / 11 ...
 ------ 4 / 11 ...
 ------ 5 / 11 ...
 ------ 6 / 11 ...
 ------ 7 / 11 ...
 ------ 8 / 11 ...
 ------ 9 / 11 ...
 ------ 10 / 11 ...
 ------ 11 / 11 ...
 ------ 1 / 11 ...
 ------ 2 / 11 ...
 ------ 3 / 11 ...
 ------ 4 / 11 ...
 ------ 5 / 11 ...
 ------ 6 / 11 ...
 ------ 7 / 11 ...
 ------ 8 / 11 ...
 ------ 9 / 11 ...
 ------ 10 / 11 ...
 ------ 11 / 11 ...
308458.0
553854.0
94091.0
93272.0
93169.0
93714.0
93597.0
93652.0
93981.0
93068.0
[322171]

Mean FP TimeList
[[40460, 310, 8]]

Mean BP TimeList
[[132361, 489, 188]]

Mean DPOH TimeList
[322171]

FP TimeList
[[40460, 489]]

BP TimeList
[[132361, 188]]

Time Chart for FP
[40460]
[40460, 489]
[40460, 489]
[40460, 489]
[40460, 489]
[40460, 489]
[40460, 489]
[40460, 489]

FP for each step:  [40460, 40460, 40460, 40460, 40460, 40460, 40460, 40460]

Time Chart for BP
[489, 132361]
[132361, 188]
[132361, 188]
[132361, 188]
[132361, 188]
[132361, 188]
[132361, 188]
[132361, 188]

BP for each step:  [132361, 132361, 132361, 132361, 132361, 132361, 132361, 132361]
Time without overhead: 1.382568 s

Total Time: 1.704739 s
