========== Stats ==========
iters 10
batchSize 16
numMicro 4
machine 4
log_dir _timeline/vgg
file ./_partition/partition_2_vgg_16_4.txt
model vgg
===========================
Number of Stages: 1
(0, 28)

Profiling for Stage (0, 28) with bs(2)
 ------ 1 / 11 ...
 ------ 2 / 11 ...
 ------ 3 / 11 ...
 ------ 4 / 11 ...
 ------ 5 / 11 ...
 ------ 6 / 11 ...
 ------ 7 / 11 ...
 ------ 8 / 11 ...
 ------ 9 / 11 ...
 ------ 10 / 11 ...
 ------ 11 / 11 ...
 ------ 1 / 11 ...
 ------ 2 / 11 ...
 ------ 3 / 11 ...
 ------ 4 / 11 ...
 ------ 5 / 11 ...
 ------ 6 / 11 ...
 ------ 7 / 11 ...
 ------ 8 / 11 ...
 ------ 9 / 11 ...
 ------ 10 / 11 ...
 ------ 11 / 11 ...
313485.0
551899.0
93675.0
93445.0
93748.0
93804.0
93225.0
93580.0
93757.0
93856.0
[322894]

Mean FP TimeList
[[76913, 658, 7]]

Mean BP TimeList
[[226492, 840, 376]]

Mean DPOH TimeList
[322894]

FP TimeList
[[76913, 840]]

BP TimeList
[[226492, 376]]

Time Chart for FP
[76913]
[76913, 840]
[76913, 840]
[76913, 840]

FP for each step:  [76913, 76913, 76913, 76913]

Time Chart for BP
[840, 226492]
[226492, 376]
[226492, 376]
[226492, 376]

BP for each step:  [226492, 226492, 226492, 226492]
Time without overhead: 1.21362 s

Total Time: 1.536514 s
