========== Stats ==========
iters 10
batchSize 128
numMicro 8
machine 4
log_dir _timeline/vgg
file ./_partition/partition_8_vgg_128_8.txt
model vgg
===========================
Number of Stages: 4
(3, 6)

Profiling for Stage (3, 6) with bs(16)
 ------ 1 / 11 ...
 ------ 2 / 11 ...
 ------ 3 / 11 ...
 ------ 4 / 11 ...
 ------ 5 / 11 ...
 ------ 6 / 11 ...
 ------ 7 / 11 ...
 ------ 8 / 11 ...
 ------ 9 / 11 ...
 ------ 10 / 11 ...
 ------ 11 / 11 ...
 ------ 1 / 11 ...
 ------ 2 / 11 ...
 ------ 3 / 11 ...
 ------ 4 / 11 ...
 ------ 5 / 11 ...
 ------ 6 / 11 ...
 ------ 7 / 11 ...
 ------ 8 / 11 ...
 ------ 9 / 11 ...
 ------ 10 / 11 ...
 ------ 11 / 11 ...
(6, 11)

Profiling for Stage (6, 11) with bs(16)
 ------ 1 / 11 ...
 ------ 2 / 11 ...
 ------ 3 / 11 ...
 ------ 4 / 11 ...
 ------ 5 / 11 ...
 ------ 6 / 11 ...
 ------ 7 / 11 ...
 ------ 8 / 11 ...
 ------ 9 / 11 ...
 ------ 10 / 11 ...
 ------ 11 / 11 ...
 ------ 1 / 11 ...
 ------ 2 / 11 ...
 ------ 3 / 11 ...
 ------ 4 / 11 ...
 ------ 5 / 11 ...
 ------ 6 / 11 ...
 ------ 7 / 11 ...
 ------ 8 / 11 ...
 ------ 9 / 11 ...
 ------ 10 / 11 ...
 ------ 11 / 11 ...
(11, 28)

Profiling for Stage (11, 28) with bs(16)
 ------ 1 / 11 ...
 ------ 2 / 11 ...
 ------ 3 / 11 ...
 ------ 4 / 11 ...
 ------ 5 / 11 ...
 ------ 6 / 11 ...
 ------ 7 / 11 ...
 ------ 8 / 11 ...
 ------ 9 / 11 ...
 ------ 10 / 11 ...
 ------ 11 / 11 ...
 ------ 1 / 11 ...
 ------ 2 / 11 ...
 ------ 3 / 11 ...
 ------ 4 / 11 ...
 ------ 5 / 11 ...
 ------ 6 / 11 ...
 ------ 7 / 11 ...
 ------ 8 / 11 ...
 ------ 9 / 11 ...
 ------ 10 / 11 ...
 ------ 11 / 11 ...
(0, 3)

Profiling for Stage (0, 3) with bs(3)
 ------ 1 / 11 ...
 ------ 2 / 11 ...
 ------ 3 / 11 ...
 ------ 4 / 11 ...
 ------ 5 / 11 ...
 ------ 6 / 11 ...
 ------ 7 / 11 ...
 ------ 8 / 11 ...
 ------ 9 / 11 ...
 ------ 10 / 11 ...
 ------ 11 / 11 ...
 ------ 1 / 11 ...
 ------ 2 / 11 ...
 ------ 3 / 11 ...
 ------ 4 / 11 ...
 ------ 5 / 11 ...
 ------ 6 / 11 ...
 ------ 7 / 11 ...
 ------ 8 / 11 ...
 ------ 9 / 11 ...
 ------ 10 / 11 ...
 ------ 11 / 11 ...
97.0
61.0
118.0
75.0
74.0
165.0
117.0
64.0
77.0
106.0
330.0
309.0
309.0
308.0
309.0
338.0
320.0
309.0
298.0
309.0
2829.0
2759.0
2680.0
2757.0
2747.0
2603.0
2770.0
2719.0
2806.0
2786.0
90610.0
446228.0
90785.0
90377.0
90595.0
90812.0
91074.0
90408.0
90646.0
90646.0
[190, 627, 5491, 252436]

Mean FP TimeList
[[20534, 873, 5847], [81293, 39073, 15588], [100963, 19484, 7802], [110494, 9813, 11]]

Mean BP TimeList
[[50087, 8136, 557], [207601, 58288, 31169], [287637, 29212, 15592], [344918, 9802, 7796]]

Mean DPOH TimeList
[190, 627, 5491, 252436]

FP TimeList
[[20534, 68308], [81293, 35072], [100963, 17615], [110494, 9802]]

BP TimeList
[[344918, 37008], [287637, 73880], [207601, 39305, 207601, 39305, 207601, 39305, 207601, 39305, 207601, 39305], [50087, 557]]

Time Chart for FP
[20534]
[20534, 68308]
[20534, 68308, 81293]
[20534, 68308, 81293, 35072]
[20534, 68308, 81293, 35072, 100963]
[20534, 68308, 81293, 35072, 100963, 17615]
[20534, 68308, 81293, 35072, 100963, 17615, 110494]
[20534, 68308, 81293, 35072, 100963, 17615, 110494, 9802]
[81293, 35072, 100963, 17615, 110494, 9802]
[81293, 35072, 100963, 17615, 110494, 9802]
[100963, 17615, 110494, 9802]
[100963, 17615, 110494, 9802]
[110494, 9802]
[110494, 9802]

FP for each step:  [20534, 68308, 81293, 81293, 100963, 100963, 110494, 110494, 110494, 110494, 110494, 110494, 110494, 110494]

Time Chart for BP
[9802, 344918]
[344918, 37008]
[344918, 37008, 287637]
[344918, 37008, 287637, 73880]
[344918, 37008, 287637, 73880, 207601]
[344918, 37008, 287637, 73880, 207601, 39305]
[344918, 37008, 287637, 73880, 207601, 39305, 50087]
[344918, 37008, 287637, 73880, 207601, 39305, 50087, 557]
[287637, 73880, 207601, 39305, 50087, 557]
[287637, 73880, 207601, 39305, 50087, 557]
[207601, 39305, 50087, 557]
[207601, 39305, 50087, 557]
[50087, 557]
[50087, 557]

BP for each step:  [344918, 344918, 344918, 344918, 344918, 344918, 344918, 344918, 287637, 287637, 207601, 207601, 50087, 50087]
Time without overhead: 5.1873 s

Total Time: 5.18749 s
