<<<<<<< HEAD
Reshaping [N, M] = [28,8]
========== Partition ==========
# of layers : 28
# of workers: 8
stage     layer     reps   cost
    1   1->  28       8  43780.2
Pipeline bottleneck cost: 43780.2
=======
========== Stats ==========
iters 10
batchSize 32
numMicro 4
machine 4
log_dir _timeline/vgg
file ./_partition/partition_8_vgg_32_4.txt
model vgg
===========================
Number of Stages: 2
(13, 28)

Profiling for Stage (13, 28) with bs(4)
 ------ 1 / 11 ...
 ------ 2 / 11 ...
 ------ 3 / 11 ...
 ------ 4 / 11 ...
 ------ 5 / 11 ...
 ------ 6 / 11 ...
 ------ 7 / 11 ...
 ------ 8 / 11 ...
 ------ 9 / 11 ...
 ------ 10 / 11 ...
 ------ 11 / 11 ...
 ------ 1 / 11 ...
 ------ 2 / 11 ...
 ------ 3 / 11 ...
 ------ 4 / 11 ...
 ------ 5 / 11 ...
 ------ 6 / 11 ...
 ------ 7 / 11 ...
 ------ 8 / 11 ...
 ------ 9 / 11 ...
 ------ 10 / 11 ...
 ------ 11 / 11 ...
(0, 13)

Profiling for Stage (0, 13) with bs(1)
 ------ 1 / 11 ...
 ------ 2 / 11 ...
 ------ 3 / 11 ...
 ------ 4 / 11 ...
 ------ 5 / 11 ...
 ------ 6 / 11 ...
 ------ 7 / 11 ...
 ------ 8 / 11 ...
 ------ 9 / 11 ...
 ------ 10 / 11 ...
 ------ 11 / 11 ...
 ------ 1 / 11 ...
 ------ 2 / 11 ...
 ------ 3 / 11 ...
 ------ 4 / 11 ...
 ------ 5 / 11 ...
 ------ 6 / 11 ...
 ------ 7 / 11 ...
 ------ 8 / 11 ...
 ------ 9 / 11 ...
 ------ 10 / 11 ...
 ------ 11 / 11 ...
7593.0
7266.0
7407.0
7591.0
7586.0
7599.0
7636.0
7546.0
7527.0
7467.0
315188.0
247897.0
86322.0
86411.0
86438.0
86384.0
86412.0
86338.0
86141.0
86502.0
[15043, 250806]

Mean FP TimeList
[[25728, 372, 986], [43631, 5036, 9]]

Mean BP TimeList
[[75108, 1699, 189], [130125, 5126, 3902]]

Mean DPOH TimeList
[15043, 250806]

FP TimeList
[[25728, 15988], [43631, 5126]]

BP TimeList
[[130125, 9503, 130125, 9503, 130125, 9503, 130125, 9503, 130125, 9503, 130125, 9503], [75108, 189]]

Time Chart for FP
[25728]
[25728, 15988]
[25728, 15988, 43631]
[25728, 15988, 43631, 5126]
[43631, 5126]
[43631, 5126]

FP for each step:  [25728, 25728, 43631, 43631, 43631, 43631]

Time Chart for BP
[5126, 130125]
[130125, 9503]
[130125, 9503, 75108]
[130125, 9503, 75108, 189]
[75108, 189]
[75108, 189]

BP for each step:  [130125, 130125, 130125, 130125, 75108, 75108]
Time without overhead: 0.896696 s

Total Time: 1.162545 s
>>>>>>> 159326b283c2f9476111678d6a824d883a9eaaab
