<<<<<<< HEAD
Reshaping [N, M] = [28,4]
========== Partition ==========
# of layers : 28
# of workers: 4
stage     layer     reps   cost
    1   1->   6       2   115520
    2   7->  28       2   126303
Pipeline bottleneck cost: 126303
=======
========== Stats ==========
iters 10
batchSize 32
numMicro 2
machine 4
log_dir _timeline/vgg
file ./_partition/partition_4_vgg_32_2.txt
model vgg
===========================
Number of Stages: 4
(0, 3)

Profiling for Stage (0, 3) with bs(16)
 ------ 1 / 11 ...
 ------ 2 / 11 ...
 ------ 3 / 11 ...
 ------ 4 / 11 ...
 ------ 5 / 11 ...
 ------ 6 / 11 ...
 ------ 7 / 11 ...
 ------ 8 / 11 ...
 ------ 9 / 11 ...
 ------ 10 / 11 ...
 ------ 11 / 11 ...
 ------ 1 / 11 ...
 ------ 2 / 11 ...
 ------ 3 / 11 ...
 ------ 4 / 11 ...
 ------ 5 / 11 ...
 ------ 6 / 11 ...
 ------ 7 / 11 ...
 ------ 8 / 11 ...
 ------ 9 / 11 ...
 ------ 10 / 11 ...
 ------ 11 / 11 ...
(3, 6)

Profiling for Stage (3, 6) with bs(16)
 ------ 1 / 11 ...
 ------ 2 / 11 ...
 ------ 3 / 11 ...
 ------ 4 / 11 ...
 ------ 5 / 11 ...
 ------ 6 / 11 ...
 ------ 7 / 11 ...
 ------ 8 / 11 ...
 ------ 9 / 11 ...
 ------ 10 / 11 ...
 ------ 11 / 11 ...
 ------ 1 / 11 ...
 ------ 2 / 11 ...
 ------ 3 / 11 ...
 ------ 4 / 11 ...
 ------ 5 / 11 ...
 ------ 6 / 11 ...
 ------ 7 / 11 ...
 ------ 8 / 11 ...
 ------ 9 / 11 ...
 ------ 10 / 11 ...
 ------ 11 / 11 ...
(6, 11)

Profiling for Stage (6, 11) with bs(16)
 ------ 1 / 11 ...
 ------ 2 / 11 ...
 ------ 3 / 11 ...
 ------ 4 / 11 ...
 ------ 5 / 11 ...
 ------ 6 / 11 ...
 ------ 7 / 11 ...
 ------ 8 / 11 ...
 ------ 9 / 11 ...
 ------ 10 / 11 ...
 ------ 11 / 11 ...
 ------ 1 / 11 ...
 ------ 2 / 11 ...
 ------ 3 / 11 ...
 ------ 4 / 11 ...
 ------ 5 / 11 ...
 ------ 6 / 11 ...
 ------ 7 / 11 ...
 ------ 8 / 11 ...
 ------ 9 / 11 ...
 ------ 10 / 11 ...
 ------ 11 / 11 ...
(11, 28)

Profiling for Stage (11, 28) with bs(16)
 ------ 1 / 11 ...
 ------ 2 / 11 ...
 ------ 3 / 11 ...
 ------ 4 / 11 ...
 ------ 5 / 11 ...
 ------ 6 / 11 ...
 ------ 7 / 11 ...
 ------ 8 / 11 ...
 ------ 9 / 11 ...
 ------ 10 / 11 ...
 ------ 11 / 11 ...
 ------ 1 / 11 ...
 ------ 2 / 11 ...
 ------ 3 / 11 ...
 ------ 4 / 11 ...
 ------ 5 / 11 ...
 ------ 6 / 11 ...
 ------ 7 / 11 ...
 ------ 8 / 11 ...
 ------ 9 / 11 ...
 ------ 10 / 11 ...
 ------ 11 / 11 ...
113.0
111.0
105.0
93.0
148.0
92.0
101.0
93.0
104.0
105.0
305.0
308.0
308.0
318.0
298.0
308.0
308.0
319.0
307.0
321.0
2683.0
2671.0
2643.0
2621.0
2611.0
2623.0
2693.0
2651.0
2686.0
2652.0
248536.0
418048.0
90780.0
90317.0
90643.0
90609.0
90800.0
90859.0
90849.0
90142.0
[213, 620, 5306, 278316]

Mean FP TimeList
[[113391, 3888, 31181], [82308, 39349, 15606], [100760, 19625, 7796], [112051, 9991, 10]]

Mean BP TimeList
[[275178, 42856, 2931], [207773, 58882, 31202], [288294, 29490, 15582], [346438, 9914, 7795]]

Mean DPOH TimeList
[213, 620, 5306, 278316]

FP TimeList
[[113391, 70530], [82308, 35231], [100760, 17787], [112051, 9914]]

BP TimeList
[[346438, 37285], [288294, 74464], [207773, 74058], [275178, 2931]]

Time Chart for FP
[113391]
[113391, 70530]
[82308]
[82308, 35231]
[100760]
[100760, 17787]
[112051]
[112051, 9914]

FP for each step:  [113391, 113391, 82308, 82308, 100760, 100760, 112051, 112051]

Time Chart for BP
[9914, 346438]
[346438, 37285]
[288294]
[288294, 74464]
[207773]
[207773, 74058]
[275178]
[275178, 2931]

BP for each step:  [346438, 346438, 288294, 288294, 207773, 207773, 275178, 275178]
Time without overhead: 3.052386 s

Total Time: 3.052386 s
>>>>>>> 159326b283c2f9476111678d6a824d883a9eaaab
