<<<<<<< HEAD
Reshaping [N, M] = [28,2]
========== Partition ==========
# of layers : 28
# of workers: 2
stage     layer     reps   cost
    1   1->  28       2   173138
Pipeline bottleneck cost: 173138
=======
========== Stats ==========
iters 10
batchSize 16
numMicro 2
machine 4
log_dir _timeline/vgg
file ./_partition/partition_2_vgg_16_2.txt
model vgg
===========================
Number of Stages: 2
(0, 8)

Profiling for Stage (0, 8) with bs(8)
 ------ 1 / 11 ...
 ------ 2 / 11 ...
 ------ 3 / 11 ...
 ------ 4 / 11 ...
 ------ 5 / 11 ...
 ------ 6 / 11 ...
 ------ 7 / 11 ...
 ------ 8 / 11 ...
 ------ 9 / 11 ...
 ------ 10 / 11 ...
 ------ 11 / 11 ...
 ------ 1 / 11 ...
 ------ 2 / 11 ...
 ------ 3 / 11 ...
 ------ 4 / 11 ...
 ------ 5 / 11 ...
 ------ 6 / 11 ...
 ------ 7 / 11 ...
 ------ 8 / 11 ...
 ------ 9 / 11 ...
 ------ 10 / 11 ...
 ------ 11 / 11 ...
(8, 28)

Profiling for Stage (8, 28) with bs(8)
 ------ 1 / 11 ...
 ------ 2 / 11 ...
 ------ 3 / 11 ...
 ------ 4 / 11 ...
 ------ 5 / 11 ...
 ------ 6 / 11 ...
 ------ 7 / 11 ...
 ------ 8 / 11 ...
 ------ 9 / 11 ...
 ------ 10 / 11 ...
 ------ 11 / 11 ...
 ------ 1 / 11 ...
 ------ 2 / 11 ...
 ------ 3 / 11 ...
 ------ 4 / 11 ...
 ------ 5 / 11 ...
 ------ 6 / 11 ...
 ------ 7 / 11 ...
 ------ 8 / 11 ...
 ------ 9 / 11 ...
 ------ 10 / 11 ...
 ------ 11 / 11 ...
1517.0
1513.0
1529.0
1529.0
1512.0
1543.0
1510.0
1561.0
1559.0
1547.0
268075.0
368208.0
91827.0
91766.0
92057.0
92431.0
92709.0
92510.0
92071.0
92362.0
[3064, 274803]

Mean FP TimeList
[[121524, 2090, 15607], [148650, 19625, 9]]

Mean BP TimeList
[[341230, 21433, 1466], [399683, 19620, 15585]]

Mean DPOH TimeList
[3064, 274803]

FP TimeList
[[121524, 35232], [148650, 19620]]

BP TimeList
[[399683, 37018], [341230, 1466]]

Time Chart for FP
[121524]
[121524, 35232]
[148650]
[148650, 19620]

FP for each step:  [121524, 121524, 148650, 148650]

Time Chart for BP
[19620, 399683]
[399683, 37018]
[341230]
[341230, 1466]

BP for each step:  [399683, 399683, 341230, 341230]
Time without overhead: 2.022174 s

Total Time: 2.022174 s
>>>>>>> 159326b283c2f9476111678d6a824d883a9eaaab
