========== Stats ==========
iters 10
batchSize 16
numMicro 8
machine 4
log_dir _timeline/vgg
file ./_partition/partition_8_vgg_16_8.txt
model vgg
===========================
Number of Stages: 1
(0, 28)

Profiling for Stage (0, 28) with bs(1)
 ------ 1 / 11 ...
 ------ 2 / 11 ...
 ------ 3 / 11 ...
 ------ 4 / 11 ...
 ------ 5 / 11 ...
 ------ 6 / 11 ...
 ------ 7 / 11 ...
 ------ 8 / 11 ...
 ------ 9 / 11 ...
 ------ 10 / 11 ...
 ------ 11 / 11 ...
 ------ 1 / 11 ...
 ------ 2 / 11 ...
 ------ 3 / 11 ...
 ------ 4 / 11 ...
 ------ 5 / 11 ...
 ------ 6 / 11 ...
 ------ 7 / 11 ...
 ------ 8 / 11 ...
 ------ 9 / 11 ...
 ------ 10 / 11 ...
 ------ 11 / 11 ...
342384.0
254351.0
93490.0
93732.0
364512.0
93881.0
93831.0
93916.0
93720.0
93774.0
[323518]

Mean FP TimeList
[[40483, 263, 6]]

Mean BP TimeList
[[132296, 491, 190]]

Mean DPOH TimeList
[323518]

FP TimeList
[[40483, 491]]

BP TimeList
[[132296, 190]]

Time Chart for FP
[40483]
[40483, 491]
[40483, 491]
[40483, 491]
[40483, 491]
[40483, 491]
[40483, 491]
[40483, 491]

FP for each step:  [40483, 40483, 40483, 40483, 40483, 40483, 40483, 40483]

Time Chart for BP
[491, 132296]
[132296, 190]
[132296, 190]
[132296, 190]
[132296, 190]
[132296, 190]
[132296, 190]
[132296, 190]

BP for each step:  [132296, 132296, 132296, 132296, 132296, 132296, 132296, 132296]
Time without overhead: 1.382232 s

Total Time: 1.70575 s
