<<<<<<< HEAD
Reshaping [N, M] = [28,8]
========== Partition ==========
# of layers : 28
# of workers: 8
stage     layer     reps   cost
    1   1->  28       8  43780.2
Pipeline bottleneck cost: 43780.2
=======
========== Stats ==========
iters 10
batchSize 16
numMicro 2
machine 4
log_dir _timeline/vgg
file ./_partition/partition_8_vgg_16_2.txt
model vgg
===========================
Number of Stages: 2
(13, 28)

Profiling for Stage (13, 28) with bs(4)
 ------ 1 / 11 ...
 ------ 2 / 11 ...
 ------ 3 / 11 ...
 ------ 4 / 11 ...
 ------ 5 / 11 ...
 ------ 6 / 11 ...
 ------ 7 / 11 ...
 ------ 8 / 11 ...
 ------ 9 / 11 ...
 ------ 10 / 11 ...
 ------ 11 / 11 ...
 ------ 1 / 11 ...
 ------ 2 / 11 ...
 ------ 3 / 11 ...
 ------ 4 / 11 ...
 ------ 5 / 11 ...
 ------ 6 / 11 ...
 ------ 7 / 11 ...
 ------ 8 / 11 ...
 ------ 9 / 11 ...
 ------ 10 / 11 ...
 ------ 11 / 11 ...
(0, 13)

Profiling for Stage (0, 13) with bs(1)
 ------ 1 / 11 ...
 ------ 2 / 11 ...
 ------ 3 / 11 ...
 ------ 4 / 11 ...
 ------ 5 / 11 ...
 ------ 6 / 11 ...
 ------ 7 / 11 ...
 ------ 8 / 11 ...
 ------ 9 / 11 ...
 ------ 10 / 11 ...
 ------ 11 / 11 ...
 ------ 1 / 11 ...
 ------ 2 / 11 ...
 ------ 3 / 11 ...
 ------ 4 / 11 ...
 ------ 5 / 11 ...
 ------ 6 / 11 ...
 ------ 7 / 11 ...
 ------ 8 / 11 ...
 ------ 9 / 11 ...
 ------ 10 / 11 ...
 ------ 11 / 11 ...
7375.0
7540.0
7345.0
7453.0
7414.0
7488.0
7562.0
7415.0
7199.0
7526.0
283253.0
547259.0
86312.0
86718.0
86381.0
86408.0
86393.0
86122.0
86299.0
86334.0
[14863, 304295]

Mean FP TimeList
[[25686, 399, 982], [43298, 5040, 7]]

Mean BP TimeList
[[75297, 1710, 189], [129676, 5164, 3904]]

Mean DPOH TimeList
[14863, 304295]

FP TimeList
[[25686, 15972], [43298, 5164]]

BP TimeList
[[129676, 9518, 129676, 9518, 129676, 9518, 129676, 9518, 129676, 9518, 129676, 9518], [75297, 189]]

Time Chart for FP
[25686]
[25686, 15972]
[43298]
[43298, 5164]

FP for each step:  [25686, 25686, 43298, 43298]

Time Chart for BP
[5164, 129676]
[129676, 9518]
[75297]
[75297, 189]

BP for each step:  [129676, 129676, 75297, 75297]
Time without overhead: 0.547914 s

Total Time: 0.867072 s
>>>>>>> 159326b283c2f9476111678d6a824d883a9eaaab
