<<<<<<< HEAD
Reshaping [N, M] = [28,8]
========== Partition ==========
# of layers : 28
# of workers: 8
stage     layer     reps   cost
    1   1->  28       8  11901.6
Pipeline bottleneck cost: 11901.6
=======
========== Stats ==========
iters 10
batchSize 32
numMicro 16
machine 4
log_dir _timeline/vgg
file ./_partition/partition_8_vgg_32_16.txt
model vgg
===========================
Number of Stages: 1
(0, 28)

Profiling for Stage (0, 28) with bs(1)
 ------ 1 / 11 ...
 ------ 2 / 11 ...
 ------ 3 / 11 ...
 ------ 4 / 11 ...
 ------ 5 / 11 ...
 ------ 6 / 11 ...
 ------ 7 / 11 ...
 ------ 8 / 11 ...
 ------ 9 / 11 ...
 ------ 10 / 11 ...
 ------ 11 / 11 ...
 ------ 1 / 11 ...
 ------ 2 / 11 ...
 ------ 3 / 11 ...
 ------ 4 / 11 ...
 ------ 5 / 11 ...
 ------ 6 / 11 ...
 ------ 7 / 11 ...
 ------ 8 / 11 ...
 ------ 9 / 11 ...
 ------ 10 / 11 ...
 ------ 11 / 11 ...
342287.0
553689.0
93978.0
93137.0
93890.0
94165.0
93321.0
93983.0
93772.0
93797.0
[329203]

Mean FP TimeList
[[40505, 272, 7]]

Mean BP TimeList
[[132801, 344, 190]]

Mean DPOH TimeList
[329203]

FP TimeList
[[40505, 344]]

BP TimeList
[[132801, 190]]

Time Chart for FP
[40505]
[40505, 344]
[40505, 344]
[40505, 344]
[40505, 344]
[40505, 344]
[40505, 344]
[40505, 344]
[40505, 344]
[40505, 344]
[40505, 344]
[40505, 344]
[40505, 344]
[40505, 344]
[40505, 344]
[40505, 344]

FP for each step:  [40505, 40505, 40505, 40505, 40505, 40505, 40505, 40505, 40505, 40505, 40505, 40505, 40505, 40505, 40505, 40505]

Time Chart for BP
[344, 132801]
[132801, 190]
[132801, 190]
[132801, 190]
[132801, 190]
[132801, 190]
[132801, 190]
[132801, 190]
[132801, 190]
[132801, 190]
[132801, 190]
[132801, 190]
[132801, 190]
[132801, 190]
[132801, 190]
[132801, 190]

BP for each step:  [132801, 132801, 132801, 132801, 132801, 132801, 132801, 132801, 132801, 132801, 132801, 132801, 132801, 132801, 132801, 132801]
Time without overhead: 2.772896 s

Total Time: 3.102099 s
>>>>>>> 159326b283c2f9476111678d6a824d883a9eaaab
