========== Stats ==========
iters 10
batchSize 128
numMicro 8
machine 4
log_dir _timeline/vgg
file ./_partition/partition_4_vgg_128_8.txt
model vgg
===========================
Number of Stages: 4
(0, 3)

Profiling for Stage (0, 3) with bs(16)
 ------ 1 / 11 ...
 ------ 2 / 11 ...
 ------ 3 / 11 ...
 ------ 4 / 11 ...
 ------ 5 / 11 ...
 ------ 6 / 11 ...
 ------ 7 / 11 ...
 ------ 8 / 11 ...
 ------ 9 / 11 ...
 ------ 10 / 11 ...
 ------ 11 / 11 ...
 ------ 1 / 11 ...
 ------ 2 / 11 ...
 ------ 3 / 11 ...
 ------ 4 / 11 ...
 ------ 5 / 11 ...
 ------ 6 / 11 ...
 ------ 7 / 11 ...
 ------ 8 / 11 ...
 ------ 9 / 11 ...
 ------ 10 / 11 ...
 ------ 11 / 11 ...
(3, 6)

Profiling for Stage (3, 6) with bs(16)
 ------ 1 / 11 ...
 ------ 2 / 11 ...
 ------ 3 / 11 ...
 ------ 4 / 11 ...
 ------ 5 / 11 ...
 ------ 6 / 11 ...
 ------ 7 / 11 ...
 ------ 8 / 11 ...
 ------ 9 / 11 ...
 ------ 10 / 11 ...
 ------ 11 / 11 ...
 ------ 1 / 11 ...
 ------ 2 / 11 ...
 ------ 3 / 11 ...
 ------ 4 / 11 ...
 ------ 5 / 11 ...
 ------ 6 / 11 ...
 ------ 7 / 11 ...
 ------ 8 / 11 ...
 ------ 9 / 11 ...
 ------ 10 / 11 ...
 ------ 11 / 11 ...
(6, 11)

Profiling for Stage (6, 11) with bs(16)
 ------ 1 / 11 ...
 ------ 2 / 11 ...
 ------ 3 / 11 ...
 ------ 4 / 11 ...
 ------ 5 / 11 ...
 ------ 6 / 11 ...
 ------ 7 / 11 ...
 ------ 8 / 11 ...
 ------ 9 / 11 ...
 ------ 10 / 11 ...
 ------ 11 / 11 ...
 ------ 1 / 11 ...
 ------ 2 / 11 ...
 ------ 3 / 11 ...
 ------ 4 / 11 ...
 ------ 5 / 11 ...
 ------ 6 / 11 ...
 ------ 7 / 11 ...
 ------ 8 / 11 ...
 ------ 9 / 11 ...
 ------ 10 / 11 ...
 ------ 11 / 11 ...
(11, 28)

Profiling for Stage (11, 28) with bs(16)
 ------ 1 / 11 ...
 ------ 2 / 11 ...
 ------ 3 / 11 ...
 ------ 4 / 11 ...
 ------ 5 / 11 ...
 ------ 6 / 11 ...
 ------ 7 / 11 ...
 ------ 8 / 11 ...
 ------ 9 / 11 ...
 ------ 10 / 11 ...
 ------ 11 / 11 ...
 ------ 1 / 11 ...
 ------ 2 / 11 ...
 ------ 3 / 11 ...
 ------ 4 / 11 ...
 ------ 5 / 11 ...
 ------ 6 / 11 ...
 ------ 7 / 11 ...
 ------ 8 / 11 ...
 ------ 9 / 11 ...
 ------ 10 / 11 ...
 ------ 11 / 11 ...
100.0
91.0
112.0
90.0
120.0
105.0
97.0
108.0
112.0
92.0
308.0
307.0
308.0
308.0
308.0
320.0
309.0
307.0
308.0
307.0
2652.0
2651.0
2682.0
2651.0
2685.0
2532.0
2654.0
2630.0
2652.0
2642.0
264029.0
445237.0
90406.0
90423.0
90765.0
90899.0
90249.0
90752.0
90207.0
90453.0
[205, 618, 5286, 286684]

Mean FP TimeList
[[112906, 3856, 31170], [82495, 39188, 15599], [100804, 19754, 7793], [110918, 9943, 13]]

Mean BP TimeList
[[274624, 42671, 2937], [207960, 58654, 31167], [288037, 29571, 15590], [346492, 9898, 7800]]

Mean DPOH TimeList
[205, 618, 5286, 286684]

FP TimeList
[[112906, 70358], [82495, 35353], [100804, 17736], [110918, 9898]]

BP TimeList
[[346492, 37371], [288037, 74244], [207960, 73838], [274624, 2937]]

Time Chart for FP
[112906]
[112906, 70358]
[112906, 70358, 82495]
[112906, 70358, 82495, 35353]
[112906, 70358, 82495, 35353, 100804]
[112906, 70358, 82495, 35353, 100804, 17736]
[112906, 70358, 82495, 35353, 100804, 17736, 110918]
[112906, 70358, 82495, 35353, 100804, 17736, 110918, 9898]
[82495, 35353, 100804, 17736, 110918, 9898]
[82495, 35353, 100804, 17736, 110918, 9898]
[100804, 17736, 110918, 9898]
[100804, 17736, 110918, 9898]
[110918, 9898]
[110918, 9898]

FP for each step:  [112906, 112906, 112906, 112906, 112906, 112906, 112906, 112906, 110918, 110918, 110918, 110918, 110918, 110918]

Time Chart for BP
[9898, 346492]
[346492, 37371]
[346492, 37371, 288037]
[346492, 37371, 288037, 74244]
[346492, 37371, 288037, 74244, 207960]
[346492, 37371, 288037, 74244, 207960, 73838]
[346492, 37371, 288037, 74244, 207960, 73838, 274624]
[346492, 37371, 288037, 74244, 207960, 73838, 274624, 2937]
[288037, 74244, 207960, 73838, 274624, 2937]
[288037, 74244, 207960, 73838, 274624, 2937]
[207960, 73838, 274624, 2937]
[207960, 73838, 274624, 2937]
[274624, 2937]
[274624, 2937]

BP for each step:  [346492, 346492, 346492, 346492, 346492, 346492, 346492, 346492, 288037, 288037, 274624, 274624, 274624, 274624]
Time without overhead: 6.015262 s

Total Time: 6.015262 s
