========== Stats ==========
iters 10
batchSize 16
numMicro 16
machine 4
log_dir _timeline/vgg
file ./_partition/partition_2_vgg_16_16.txt
model vgg
===========================
Number of Stages: 1
(0, 28)

Profiling for Stage (0, 28) with bs(1)
 ------ 1 / 11 ...
 ------ 2 / 11 ...
 ------ 3 / 11 ...
 ------ 4 / 11 ...
 ------ 5 / 11 ...
 ------ 6 / 11 ...
 ------ 7 / 11 ...
 ------ 8 / 11 ...
 ------ 9 / 11 ...
 ------ 10 / 11 ...
 ------ 11 / 11 ...
 ------ 1 / 11 ...
 ------ 2 / 11 ...
 ------ 3 / 11 ...
 ------ 4 / 11 ...
 ------ 5 / 11 ...
 ------ 6 / 11 ...
 ------ 7 / 11 ...
 ------ 8 / 11 ...
 ------ 9 / 11 ...
 ------ 10 / 11 ...
 ------ 11 / 11 ...
194647.0
393138.0
93852.0
93674.0
93801.0
93774.0
93871.0
93350.0
93904.0
94030.0
[267608]

Mean FP TimeList
[[40683, 425, 7]]

Mean BP TimeList
[[133042, 391, 190]]

Mean DPOH TimeList
[267608]

FP TimeList
[[40683, 391]]

BP TimeList
[[133042, 190]]

Time Chart for FP
[40683]
[40683, 391]
[40683, 391]
[40683, 391]
[40683, 391]
[40683, 391]
[40683, 391]
[40683, 391]
[40683, 391]
[40683, 391]
[40683, 391]
[40683, 391]
[40683, 391]
[40683, 391]
[40683, 391]
[40683, 391]

FP for each step:  [40683, 40683, 40683, 40683, 40683, 40683, 40683, 40683, 40683, 40683, 40683, 40683, 40683, 40683, 40683, 40683]

Time Chart for BP
[391, 133042]
[133042, 190]
[133042, 190]
[133042, 190]
[133042, 190]
[133042, 190]
[133042, 190]
[133042, 190]
[133042, 190]
[133042, 190]
[133042, 190]
[133042, 190]
[133042, 190]
[133042, 190]
[133042, 190]
[133042, 190]

BP for each step:  [133042, 133042, 133042, 133042, 133042, 133042, 133042, 133042, 133042, 133042, 133042, 133042, 133042, 133042, 133042, 133042]
Time without overhead: 2.7796 s

Total Time: 3.047208 s
