<<<<<<< HEAD
Reshaping [N, M] = [28,2]
========== Partition ==========
# of layers : 28
# of workers: 2
stage     layer     reps   cost
    1   1->  28       2    93418
Pipeline bottleneck cost: 93418
=======
========== Stats ==========
iters 10
batchSize 32
numMicro 8
machine 4
log_dir _timeline/vgg
file ./_partition/partition_2_vgg_32_8.txt
model vgg
===========================
Number of Stages: 1
(0, 28)

Profiling for Stage (0, 28) with bs(2)
 ------ 1 / 11 ...
 ------ 2 / 11 ...
 ------ 3 / 11 ...
 ------ 4 / 11 ...
 ------ 5 / 11 ...
 ------ 6 / 11 ...
 ------ 7 / 11 ...
 ------ 8 / 11 ...
 ------ 9 / 11 ...
 ------ 10 / 11 ...
 ------ 11 / 11 ...
 ------ 1 / 11 ...
 ------ 2 / 11 ...
 ------ 3 / 11 ...
 ------ 4 / 11 ...
 ------ 5 / 11 ...
 ------ 6 / 11 ...
 ------ 7 / 11 ...
 ------ 8 / 11 ...
 ------ 9 / 11 ...
 ------ 10 / 11 ...
 ------ 11 / 11 ...
302725.0
551423.0
93577.0
93837.0
93847.0
93348.0
93946.0
94041.0
94002.0
93251.0
[320799]

Mean FP TimeList
[[77123, 615, 7]]

Mean BP TimeList
[[227073, 640, 372]]

Mean DPOH TimeList
[320799]

FP TimeList
[[77123, 640]]

BP TimeList
[[227073, 372]]

Time Chart for FP
[77123]
[77123, 640]
[77123, 640]
[77123, 640]
[77123, 640]
[77123, 640]
[77123, 640]
[77123, 640]

FP for each step:  [77123, 77123, 77123, 77123, 77123, 77123, 77123, 77123]

Time Chart for BP
[640, 227073]
[227073, 372]
[227073, 372]
[227073, 372]
[227073, 372]
[227073, 372]
[227073, 372]
[227073, 372]

BP for each step:  [227073, 227073, 227073, 227073, 227073, 227073, 227073, 227073]
Time without overhead: 2.433568 s

Total Time: 2.754367 s
>>>>>>> 159326b283c2f9476111678d6a824d883a9eaaab
