<<<<<<< HEAD
Reshaping [N, M] = [28,4]
========== Partition ==========
# of layers : 28
# of workers: 4
stage     layer     reps   cost
    1   1->  28       4  87208.8
Pipeline bottleneck cost: 87208.8
=======
========== Stats ==========
iters 10
batchSize 16
numMicro 2
machine 4
log_dir _timeline/vgg
file ./_partition/partition_4_vgg_16_2.txt
model vgg
===========================
Number of Stages: 2
(13, 28)

Profiling for Stage (13, 28) with bs(8)
 ------ 1 / 11 ...
 ------ 2 / 11 ...
 ------ 3 / 11 ...
 ------ 4 / 11 ...
 ------ 5 / 11 ...
 ------ 6 / 11 ...
 ------ 7 / 11 ...
 ------ 8 / 11 ...
 ------ 9 / 11 ...
 ------ 10 / 11 ...
 ------ 11 / 11 ...
 ------ 1 / 11 ...
 ------ 2 / 11 ...
 ------ 3 / 11 ...
 ------ 4 / 11 ...
 ------ 5 / 11 ...
 ------ 6 / 11 ...
 ------ 7 / 11 ...
 ------ 8 / 11 ...
 ------ 9 / 11 ...
 ------ 10 / 11 ...
 ------ 11 / 11 ...
(0, 13)

Profiling for Stage (0, 13) with bs(2)
 ------ 1 / 11 ...
 ------ 2 / 11 ...
 ------ 3 / 11 ...
 ------ 4 / 11 ...
 ------ 5 / 11 ...
 ------ 6 / 11 ...
 ------ 7 / 11 ...
 ------ 8 / 11 ...
 ------ 9 / 11 ...
 ------ 10 / 11 ...
 ------ 11 / 11 ...
 ------ 1 / 11 ...
 ------ 2 / 11 ...
 ------ 3 / 11 ...
 ------ 4 / 11 ...
 ------ 5 / 11 ...
 ------ 6 / 11 ...
 ------ 7 / 11 ...
 ------ 8 / 11 ...
 ------ 9 / 11 ...
 ------ 10 / 11 ...
 ------ 11 / 11 ...
7449.0
7418.0
7431.0
7448.0
7444.0
7547.0
7510.0
7466.0
7417.0
7544.0
294271.0
248675.0
86223.0
86308.0
86334.0
86516.0
86212.0
86304.0
86724.0
86227.0
[14934, 246758]

Mean FP TimeList
[[51159, 618, 1959], [68511, 9959, 10]]

Mean BP TimeList
[[145104, 2855, 372], [191486, 9936, 7793]]

Mean DPOH TimeList
[14934, 246758]

FP TimeList
[[51159, 15836], [68511, 9936]]

BP TimeList
[[191486, 10648, 191486, 10648, 191486, 10648], [145104, 372]]

Time Chart for FP
[51159]
[51159, 15836]
[68511]
[68511, 9936]

FP for each step:  [51159, 51159, 68511, 68511]

Time Chart for BP
[9936, 191486]
[191486, 10648]
[145104]
[145104, 372]

BP for each step:  [191486, 191486, 145104, 145104]
Time without overhead: 0.91252 s

Total Time: 0.927454 s
>>>>>>> 159326b283c2f9476111678d6a824d883a9eaaab
