<<<<<<< HEAD
Reshaping [N, M] = [28,4]
========== Partition ==========
# of layers : 28
# of workers: 4
stage     layer     reps   cost
    1   1->  28       4    11855
Pipeline bottleneck cost: 11855
=======
========== Stats ==========
iters 10
batchSize 16
numMicro 16
machine 4
log_dir _timeline/vgg
file ./_partition/partition_4_vgg_16_16.txt
model vgg
===========================
Number of Stages: 1
(0, 28)

Profiling for Stage (0, 28) with bs(1)
 ------ 1 / 11 ...
 ------ 2 / 11 ...
 ------ 3 / 11 ...
 ------ 4 / 11 ...
 ------ 5 / 11 ...
 ------ 6 / 11 ...
 ------ 7 / 11 ...
 ------ 8 / 11 ...
 ------ 9 / 11 ...
 ------ 10 / 11 ...
 ------ 11 / 11 ...
 ------ 1 / 11 ...
 ------ 2 / 11 ...
 ------ 3 / 11 ...
 ------ 4 / 11 ...
 ------ 5 / 11 ...
 ------ 6 / 11 ...
 ------ 7 / 11 ...
 ------ 8 / 11 ...
 ------ 9 / 11 ...
 ------ 10 / 11 ...
 ------ 11 / 11 ...
380705.0
392506.0
93837.0
93914.0
93544.0
93922.0
93133.0
93154.0
93466.0
93109.0
[304258]

Mean FP TimeList
[[40266, 409, 9]]

Mean BP TimeList
[[132584, 386, 189]]

Mean DPOH TimeList
[304258]

FP TimeList
[[40266, 386]]

BP TimeList
[[132584, 189]]

Time Chart for FP
[40266]
[40266, 386]
[40266, 386]
[40266, 386]
[40266, 386]
[40266, 386]
[40266, 386]
[40266, 386]
[40266, 386]
[40266, 386]
[40266, 386]
[40266, 386]
[40266, 386]
[40266, 386]
[40266, 386]
[40266, 386]

FP for each step:  [40266, 40266, 40266, 40266, 40266, 40266, 40266, 40266, 40266, 40266, 40266, 40266, 40266, 40266, 40266, 40266]

Time Chart for BP
[386, 132584]
[132584, 189]
[132584, 189]
[132584, 189]
[132584, 189]
[132584, 189]
[132584, 189]
[132584, 189]
[132584, 189]
[132584, 189]
[132584, 189]
[132584, 189]
[132584, 189]
[132584, 189]
[132584, 189]
[132584, 189]

BP for each step:  [132584, 132584, 132584, 132584, 132584, 132584, 132584, 132584, 132584, 132584, 132584, 132584, 132584, 132584, 132584, 132584]
Time without overhead: 2.7656 s

Total Time: 3.069858 s
>>>>>>> 159326b283c2f9476111678d6a824d883a9eaaab
