<<<<<<< HEAD
Reshaping [N, M] = [28,8]
========== Partition ==========
# of layers : 28
# of workers: 8
stage     layer     reps   cost
    1   1->  28       8  5941.88
Pipeline bottleneck cost: 5941.88
=======
========== Stats ==========
iters 10
batchSize 16
numMicro 16
machine 4
log_dir _timeline/vgg
file ./_partition/partition_8_vgg_16_16.txt
model vgg
===========================
Number of Stages: 1
(0, 28)

Profiling for Stage (0, 28) with bs(1)
 ------ 1 / 11 ...
 ------ 2 / 11 ...
 ------ 3 / 11 ...
 ------ 4 / 11 ...
 ------ 5 / 11 ...
 ------ 6 / 11 ...
 ------ 7 / 11 ...
 ------ 8 / 11 ...
 ------ 9 / 11 ...
 ------ 10 / 11 ...
 ------ 11 / 11 ...
 ------ 1 / 11 ...
 ------ 2 / 11 ...
 ------ 3 / 11 ...
 ------ 4 / 11 ...
 ------ 5 / 11 ...
 ------ 6 / 11 ...
 ------ 7 / 11 ...
 ------ 8 / 11 ...
 ------ 9 / 11 ...
 ------ 10 / 11 ...
 ------ 11 / 11 ...
194879.0
392605.0
93743.0
93814.0
93612.0
93132.0
93899.0
93576.0
93878.0
93578.0
[267343]

Mean FP TimeList
[[40224, 404, 6]]

Mean BP TimeList
[[132580, 526, 189]]

Mean DPOH TimeList
[267343]

FP TimeList
[[40224, 526]]

BP TimeList
[[132580, 189]]

Time Chart for FP
[40224]
[40224, 526]
[40224, 526]
[40224, 526]
[40224, 526]
[40224, 526]
[40224, 526]
[40224, 526]
[40224, 526]
[40224, 526]
[40224, 526]
[40224, 526]
[40224, 526]
[40224, 526]
[40224, 526]
[40224, 526]

FP for each step:  [40224, 40224, 40224, 40224, 40224, 40224, 40224, 40224, 40224, 40224, 40224, 40224, 40224, 40224, 40224, 40224]

Time Chart for BP
[526, 132580]
[132580, 189]
[132580, 189]
[132580, 189]
[132580, 189]
[132580, 189]
[132580, 189]
[132580, 189]
[132580, 189]
[132580, 189]
[132580, 189]
[132580, 189]
[132580, 189]
[132580, 189]
[132580, 189]
[132580, 189]

BP for each step:  [132580, 132580, 132580, 132580, 132580, 132580, 132580, 132580, 132580, 132580, 132580, 132580, 132580, 132580, 132580, 132580]
Time without overhead: 2.764864 s

Total Time: 3.032207 s
>>>>>>> 159326b283c2f9476111678d6a824d883a9eaaab
