========== Stats ==========
iters 10
batchSize 32
numMicro 16
machine 4
log_dir _timeline/vgg
file ./_partition/partition_4_vgg_32_16.txt
model vgg
===========================
Number of Stages: 1
(0, 28)

Profiling for Stage (0, 28) with bs(1)
 ------ 1 / 11 ...
 ------ 2 / 11 ...
 ------ 3 / 11 ...
 ------ 4 / 11 ...
 ------ 5 / 11 ...
 ------ 6 / 11 ...
 ------ 7 / 11 ...
 ------ 8 / 11 ...
 ------ 9 / 11 ...
 ------ 10 / 11 ...
 ------ 11 / 11 ...
 ------ 1 / 11 ...
 ------ 2 / 11 ...
 ------ 3 / 11 ...
 ------ 4 / 11 ...
 ------ 5 / 11 ...
 ------ 6 / 11 ...
 ------ 7 / 11 ...
 ------ 8 / 11 ...
 ------ 9 / 11 ...
 ------ 10 / 11 ...
 ------ 11 / 11 ...
335918.0
258215.0
93833.0
93917.0
94222.0
93487.0
93999.0
366356.0
93912.0
93184.0
[323408]

Mean FP TimeList
[[40764, 320, 8]]

Mean BP TimeList
[[132488, 337, 191]]

Mean DPOH TimeList
[323408]

FP TimeList
[[40764, 337]]

BP TimeList
[[132488, 191]]

Time Chart for FP
[40764]
[40764, 337]
[40764, 337]
[40764, 337]
[40764, 337]
[40764, 337]
[40764, 337]
[40764, 337]
[40764, 337]
[40764, 337]
[40764, 337]
[40764, 337]
[40764, 337]
[40764, 337]
[40764, 337]
[40764, 337]

FP for each step:  [40764, 40764, 40764, 40764, 40764, 40764, 40764, 40764, 40764, 40764, 40764, 40764, 40764, 40764, 40764, 40764]

Time Chart for BP
[337, 132488]
[132488, 191]
[132488, 191]
[132488, 191]
[132488, 191]
[132488, 191]
[132488, 191]
[132488, 191]
[132488, 191]
[132488, 191]
[132488, 191]
[132488, 191]
[132488, 191]
[132488, 191]
[132488, 191]
[132488, 191]

BP for each step:  [132488, 132488, 132488, 132488, 132488, 132488, 132488, 132488, 132488, 132488, 132488, 132488, 132488, 132488, 132488, 132488]
Time without overhead: 2.772032 s

Total Time: 3.09544 s
