========== Stats ==========
iters 10
batchSize 64
numMicro 4
machine 4
log_dir _timeline/vgg
file ./_partition/partition_8_vgg_64_4.txt
model vgg
===========================
Number of Stages: 4
(3, 6)

Profiling for Stage (3, 6) with bs(16)
 ------ 1 / 11 ...
 ------ 2 / 11 ...
 ------ 3 / 11 ...
 ------ 4 / 11 ...
 ------ 5 / 11 ...
 ------ 6 / 11 ...
 ------ 7 / 11 ...
 ------ 8 / 11 ...
 ------ 9 / 11 ...
 ------ 10 / 11 ...
 ------ 11 / 11 ...
 ------ 1 / 11 ...
 ------ 2 / 11 ...
 ------ 3 / 11 ...
 ------ 4 / 11 ...
 ------ 5 / 11 ...
 ------ 6 / 11 ...
 ------ 7 / 11 ...
 ------ 8 / 11 ...
 ------ 9 / 11 ...
 ------ 10 / 11 ...
 ------ 11 / 11 ...
(6, 11)

Profiling for Stage (6, 11) with bs(16)
 ------ 1 / 11 ...
 ------ 2 / 11 ...
 ------ 3 / 11 ...
 ------ 4 / 11 ...
 ------ 5 / 11 ...
 ------ 6 / 11 ...
 ------ 7 / 11 ...
 ------ 8 / 11 ...
 ------ 9 / 11 ...
 ------ 10 / 11 ...
 ------ 11 / 11 ...
 ------ 1 / 11 ...
 ------ 2 / 11 ...
 ------ 3 / 11 ...
 ------ 4 / 11 ...
 ------ 5 / 11 ...
 ------ 6 / 11 ...
 ------ 7 / 11 ...
 ------ 8 / 11 ...
 ------ 9 / 11 ...
 ------ 10 / 11 ...
 ------ 11 / 11 ...
(11, 28)

Profiling for Stage (11, 28) with bs(16)
 ------ 1 / 11 ...
 ------ 2 / 11 ...
 ------ 3 / 11 ...
 ------ 4 / 11 ...
 ------ 5 / 11 ...
 ------ 6 / 11 ...
 ------ 7 / 11 ...
 ------ 8 / 11 ...
 ------ 9 / 11 ...
 ------ 10 / 11 ...
 ------ 11 / 11 ...
 ------ 1 / 11 ...
 ------ 2 / 11 ...
 ------ 3 / 11 ...
 ------ 4 / 11 ...
 ------ 5 / 11 ...
 ------ 6 / 11 ...
 ------ 7 / 11 ...
 ------ 8 / 11 ...
 ------ 9 / 11 ...
 ------ 10 / 11 ...
 ------ 11 / 11 ...
(0, 3)

Profiling for Stage (0, 3) with bs(3)
 ------ 1 / 11 ...
 ------ 2 / 11 ...
 ------ 3 / 11 ...
 ------ 4 / 11 ...
 ------ 5 / 11 ...
 ------ 6 / 11 ...
 ------ 7 / 11 ...
 ------ 8 / 11 ...
 ------ 9 / 11 ...
 ------ 10 / 11 ...
 ------ 11 / 11 ...
 ------ 1 / 11 ...
 ------ 2 / 11 ...
 ------ 3 / 11 ...
 ------ 4 / 11 ...
 ------ 5 / 11 ...
 ------ 6 / 11 ...
 ------ 7 / 11 ...
 ------ 8 / 11 ...
 ------ 9 / 11 ...
 ------ 10 / 11 ...
 ------ 11 / 11 ...
98.0
125.0
90.0
99.0
92.0
87.0
99.0
161.0
109.0
94.0
307.0
310.0
298.0
319.0
310.0
308.0
309.0
309.0
309.0
309.0
2592.0
2673.0
2634.0
2652.0
2672.0
2663.0
2593.0
2672.0
2631.0
2653.0
90267.0
442794.0
90727.0
90848.0
90621.0
90451.0
90203.0
90783.0
90347.0
90571.0
[210, 617, 5287, 251522]

Mean FP TimeList
[[20493, 888, 5855], [80836, 39235, 15593], [100958, 19691, 7801], [110523, 9800, 12]]

Mean BP TimeList
[[50372, 8170, 554], [208074, 58647, 31194], [287570, 29244, 15601], [345207, 9897, 7811]]

Mean DPOH TimeList
[210, 617, 5287, 251522]

FP TimeList
[[20493, 68510], [80836, 35284], [100958, 17601], [110523, 9897]]

BP TimeList
[[345207, 37055], [287570, 74248], [208074, 39364, 208074, 39364, 208074, 39364, 208074, 39364, 208074, 39364], [50372, 554]]

Time Chart for FP
[20493]
[20493, 68510]
[20493, 68510, 80836]
[20493, 68510, 80836, 35284]
[80836, 35284, 100958]
[80836, 35284, 100958, 17601]
[100958, 17601, 110523]
[100958, 17601, 110523, 9897]
[110523, 9897]
[110523, 9897]

FP for each step:  [20493, 68510, 80836, 80836, 100958, 100958, 110523, 110523, 110523, 110523]

Time Chart for BP
[9897, 345207]
[345207, 37055]
[345207, 37055, 287570]
[345207, 37055, 287570, 74248]
[287570, 74248, 208074]
[287570, 74248, 208074, 39364]
[208074, 39364, 50372]
[208074, 39364, 50372, 554]
[50372, 554]
[50372, 554]

BP for each step:  [345207, 345207, 345207, 345207, 287570, 287570, 208074, 208074, 50372, 50372]
Time without overhead: 3.367543 s

Total Time: 3.367753 s
