========== Stats ==========
iters 10
batchSize 64
numMicro 8
machine 4
log_dir _timeline/vgg
file ./_partition/partition_2_vgg_64_8.txt
model vgg
===========================
Number of Stages: 2
(0, 8)

Profiling for Stage (0, 8) with bs(8)
 ------ 1 / 11 ...
 ------ 2 / 11 ...
 ------ 3 / 11 ...
 ------ 4 / 11 ...
 ------ 5 / 11 ...
 ------ 6 / 11 ...
 ------ 7 / 11 ...
 ------ 8 / 11 ...
 ------ 9 / 11 ...
 ------ 10 / 11 ...
 ------ 11 / 11 ...
 ------ 1 / 11 ...
 ------ 2 / 11 ...
 ------ 3 / 11 ...
 ------ 4 / 11 ...
 ------ 5 / 11 ...
 ------ 6 / 11 ...
 ------ 7 / 11 ...
 ------ 8 / 11 ...
 ------ 9 / 11 ...
 ------ 10 / 11 ...
 ------ 11 / 11 ...
(8, 28)

Profiling for Stage (8, 28) with bs(8)
 ------ 1 / 11 ...
 ------ 2 / 11 ...
 ------ 3 / 11 ...
 ------ 4 / 11 ...
 ------ 5 / 11 ...
 ------ 6 / 11 ...
 ------ 7 / 11 ...
 ------ 8 / 11 ...
 ------ 9 / 11 ...
 ------ 10 / 11 ...
 ------ 11 / 11 ...
 ------ 1 / 11 ...
 ------ 2 / 11 ...
 ------ 3 / 11 ...
 ------ 4 / 11 ...
 ------ 5 / 11 ...
 ------ 6 / 11 ...
 ------ 7 / 11 ...
 ------ 8 / 11 ...
 ------ 9 / 11 ...
 ------ 10 / 11 ...
 ------ 11 / 11 ...
1591.0
1569.0
1588.0
1599.0
1548.0
1538.0
1572.0
1525.0
1564.0
1582.0
259379.0
364938.0
92040.0
91849.0
92134.0
92052.0
92107.0
92117.0
92087.0
92013.0
[3135, 272143]

Mean FP TimeList
[[121471, 2057, 15597], [148323, 19743, 10]]

Mean BP TimeList
[[341374, 21419, 1466], [399513, 19642, 15593]]

Mean DPOH TimeList
[3135, 272143]

FP TimeList
[[121471, 35340], [148323, 19642]]

BP TimeList
[[399513, 37012], [341374, 1466]]

Time Chart for FP
[121471]
[121471, 35340]
[121471, 35340, 148323]
[121471, 35340, 148323, 19642]
[121471, 35340, 148323, 19642]
[121471, 35340, 148323, 19642]
[121471, 35340, 148323, 19642]
[121471, 35340, 148323, 19642]
[148323, 19642]
[148323, 19642]

FP for each step:  [121471, 121471, 148323, 148323, 148323, 148323, 148323, 148323, 148323, 148323]

Time Chart for BP
[19642, 399513]
[399513, 37012]
[399513, 37012, 341374]
[399513, 37012, 341374, 1466]
[399513, 37012, 341374, 1466]
[399513, 37012, 341374, 1466]
[399513, 37012, 341374, 1466]
[399513, 37012, 341374, 1466]
[341374, 1466]
[341374, 1466]

BP for each step:  [399513, 399513, 399513, 399513, 399513, 399513, 399513, 399513, 341374, 341374]
Time without overhead: 5.308378 s

Total Time: 5.308378 s
