========== Stats ==========
iters 10
batchSize 32
numMicro 4
machine 4
log_dir _timeline/vgg
file ./_partition/partition_4_vgg_32_4.txt
model vgg
===========================
Number of Stages: 2
(13, 28)

Profiling for Stage (13, 28) with bs(8)
 ------ 1 / 11 ...
 ------ 2 / 11 ...
 ------ 3 / 11 ...
 ------ 4 / 11 ...
 ------ 5 / 11 ...
 ------ 6 / 11 ...
 ------ 7 / 11 ...
 ------ 8 / 11 ...
 ------ 9 / 11 ...
 ------ 10 / 11 ...
 ------ 11 / 11 ...
 ------ 1 / 11 ...
 ------ 2 / 11 ...
 ------ 3 / 11 ...
 ------ 4 / 11 ...
 ------ 5 / 11 ...
 ------ 6 / 11 ...
 ------ 7 / 11 ...
 ------ 8 / 11 ...
 ------ 9 / 11 ...
 ------ 10 / 11 ...
 ------ 11 / 11 ...
(0, 13)

Profiling for Stage (0, 13) with bs(2)
 ------ 1 / 11 ...
 ------ 2 / 11 ...
 ------ 3 / 11 ...
 ------ 4 / 11 ...
 ------ 5 / 11 ...
 ------ 6 / 11 ...
 ------ 7 / 11 ...
 ------ 8 / 11 ...
 ------ 9 / 11 ...
 ------ 10 / 11 ...
 ------ 11 / 11 ...
 ------ 1 / 11 ...
 ------ 2 / 11 ...
 ------ 3 / 11 ...
 ------ 4 / 11 ...
 ------ 5 / 11 ...
 ------ 6 / 11 ...
 ------ 7 / 11 ...
 ------ 8 / 11 ...
 ------ 9 / 11 ...
 ------ 10 / 11 ...
 ------ 11 / 11 ...
7527.0
7220.0
7531.0
7463.0
7510.0
7482.0
7446.0
7556.0
7467.0
7413.0
267664.0
366894.0
86383.0
86629.0
86455.0
86153.0
86543.0
86344.0
86589.0
86371.0
[14923, 265205]

Mean FP TimeList
[[51131, 615, 1959], [69394, 9833, 9]]

Mean BP TimeList
[[145021, 3081, 371], [192456, 9971, 7799]]

Mean DPOH TimeList
[14923, 265205]

FP TimeList
[[51131, 15710], [69394, 9971]]

BP TimeList
[[192456, 10880, 192456, 10880, 192456, 10880], [145021, 371]]

Time Chart for FP
[51131]
[51131, 15710]
[51131, 15710, 69394]
[51131, 15710, 69394, 9971]
[69394, 9971]
[69394, 9971]

FP for each step:  [51131, 51131, 69394, 69394, 69394, 69394]

Time Chart for BP
[9971, 192456]
[192456, 10880]
[192456, 10880, 145021]
[192456, 10880, 145021, 371]
[145021, 371]
[145021, 371]

BP for each step:  [192456, 192456, 192456, 192456, 145021, 145021]
Time without overhead: 1.439704 s

Total Time: 1.454627 s
