========== Stats ==========
iters 10
batchSize 64
numMicro 8
machine 4
log_dir _timeline/vgg
file ./_partition/partition_8_vgg_64_8.txt
model vgg
===========================
Number of Stages: 2
(13, 28)

Profiling for Stage (13, 28) with bs(4)
 ------ 1 / 11 ...
 ------ 2 / 11 ...
 ------ 3 / 11 ...
 ------ 4 / 11 ...
 ------ 5 / 11 ...
 ------ 6 / 11 ...
 ------ 7 / 11 ...
 ------ 8 / 11 ...
 ------ 9 / 11 ...
 ------ 10 / 11 ...
 ------ 11 / 11 ...
 ------ 1 / 11 ...
 ------ 2 / 11 ...
 ------ 3 / 11 ...
 ------ 4 / 11 ...
 ------ 5 / 11 ...
 ------ 6 / 11 ...
 ------ 7 / 11 ...
 ------ 8 / 11 ...
 ------ 9 / 11 ...
 ------ 10 / 11 ...
 ------ 11 / 11 ...
(0, 13)

Profiling for Stage (0, 13) with bs(1)
 ------ 1 / 11 ...
 ------ 2 / 11 ...
 ------ 3 / 11 ...
 ------ 4 / 11 ...
 ------ 5 / 11 ...
 ------ 6 / 11 ...
 ------ 7 / 11 ...
 ------ 8 / 11 ...
 ------ 9 / 11 ...
 ------ 10 / 11 ...
 ------ 11 / 11 ...
 ------ 1 / 11 ...
 ------ 2 / 11 ...
 ------ 3 / 11 ...
 ------ 4 / 11 ...
 ------ 5 / 11 ...
 ------ 6 / 11 ...
 ------ 7 / 11 ...
 ------ 8 / 11 ...
 ------ 9 / 11 ...
 ------ 10 / 11 ...
 ------ 11 / 11 ...
7274.0
7218.0
7511.0
7462.0
7837.0
7532.0
7477.0
7591.0
7508.0
7540.0
291375.0
265665.0
86694.0
86477.0
86466.0
86291.0
86194.0
86301.0
86261.0
86263.0
[14990, 249597]

Mean FP TimeList
[[25615, 379, 979], [44294, 4983, 8]]

Mean BP TimeList
[[74931, 1688, 189], [129224, 5087, 3901]]

Mean DPOH TimeList
[14990, 249597]

FP TimeList
[[25615, 15840], [44294, 5087]]

BP TimeList
[[129224, 9490, 129224, 9490, 129224, 9490, 129224, 9490, 129224, 9490, 129224, 9490], [74931, 189]]

Time Chart for FP
[25615]
[25615, 15840]
[25615, 15840, 44294]
[25615, 15840, 44294, 5087]
[25615, 15840, 44294, 5087]
[25615, 15840, 44294, 5087]
[25615, 15840, 44294, 5087]
[25615, 15840, 44294, 5087]
[44294, 5087]
[44294, 5087]

FP for each step:  [25615, 25615, 44294, 44294, 44294, 44294, 44294, 44294, 44294, 44294]

Time Chart for BP
[5087, 129224]
[129224, 9490]
[129224, 9490, 74931]
[129224, 9490, 74931, 189]
[129224, 9490, 74931, 189]
[129224, 9490, 74931, 189]
[129224, 9490, 74931, 189]
[129224, 9490, 74931, 189]
[74931, 189]
[74931, 189]

BP for each step:  [129224, 129224, 129224, 129224, 129224, 129224, 129224, 129224, 74931, 74931]
Time without overhead: 1.589236 s

Total Time: 1.853823 s
