========== Stats ==========
iters 10
batchSize 128
numMicro 16
machine 4
log_dir _timeline/vgg
file ./_partition/partition_2_vgg_128_16.txt
model vgg
===========================
Number of Stages: 2
(0, 8)

Profiling for Stage (0, 8) with bs(8)
 ------ 1 / 11 ...
 ------ 2 / 11 ...
 ------ 3 / 11 ...
 ------ 4 / 11 ...
 ------ 5 / 11 ...
 ------ 6 / 11 ...
 ------ 7 / 11 ...
 ------ 8 / 11 ...
 ------ 9 / 11 ...
 ------ 10 / 11 ...
 ------ 11 / 11 ...
 ------ 1 / 11 ...
 ------ 2 / 11 ...
 ------ 3 / 11 ...
 ------ 4 / 11 ...
 ------ 5 / 11 ...
 ------ 6 / 11 ...
 ------ 7 / 11 ...
 ------ 8 / 11 ...
 ------ 9 / 11 ...
 ------ 10 / 11 ...
 ------ 11 / 11 ...
(8, 28)

Profiling for Stage (8, 28) with bs(8)
 ------ 1 / 11 ...
 ------ 2 / 11 ...
 ------ 3 / 11 ...
 ------ 4 / 11 ...
 ------ 5 / 11 ...
 ------ 6 / 11 ...
 ------ 7 / 11 ...
 ------ 8 / 11 ...
 ------ 9 / 11 ...
 ------ 10 / 11 ...
 ------ 11 / 11 ...
 ------ 1 / 11 ...
 ------ 2 / 11 ...
 ------ 3 / 11 ...
 ------ 4 / 11 ...
 ------ 5 / 11 ...
 ------ 6 / 11 ...
 ------ 7 / 11 ...
 ------ 8 / 11 ...
 ------ 9 / 11 ...
 ------ 10 / 11 ...
 ------ 11 / 11 ...
1549.0
1548.0
1590.0
1498.0
1587.0
1552.0
1552.0
1556.0
1517.0
1569.0
93265.0
367213.0
92156.0
92197.0
91990.0
92363.0
92217.0
91718.0
92321.0
92339.0
[3103, 239555]

Mean FP TimeList
[[121349, 2078, 15599], [148442, 19591, 9]]

Mean BP TimeList
[[341642, 21585, 1471], [400295, 19787, 15595]]

Mean DPOH TimeList
[3103, 239555]

FP TimeList
[[121349, 35190], [148442, 19787]]

BP TimeList
[[400295, 37180], [341642, 1471]]

Time Chart for FP
[121349]
[121349, 35190]
[121349, 35190, 148442]
[121349, 35190, 148442, 19787]
[121349, 35190, 148442, 19787]
[121349, 35190, 148442, 19787]
[121349, 35190, 148442, 19787]
[121349, 35190, 148442, 19787]
[121349, 35190, 148442, 19787]
[121349, 35190, 148442, 19787]
[121349, 35190, 148442, 19787]
[121349, 35190, 148442, 19787]
[121349, 35190, 148442, 19787]
[121349, 35190, 148442, 19787]
[121349, 35190, 148442, 19787]
[121349, 35190, 148442, 19787]
[148442, 19787]
[148442, 19787]

FP for each step:  [121349, 121349, 148442, 148442, 148442, 148442, 148442, 148442, 148442, 148442, 148442, 148442, 148442, 148442, 148442, 148442, 148442, 148442]

Time Chart for BP
[19787, 400295]
[400295, 37180]
[400295, 37180, 341642]
[400295, 37180, 341642, 1471]
[400295, 37180, 341642, 1471]
[400295, 37180, 341642, 1471]
[400295, 37180, 341642, 1471]
[400295, 37180, 341642, 1471]
[400295, 37180, 341642, 1471]
[400295, 37180, 341642, 1471]
[400295, 37180, 341642, 1471]
[400295, 37180, 341642, 1471]
[400295, 37180, 341642, 1471]
[400295, 37180, 341642, 1471]
[400295, 37180, 341642, 1471]
[400295, 37180, 341642, 1471]
[341642, 1471]
[341642, 1471]

BP for each step:  [400295, 400295, 400295, 400295, 400295, 400295, 400295, 400295, 400295, 400295, 400295, 400295, 400295, 400295, 400295, 400295, 341642, 341642]
Time without overhead: 9.705774 s

Total Time: 9.705774 s
