========== Stats ==========
iters 10
batchSize 32
numMicro 16
machine 4
log_dir _timeline/vgg
file ./_partition/partition_2_vgg_32_16.txt
model vgg
===========================
Number of Stages: 1
(0, 28)

Profiling for Stage (0, 28) with bs(1)
 ------ 1 / 11 ...
 ------ 2 / 11 ...
 ------ 3 / 11 ...
 ------ 4 / 11 ...
 ------ 5 / 11 ...
 ------ 6 / 11 ...
 ------ 7 / 11 ...
 ------ 8 / 11 ...
 ------ 9 / 11 ...
 ------ 10 / 11 ...
 ------ 11 / 11 ...
 ------ 1 / 11 ...
 ------ 2 / 11 ...
 ------ 3 / 11 ...
 ------ 4 / 11 ...
 ------ 5 / 11 ...
 ------ 6 / 11 ...
 ------ 7 / 11 ...
 ------ 8 / 11 ...
 ------ 9 / 11 ...
 ------ 10 / 11 ...
 ------ 11 / 11 ...
392651.0
394634.0
93871.0
93963.0
93812.0
93712.0
93765.0
93722.0
93778.0
93761.0
[307533]

Mean FP TimeList
[[40432, 381, 8]]

Mean BP TimeList
[[132757, 599, 189]]

Mean DPOH TimeList
[307533]

FP TimeList
[[40432, 599]]

BP TimeList
[[132757, 189]]

Time Chart for FP
[40432]
[40432, 599]
[40432, 599]
[40432, 599]
[40432, 599]
[40432, 599]
[40432, 599]
[40432, 599]
[40432, 599]
[40432, 599]
[40432, 599]
[40432, 599]
[40432, 599]
[40432, 599]
[40432, 599]
[40432, 599]

FP for each step:  [40432, 40432, 40432, 40432, 40432, 40432, 40432, 40432, 40432, 40432, 40432, 40432, 40432, 40432, 40432, 40432]

Time Chart for BP
[599, 132757]
[132757, 189]
[132757, 189]
[132757, 189]
[132757, 189]
[132757, 189]
[132757, 189]
[132757, 189]
[132757, 189]
[132757, 189]
[132757, 189]
[132757, 189]
[132757, 189]
[132757, 189]
[132757, 189]
[132757, 189]

BP for each step:  [132757, 132757, 132757, 132757, 132757, 132757, 132757, 132757, 132757, 132757, 132757, 132757, 132757, 132757, 132757, 132757]
Time without overhead: 2.771024 s

Total Time: 3.078557 s
