<<<<<<< HEAD
Reshaping [N, M] = [28,8]
========== Partition ==========
# of layers : 28
# of workers: 8
stage     layer     reps   cost
    1   1->  28       8  23750.8
Pipeline bottleneck cost: 23750.8
=======
========== Stats ==========
iters 10
batchSize 16
numMicro 4
machine 4
log_dir _timeline/vgg
file ./_partition/partition_8_vgg_16_4.txt
model vgg
===========================
Number of Stages: 1
(0, 28)

Profiling for Stage (0, 28) with bs(1)
 ------ 1 / 11 ...
 ------ 2 / 11 ...
 ------ 3 / 11 ...
 ------ 4 / 11 ...
 ------ 5 / 11 ...
 ------ 6 / 11 ...
 ------ 7 / 11 ...
 ------ 8 / 11 ...
 ------ 9 / 11 ...
 ------ 10 / 11 ...
 ------ 11 / 11 ...
 ------ 1 / 11 ...
 ------ 2 / 11 ...
 ------ 3 / 11 ...
 ------ 4 / 11 ...
 ------ 5 / 11 ...
 ------ 6 / 11 ...
 ------ 7 / 11 ...
 ------ 8 / 11 ...
 ------ 9 / 11 ...
 ------ 10 / 11 ...
 ------ 11 / 11 ...
354886.0
253272.0
93714.0
94123.0
93733.0
93885.0
365297.0
93800.0
93638.0
93737.0
[326017]

Mean FP TimeList
[[40387, 329, 7]]

Mean BP TimeList
[[132398, 435, 191]]

Mean DPOH TimeList
[326017]

FP TimeList
[[40387, 435]]

BP TimeList
[[132398, 191]]

Time Chart for FP
[40387]
[40387, 435]
[40387, 435]
[40387, 435]

FP for each step:  [40387, 40387, 40387, 40387]

Time Chart for BP
[435, 132398]
[132398, 191]
[132398, 191]
[132398, 191]

BP for each step:  [132398, 132398, 132398, 132398]
Time without overhead: 0.69114 s

Total Time: 1.017157 s
>>>>>>> 159326b283c2f9476111678d6a824d883a9eaaab
