========== Stats ==========
iters 10
batchSize 128
numMicro 16
machine 4
log_dir _timeline/vgg
file ./_partition/partition_8_vgg_128_16.txt
model vgg
===========================
Number of Stages: 2
(13, 28)

Profiling for Stage (13, 28) with bs(4)
 ------ 1 / 11 ...
 ------ 2 / 11 ...
 ------ 3 / 11 ...
 ------ 4 / 11 ...
 ------ 5 / 11 ...
 ------ 6 / 11 ...
 ------ 7 / 11 ...
 ------ 8 / 11 ...
 ------ 9 / 11 ...
 ------ 10 / 11 ...
 ------ 11 / 11 ...
 ------ 1 / 11 ...
 ------ 2 / 11 ...
 ------ 3 / 11 ...
 ------ 4 / 11 ...
 ------ 5 / 11 ...
 ------ 6 / 11 ...
 ------ 7 / 11 ...
 ------ 8 / 11 ...
 ------ 9 / 11 ...
 ------ 10 / 11 ...
 ------ 11 / 11 ...
(0, 13)

Profiling for Stage (0, 13) with bs(1)
 ------ 1 / 11 ...
 ------ 2 / 11 ...
 ------ 3 / 11 ...
 ------ 4 / 11 ...
 ------ 5 / 11 ...
 ------ 6 / 11 ...
 ------ 7 / 11 ...
 ------ 8 / 11 ...
 ------ 9 / 11 ...
 ------ 10 / 11 ...
 ------ 11 / 11 ...
 ------ 1 / 11 ...
 ------ 2 / 11 ...
 ------ 3 / 11 ...
 ------ 4 / 11 ...
 ------ 5 / 11 ...
 ------ 6 / 11 ...
 ------ 7 / 11 ...
 ------ 8 / 11 ...
 ------ 9 / 11 ...
 ------ 10 / 11 ...
 ------ 11 / 11 ...
7368.0
7672.0
7626.0
7501.0
7987.0
7492.0
7443.0
7465.0
7414.0
7773.0
315185.0
246390.0
86425.0
86223.0
86509.0
86460.0
86132.0
86254.0
86270.0
86131.0
[15148, 250395]

Mean FP TimeList
[[25705, 402, 980], [43570, 5027, 9]]

Mean BP TimeList
[[75031, 1680, 189], [129180, 5200, 3904]]

Mean DPOH TimeList
[15148, 250395]

FP TimeList
[[25705, 15934], [43570, 5200]]

BP TimeList
[[129180, 9488, 129180, 9488, 129180, 9488, 129180, 9488, 129180, 9488, 129180, 9488], [75031, 189]]

Time Chart for FP
[25705]
[25705, 15934]
[25705, 15934, 43570]
[25705, 15934, 43570, 5200]
[25705, 15934, 43570, 5200]
[25705, 15934, 43570, 5200]
[25705, 15934, 43570, 5200]
[25705, 15934, 43570, 5200]
[25705, 15934, 43570, 5200]
[25705, 15934, 43570, 5200]
[25705, 15934, 43570, 5200]
[25705, 15934, 43570, 5200]
[25705, 15934, 43570, 5200]
[25705, 15934, 43570, 5200]
[25705, 15934, 43570, 5200]
[25705, 15934, 43570, 5200]
[43570, 5200]
[43570, 5200]

FP for each step:  [25705, 25705, 43570, 43570, 43570, 43570, 43570, 43570, 43570, 43570, 43570, 43570, 43570, 43570, 43570, 43570, 43570, 43570]

Time Chart for BP
[5200, 129180]
[129180, 9488]
[129180, 9488, 75031]
[129180, 9488, 75031, 189]
[129180, 9488, 75031, 189]
[129180, 9488, 75031, 189]
[129180, 9488, 75031, 189]
[129180, 9488, 75031, 189]
[129180, 9488, 75031, 189]
[129180, 9488, 75031, 189]
[129180, 9488, 75031, 189]
[129180, 9488, 75031, 189]
[129180, 9488, 75031, 189]
[129180, 9488, 75031, 189]
[129180, 9488, 75031, 189]
[129180, 9488, 75031, 189]
[75031, 189]
[75031, 189]

BP for each step:  [129180, 129180, 129180, 129180, 129180, 129180, 129180, 129180, 129180, 129180, 129180, 129180, 129180, 129180, 129180, 129180, 75031, 75031]
Time without overhead: 2.965472 s

Total Time: 3.231015 s
