========== Stats ==========
iters 10
batchSize 128
numMicro 16
machine 4
log_dir _timeline/vgg
file ./_partition/partition_4_vgg_128_16.txt
model vgg
===========================
Number of Stages: 2
(13, 28)

Profiling for Stage (13, 28) with bs(8)
 ------ 1 / 11 ...
 ------ 2 / 11 ...
 ------ 3 / 11 ...
 ------ 4 / 11 ...
 ------ 5 / 11 ...
 ------ 6 / 11 ...
 ------ 7 / 11 ...
 ------ 8 / 11 ...
 ------ 9 / 11 ...
 ------ 10 / 11 ...
 ------ 11 / 11 ...
 ------ 1 / 11 ...
 ------ 2 / 11 ...
 ------ 3 / 11 ...
 ------ 4 / 11 ...
 ------ 5 / 11 ...
 ------ 6 / 11 ...
 ------ 7 / 11 ...
 ------ 8 / 11 ...
 ------ 9 / 11 ...
 ------ 10 / 11 ...
 ------ 11 / 11 ...
(0, 13)

Profiling for Stage (0, 13) with bs(2)
 ------ 1 / 11 ...
 ------ 2 / 11 ...
 ------ 3 / 11 ...
 ------ 4 / 11 ...
 ------ 5 / 11 ...
 ------ 6 / 11 ...
 ------ 7 / 11 ...
 ------ 8 / 11 ...
 ------ 9 / 11 ...
 ------ 10 / 11 ...
 ------ 11 / 11 ...
 ------ 1 / 11 ...
 ------ 2 / 11 ...
 ------ 3 / 11 ...
 ------ 4 / 11 ...
 ------ 5 / 11 ...
 ------ 6 / 11 ...
 ------ 7 / 11 ...
 ------ 8 / 11 ...
 ------ 9 / 11 ...
 ------ 10 / 11 ...
 ------ 11 / 11 ...
7439.0
7589.0
7341.0
7762.0
7201.0
7449.0
7465.0
7563.0
7447.0
7596.0
290089.0
246077.0
86244.0
86408.0
86374.0
86508.0
86342.0
86337.0
86412.0
86250.0
[14970, 245408]

Mean FP TimeList
[[51161, 627, 1955], [69092, 9831, 10]]

Mean BP TimeList
[[145141, 3207, 372], [191912, 9886, 7804]]

Mean DPOH TimeList
[14970, 245408]

FP TimeList
[[51161, 15696], [69092, 9886]]

BP TimeList
[[191912, 11011, 191912, 11011, 191912, 11011], [145141, 372]]

Time Chart for FP
[51161]
[51161, 15696]
[51161, 15696, 69092]
[51161, 15696, 69092, 9886]
[51161, 15696, 69092, 9886]
[51161, 15696, 69092, 9886]
[51161, 15696, 69092, 9886]
[51161, 15696, 69092, 9886]
[51161, 15696, 69092, 9886]
[51161, 15696, 69092, 9886]
[51161, 15696, 69092, 9886]
[51161, 15696, 69092, 9886]
[51161, 15696, 69092, 9886]
[51161, 15696, 69092, 9886]
[51161, 15696, 69092, 9886]
[51161, 15696, 69092, 9886]
[69092, 9886]
[69092, 9886]

FP for each step:  [51161, 51161, 69092, 69092, 69092, 69092, 69092, 69092, 69092, 69092, 69092, 69092, 69092, 69092, 69092, 69092, 69092, 69092]

Time Chart for BP
[9886, 191912]
[191912, 11011]
[191912, 11011, 145141]
[191912, 11011, 145141, 372]
[191912, 11011, 145141, 372]
[191912, 11011, 145141, 372]
[191912, 11011, 145141, 372]
[191912, 11011, 145141, 372]
[191912, 11011, 145141, 372]
[191912, 11011, 145141, 372]
[191912, 11011, 145141, 372]
[191912, 11011, 145141, 372]
[191912, 11011, 145141, 372]
[191912, 11011, 145141, 372]
[191912, 11011, 145141, 372]
[191912, 11011, 145141, 372]
[145141, 372]
[145141, 372]

BP for each step:  [191912, 191912, 191912, 191912, 191912, 191912, 191912, 191912, 191912, 191912, 191912, 191912, 191912, 191912, 191912, 191912, 145141, 145141]
Time without overhead: 4.568668 s

Total Time: 4.583638 s
