========== Stats ==========
iters 10
batchSize 64
numMicro 8
machine 4
log_dir _timeline/vgg
file ./_partition/partition_4_vgg_64_8.txt
model vgg
===========================
Number of Stages: 2
(13, 28)

Profiling for Stage (13, 28) with bs(8)
 ------ 1 / 11 ...
 ------ 2 / 11 ...
 ------ 3 / 11 ...
 ------ 4 / 11 ...
 ------ 5 / 11 ...
 ------ 6 / 11 ...
 ------ 7 / 11 ...
 ------ 8 / 11 ...
 ------ 9 / 11 ...
 ------ 10 / 11 ...
 ------ 11 / 11 ...
 ------ 1 / 11 ...
 ------ 2 / 11 ...
 ------ 3 / 11 ...
 ------ 4 / 11 ...
 ------ 5 / 11 ...
 ------ 6 / 11 ...
 ------ 7 / 11 ...
 ------ 8 / 11 ...
 ------ 9 / 11 ...
 ------ 10 / 11 ...
 ------ 11 / 11 ...
(0, 13)

Profiling for Stage (0, 13) with bs(2)
 ------ 1 / 11 ...
 ------ 2 / 11 ...
 ------ 3 / 11 ...
 ------ 4 / 11 ...
 ------ 5 / 11 ...
 ------ 6 / 11 ...
 ------ 7 / 11 ...
 ------ 8 / 11 ...
 ------ 9 / 11 ...
 ------ 10 / 11 ...
 ------ 11 / 11 ...
 ------ 1 / 11 ...
 ------ 2 / 11 ...
 ------ 3 / 11 ...
 ------ 4 / 11 ...
 ------ 5 / 11 ...
 ------ 6 / 11 ...
 ------ 7 / 11 ...
 ------ 8 / 11 ...
 ------ 9 / 11 ...
 ------ 10 / 11 ...
 ------ 11 / 11 ...
7268.0
7517.0
7570.0
7533.0
7507.0
7508.0
7489.0
7515.0
7464.0
7473.0
296377.0
259483.0
86225.0
86149.0
86311.0
86487.0
86353.0
86423.0
369991.0
86445.0
[14968, 306048]

Mean FP TimeList
[[51231, 611, 1954], [70051, 9945, 11]]

Mean BP TimeList
[[145101, 3076, 373], [191212, 9969, 7813]]

Mean DPOH TimeList
[14968, 306048]

FP TimeList
[[51231, 15807], [70051, 9969]]

BP TimeList
[[191212, 10889, 191212, 10889, 191212, 10889], [145101, 373]]

Time Chart for FP
[51231]
[51231, 15807]
[51231, 15807, 70051]
[51231, 15807, 70051, 9969]
[51231, 15807, 70051, 9969]
[51231, 15807, 70051, 9969]
[51231, 15807, 70051, 9969]
[51231, 15807, 70051, 9969]
[70051, 9969]
[70051, 9969]

FP for each step:  [51231, 51231, 70051, 70051, 70051, 70051, 70051, 70051, 70051, 70051]

Time Chart for BP
[9969, 191212]
[191212, 10889]
[191212, 10889, 145101]
[191212, 10889, 145101, 373]
[191212, 10889, 145101, 373]
[191212, 10889, 145101, 373]
[191212, 10889, 145101, 373]
[191212, 10889, 145101, 373]
[145101, 373]
[145101, 373]

BP for each step:  [191212, 191212, 191212, 191212, 191212, 191212, 191212, 191212, 145101, 145101]
Time without overhead: 2.482768 s

Total Time: 2.497736 s
