<<<<<<< HEAD
Reshaping [N, M] = [28,2]
========== Partition ==========
# of layers : 28
# of workers: 2
stage     layer     reps   cost
    1   1->  28       2   173138
Pipeline bottleneck cost: 173138
=======
========== Stats ==========
iters 10
batchSize 32
numMicro 4
machine 4
log_dir _timeline/vgg
file ./_partition/partition_2_vgg_32_4.txt
model vgg
===========================
Number of Stages: 2
(0, 8)

Profiling for Stage (0, 8) with bs(8)
 ------ 1 / 11 ...
 ------ 2 / 11 ...
 ------ 3 / 11 ...
 ------ 4 / 11 ...
 ------ 5 / 11 ...
 ------ 6 / 11 ...
 ------ 7 / 11 ...
 ------ 8 / 11 ...
 ------ 9 / 11 ...
 ------ 10 / 11 ...
 ------ 11 / 11 ...
 ------ 1 / 11 ...
 ------ 2 / 11 ...
 ------ 3 / 11 ...
 ------ 4 / 11 ...
 ------ 5 / 11 ...
 ------ 6 / 11 ...
 ------ 7 / 11 ...
 ------ 8 / 11 ...
 ------ 9 / 11 ...
 ------ 10 / 11 ...
 ------ 11 / 11 ...
(8, 28)

Profiling for Stage (8, 28) with bs(8)
 ------ 1 / 11 ...
 ------ 2 / 11 ...
 ------ 3 / 11 ...
 ------ 4 / 11 ...
 ------ 5 / 11 ...
 ------ 6 / 11 ...
 ------ 7 / 11 ...
 ------ 8 / 11 ...
 ------ 9 / 11 ...
 ------ 10 / 11 ...
 ------ 11 / 11 ...
 ------ 1 / 11 ...
 ------ 2 / 11 ...
 ------ 3 / 11 ...
 ------ 4 / 11 ...
 ------ 5 / 11 ...
 ------ 6 / 11 ...
 ------ 7 / 11 ...
 ------ 8 / 11 ...
 ------ 9 / 11 ...
 ------ 10 / 11 ...
 ------ 11 / 11 ...
1664.0
1632.0
1601.0
1560.0
1612.0
1612.0
1620.0
1606.0
1572.0
1668.0
266064.0
381080.0
92325.0
91909.0
91875.0
92099.0
91671.0
92136.0
92138.0
92280.0
[3229, 276715]

Mean FP TimeList
[[121664, 2059, 15623], [148394, 19694, 9]]

Mean BP TimeList
[[342190, 20487, 1469], [399563, 19775, 15591]]

Mean DPOH TimeList
[3229, 276715]

FP TimeList
[[121664, 35317], [148394, 19775]]

BP TimeList
[[399563, 36078], [342190, 1469]]

Time Chart for FP
[121664]
[121664, 35317]
[121664, 35317, 148394]
[121664, 35317, 148394, 19775]
[148394, 19775]
[148394, 19775]

FP for each step:  [121664, 121664, 148394, 148394, 148394, 148394]

Time Chart for BP
[19775, 399563]
[399563, 36078]
[399563, 36078, 342190]
[399563, 36078, 342190, 1469]
[342190, 1469]
[342190, 1469]

BP for each step:  [399563, 399563, 399563, 399563, 342190, 342190]
Time without overhead: 3.119536 s

Total Time: 3.119536 s
>>>>>>> 159326b283c2f9476111678d6a824d883a9eaaab
