<<<<<<< HEAD
Reshaping [N, M] = [28,2]
========== Partition ==========
# of layers : 28
# of workers: 2
stage     layer     reps   cost
    1   1->  28       2  47320.5
Pipeline bottleneck cost: 47320.5
=======
========== Stats ==========
iters 10
batchSize 16
numMicro 8
machine 4
log_dir _timeline/vgg
file ./_partition/partition_2_vgg_16_8.txt
model vgg
===========================
Number of Stages: 1
(0, 28)

Profiling for Stage (0, 28) with bs(1)
 ------ 1 / 11 ...
 ------ 2 / 11 ...
 ------ 3 / 11 ...
 ------ 4 / 11 ...
 ------ 5 / 11 ...
 ------ 6 / 11 ...
 ------ 7 / 11 ...
 ------ 8 / 11 ...
 ------ 9 / 11 ...
 ------ 10 / 11 ...
 ------ 11 / 11 ...
 ------ 1 / 11 ...
 ------ 2 / 11 ...
 ------ 3 / 11 ...
 ------ 4 / 11 ...
 ------ 5 / 11 ...
 ------ 6 / 11 ...
 ------ 7 / 11 ...
 ------ 8 / 11 ...
 ------ 9 / 11 ...
 ------ 10 / 11 ...
 ------ 11 / 11 ...
378366.0
387433.0
93852.0
93264.0
93806.0
93127.0
93505.0
93900.0
93828.0
94002.0
[303016]

Mean FP TimeList
[[40497, 332, 6]]

Mean BP TimeList
[[132694, 457, 189]]

Mean DPOH TimeList
[303016]

FP TimeList
[[40497, 457]]

BP TimeList
[[132694, 189]]

Time Chart for FP
[40497]
[40497, 457]
[40497, 457]
[40497, 457]
[40497, 457]
[40497, 457]
[40497, 457]
[40497, 457]

FP for each step:  [40497, 40497, 40497, 40497, 40497, 40497, 40497, 40497]

Time Chart for BP
[457, 132694]
[132694, 189]
[132694, 189]
[132694, 189]
[132694, 189]
[132694, 189]
[132694, 189]
[132694, 189]

BP for each step:  [132694, 132694, 132694, 132694, 132694, 132694, 132694, 132694]
Time without overhead: 1.385528 s

Total Time: 1.688544 s
>>>>>>> 159326b283c2f9476111678d6a824d883a9eaaab
