========== Stats ==========
iters 10
batchSize 16
numMicro 4
machine 4
log_dir _timeline/vgg
file ./_partition/partition_4_vgg_16_4.txt
model vgg
===========================
Number of Stages: 1
(0, 28)

Profiling for Stage (0, 28) with bs(1)
 ------ 1 / 11 ...
 ------ 2 / 11 ...
 ------ 3 / 11 ...
 ------ 4 / 11 ...
 ------ 5 / 11 ...
 ------ 6 / 11 ...
 ------ 7 / 11 ...
 ------ 8 / 11 ...
 ------ 9 / 11 ...
 ------ 10 / 11 ...
 ------ 11 / 11 ...
 ------ 1 / 11 ...
 ------ 2 / 11 ...
 ------ 3 / 11 ...
 ------ 4 / 11 ...
 ------ 5 / 11 ...
 ------ 6 / 11 ...
 ------ 7 / 11 ...
 ------ 8 / 11 ...
 ------ 9 / 11 ...
 ------ 10 / 11 ...
 ------ 11 / 11 ...
309465.0
561480.0
93591.0
93557.0
93565.0
93161.0
93951.0
93609.0
93606.0
93023.0
[323801]

Mean FP TimeList
[[40394, 397, 9]]

Mean BP TimeList
[[132385, 608, 190]]

Mean DPOH TimeList
[323801]

FP TimeList
[[40394, 608]]

BP TimeList
[[132385, 190]]

Time Chart for FP
[40394]
[40394, 608]
[40394, 608]
[40394, 608]

FP for each step:  [40394, 40394, 40394, 40394]

Time Chart for BP
[608, 132385]
[132385, 190]
[132385, 190]
[132385, 190]

BP for each step:  [132385, 132385, 132385, 132385]
Time without overhead: 0.691116 s

Total Time: 1.014917 s
