<<<<<<< HEAD
Reshaping [N, M] = [28,8]
========== Partition ==========
# of layers : 28
# of workers: 8
stage     layer     reps   cost
    1   1->  28       8  23750.8
Pipeline bottleneck cost: 23750.8
=======
========== Stats ==========
iters 10
batchSize 64
numMicro 16
machine 4
log_dir _timeline/vgg
file ./_partition/partition_8_vgg_64_16.txt
model vgg
===========================
Number of Stages: 1
(0, 28)

Profiling for Stage (0, 28) with bs(1)
 ------ 1 / 11 ...
 ------ 2 / 11 ...
 ------ 3 / 11 ...
 ------ 4 / 11 ...
 ------ 5 / 11 ...
 ------ 6 / 11 ...
 ------ 7 / 11 ...
 ------ 8 / 11 ...
 ------ 9 / 11 ...
 ------ 10 / 11 ...
 ------ 11 / 11 ...
 ------ 1 / 11 ...
 ------ 2 / 11 ...
 ------ 3 / 11 ...
 ------ 4 / 11 ...
 ------ 5 / 11 ...
 ------ 6 / 11 ...
 ------ 7 / 11 ...
 ------ 8 / 11 ...
 ------ 9 / 11 ...
 ------ 10 / 11 ...
 ------ 11 / 11 ...
405796.0
443524.0
93743.0
93173.0
93806.0
93867.0
93857.0
93742.0
93616.0
93836.0
[319792]

Mean FP TimeList
[[40247, 386, 6]]

Mean BP TimeList
[[132751, 545, 191]]

Mean DPOH TimeList
[319792]

FP TimeList
[[40247, 545]]

BP TimeList
[[132751, 191]]

Time Chart for FP
[40247]
[40247, 545]
[40247, 545]
[40247, 545]
[40247, 545]
[40247, 545]
[40247, 545]
[40247, 545]
[40247, 545]
[40247, 545]
[40247, 545]
[40247, 545]
[40247, 545]
[40247, 545]
[40247, 545]
[40247, 545]

FP for each step:  [40247, 40247, 40247, 40247, 40247, 40247, 40247, 40247, 40247, 40247, 40247, 40247, 40247, 40247, 40247, 40247]

Time Chart for BP
[545, 132751]
[132751, 191]
[132751, 191]
[132751, 191]
[132751, 191]
[132751, 191]
[132751, 191]
[132751, 191]
[132751, 191]
[132751, 191]
[132751, 191]
[132751, 191]
[132751, 191]
[132751, 191]
[132751, 191]
[132751, 191]

BP for each step:  [132751, 132751, 132751, 132751, 132751, 132751, 132751, 132751, 132751, 132751, 132751, 132751, 132751, 132751, 132751, 132751]
Time without overhead: 2.767968 s

Total Time: 3.08776 s
>>>>>>> 159326b283c2f9476111678d6a824d883a9eaaab
