========== Stats ==========
iters 10
batchSize 16
numMicro 8
machine 4
log_dir _timeline/vgg
file ./_partition/partition_4_vgg_16_8.txt
model vgg
===========================
Number of Stages: 1
(0, 28)

Profiling for Stage (0, 28) with bs(1)
 ------ 1 / 11 ...
 ------ 2 / 11 ...
 ------ 3 / 11 ...
 ------ 4 / 11 ...
 ------ 5 / 11 ...
 ------ 6 / 11 ...
 ------ 7 / 11 ...
 ------ 8 / 11 ...
 ------ 9 / 11 ...
 ------ 10 / 11 ...
 ------ 11 / 11 ...
 ------ 1 / 11 ...
 ------ 2 / 11 ...
 ------ 3 / 11 ...
 ------ 4 / 11 ...
 ------ 5 / 11 ...
 ------ 6 / 11 ...
 ------ 7 / 11 ...
 ------ 8 / 11 ...
 ------ 9 / 11 ...
 ------ 10 / 11 ...
 ------ 11 / 11 ...
332729.0
255064.0
93677.0
93348.0
363396.0
93754.0
93744.0
93835.0
93495.0
93784.0
[321365]

Mean FP TimeList
[[40528, 289, 7]]

Mean BP TimeList
[[132379, 407, 190]]

Mean DPOH TimeList
[321365]

FP TimeList
[[40528, 407]]

BP TimeList
[[132379, 190]]

Time Chart for FP
[40528]
[40528, 407]
[40528, 407]
[40528, 407]
[40528, 407]
[40528, 407]
[40528, 407]
[40528, 407]

FP for each step:  [40528, 40528, 40528, 40528, 40528, 40528, 40528, 40528]

Time Chart for BP
[407, 132379]
[132379, 190]
[132379, 190]
[132379, 190]
[132379, 190]
[132379, 190]
[132379, 190]
[132379, 190]

BP for each step:  [132379, 132379, 132379, 132379, 132379, 132379, 132379, 132379]
Time without overhead: 1.383256 s

Total Time: 1.704621 s
