========== Stats ==========
iters 10
batchSize 64
numMicro 2
machine 4
log_dir _timeline/resnet_5gh
file ./_parth/partition_4_resnet_64_2.txt
model resnet
===========================
Number of Stages: 4
(0, 12)

Profiling for Stage (0, 12) with bs(32)
 ------ 1 / 11 ...
 ------ 2 / 11 ...
 ------ 3 / 11 ...
 ------ 4 / 11 ...
 ------ 5 / 11 ...
 ------ 6 / 11 ...
 ------ 7 / 11 ...
 ------ 8 / 11 ...
 ------ 9 / 11 ...
 ------ 10 / 11 ...
 ------ 11 / 11 ...
 ------ 1 / 11 ...
 ------ 2 / 11 ...
 ------ 3 / 11 ...
 ------ 4 / 11 ...
 ------ 5 / 11 ...
 ------ 6 / 11 ...
 ------ 7 / 11 ...
 ------ 8 / 11 ...
 ------ 9 / 11 ...
 ------ 10 / 11 ...
 ------ 11 / 11 ...
(12, 25)

Profiling for Stage (12, 25) with bs(32)
 ------ 1 / 11 ...
 ------ 2 / 11 ...
 ------ 3 / 11 ...
 ------ 4 / 11 ...
 ------ 5 / 11 ...
 ------ 6 / 11 ...
 ------ 7 / 11 ...
 ------ 8 / 11 ...
 ------ 9 / 11 ...
 ------ 10 / 11 ...
 ------ 11 / 11 ...
 ------ 1 / 11 ...
 ------ 2 / 11 ...
 ------ 3 / 11 ...
 ------ 4 / 11 ...
 ------ 5 / 11 ...
 ------ 6 / 11 ...
 ------ 7 / 11 ...
 ------ 8 / 11 ...
 ------ 9 / 11 ...
 ------ 10 / 11 ...
 ------ 11 / 11 ...
(25, 38)

Profiling for Stage (25, 38) with bs(32)
 ------ 1 / 11 ...
 ------ 2 / 11 ...
 ------ 3 / 11 ...
 ------ 4 / 11 ...
 ------ 5 / 11 ...
 ------ 6 / 11 ...
 ------ 7 / 11 ...
 ------ 8 / 11 ...
 ------ 9 / 11 ...
 ------ 10 / 11 ...
 ------ 11 / 11 ...
 ------ 1 / 11 ...
 ------ 2 / 11 ...
 ------ 3 / 11 ...
 ------ 4 / 11 ...
 ------ 5 / 11 ...
 ------ 6 / 11 ...
 ------ 7 / 11 ...
 ------ 8 / 11 ...
 ------ 9 / 11 ...
 ------ 10 / 11 ...
 ------ 11 / 11 ...
(38, 55)

Profiling for Stage (38, 55) with bs(32)
 ------ 1 / 11 ...
 ------ 2 / 11 ...
 ------ 3 / 11 ...
 ------ 4 / 11 ...
 ------ 5 / 11 ...
 ------ 6 / 11 ...
 ------ 7 / 11 ...
 ------ 8 / 11 ...
 ------ 9 / 11 ...
 ------ 10 / 11 ...
 ------ 11 / 11 ...
 ------ 1 / 11 ...
 ------ 2 / 11 ...
 ------ 3 / 11 ...
 ------ 4 / 11 ...
 ------ 5 / 11 ...
 ------ 6 / 11 ...
 ------ 7 / 11 ...
 ------ 8 / 11 ...
 ------ 9 / 11 ...
 ------ 10 / 11 ...
 ------ 11 / 11 ...
14332.0
15020.0
13197.0
14648.0
14270.0
13379.0
14563.0
13898.0
14498.0
14360.0
290657.0
381376.0
77361.0
77205.0
78049.0
77427.0
75770.0
75846.0
78045.0
75770.0
77581.0
78306.0
78141.0
78563.0
78587.0
78199.0
77518.0
77577.0
79637.0
78934.0
126695.0
126584.0
127028.0
126497.0
125185.0
125398.0
126828.0
125272.0
127518.0
125436.0
[28433, 257501, 156608, 252488]

Mean FP TimeList
[[308178, 317, 15311], [319119, 19448, 7633], [314998, 10996, 7639], [327533, 9804, 16]]

Mean BP TimeList
[[904915, 19637, 127], [1011557, 28758, 15285], [992839, 20661, 7649], [1130620, 9772, 7645]]

Mean DPOH TimeList
[28433, 257501, 156608, 252488]

FP TimeList
[[308178, 34759], [319119, 18629], [314998, 17443], [327533, 9772]]

BP TimeList
[[1130620, 28306], [992839, 36407], [1011557, 34922], [904915, 127]]

Time Chart for FP
[308178]
[308178, 34759]
[319119]
[319119, 18629]
[314998]
[314998, 17443]
[327533]
[327533, 9772]

FP for each step:  [308178, 308178, 319119, 319119, 314998, 314998, 327533, 327533]

Time Chart for BP
[9772, 1130620]
[1130620, 28306]
[992839]
[992839, 36407]
[1011557]
[1011557, 34922]
[904915]
[904915, 127]

BP for each step:  [1130620, 1130620, 992839, 992839, 1011557, 1011557, 904915, 904915]
Time without overhead: 10.619518 s

Total Time: 10.619518 s
