========== Stats ==========
iters 10
batchSize 16
numMicro 4
machine 4
log_dir _timeline/resnet_5gh
file ./_parth/partition_4_resnet_16_4.txt
model resnet
===========================
Number of Stages: 4
(0, 16)

Profiling for Stage (0, 16) with bs(4)
 ------ 1 / 11 ...
 ------ 2 / 11 ...
 ------ 3 / 11 ...
 ------ 4 / 11 ...
 ------ 5 / 11 ...
 ------ 6 / 11 ...
 ------ 7 / 11 ...
 ------ 8 / 11 ...
 ------ 9 / 11 ...
 ------ 10 / 11 ...
 ------ 11 / 11 ...
 ------ 1 / 11 ...
 ------ 2 / 11 ...
 ------ 3 / 11 ...
 ------ 4 / 11 ...
 ------ 5 / 11 ...
 ------ 6 / 11 ...
 ------ 7 / 11 ...
 ------ 8 / 11 ...
 ------ 9 / 11 ...
 ------ 10 / 11 ...
 ------ 11 / 11 ...
(16, 28)

Profiling for Stage (16, 28) with bs(4)
 ------ 1 / 11 ...
 ------ 2 / 11 ...
 ------ 3 / 11 ...
 ------ 4 / 11 ...
 ------ 5 / 11 ...
 ------ 6 / 11 ...
 ------ 7 / 11 ...
 ------ 8 / 11 ...
 ------ 9 / 11 ...
 ------ 10 / 11 ...
 ------ 11 / 11 ...
 ------ 1 / 11 ...
 ------ 2 / 11 ...
 ------ 3 / 11 ...
 ------ 4 / 11 ...
 ------ 5 / 11 ...
 ------ 6 / 11 ...
 ------ 7 / 11 ...
 ------ 8 / 11 ...
 ------ 9 / 11 ...
 ------ 10 / 11 ...
 ------ 11 / 11 ...
(28, 41)

Profiling for Stage (28, 41) with bs(4)
 ------ 1 / 11 ...
 ------ 2 / 11 ...
 ------ 3 / 11 ...
 ------ 4 / 11 ...
 ------ 5 / 11 ...
 ------ 6 / 11 ...
 ------ 7 / 11 ...
 ------ 8 / 11 ...
 ------ 9 / 11 ...
 ------ 10 / 11 ...
 ------ 11 / 11 ...
 ------ 1 / 11 ...
 ------ 2 / 11 ...
 ------ 3 / 11 ...
 ------ 4 / 11 ...
 ------ 5 / 11 ...
 ------ 6 / 11 ...
 ------ 7 / 11 ...
 ------ 8 / 11 ...
 ------ 9 / 11 ...
 ------ 10 / 11 ...
 ------ 11 / 11 ...
(41, 55)

Profiling for Stage (41, 55) with bs(4)
 ------ 1 / 11 ...
 ------ 2 / 11 ...
 ------ 3 / 11 ...
 ------ 4 / 11 ...
 ------ 5 / 11 ...
 ------ 6 / 11 ...
 ------ 7 / 11 ...
 ------ 8 / 11 ...
 ------ 9 / 11 ...
 ------ 10 / 11 ...
 ------ 11 / 11 ...
 ------ 1 / 11 ...
 ------ 2 / 11 ...
 ------ 3 / 11 ...
 ------ 4 / 11 ...
 ------ 5 / 11 ...
 ------ 6 / 11 ...
 ------ 7 / 11 ...
 ------ 8 / 11 ...
 ------ 9 / 11 ...
 ------ 10 / 11 ...
 ------ 11 / 11 ...
108123.0
125870.0
35679.0
36527.0
36688.0
36532.0
34897.0
36578.0
37725.0
36776.0
73645.0
250072.0
73082.0
71561.0
72778.0
73513.0
71603.0
71975.0
72443.0
72774.0
79311.0
372577.0
77440.0
77872.0
78563.0
79390.0
79482.0
79041.0
78937.0
78222.0
107660.0
109329.0
108889.0
109133.0
107421.0
109165.0
109491.0
109067.0
108947.0
109048.0
[105079, 180689, 216167, 217630]

Mean FP TimeList
[[59673, 1163, 963], [48596, 1395, 960], [57174, 1441, 961], [56452, 2219, 9]]

Mean BP TimeList
[[186130, 1376, 22], [170258, 2607, 963], [184755, 3344, 963], [207759, 2829, 960]]

Mean DPOH TimeList
[105079, 180689, 216167, 217630]

FP TimeList
[[59673, 2358], [48596, 2401], [57174, 3180], [56452, 2829]]

BP TimeList
[[207759, 4304], [184755, 3570], [170258, 2339], [186130, 22]]

Time Chart for FP
[59673]
[59673, 2358]
[59673, 2358, 48596]
[59673, 2358, 48596, 2401]
[48596, 2401, 57174]
[48596, 2401, 57174, 3180]
[57174, 3180, 56452]
[57174, 3180, 56452, 2829]
[56452, 2829]
[56452, 2829]

FP for each step:  [59673, 59673, 59673, 59673, 57174, 57174, 57174, 57174, 56452, 56452]

Time Chart for BP
[2829, 207759]
[207759, 4304]
[207759, 4304, 184755]
[207759, 4304, 184755, 3570]
[184755, 3570, 170258]
[184755, 3570, 170258, 2339]
[170258, 2339, 186130]
[170258, 2339, 186130, 22]
[186130, 22]
[186130, 22]

BP for each step:  [207759, 207759, 207759, 207759, 184755, 184755, 186130, 186130, 186130, 186130]
Time without overhead: 2.525358 s

Total Time: 2.525358 s
