========== Stats ==========
iters 10
batchSize 16
numMicro 16
machine 4
log_dir _timeline/resnext_h
file ./_parth/partition_8_resnext_16_16.txt
model resnext
===========================
Number of Stages: 8
(0, 8)

Profiling for Stage (0, 8) with bs(1)
 ------ 1 / 11 ...
 ------ 2 / 11 ...
 ------ 3 / 11 ...
 ------ 4 / 11 ...
 ------ 5 / 11 ...
 ------ 6 / 11 ...
 ------ 7 / 11 ...
 ------ 8 / 11 ...
 ------ 9 / 11 ...
 ------ 10 / 11 ...
 ------ 11 / 11 ...
 ------ 1 / 11 ...
 ------ 2 / 11 ...
 ------ 3 / 11 ...
 ------ 4 / 11 ...
 ------ 5 / 11 ...
 ------ 6 / 11 ...
 ------ 7 / 11 ...
 ------ 8 / 11 ...
 ------ 9 / 11 ...
 ------ 10 / 11 ...
 ------ 11 / 11 ...
(8, 15)

Profiling for Stage (8, 15) with bs(1)
 ------ 1 / 11 ...
 ------ 2 / 11 ...
 ------ 3 / 11 ...
 ------ 4 / 11 ...
 ------ 5 / 11 ...
 ------ 6 / 11 ...
 ------ 7 / 11 ...
 ------ 8 / 11 ...
 ------ 9 / 11 ...
 ------ 10 / 11 ...
 ------ 11 / 11 ...
 ------ 1 / 11 ...
 ------ 2 / 11 ...
 ------ 3 / 11 ...
 ------ 4 / 11 ...
 ------ 5 / 11 ...
 ------ 6 / 11 ...
 ------ 7 / 11 ...
 ------ 8 / 11 ...
 ------ 9 / 11 ...
 ------ 10 / 11 ...
 ------ 11 / 11 ...
(15, 22)

Profiling for Stage (15, 22) with bs(1)
 ------ 1 / 11 ...
 ------ 2 / 11 ...
 ------ 3 / 11 ...
 ------ 4 / 11 ...
 ------ 5 / 11 ...
 ------ 6 / 11 ...
 ------ 7 / 11 ...
 ------ 8 / 11 ...
 ------ 9 / 11 ...
 ------ 10 / 11 ...
 ------ 11 / 11 ...
 ------ 1 / 11 ...
 ------ 2 / 11 ...
 ------ 3 / 11 ...
 ------ 4 / 11 ...
 ------ 5 / 11 ...
 ------ 6 / 11 ...
 ------ 7 / 11 ...
 ------ 8 / 11 ...
 ------ 9 / 11 ...
 ------ 10 / 11 ...
 ------ 11 / 11 ...
(22, 35)

Profiling for Stage (22, 35) with bs(1)
 ------ 1 / 11 ...
 ------ 2 / 11 ...
 ------ 3 / 11 ...
 ------ 4 / 11 ...
 ------ 5 / 11 ...
 ------ 6 / 11 ...
 ------ 7 / 11 ...
 ------ 8 / 11 ...
 ------ 9 / 11 ...
 ------ 10 / 11 ...
 ------ 11 / 11 ...
 ------ 1 / 11 ...
 ------ 2 / 11 ...
 ------ 3 / 11 ...
 ------ 4 / 11 ...
 ------ 5 / 11 ...
 ------ 6 / 11 ...
 ------ 7 / 11 ...
 ------ 8 / 11 ...
 ------ 9 / 11 ...
 ------ 10 / 11 ...
 ------ 11 / 11 ...
(35, 48)

Profiling for Stage (35, 48) with bs(1)
 ------ 1 / 11 ...
 ------ 2 / 11 ...
 ------ 3 / 11 ...
 ------ 4 / 11 ...
 ------ 5 / 11 ...
 ------ 6 / 11 ...
 ------ 7 / 11 ...
 ------ 8 / 11 ...
 ------ 9 / 11 ...
 ------ 10 / 11 ...
 ------ 11 / 11 ...
 ------ 1 / 11 ...
 ------ 2 / 11 ...
 ------ 3 / 11 ...
 ------ 4 / 11 ...
 ------ 5 / 11 ...
 ------ 6 / 11 ...
 ------ 7 / 11 ...
 ------ 8 / 11 ...
 ------ 9 / 11 ...
 ------ 10 / 11 ...
 ------ 11 / 11 ...
(48, 65)

Profiling for Stage (48, 65) with bs(1)
 ------ 1 / 11 ...
 ------ 2 / 11 ...
 ------ 3 / 11 ...
 ------ 4 / 11 ...
 ------ 5 / 11 ...
 ------ 6 / 11 ...
 ------ 7 / 11 ...
 ------ 8 / 11 ...
 ------ 9 / 11 ...
 ------ 10 / 11 ...
 ------ 11 / 11 ...
 ------ 1 / 11 ...
 ------ 2 / 11 ...
 ------ 3 / 11 ...
 ------ 4 / 11 ...
 ------ 5 / 11 ...
 ------ 6 / 11 ...
 ------ 7 / 11 ...
 ------ 8 / 11 ...
 ------ 9 / 11 ...
 ------ 10 / 11 ...
 ------ 11 / 11 ...
(65, 83)

Profiling for Stage (65, 83) with bs(1)
 ------ 1 / 11 ...
 ------ 2 / 11 ...
 ------ 3 / 11 ...
 ------ 4 / 11 ...
 ------ 5 / 11 ...
 ------ 6 / 11 ...
 ------ 7 / 11 ...
 ------ 8 / 11 ...
 ------ 9 / 11 ...
 ------ 10 / 11 ...
 ------ 11 / 11 ...
 ------ 1 / 11 ...
 ------ 2 / 11 ...
 ------ 3 / 11 ...
 ------ 4 / 11 ...
 ------ 5 / 11 ...
 ------ 6 / 11 ...
 ------ 7 / 11 ...
 ------ 8 / 11 ...
 ------ 9 / 11 ...
 ------ 10 / 11 ...
 ------ 11 / 11 ...
(83, 106)

Profiling for Stage (83, 106) with bs(1)
 ------ 1 / 11 ...
 ------ 2 / 11 ...
 ------ 3 / 11 ...
 ------ 4 / 11 ...
 ------ 5 / 11 ...
 ------ 6 / 11 ...
 ------ 7 / 11 ...
 ------ 8 / 11 ...
 ------ 9 / 11 ...
 ------ 10 / 11 ...
 ------ 11 / 11 ...
 ------ 1 / 11 ...
 ------ 2 / 11 ...
 ------ 3 / 11 ...
 ------ 4 / 11 ...
 ------ 5 / 11 ...
 ------ 6 / 11 ...
 ------ 7 / 11 ...
 ------ 8 / 11 ...
 ------ 9 / 11 ...
 ------ 10 / 11 ...
 ------ 11 / 11 ...
4392.0
4656.0
3809.0
4455.0
4086.0
4779.0
5326.0
3557.0
3737.0
3713.0
4996.0
5924.0
4892.0
5450.0
4271.0
4284.0
4730.0
6629.0
4366.0
4315.0
4251.0
4576.0
4812.0
4318.0
5843.0
4253.0
4354.0
6803.0
4427.0
4499.0
8896.0
7768.0
7928.0
7823.0
8761.0
7824.0
9250.0
10557.0
9809.0
7894.0
10972.0
9034.0
8140.0
8337.0
8044.0
7722.0
7893.0
11914.0
8049.0
10736.0
15535.0
28011.0
12326.0
11451.0
10837.0
12663.0
12929.0
10246.0
11394.0
10487.0
11160.0
11476.0
12409.0
11682.0
16001.0
11028.0
12600.0
11636.0
10964.0
10909.0
92321.0
126573.0
35367.0
35171.0
37609.0
36147.0
35437.0
35675.0
37946.0
35926.0
[8502, 9971, 9627, 17302, 18168, 27175, 23973, 101634]

Mean FP TimeList
[[23738, 1164, 1960], [29471, 2691, 1956], [28568, 4186, 1955], [26981, 2685, 981], [26276, 4121, 980], [23329, 1449, 496], [24843, 857, 252], [26992, 476, 8]]

Mean BP TimeList
[[66303, 3925, 190], [75907, 5090, 1958], [77031, 4145, 1954], [76586, 3530, 1954], [77789, 2631, 982], [79701, 2174, 984], [77779, 3921, 495], [83215, 5136, 255]]

Mean DPOH TimeList
[8502, 9971, 9627, 17302, 18168, 27175, 23973, 101634]

FP TimeList
[[23738, 4651], [29471, 6142], [28568, 4640], [26981, 5102], [26276, 2429], [23329, 1353], [24843, 728], [26992, 5136]]

BP TimeList
[[83215, 4176], [77779, 2669], [79701, 3615], [77789, 4512], [76586, 6099], [77031, 7044], [75907, 5883], [66303, 190]]

Time Chart for FP
[23738]
[23738, 4651]
[23738, 4651, 29471]
[23738, 4651, 29471, 6142]
[23738, 4651, 29471, 6142, 28568]
[23738, 4651, 29471, 6142, 28568, 4640]
[23738, 4651, 29471, 6142, 28568, 4640, 26981]
[23738, 4651, 29471, 6142, 28568, 4640, 26981, 5102]
[23738, 4651, 29471, 6142, 28568, 4640, 26981, 5102, 26276]
[23738, 4651, 29471, 6142, 28568, 4640, 26981, 5102, 26276, 2429]
[23738, 4651, 29471, 6142, 28568, 4640, 26981, 5102, 26276, 2429, 23329]
[23738, 4651, 29471, 6142, 28568, 4640, 26981, 5102, 26276, 2429, 23329, 1353]
[23738, 4651, 29471, 6142, 28568, 4640, 26981, 5102, 26276, 2429, 23329, 1353, 24843]
[23738, 4651, 29471, 6142, 28568, 4640, 26981, 5102, 26276, 2429, 23329, 1353, 24843, 728]
[23738, 4651, 29471, 6142, 28568, 4640, 26981, 5102, 26276, 2429, 23329, 1353, 24843, 728, 26992]
[23738, 4651, 29471, 6142, 28568, 4640, 26981, 5102, 26276, 2429, 23329, 1353, 24843, 728, 26992, 5136]
[29471, 6142, 28568, 4640, 26981, 5102, 26276, 2429, 23329, 1353, 24843, 728, 26992, 5136]
[29471, 6142, 28568, 4640, 26981, 5102, 26276, 2429, 23329, 1353, 24843, 728, 26992, 5136]
[28568, 4640, 26981, 5102, 26276, 2429, 23329, 1353, 24843, 728, 26992, 5136]
[28568, 4640, 26981, 5102, 26276, 2429, 23329, 1353, 24843, 728, 26992, 5136]
[26981, 5102, 26276, 2429, 23329, 1353, 24843, 728, 26992, 5136]
[26981, 5102, 26276, 2429, 23329, 1353, 24843, 728, 26992, 5136]
[26276, 2429, 23329, 1353, 24843, 728, 26992, 5136]
[26276, 2429, 23329, 1353, 24843, 728, 26992, 5136]
[23329, 1353, 24843, 728, 26992, 5136]
[23329, 1353, 24843, 728, 26992, 5136]
[24843, 728, 26992, 5136]
[24843, 728, 26992, 5136]
[26992, 5136]
[26992, 5136]

FP for each step:  [23738, 23738, 29471, 29471, 29471, 29471, 29471, 29471, 29471, 29471, 29471, 29471, 29471, 29471, 29471, 29471, 29471, 29471, 28568, 28568, 26992, 26992, 26992, 26992, 26992, 26992, 26992, 26992, 26992, 26992]

Time Chart for BP
[5136, 83215]
[83215, 4176]
[83215, 4176, 77779]
[83215, 4176, 77779, 2669]
[83215, 4176, 77779, 2669, 79701]
[83215, 4176, 77779, 2669, 79701, 3615]
[83215, 4176, 77779, 2669, 79701, 3615, 77789]
[83215, 4176, 77779, 2669, 79701, 3615, 77789, 4512]
[83215, 4176, 77779, 2669, 79701, 3615, 77789, 4512, 76586]
[83215, 4176, 77779, 2669, 79701, 3615, 77789, 4512, 76586, 6099]
[83215, 4176, 77779, 2669, 79701, 3615, 77789, 4512, 76586, 6099, 77031]
[83215, 4176, 77779, 2669, 79701, 3615, 77789, 4512, 76586, 6099, 77031, 7044]
[83215, 4176, 77779, 2669, 79701, 3615, 77789, 4512, 76586, 6099, 77031, 7044, 75907]
[83215, 4176, 77779, 2669, 79701, 3615, 77789, 4512, 76586, 6099, 77031, 7044, 75907, 5883]
[83215, 4176, 77779, 2669, 79701, 3615, 77789, 4512, 76586, 6099, 77031, 7044, 75907, 5883, 66303]
[83215, 4176, 77779, 2669, 79701, 3615, 77789, 4512, 76586, 6099, 77031, 7044, 75907, 5883, 66303, 190]
[77779, 2669, 79701, 3615, 77789, 4512, 76586, 6099, 77031, 7044, 75907, 5883, 66303, 190]
[77779, 2669, 79701, 3615, 77789, 4512, 76586, 6099, 77031, 7044, 75907, 5883, 66303, 190]
[79701, 3615, 77789, 4512, 76586, 6099, 77031, 7044, 75907, 5883, 66303, 190]
[79701, 3615, 77789, 4512, 76586, 6099, 77031, 7044, 75907, 5883, 66303, 190]
[77789, 4512, 76586, 6099, 77031, 7044, 75907, 5883, 66303, 190]
[77789, 4512, 76586, 6099, 77031, 7044, 75907, 5883, 66303, 190]
[76586, 6099, 77031, 7044, 75907, 5883, 66303, 190]
[76586, 6099, 77031, 7044, 75907, 5883, 66303, 190]
[77031, 7044, 75907, 5883, 66303, 190]
[77031, 7044, 75907, 5883, 66303, 190]
[75907, 5883, 66303, 190]
[75907, 5883, 66303, 190]
[66303, 190]
[66303, 190]

BP for each step:  [83215, 83215, 83215, 83215, 83215, 83215, 83215, 83215, 83215, 83215, 83215, 83215, 83215, 83215, 83215, 83215, 79701, 79701, 79701, 79701, 77789, 77789, 77031, 77031, 77031, 77031, 75907, 75907, 66303, 66303]
Time without overhead: 3.244434 s

Total Time: 3.244434 s
