========== Stats ==========
iters 10
batchSize 16
numMicro 8
machine 4
log_dir _timeline/resnext_h
file ./_parth/partition_2_resnext_16_8.txt
model resnext
===========================
Number of Stages: 2
(0, 31)

Profiling for Stage (0, 31) with bs(2)
 ------ 1 / 11 ...
 ------ 2 / 11 ...
 ------ 3 / 11 ...
 ------ 4 / 11 ...
 ------ 5 / 11 ...
 ------ 6 / 11 ...
 ------ 7 / 11 ...
 ------ 8 / 11 ...
 ------ 9 / 11 ...
 ------ 10 / 11 ...
 ------ 11 / 11 ...
 ------ 1 / 11 ...
 ------ 2 / 11 ...
 ------ 3 / 11 ...
 ------ 4 / 11 ...
 ------ 5 / 11 ...
 ------ 6 / 11 ...
 ------ 7 / 11 ...
 ------ 8 / 11 ...
 ------ 9 / 11 ...
 ------ 10 / 11 ...
 ------ 11 / 11 ...
(31, 106)

Profiling for Stage (31, 106) with bs(2)
 ------ 1 / 11 ...
 ------ 2 / 11 ...
 ------ 3 / 11 ...
 ------ 4 / 11 ...
 ------ 5 / 11 ...
 ------ 6 / 11 ...
 ------ 7 / 11 ...
 ------ 8 / 11 ...
 ------ 9 / 11 ...
 ------ 10 / 11 ...
 ------ 11 / 11 ...
 ------ 1 / 11 ...
 ------ 2 / 11 ...
 ------ 3 / 11 ...
 ------ 4 / 11 ...
 ------ 5 / 11 ...
 ------ 6 / 11 ...
 ------ 7 / 11 ...
 ------ 8 / 11 ...
 ------ 9 / 11 ...
 ------ 10 / 11 ...
 ------ 11 / 11 ...
20723.0
18168.0
19789.0
17812.0
18913.0
18612.0
24825.0
18372.0
19076.0
19270.0
231637.0
59552.0
248502.0
59746.0
62853.0
61155.0
63975.0
65329.0
67923.0
63029.0
[39112, 196740]

Mean FP TimeList
[[135492, 702, 1955], [133266, 2749, 9]]

Mean BP TimeList
[[396934, 3146, 372], [446593, 13573, 1958]]

Mean DPOH TimeList
[39112, 196740]

FP TimeList
[[135492, 4704], [133266, 13573]]

BP TimeList
[[446593, 5104], [396934, 372]]

Time Chart for FP
[135492]
[135492, 4704]
[135492, 4704, 133266]
[135492, 4704, 133266, 13573]
[135492, 4704, 133266, 13573]
[135492, 4704, 133266, 13573]
[135492, 4704, 133266, 13573]
[135492, 4704, 133266, 13573]
[133266, 13573]
[133266, 13573]

FP for each step:  [135492, 135492, 135492, 135492, 135492, 135492, 135492, 135492, 133266, 133266]

Time Chart for BP
[13573, 446593]
[446593, 5104]
[446593, 5104, 396934]
[446593, 5104, 396934, 372]
[446593, 5104, 396934, 372]
[446593, 5104, 396934, 372]
[446593, 5104, 396934, 372]
[446593, 5104, 396934, 372]
[396934, 372]
[396934, 372]

BP for each step:  [446593, 446593, 446593, 446593, 446593, 446593, 446593, 446593, 396934, 396934]
Time without overhead: 5.71708 s

Total Time: 5.71708 s
