========== Stats ==========
iters 10
batchSize 64
numMicro 16
machine 4
log_dir _timeline/resnext_h
file ./_parth/partition_8_resnext_64_16.txt
model resnext
===========================
Number of Stages: 8
(0, 8)

Profiling for Stage (0, 8) with bs(4)
 ------ 1 / 11 ...
 ------ 2 / 11 ...
 ------ 3 / 11 ...
 ------ 4 / 11 ...
 ------ 5 / 11 ...
 ------ 6 / 11 ...
 ------ 7 / 11 ...
 ------ 8 / 11 ...
 ------ 9 / 11 ...
 ------ 10 / 11 ...
 ------ 11 / 11 ...
 ------ 1 / 11 ...
 ------ 2 / 11 ...
 ------ 3 / 11 ...
 ------ 4 / 11 ...
 ------ 5 / 11 ...
 ------ 6 / 11 ...
 ------ 7 / 11 ...
 ------ 8 / 11 ...
 ------ 9 / 11 ...
 ------ 10 / 11 ...
 ------ 11 / 11 ...
(8, 14)

Profiling for Stage (8, 14) with bs(4)
 ------ 1 / 11 ...
 ------ 2 / 11 ...
 ------ 3 / 11 ...
 ------ 4 / 11 ...
 ------ 5 / 11 ...
 ------ 6 / 11 ...
 ------ 7 / 11 ...
 ------ 8 / 11 ...
 ------ 9 / 11 ...
 ------ 10 / 11 ...
 ------ 11 / 11 ...
 ------ 1 / 11 ...
 ------ 2 / 11 ...
 ------ 3 / 11 ...
 ------ 4 / 11 ...
 ------ 5 / 11 ...
 ------ 6 / 11 ...
 ------ 7 / 11 ...
 ------ 8 / 11 ...
 ------ 9 / 11 ...
 ------ 10 / 11 ...
 ------ 11 / 11 ...
(14, 21)

Profiling for Stage (14, 21) with bs(4)
 ------ 1 / 11 ...
 ------ 2 / 11 ...
 ------ 3 / 11 ...
 ------ 4 / 11 ...
 ------ 5 / 11 ...
 ------ 6 / 11 ...
 ------ 7 / 11 ...
 ------ 8 / 11 ...
 ------ 9 / 11 ...
 ------ 10 / 11 ...
 ------ 11 / 11 ...
 ------ 1 / 11 ...
 ------ 2 / 11 ...
 ------ 3 / 11 ...
 ------ 4 / 11 ...
 ------ 5 / 11 ...
 ------ 6 / 11 ...
 ------ 7 / 11 ...
 ------ 8 / 11 ...
 ------ 9 / 11 ...
 ------ 10 / 11 ...
 ------ 11 / 11 ...
(21, 32)

Profiling for Stage (21, 32) with bs(4)
 ------ 1 / 11 ...
 ------ 2 / 11 ...
 ------ 3 / 11 ...
 ------ 4 / 11 ...
 ------ 5 / 11 ...
 ------ 6 / 11 ...
 ------ 7 / 11 ...
 ------ 8 / 11 ...
 ------ 9 / 11 ...
 ------ 10 / 11 ...
 ------ 11 / 11 ...
 ------ 1 / 11 ...
 ------ 2 / 11 ...
 ------ 3 / 11 ...
 ------ 4 / 11 ...
 ------ 5 / 11 ...
 ------ 6 / 11 ...
 ------ 7 / 11 ...
 ------ 8 / 11 ...
 ------ 9 / 11 ...
 ------ 10 / 11 ...
 ------ 11 / 11 ...
(32, 44)

Profiling for Stage (32, 44) with bs(4)
 ------ 1 / 11 ...
 ------ 2 / 11 ...
 ------ 3 / 11 ...
 ------ 4 / 11 ...
 ------ 5 / 11 ...
 ------ 6 / 11 ...
 ------ 7 / 11 ...
 ------ 8 / 11 ...
 ------ 9 / 11 ...
 ------ 10 / 11 ...
 ------ 11 / 11 ...
 ------ 1 / 11 ...
 ------ 2 / 11 ...
 ------ 3 / 11 ...
 ------ 4 / 11 ...
 ------ 5 / 11 ...
 ------ 6 / 11 ...
 ------ 7 / 11 ...
 ------ 8 / 11 ...
 ------ 9 / 11 ...
 ------ 10 / 11 ...
 ------ 11 / 11 ...
(44, 59)

Profiling for Stage (44, 59) with bs(4)
 ------ 1 / 11 ...
 ------ 2 / 11 ...
 ------ 3 / 11 ...
 ------ 4 / 11 ...
 ------ 5 / 11 ...
 ------ 6 / 11 ...
 ------ 7 / 11 ...
 ------ 8 / 11 ...
 ------ 9 / 11 ...
 ------ 10 / 11 ...
 ------ 11 / 11 ...
 ------ 1 / 11 ...
 ------ 2 / 11 ...
 ------ 3 / 11 ...
 ------ 4 / 11 ...
 ------ 5 / 11 ...
 ------ 6 / 11 ...
 ------ 7 / 11 ...
 ------ 8 / 11 ...
 ------ 9 / 11 ...
 ------ 10 / 11 ...
 ------ 11 / 11 ...
(59, 78)

Profiling for Stage (59, 78) with bs(4)
 ------ 1 / 11 ...
 ------ 2 / 11 ...
 ------ 3 / 11 ...
 ------ 4 / 11 ...
 ------ 5 / 11 ...
 ------ 6 / 11 ...
 ------ 7 / 11 ...
 ------ 8 / 11 ...
 ------ 9 / 11 ...
 ------ 10 / 11 ...
 ------ 11 / 11 ...
 ------ 1 / 11 ...
 ------ 2 / 11 ...
 ------ 3 / 11 ...
 ------ 4 / 11 ...
 ------ 5 / 11 ...
 ------ 6 / 11 ...
 ------ 7 / 11 ...
 ------ 8 / 11 ...
 ------ 9 / 11 ...
 ------ 10 / 11 ...
 ------ 11 / 11 ...
(78, 106)

Profiling for Stage (78, 106) with bs(4)
 ------ 1 / 11 ...
 ------ 2 / 11 ...
 ------ 3 / 11 ...
 ------ 4 / 11 ...
 ------ 5 / 11 ...
 ------ 6 / 11 ...
 ------ 7 / 11 ...
 ------ 8 / 11 ...
 ------ 9 / 11 ...
 ------ 10 / 11 ...
 ------ 11 / 11 ...
 ------ 1 / 11 ...
 ------ 2 / 11 ...
 ------ 3 / 11 ...
 ------ 4 / 11 ...
 ------ 5 / 11 ...
 ------ 6 / 11 ...
 ------ 7 / 11 ...
 ------ 8 / 11 ...
 ------ 9 / 11 ...
 ------ 10 / 11 ...
 ------ 11 / 11 ...
6606.0
3650.0
3652.0
3753.0
4663.0
3570.0
3685.0
3909.0
4723.0
3873.0
3637.0
4349.0
3656.0
4679.0
4173.0
3819.0
3888.0
3606.0
4205.0
3636.0
5103.0
4409.0
4283.0
6937.0
4400.0
4822.0
6375.0
4954.0
5022.0
4465.0
7793.0
9647.0
7496.0
7205.0
7383.0
10656.0
6517.0
7134.0
7367.0
7870.0
9210.0
9454.0
8332.0
9672.0
8114.0
7910.0
7183.0
8892.0
8760.0
10369.0
11043.0
11327.0
11520.0
10349.0
10284.0
9340.0
11726.0
12717.0
9814.0
11011.0
12959.0
13276.0
12337.0
16030.0
17720.0
11848.0
11472.0
12909.0
16842.0
12622.0
73857.0
132138.0
38766.0
40851.0
39850.0
38810.0
40110.0
38383.0
37348.0
36631.0
[8416, 7929, 10154, 15813, 17579, 21826, 27603, 103348]

Mean FP TimeList
[[57947, 1162, 7799], [58351, 10730, 7793], [65925, 10132, 7799], [61293, 11534, 3903], [62266, 5162, 3906], [62651, 5126, 1954], [60811, 6261, 1955], [60684, 6245, 8]]

Mean BP TimeList
[[180994, 11068, 739], [169427, 19723, 7795], [198210, 19811, 7809], [180454, 14873, 7790], [171379, 11933, 3904], [188208, 2644, 3904], [177078, 2925, 1966], [188314, 2723, 1960]]

Mean DPOH TimeList
[8416, 7929, 10154, 15813, 17579, 21826, 27603, 103348]

FP TimeList
[[57947, 18529], [58351, 17925], [65925, 19333], [61293, 9065], [62266, 9032], [62651, 8215], [60811, 8200], [60684, 2723]]

BP TimeList
[[188314, 4885], [177078, 4610], [188208, 15837], [171379, 18777], [180454, 27601], [198210, 27532], [169427, 18863], [180994, 739]]

Time Chart for FP
[57947]
[57947, 18529]
[57947, 18529, 58351]
[57947, 18529, 58351, 17925]
[57947, 18529, 58351, 17925, 65925]
[57947, 18529, 58351, 17925, 65925, 19333]
[57947, 18529, 58351, 17925, 65925, 19333, 61293]
[57947, 18529, 58351, 17925, 65925, 19333, 61293, 9065]
[57947, 18529, 58351, 17925, 65925, 19333, 61293, 9065, 62266]
[57947, 18529, 58351, 17925, 65925, 19333, 61293, 9065, 62266, 9032]
[57947, 18529, 58351, 17925, 65925, 19333, 61293, 9065, 62266, 9032, 62651]
[57947, 18529, 58351, 17925, 65925, 19333, 61293, 9065, 62266, 9032, 62651, 8215]
[57947, 18529, 58351, 17925, 65925, 19333, 61293, 9065, 62266, 9032, 62651, 8215, 60811]
[57947, 18529, 58351, 17925, 65925, 19333, 61293, 9065, 62266, 9032, 62651, 8215, 60811, 8200]
[57947, 18529, 58351, 17925, 65925, 19333, 61293, 9065, 62266, 9032, 62651, 8215, 60811, 8200, 60684]
[57947, 18529, 58351, 17925, 65925, 19333, 61293, 9065, 62266, 9032, 62651, 8215, 60811, 8200, 60684, 2723]
[58351, 17925, 65925, 19333, 61293, 9065, 62266, 9032, 62651, 8215, 60811, 8200, 60684, 2723]
[58351, 17925, 65925, 19333, 61293, 9065, 62266, 9032, 62651, 8215, 60811, 8200, 60684, 2723]
[65925, 19333, 61293, 9065, 62266, 9032, 62651, 8215, 60811, 8200, 60684, 2723]
[65925, 19333, 61293, 9065, 62266, 9032, 62651, 8215, 60811, 8200, 60684, 2723]
[61293, 9065, 62266, 9032, 62651, 8215, 60811, 8200, 60684, 2723]
[61293, 9065, 62266, 9032, 62651, 8215, 60811, 8200, 60684, 2723]
[62266, 9032, 62651, 8215, 60811, 8200, 60684, 2723]
[62266, 9032, 62651, 8215, 60811, 8200, 60684, 2723]
[62651, 8215, 60811, 8200, 60684, 2723]
[62651, 8215, 60811, 8200, 60684, 2723]
[60811, 8200, 60684, 2723]
[60811, 8200, 60684, 2723]
[60684, 2723]
[60684, 2723]

FP for each step:  [57947, 57947, 58351, 58351, 65925, 65925, 65925, 65925, 65925, 65925, 65925, 65925, 65925, 65925, 65925, 65925, 65925, 65925, 65925, 65925, 62651, 62651, 62651, 62651, 62651, 62651, 60811, 60811, 60684, 60684]

Time Chart for BP
[2723, 188314]
[188314, 4885]
[188314, 4885, 177078]
[188314, 4885, 177078, 4610]
[188314, 4885, 177078, 4610, 188208]
[188314, 4885, 177078, 4610, 188208, 15837]
[188314, 4885, 177078, 4610, 188208, 15837, 171379]
[188314, 4885, 177078, 4610, 188208, 15837, 171379, 18777]
[188314, 4885, 177078, 4610, 188208, 15837, 171379, 18777, 180454]
[188314, 4885, 177078, 4610, 188208, 15837, 171379, 18777, 180454, 27601]
[188314, 4885, 177078, 4610, 188208, 15837, 171379, 18777, 180454, 27601, 198210]
[188314, 4885, 177078, 4610, 188208, 15837, 171379, 18777, 180454, 27601, 198210, 27532]
[188314, 4885, 177078, 4610, 188208, 15837, 171379, 18777, 180454, 27601, 198210, 27532, 169427]
[188314, 4885, 177078, 4610, 188208, 15837, 171379, 18777, 180454, 27601, 198210, 27532, 169427, 18863]
[188314, 4885, 177078, 4610, 188208, 15837, 171379, 18777, 180454, 27601, 198210, 27532, 169427, 18863, 180994]
[188314, 4885, 177078, 4610, 188208, 15837, 171379, 18777, 180454, 27601, 198210, 27532, 169427, 18863, 180994, 739]
[177078, 4610, 188208, 15837, 171379, 18777, 180454, 27601, 198210, 27532, 169427, 18863, 180994, 739]
[177078, 4610, 188208, 15837, 171379, 18777, 180454, 27601, 198210, 27532, 169427, 18863, 180994, 739]
[188208, 15837, 171379, 18777, 180454, 27601, 198210, 27532, 169427, 18863, 180994, 739]
[188208, 15837, 171379, 18777, 180454, 27601, 198210, 27532, 169427, 18863, 180994, 739]
[171379, 18777, 180454, 27601, 198210, 27532, 169427, 18863, 180994, 739]
[171379, 18777, 180454, 27601, 198210, 27532, 169427, 18863, 180994, 739]
[180454, 27601, 198210, 27532, 169427, 18863, 180994, 739]
[180454, 27601, 198210, 27532, 169427, 18863, 180994, 739]
[198210, 27532, 169427, 18863, 180994, 739]
[198210, 27532, 169427, 18863, 180994, 739]
[169427, 18863, 180994, 739]
[169427, 18863, 180994, 739]
[180994, 739]
[180994, 739]

BP for each step:  [188314, 188314, 188314, 188314, 188314, 188314, 188314, 188314, 188314, 188314, 198210, 198210, 198210, 198210, 198210, 198210, 198210, 198210, 198210, 198210, 198210, 198210, 198210, 198210, 198210, 198210, 180994, 180994, 180994, 180994]
Time without overhead: 7.684768 s

Total Time: 7.684768 s
