========== Stats ==========
iters 10
batchSize 32
numMicro 16
machine 4
log_dir _timeline/resnet_5gh
file ./_parth/partition_8_resnet_32_16.txt
model resnet
===========================
Number of Stages: 8
(0, 9)

Profiling for Stage (0, 9) with bs(2)
 ------ 1 / 11 ...
 ------ 2 / 11 ...
 ------ 3 / 11 ...
 ------ 4 / 11 ...
 ------ 5 / 11 ...
 ------ 6 / 11 ...
 ------ 7 / 11 ...
 ------ 8 / 11 ...
 ------ 9 / 11 ...
 ------ 10 / 11 ...
 ------ 11 / 11 ...
 ------ 1 / 11 ...
 ------ 2 / 11 ...
 ------ 3 / 11 ...
 ------ 4 / 11 ...
 ------ 5 / 11 ...
 ------ 6 / 11 ...
 ------ 7 / 11 ...
 ------ 8 / 11 ...
 ------ 9 / 11 ...
 ------ 10 / 11 ...
 ------ 11 / 11 ...
(9, 16)

Profiling for Stage (9, 16) with bs(2)
 ------ 1 / 11 ...
 ------ 2 / 11 ...
 ------ 3 / 11 ...
 ------ 4 / 11 ...
 ------ 5 / 11 ...
 ------ 6 / 11 ...
 ------ 7 / 11 ...
 ------ 8 / 11 ...
 ------ 9 / 11 ...
 ------ 10 / 11 ...
 ------ 11 / 11 ...
 ------ 1 / 11 ...
 ------ 2 / 11 ...
 ------ 3 / 11 ...
 ------ 4 / 11 ...
 ------ 5 / 11 ...
 ------ 6 / 11 ...
 ------ 7 / 11 ...
 ------ 8 / 11 ...
 ------ 9 / 11 ...
 ------ 10 / 11 ...
 ------ 11 / 11 ...
(16, 23)

Profiling for Stage (16, 23) with bs(2)
 ------ 1 / 11 ...
 ------ 2 / 11 ...
 ------ 3 / 11 ...
 ------ 4 / 11 ...
 ------ 5 / 11 ...
 ------ 6 / 11 ...
 ------ 7 / 11 ...
 ------ 8 / 11 ...
 ------ 9 / 11 ...
 ------ 10 / 11 ...
 ------ 11 / 11 ...
 ------ 1 / 11 ...
 ------ 2 / 11 ...
 ------ 3 / 11 ...
 ------ 4 / 11 ...
 ------ 5 / 11 ...
 ------ 6 / 11 ...
 ------ 7 / 11 ...
 ------ 8 / 11 ...
 ------ 9 / 11 ...
 ------ 10 / 11 ...
 ------ 11 / 11 ...
(23, 30)

Profiling for Stage (23, 30) with bs(2)
 ------ 1 / 11 ...
 ------ 2 / 11 ...
 ------ 3 / 11 ...
 ------ 4 / 11 ...
 ------ 5 / 11 ...
 ------ 6 / 11 ...
 ------ 7 / 11 ...
 ------ 8 / 11 ...
 ------ 9 / 11 ...
 ------ 10 / 11 ...
 ------ 11 / 11 ...
 ------ 1 / 11 ...
 ------ 2 / 11 ...
 ------ 3 / 11 ...
 ------ 4 / 11 ...
 ------ 5 / 11 ...
 ------ 6 / 11 ...
 ------ 7 / 11 ...
 ------ 8 / 11 ...
 ------ 9 / 11 ...
 ------ 10 / 11 ...
 ------ 11 / 11 ...
(30, 37)

Profiling for Stage (30, 37) with bs(2)
 ------ 1 / 11 ...
 ------ 2 / 11 ...
 ------ 3 / 11 ...
 ------ 4 / 11 ...
 ------ 5 / 11 ...
 ------ 6 / 11 ...
 ------ 7 / 11 ...
 ------ 8 / 11 ...
 ------ 9 / 11 ...
 ------ 10 / 11 ...
 ------ 11 / 11 ...
 ------ 1 / 11 ...
 ------ 2 / 11 ...
 ------ 3 / 11 ...
 ------ 4 / 11 ...
 ------ 5 / 11 ...
 ------ 6 / 11 ...
 ------ 7 / 11 ...
 ------ 8 / 11 ...
 ------ 9 / 11 ...
 ------ 10 / 11 ...
 ------ 11 / 11 ...
(37, 43)

Profiling for Stage (37, 43) with bs(2)
 ------ 1 / 11 ...
 ------ 2 / 11 ...
 ------ 3 / 11 ...
 ------ 4 / 11 ...
 ------ 5 / 11 ...
 ------ 6 / 11 ...
 ------ 7 / 11 ...
 ------ 8 / 11 ...
 ------ 9 / 11 ...
 ------ 10 / 11 ...
 ------ 11 / 11 ...
 ------ 1 / 11 ...
 ------ 2 / 11 ...
 ------ 3 / 11 ...
 ------ 4 / 11 ...
 ------ 5 / 11 ...
 ------ 6 / 11 ...
 ------ 7 / 11 ...
 ------ 8 / 11 ...
 ------ 9 / 11 ...
 ------ 10 / 11 ...
 ------ 11 / 11 ...
(43, 49)

Profiling for Stage (43, 49) with bs(2)
 ------ 1 / 11 ...
 ------ 2 / 11 ...
 ------ 3 / 11 ...
 ------ 4 / 11 ...
 ------ 5 / 11 ...
 ------ 6 / 11 ...
 ------ 7 / 11 ...
 ------ 8 / 11 ...
 ------ 9 / 11 ...
 ------ 10 / 11 ...
 ------ 11 / 11 ...
 ------ 1 / 11 ...
 ------ 2 / 11 ...
 ------ 3 / 11 ...
 ------ 4 / 11 ...
 ------ 5 / 11 ...
 ------ 6 / 11 ...
 ------ 7 / 11 ...
 ------ 8 / 11 ...
 ------ 9 / 11 ...
 ------ 10 / 11 ...
 ------ 11 / 11 ...
(49, 55)

Profiling for Stage (49, 55) with bs(2)
 ------ 1 / 11 ...
 ------ 2 / 11 ...
 ------ 3 / 11 ...
 ------ 4 / 11 ...
 ------ 5 / 11 ...
 ------ 6 / 11 ...
 ------ 7 / 11 ...
 ------ 8 / 11 ...
 ------ 9 / 11 ...
 ------ 10 / 11 ...
 ------ 11 / 11 ...
 ------ 1 / 11 ...
 ------ 2 / 11 ...
 ------ 3 / 11 ...
 ------ 4 / 11 ...
 ------ 5 / 11 ...
 ------ 6 / 11 ...
 ------ 7 / 11 ...
 ------ 8 / 11 ...
 ------ 9 / 11 ...
 ------ 10 / 11 ...
 ------ 11 / 11 ...
24149.0
32454.0
9276.0
9584.0
8426.0
9269.0
9587.0
9160.0
9226.0
8476.0
58489.0
109992.0
27294.0
26693.0
27019.0
27543.0
26986.0
26673.0
27782.0
27633.0
43200.0
194160.0
42911.0
41875.0
41945.0
41770.0
42326.0
41723.0
43012.0
42725.0
42136.0
42309.0
42394.0
43153.0
42493.0
42870.0
42785.0
41922.0
42609.0
42594.0
42737.0
43055.0
41732.0
42009.0
41938.0
41722.0
42857.0
43359.0
43008.0
42049.0
36512.0
36727.0
36625.0
36719.0
36645.0
36411.0
36713.0
36403.0
36751.0
36512.0
47630.0
46786.0
47739.0
46455.0
46666.0
46635.0
47491.0
46328.0
46882.0
46600.0
49781.0
50370.0
49398.0
49365.0
49655.0
49724.0
49287.0
49655.0
49328.0
49688.0
[25921, 77220, 115129, 85053, 84893, 73203, 93842, 99250]

Mean FP TimeList
[[16576, 102, 964], [16339, 1409, 484], [22706, 1252, 484], [23003, 799, 483], [22841, 1531, 485], [19347, 1492, 484], [20704, 890, 246], [18675, 467, 7]]

Mean BP TimeList
[[59603, 1379, 15], [58419, 1765, 960], [69172, 1327, 484], [72656, 1393, 485], [69067, 1335, 484], [59946, 1335, 485], [75971, 1079, 488], [64517, 487, 245]]

Mean DPOH TimeList
[25921, 77220, 115129, 85053, 84893, 73203, 93842, 99250]

FP TimeList
[[16576, 2373], [16339, 1736], [22706, 1283], [23003, 2014], [22841, 1977], [19347, 1374], [20704, 713], [18675, 487]]

BP TimeList
[[64517, 1324], [75971, 1823], [59946, 1820], [69067, 1877], [72656, 1812], [69172, 2249], [58419, 2339], [59603, 15]]

Time Chart for FP
[16576]
[16576, 2373]
[16576, 2373, 16339]
[16576, 2373, 16339, 1736]
[16576, 2373, 16339, 1736, 22706]
[16576, 2373, 16339, 1736, 22706, 1283]
[16576, 2373, 16339, 1736, 22706, 1283, 23003]
[16576, 2373, 16339, 1736, 22706, 1283, 23003, 2014]
[16576, 2373, 16339, 1736, 22706, 1283, 23003, 2014, 22841]
[16576, 2373, 16339, 1736, 22706, 1283, 23003, 2014, 22841, 1977]
[16576, 2373, 16339, 1736, 22706, 1283, 23003, 2014, 22841, 1977, 19347]
[16576, 2373, 16339, 1736, 22706, 1283, 23003, 2014, 22841, 1977, 19347, 1374]
[16576, 2373, 16339, 1736, 22706, 1283, 23003, 2014, 22841, 1977, 19347, 1374, 20704]
[16576, 2373, 16339, 1736, 22706, 1283, 23003, 2014, 22841, 1977, 19347, 1374, 20704, 713]
[16576, 2373, 16339, 1736, 22706, 1283, 23003, 2014, 22841, 1977, 19347, 1374, 20704, 713, 18675]
[16576, 2373, 16339, 1736, 22706, 1283, 23003, 2014, 22841, 1977, 19347, 1374, 20704, 713, 18675, 487]
[16339, 1736, 22706, 1283, 23003, 2014, 22841, 1977, 19347, 1374, 20704, 713, 18675, 487]
[16339, 1736, 22706, 1283, 23003, 2014, 22841, 1977, 19347, 1374, 20704, 713, 18675, 487]
[22706, 1283, 23003, 2014, 22841, 1977, 19347, 1374, 20704, 713, 18675, 487]
[22706, 1283, 23003, 2014, 22841, 1977, 19347, 1374, 20704, 713, 18675, 487]
[23003, 2014, 22841, 1977, 19347, 1374, 20704, 713, 18675, 487]
[23003, 2014, 22841, 1977, 19347, 1374, 20704, 713, 18675, 487]
[22841, 1977, 19347, 1374, 20704, 713, 18675, 487]
[22841, 1977, 19347, 1374, 20704, 713, 18675, 487]
[19347, 1374, 20704, 713, 18675, 487]
[19347, 1374, 20704, 713, 18675, 487]
[20704, 713, 18675, 487]
[20704, 713, 18675, 487]
[18675, 487]
[18675, 487]

FP for each step:  [16576, 16576, 16576, 16576, 22706, 22706, 23003, 23003, 23003, 23003, 23003, 23003, 23003, 23003, 23003, 23003, 23003, 23003, 23003, 23003, 23003, 23003, 22841, 22841, 20704, 20704, 20704, 20704, 18675, 18675]

Time Chart for BP
[487, 64517]
[64517, 1324]
[64517, 1324, 75971]
[64517, 1324, 75971, 1823]
[64517, 1324, 75971, 1823, 59946]
[64517, 1324, 75971, 1823, 59946, 1820]
[64517, 1324, 75971, 1823, 59946, 1820, 69067]
[64517, 1324, 75971, 1823, 59946, 1820, 69067, 1877]
[64517, 1324, 75971, 1823, 59946, 1820, 69067, 1877, 72656]
[64517, 1324, 75971, 1823, 59946, 1820, 69067, 1877, 72656, 1812]
[64517, 1324, 75971, 1823, 59946, 1820, 69067, 1877, 72656, 1812, 69172]
[64517, 1324, 75971, 1823, 59946, 1820, 69067, 1877, 72656, 1812, 69172, 2249]
[64517, 1324, 75971, 1823, 59946, 1820, 69067, 1877, 72656, 1812, 69172, 2249, 58419]
[64517, 1324, 75971, 1823, 59946, 1820, 69067, 1877, 72656, 1812, 69172, 2249, 58419, 2339]
[64517, 1324, 75971, 1823, 59946, 1820, 69067, 1877, 72656, 1812, 69172, 2249, 58419, 2339, 59603]
[64517, 1324, 75971, 1823, 59946, 1820, 69067, 1877, 72656, 1812, 69172, 2249, 58419, 2339, 59603, 15]
[75971, 1823, 59946, 1820, 69067, 1877, 72656, 1812, 69172, 2249, 58419, 2339, 59603, 15]
[75971, 1823, 59946, 1820, 69067, 1877, 72656, 1812, 69172, 2249, 58419, 2339, 59603, 15]
[59946, 1820, 69067, 1877, 72656, 1812, 69172, 2249, 58419, 2339, 59603, 15]
[59946, 1820, 69067, 1877, 72656, 1812, 69172, 2249, 58419, 2339, 59603, 15]
[69067, 1877, 72656, 1812, 69172, 2249, 58419, 2339, 59603, 15]
[69067, 1877, 72656, 1812, 69172, 2249, 58419, 2339, 59603, 15]
[72656, 1812, 69172, 2249, 58419, 2339, 59603, 15]
[72656, 1812, 69172, 2249, 58419, 2339, 59603, 15]
[69172, 2249, 58419, 2339, 59603, 15]
[69172, 2249, 58419, 2339, 59603, 15]
[58419, 2339, 59603, 15]
[58419, 2339, 59603, 15]
[59603, 15]
[59603, 15]

BP for each step:  [64517, 64517, 75971, 75971, 75971, 75971, 75971, 75971, 75971, 75971, 75971, 75971, 75971, 75971, 75971, 75971, 75971, 75971, 72656, 72656, 72656, 72656, 72656, 72656, 69172, 69172, 59603, 59603, 59603, 59603]
Time without overhead: 2.802874 s

Total Time: 2.802874 s
