========== Stats ==========
iters 10
batchSize 16
numMicro 8
machine 4
log_dir _timeline/resnet_5gh
file ./_parth/partition_2_resnet_16_8.txt
model resnet
===========================
Number of Stages: 2
(0, 30)

Profiling for Stage (0, 30) with bs(2)
 ------ 1 / 11 ...
 ------ 2 / 11 ...
 ------ 3 / 11 ...
 ------ 4 / 11 ...
 ------ 5 / 11 ...
 ------ 6 / 11 ...
 ------ 7 / 11 ...
 ------ 8 / 11 ...
 ------ 9 / 11 ...
 ------ 10 / 11 ...
 ------ 11 / 11 ...
 ------ 1 / 11 ...
 ------ 2 / 11 ...
 ------ 3 / 11 ...
 ------ 4 / 11 ...
 ------ 5 / 11 ...
 ------ 6 / 11 ...
 ------ 7 / 11 ...
 ------ 8 / 11 ...
 ------ 9 / 11 ...
 ------ 10 / 11 ...
 ------ 11 / 11 ...
(30, 55)

Profiling for Stage (30, 55) with bs(2)
 ------ 1 / 11 ...
 ------ 2 / 11 ...
 ------ 3 / 11 ...
 ------ 4 / 11 ...
 ------ 5 / 11 ...
 ------ 6 / 11 ...
 ------ 7 / 11 ...
 ------ 8 / 11 ...
 ------ 9 / 11 ...
 ------ 10 / 11 ...
 ------ 11 / 11 ...
 ------ 1 / 11 ...
 ------ 2 / 11 ...
 ------ 3 / 11 ...
 ------ 4 / 11 ...
 ------ 5 / 11 ...
 ------ 6 / 11 ...
 ------ 7 / 11 ...
 ------ 8 / 11 ...
 ------ 9 / 11 ...
 ------ 10 / 11 ...
 ------ 11 / 11 ...
404304.0
447896.0
121327.0
119781.0
120316.0
120592.0
122415.0
122050.0
121959.0
119579.0
175018.0
780900.0
175369.0
174413.0
174793.0
173273.0
173959.0
172926.0
173954.0
175043.0
[364043, 469929]

Mean FP TimeList
[[76797, 164, 483], [75146, 2920, 8]]

Mean BP TimeList
[[250657, 933, 15], [269464, 2671, 484]]

Mean DPOH TimeList
[364043, 469929]

FP TimeList
[[76797, 3403], [75146, 2671]]

BP TimeList
[[269464, 1417], [250657, 15]]

Time Chart for FP
[76797]
[76797, 3403]
[76797, 3403, 75146]
[76797, 3403, 75146, 2671]
[76797, 3403, 75146, 2671]
[76797, 3403, 75146, 2671]
[76797, 3403, 75146, 2671]
[76797, 3403, 75146, 2671]
[75146, 2671]
[75146, 2671]

FP for each step:  [76797, 76797, 76797, 76797, 76797, 76797, 76797, 76797, 75146, 75146]

Time Chart for BP
[2671, 269464]
[269464, 1417]
[269464, 1417, 250657]
[269464, 1417, 250657, 15]
[269464, 1417, 250657, 15]
[269464, 1417, 250657, 15]
[269464, 1417, 250657, 15]
[269464, 1417, 250657, 15]
[250657, 15]
[250657, 15]

BP for each step:  [269464, 269464, 269464, 269464, 269464, 269464, 269464, 269464, 250657, 250657]
Time without overhead: 3.421694 s

Total Time: 3.421694 s
