========== Stats ==========
iters 10
batchSize 32
numMicro 16
machine 4
log_dir _timeline/resnext_h
file ./_parth/partition_8_resnext_32_16.txt
model resnext
===========================
Number of Stages: 8
(0, 8)

Profiling for Stage (0, 8) with bs(2)
 ------ 1 / 11 ...
 ------ 2 / 11 ...
 ------ 3 / 11 ...
 ------ 4 / 11 ...
 ------ 5 / 11 ...
 ------ 6 / 11 ...
 ------ 7 / 11 ...
 ------ 8 / 11 ...
 ------ 9 / 11 ...
 ------ 10 / 11 ...
 ------ 11 / 11 ...
 ------ 1 / 11 ...
 ------ 2 / 11 ...
 ------ 3 / 11 ...
 ------ 4 / 11 ...
 ------ 5 / 11 ...
 ------ 6 / 11 ...
 ------ 7 / 11 ...
 ------ 8 / 11 ...
 ------ 9 / 11 ...
 ------ 10 / 11 ...
 ------ 11 / 11 ...
(8, 14)

Profiling for Stage (8, 14) with bs(2)
 ------ 1 / 11 ...
 ------ 2 / 11 ...
 ------ 3 / 11 ...
 ------ 4 / 11 ...
 ------ 5 / 11 ...
 ------ 6 / 11 ...
 ------ 7 / 11 ...
 ------ 8 / 11 ...
 ------ 9 / 11 ...
 ------ 10 / 11 ...
 ------ 11 / 11 ...
 ------ 1 / 11 ...
 ------ 2 / 11 ...
 ------ 3 / 11 ...
 ------ 4 / 11 ...
 ------ 5 / 11 ...
 ------ 6 / 11 ...
 ------ 7 / 11 ...
 ------ 8 / 11 ...
 ------ 9 / 11 ...
 ------ 10 / 11 ...
 ------ 11 / 11 ...
(14, 20)

Profiling for Stage (14, 20) with bs(2)
 ------ 1 / 11 ...
 ------ 2 / 11 ...
 ------ 3 / 11 ...
 ------ 4 / 11 ...
 ------ 5 / 11 ...
 ------ 6 / 11 ...
 ------ 7 / 11 ...
 ------ 8 / 11 ...
 ------ 9 / 11 ...
 ------ 10 / 11 ...
 ------ 11 / 11 ...
 ------ 1 / 11 ...
 ------ 2 / 11 ...
 ------ 3 / 11 ...
 ------ 4 / 11 ...
 ------ 5 / 11 ...
 ------ 6 / 11 ...
 ------ 7 / 11 ...
 ------ 8 / 11 ...
 ------ 9 / 11 ...
 ------ 10 / 11 ...
 ------ 11 / 11 ...
(20, 31)

Profiling for Stage (20, 31) with bs(2)
 ------ 1 / 11 ...
 ------ 2 / 11 ...
 ------ 3 / 11 ...
 ------ 4 / 11 ...
 ------ 5 / 11 ...
 ------ 6 / 11 ...
 ------ 7 / 11 ...
 ------ 8 / 11 ...
 ------ 9 / 11 ...
 ------ 10 / 11 ...
 ------ 11 / 11 ...
 ------ 1 / 11 ...
 ------ 2 / 11 ...
 ------ 3 / 11 ...
 ------ 4 / 11 ...
 ------ 5 / 11 ...
 ------ 6 / 11 ...
 ------ 7 / 11 ...
 ------ 8 / 11 ...
 ------ 9 / 11 ...
 ------ 10 / 11 ...
 ------ 11 / 11 ...
(31, 44)

Profiling for Stage (31, 44) with bs(2)
 ------ 1 / 11 ...
 ------ 2 / 11 ...
 ------ 3 / 11 ...
 ------ 4 / 11 ...
 ------ 5 / 11 ...
 ------ 6 / 11 ...
 ------ 7 / 11 ...
 ------ 8 / 11 ...
 ------ 9 / 11 ...
 ------ 10 / 11 ...
 ------ 11 / 11 ...
 ------ 1 / 11 ...
 ------ 2 / 11 ...
 ------ 3 / 11 ...
 ------ 4 / 11 ...
 ------ 5 / 11 ...
 ------ 6 / 11 ...
 ------ 7 / 11 ...
 ------ 8 / 11 ...
 ------ 9 / 11 ...
 ------ 10 / 11 ...
 ------ 11 / 11 ...
(44, 59)

Profiling for Stage (44, 59) with bs(2)
 ------ 1 / 11 ...
 ------ 2 / 11 ...
 ------ 3 / 11 ...
 ------ 4 / 11 ...
 ------ 5 / 11 ...
 ------ 6 / 11 ...
 ------ 7 / 11 ...
 ------ 8 / 11 ...
 ------ 9 / 11 ...
 ------ 10 / 11 ...
 ------ 11 / 11 ...
 ------ 1 / 11 ...
 ------ 2 / 11 ...
 ------ 3 / 11 ...
 ------ 4 / 11 ...
 ------ 5 / 11 ...
 ------ 6 / 11 ...
 ------ 7 / 11 ...
 ------ 8 / 11 ...
 ------ 9 / 11 ...
 ------ 10 / 11 ...
 ------ 11 / 11 ...
(59, 80)

Profiling for Stage (59, 80) with bs(2)
 ------ 1 / 11 ...
 ------ 2 / 11 ...
 ------ 3 / 11 ...
 ------ 4 / 11 ...
 ------ 5 / 11 ...
 ------ 6 / 11 ...
 ------ 7 / 11 ...
 ------ 8 / 11 ...
 ------ 9 / 11 ...
 ------ 10 / 11 ...
 ------ 11 / 11 ...
 ------ 1 / 11 ...
 ------ 2 / 11 ...
 ------ 3 / 11 ...
 ------ 4 / 11 ...
 ------ 5 / 11 ...
 ------ 6 / 11 ...
 ------ 7 / 11 ...
 ------ 8 / 11 ...
 ------ 9 / 11 ...
 ------ 10 / 11 ...
 ------ 11 / 11 ...
(80, 106)

Profiling for Stage (80, 106) with bs(2)
 ------ 1 / 11 ...
 ------ 2 / 11 ...
 ------ 3 / 11 ...
 ------ 4 / 11 ...
 ------ 5 / 11 ...
 ------ 6 / 11 ...
 ------ 7 / 11 ...
 ------ 8 / 11 ...
 ------ 9 / 11 ...
 ------ 10 / 11 ...
 ------ 11 / 11 ...
 ------ 1 / 11 ...
 ------ 2 / 11 ...
 ------ 3 / 11 ...
 ------ 4 / 11 ...
 ------ 5 / 11 ...
 ------ 6 / 11 ...
 ------ 7 / 11 ...
 ------ 8 / 11 ...
 ------ 9 / 11 ...
 ------ 10 / 11 ...
 ------ 11 / 11 ...
4877.0
4499.0
3737.0
3660.0
4042.0
4023.0
3646.0
3797.0
3911.0
4075.0
5745.0
4737.0
3998.0
3568.0
3710.0
3696.0
3545.0
4569.0
3682.0
3761.0
4498.0
3659.0
5123.0
4664.0
3709.0
3721.0
4092.0
3832.0
4123.0
3827.0
6618.0
6557.0
7751.0
7596.0
6795.0
7917.0
6840.0
6841.0
9452.0
7447.0
8439.0
8010.0
8892.0
7950.0
9159.0
8028.0
7802.0
8047.0
7933.0
11892.0
10715.0
9258.0
12420.0
9539.0
9993.0
10877.0
11670.0
11370.0
10253.0
10665.0
14514.0
14701.0
12882.0
13934.0
13796.0
13538.0
13989.0
13468.0
13007.0
13627.0
99001.0
128681.0
37231.0
36822.0
41479.0
38461.0
37156.0
37798.0
36986.0
39221.0
[8053, 8202, 8249, 14762, 17230, 21352, 27491, 106567]

Mean FP TimeList
[[34610, 1524, 3907], [36349, 5092, 3899], [36587, 5085, 3909], [37481, 5068, 1959], [38406, 4358, 1954], [36719, 2657, 982], [37773, 5588, 987], [34002, 4959, 8]]

Mean BP TimeList
[[99823, 6724, 373], [98749, 6074, 3901], [94984, 10430, 3903], [108588, 7644, 3900], [104818, 7673, 1952], [107603, 5224, 1959], [118399, 2558, 980], [113353, 1479, 985]]

Mean DPOH TimeList
[8053, 8202, 8249, 14762, 17230, 21352, 27491, 106567]

FP TimeList
[[34610, 8999], [36349, 8984], [36587, 8977], [37481, 6317], [38406, 4611], [36719, 6570], [37773, 5946], [34002, 1479]]

BP TimeList
[[113353, 3543], [118399, 6204], [107603, 9632], [104818, 9596], [108588, 14330], [94984, 9977], [98749, 10625], [99823, 373]]

Time Chart for FP
[34610]
[34610, 8999]
[34610, 8999, 36349]
[34610, 8999, 36349, 8984]
[34610, 8999, 36349, 8984, 36587]
[34610, 8999, 36349, 8984, 36587, 8977]
[34610, 8999, 36349, 8984, 36587, 8977, 37481]
[34610, 8999, 36349, 8984, 36587, 8977, 37481, 6317]
[34610, 8999, 36349, 8984, 36587, 8977, 37481, 6317, 38406]
[34610, 8999, 36349, 8984, 36587, 8977, 37481, 6317, 38406, 4611]
[34610, 8999, 36349, 8984, 36587, 8977, 37481, 6317, 38406, 4611, 36719]
[34610, 8999, 36349, 8984, 36587, 8977, 37481, 6317, 38406, 4611, 36719, 6570]
[34610, 8999, 36349, 8984, 36587, 8977, 37481, 6317, 38406, 4611, 36719, 6570, 37773]
[34610, 8999, 36349, 8984, 36587, 8977, 37481, 6317, 38406, 4611, 36719, 6570, 37773, 5946]
[34610, 8999, 36349, 8984, 36587, 8977, 37481, 6317, 38406, 4611, 36719, 6570, 37773, 5946, 34002]
[34610, 8999, 36349, 8984, 36587, 8977, 37481, 6317, 38406, 4611, 36719, 6570, 37773, 5946, 34002, 1479]
[36349, 8984, 36587, 8977, 37481, 6317, 38406, 4611, 36719, 6570, 37773, 5946, 34002, 1479]
[36349, 8984, 36587, 8977, 37481, 6317, 38406, 4611, 36719, 6570, 37773, 5946, 34002, 1479]
[36587, 8977, 37481, 6317, 38406, 4611, 36719, 6570, 37773, 5946, 34002, 1479]
[36587, 8977, 37481, 6317, 38406, 4611, 36719, 6570, 37773, 5946, 34002, 1479]
[37481, 6317, 38406, 4611, 36719, 6570, 37773, 5946, 34002, 1479]
[37481, 6317, 38406, 4611, 36719, 6570, 37773, 5946, 34002, 1479]
[38406, 4611, 36719, 6570, 37773, 5946, 34002, 1479]
[38406, 4611, 36719, 6570, 37773, 5946, 34002, 1479]
[36719, 6570, 37773, 5946, 34002, 1479]
[36719, 6570, 37773, 5946, 34002, 1479]
[37773, 5946, 34002, 1479]
[37773, 5946, 34002, 1479]
[34002, 1479]
[34002, 1479]

FP for each step:  [34610, 34610, 36349, 36349, 36587, 36587, 37481, 37481, 38406, 38406, 38406, 38406, 38406, 38406, 38406, 38406, 38406, 38406, 38406, 38406, 38406, 38406, 38406, 38406, 37773, 37773, 37773, 37773, 34002, 34002]

Time Chart for BP
[1479, 113353]
[113353, 3543]
[113353, 3543, 118399]
[113353, 3543, 118399, 6204]
[113353, 3543, 118399, 6204, 107603]
[113353, 3543, 118399, 6204, 107603, 9632]
[113353, 3543, 118399, 6204, 107603, 9632, 104818]
[113353, 3543, 118399, 6204, 107603, 9632, 104818, 9596]
[113353, 3543, 118399, 6204, 107603, 9632, 104818, 9596, 108588]
[113353, 3543, 118399, 6204, 107603, 9632, 104818, 9596, 108588, 14330]
[113353, 3543, 118399, 6204, 107603, 9632, 104818, 9596, 108588, 14330, 94984]
[113353, 3543, 118399, 6204, 107603, 9632, 104818, 9596, 108588, 14330, 94984, 9977]
[113353, 3543, 118399, 6204, 107603, 9632, 104818, 9596, 108588, 14330, 94984, 9977, 98749]
[113353, 3543, 118399, 6204, 107603, 9632, 104818, 9596, 108588, 14330, 94984, 9977, 98749, 10625]
[113353, 3543, 118399, 6204, 107603, 9632, 104818, 9596, 108588, 14330, 94984, 9977, 98749, 10625, 99823]
[113353, 3543, 118399, 6204, 107603, 9632, 104818, 9596, 108588, 14330, 94984, 9977, 98749, 10625, 99823, 373]
[118399, 6204, 107603, 9632, 104818, 9596, 108588, 14330, 94984, 9977, 98749, 10625, 99823, 373]
[118399, 6204, 107603, 9632, 104818, 9596, 108588, 14330, 94984, 9977, 98749, 10625, 99823, 373]
[107603, 9632, 104818, 9596, 108588, 14330, 94984, 9977, 98749, 10625, 99823, 373]
[107603, 9632, 104818, 9596, 108588, 14330, 94984, 9977, 98749, 10625, 99823, 373]
[104818, 9596, 108588, 14330, 94984, 9977, 98749, 10625, 99823, 373]
[104818, 9596, 108588, 14330, 94984, 9977, 98749, 10625, 99823, 373]
[108588, 14330, 94984, 9977, 98749, 10625, 99823, 373]
[108588, 14330, 94984, 9977, 98749, 10625, 99823, 373]
[94984, 9977, 98749, 10625, 99823, 373]
[94984, 9977, 98749, 10625, 99823, 373]
[98749, 10625, 99823, 373]
[98749, 10625, 99823, 373]
[99823, 373]
[99823, 373]

BP for each step:  [113353, 113353, 118399, 118399, 118399, 118399, 118399, 118399, 118399, 118399, 118399, 118399, 118399, 118399, 118399, 118399, 118399, 118399, 108588, 108588, 108588, 108588, 108588, 108588, 99823, 99823, 99823, 99823, 99823, 99823]
Time without overhead: 4.495202 s

Total Time: 4.495202 s
