========== Stats ==========
iters 10
batchSize 32
numMicro 4
machine 4
log_dir _timeline/resnet_5gh
file ./_parth/partition_8_resnet_32_4.txt
model resnet
===========================
Number of Stages: 8
(0, 7)

Profiling for Stage (0, 7) with bs(8)
 ------ 1 / 11 ...
 ------ 2 / 11 ...
 ------ 3 / 11 ...
 ------ 4 / 11 ...
 ------ 5 / 11 ...
 ------ 6 / 11 ...
 ------ 7 / 11 ...
 ------ 8 / 11 ...
 ------ 9 / 11 ...
 ------ 10 / 11 ...
 ------ 11 / 11 ...
 ------ 1 / 11 ...
 ------ 2 / 11 ...
 ------ 3 / 11 ...
 ------ 4 / 11 ...
 ------ 5 / 11 ...
 ------ 6 / 11 ...
 ------ 7 / 11 ...
 ------ 8 / 11 ...
 ------ 9 / 11 ...
 ------ 10 / 11 ...
 ------ 11 / 11 ...
(7, 13)

Profiling for Stage (7, 13) with bs(8)
 ------ 1 / 11 ...
 ------ 2 / 11 ...
 ------ 3 / 11 ...
 ------ 4 / 11 ...
 ------ 5 / 11 ...
 ------ 6 / 11 ...
 ------ 7 / 11 ...
 ------ 8 / 11 ...
 ------ 9 / 11 ...
 ------ 10 / 11 ...
 ------ 11 / 11 ...
 ------ 1 / 11 ...
 ------ 2 / 11 ...
 ------ 3 / 11 ...
 ------ 4 / 11 ...
 ------ 5 / 11 ...
 ------ 6 / 11 ...
 ------ 7 / 11 ...
 ------ 8 / 11 ...
 ------ 9 / 11 ...
 ------ 10 / 11 ...
 ------ 11 / 11 ...
(13, 20)

Profiling for Stage (13, 20) with bs(8)
 ------ 1 / 11 ...
 ------ 2 / 11 ...
 ------ 3 / 11 ...
 ------ 4 / 11 ...
 ------ 5 / 11 ...
 ------ 6 / 11 ...
 ------ 7 / 11 ...
 ------ 8 / 11 ...
 ------ 9 / 11 ...
 ------ 10 / 11 ...
 ------ 11 / 11 ...
 ------ 1 / 11 ...
 ------ 2 / 11 ...
 ------ 3 / 11 ...
 ------ 4 / 11 ...
 ------ 5 / 11 ...
 ------ 6 / 11 ...
 ------ 7 / 11 ...
 ------ 8 / 11 ...
 ------ 9 / 11 ...
 ------ 10 / 11 ...
 ------ 11 / 11 ...
(20, 26)

Profiling for Stage (20, 26) with bs(8)
 ------ 1 / 11 ...
 ------ 2 / 11 ...
 ------ 3 / 11 ...
 ------ 4 / 11 ...
 ------ 5 / 11 ...
 ------ 6 / 11 ...
 ------ 7 / 11 ...
 ------ 8 / 11 ...
 ------ 9 / 11 ...
 ------ 10 / 11 ...
 ------ 11 / 11 ...
 ------ 1 / 11 ...
 ------ 2 / 11 ...
 ------ 3 / 11 ...
 ------ 4 / 11 ...
 ------ 5 / 11 ...
 ------ 6 / 11 ...
 ------ 7 / 11 ...
 ------ 8 / 11 ...
 ------ 9 / 11 ...
 ------ 10 / 11 ...
 ------ 11 / 11 ...
(26, 33)

Profiling for Stage (26, 33) with bs(8)
 ------ 1 / 11 ...
 ------ 2 / 11 ...
 ------ 3 / 11 ...
 ------ 4 / 11 ...
 ------ 5 / 11 ...
 ------ 6 / 11 ...
 ------ 7 / 11 ...
 ------ 8 / 11 ...
 ------ 9 / 11 ...
 ------ 10 / 11 ...
 ------ 11 / 11 ...
 ------ 1 / 11 ...
 ------ 2 / 11 ...
 ------ 3 / 11 ...
 ------ 4 / 11 ...
 ------ 5 / 11 ...
 ------ 6 / 11 ...
 ------ 7 / 11 ...
 ------ 8 / 11 ...
 ------ 9 / 11 ...
 ------ 10 / 11 ...
 ------ 11 / 11 ...
(33, 39)

Profiling for Stage (33, 39) with bs(8)
 ------ 1 / 11 ...
 ------ 2 / 11 ...
 ------ 3 / 11 ...
 ------ 4 / 11 ...
 ------ 5 / 11 ...
 ------ 6 / 11 ...
 ------ 7 / 11 ...
 ------ 8 / 11 ...
 ------ 9 / 11 ...
 ------ 10 / 11 ...
 ------ 11 / 11 ...
 ------ 1 / 11 ...
 ------ 2 / 11 ...
 ------ 3 / 11 ...
 ------ 4 / 11 ...
 ------ 5 / 11 ...
 ------ 6 / 11 ...
 ------ 7 / 11 ...
 ------ 8 / 11 ...
 ------ 9 / 11 ...
 ------ 10 / 11 ...
 ------ 11 / 11 ...
(39, 45)

Profiling for Stage (39, 45) with bs(8)
 ------ 1 / 11 ...
 ------ 2 / 11 ...
 ------ 3 / 11 ...
 ------ 4 / 11 ...
 ------ 5 / 11 ...
 ------ 6 / 11 ...
 ------ 7 / 11 ...
 ------ 8 / 11 ...
 ------ 9 / 11 ...
 ------ 10 / 11 ...
 ------ 11 / 11 ...
 ------ 1 / 11 ...
 ------ 2 / 11 ...
 ------ 3 / 11 ...
 ------ 4 / 11 ...
 ------ 5 / 11 ...
 ------ 6 / 11 ...
 ------ 7 / 11 ...
 ------ 8 / 11 ...
 ------ 9 / 11 ...
 ------ 10 / 11 ...
 ------ 11 / 11 ...
(45, 55)

Profiling for Stage (45, 55) with bs(8)
 ------ 1 / 11 ...
 ------ 2 / 11 ...
 ------ 3 / 11 ...
 ------ 4 / 11 ...
 ------ 5 / 11 ...
 ------ 6 / 11 ...
 ------ 7 / 11 ...
 ------ 8 / 11 ...
 ------ 9 / 11 ...
 ------ 10 / 11 ...
 ------ 11 / 11 ...
 ------ 1 / 11 ...
 ------ 2 / 11 ...
 ------ 3 / 11 ...
 ------ 4 / 11 ...
 ------ 5 / 11 ...
 ------ 6 / 11 ...
 ------ 7 / 11 ...
 ------ 8 / 11 ...
 ------ 9 / 11 ...
 ------ 10 / 11 ...
 ------ 11 / 11 ...
5545.0
26788.0
5908.0
5448.0
5557.0
5973.0
5472.0
5617.0
5686.0
5934.0
12829.0
11943.0
12847.0
12897.0
12018.0
12911.0
12735.0
12150.0
12617.0
12300.0
105539.0
194424.0
42938.0
42936.0
42380.0
41883.0
41944.0
43036.0
41907.0
42788.0
36399.0
36441.0
35778.0
36786.0
36822.0
36963.0
36375.0
36842.0
37107.0
36119.0
42746.0
42260.0
42714.0
42172.0
42715.0
41966.0
42302.0
42874.0
42747.0
42578.0
37294.0
35766.0
36687.0
36118.0
37141.0
36933.0
37139.0
36552.0
37132.0
36524.0
36612.0
36336.0
36740.0
36594.0
36736.0
36242.0
36707.0
35974.0
36629.0
36295.0
84074.0
376279.0
83668.0
83733.0
84725.0
83954.0
84767.0
85353.0
83890.0
84958.0
[15585, 25049, 127955, 73126, 85014, 73457, 72973, 227080]

Mean FP TimeList
[[46520, 656, 3831], [46869, 5585, 1915], [50347, 2617, 1917], [52812, 2614, 1916], [61416, 2594, 1914], [53271, 2620, 1918], [43484, 2679, 1915], [56059, 2656, 8]]

Mean BP TimeList
[[137869, 4969, 37], [138139, 7452, 3822], [167597, 4965, 1918], [143738, 4947, 1918], [167188, 5612, 1916], [143359, 4966, 1915], [143025, 4967, 1917], [213911, 2618, 1920]]

Mean DPOH TimeList
[15585, 25049, 127955, 73126, 85014, 73457, 72973, 227080]

FP TimeList
[[46520, 9416], [46869, 4532], [50347, 4531], [52812, 4510], [61416, 4534], [53271, 4597], [43484, 4571], [56059, 2618]]

BP TimeList
[[213911, 6887], [143025, 6883], [143359, 7527], [167188, 6863], [143738, 6883], [167597, 9370], [138139, 8791], [137869, 37]]

Time Chart for FP
[46520]
[46520, 9416]
[46520, 9416, 46869]
[46520, 9416, 46869, 4532]
[46869, 4532, 50347]
[46869, 4532, 50347, 4531]
[50347, 4531, 52812]
[50347, 4531, 52812, 4510]
[52812, 4510, 61416]
[52812, 4510, 61416, 4534]
[61416, 4534, 53271]
[61416, 4534, 53271, 4597]
[53271, 4597, 43484]
[53271, 4597, 43484, 4571]
[43484, 4571, 56059]
[43484, 4571, 56059, 2618]
[56059, 2618]
[56059, 2618]

FP for each step:  [46520, 46520, 46869, 46869, 50347, 50347, 52812, 52812, 61416, 61416, 61416, 61416, 53271, 53271, 56059, 56059, 56059, 56059]

Time Chart for BP
[2618, 213911]
[213911, 6887]
[213911, 6887, 143025]
[213911, 6887, 143025, 6883]
[143025, 6883, 143359]
[143025, 6883, 143359, 7527]
[143359, 7527, 167188]
[143359, 7527, 167188, 6863]
[167188, 6863, 143738]
[167188, 6863, 143738, 6883]
[143738, 6883, 167597]
[143738, 6883, 167597, 9370]
[167597, 9370, 138139]
[167597, 9370, 138139, 8791]
[138139, 8791, 137869]
[138139, 8791, 137869, 37]
[137869, 37]
[137869, 37]

BP for each step:  [213911, 213911, 213911, 213911, 143359, 143359, 167188, 167188, 167188, 167188, 167597, 167597, 167597, 167597, 138139, 138139, 137869, 137869]
Time without overhead: 4.003056 s

Total Time: 4.003056 s
