========== Stats ==========
iters 10
batchSize 128
numMicro 4
machine 4
log_dir _timeline/resnet_5gh
file ./_parth/partition_8_resnet_128_4.txt
model resnet
===========================
Number of Stages: 8
(0, 6)

Profiling for Stage (0, 6) with bs(32)
 ------ 1 / 11 ...
 ------ 2 / 11 ...
 ------ 3 / 11 ...
 ------ 4 / 11 ...
 ------ 5 / 11 ...
 ------ 6 / 11 ...
 ------ 7 / 11 ...
 ------ 8 / 11 ...
 ------ 9 / 11 ...
 ------ 10 / 11 ...
 ------ 11 / 11 ...
 ------ 1 / 11 ...
 ------ 2 / 11 ...
 ------ 3 / 11 ...
 ------ 4 / 11 ...
 ------ 5 / 11 ...
 ------ 6 / 11 ...
 ------ 7 / 11 ...
 ------ 8 / 11 ...
 ------ 9 / 11 ...
 ------ 10 / 11 ...
 ------ 11 / 11 ...
(6, 12)

Profiling for Stage (6, 12) with bs(32)
 ------ 1 / 11 ...
 ------ 2 / 11 ...
 ------ 3 / 11 ...
 ------ 4 / 11 ...
 ------ 5 / 11 ...
 ------ 6 / 11 ...
 ------ 7 / 11 ...
 ------ 8 / 11 ...
 ------ 9 / 11 ...
 ------ 10 / 11 ...
 ------ 11 / 11 ...
 ------ 1 / 11 ...
 ------ 2 / 11 ...
 ------ 3 / 11 ...
 ------ 4 / 11 ...
 ------ 5 / 11 ...
 ------ 6 / 11 ...
 ------ 7 / 11 ...
 ------ 8 / 11 ...
 ------ 9 / 11 ...
 ------ 10 / 11 ...
 ------ 11 / 11 ...
(12, 18)

Profiling for Stage (12, 18) with bs(32)
 ------ 1 / 11 ...
 ------ 2 / 11 ...
 ------ 3 / 11 ...
 ------ 4 / 11 ...
 ------ 5 / 11 ...
 ------ 6 / 11 ...
 ------ 7 / 11 ...
 ------ 8 / 11 ...
 ------ 9 / 11 ...
 ------ 10 / 11 ...
 ------ 11 / 11 ...
 ------ 1 / 11 ...
 ------ 2 / 11 ...
 ------ 3 / 11 ...
 ------ 4 / 11 ...
 ------ 5 / 11 ...
 ------ 6 / 11 ...
 ------ 7 / 11 ...
 ------ 8 / 11 ...
 ------ 9 / 11 ...
 ------ 10 / 11 ...
 ------ 11 / 11 ...
(18, 25)

Profiling for Stage (18, 25) with bs(32)
 ------ 1 / 11 ...
 ------ 2 / 11 ...
 ------ 3 / 11 ...
 ------ 4 / 11 ...
 ------ 5 / 11 ...
 ------ 6 / 11 ...
 ------ 7 / 11 ...
 ------ 8 / 11 ...
 ------ 9 / 11 ...
 ------ 10 / 11 ...
 ------ 11 / 11 ...
 ------ 1 / 11 ...
 ------ 2 / 11 ...
 ------ 3 / 11 ...
 ------ 4 / 11 ...
 ------ 5 / 11 ...
 ------ 6 / 11 ...
 ------ 7 / 11 ...
 ------ 8 / 11 ...
 ------ 9 / 11 ...
 ------ 10 / 11 ...
 ------ 11 / 11 ...
(25, 31)

Profiling for Stage (25, 31) with bs(32)
 ------ 1 / 11 ...
 ------ 2 / 11 ...
 ------ 3 / 11 ...
 ------ 4 / 11 ...
 ------ 5 / 11 ...
 ------ 6 / 11 ...
 ------ 7 / 11 ...
 ------ 8 / 11 ...
 ------ 9 / 11 ...
 ------ 10 / 11 ...
 ------ 11 / 11 ...
 ------ 1 / 11 ...
 ------ 2 / 11 ...
 ------ 3 / 11 ...
 ------ 4 / 11 ...
 ------ 5 / 11 ...
 ------ 6 / 11 ...
 ------ 7 / 11 ...
 ------ 8 / 11 ...
 ------ 9 / 11 ...
 ------ 10 / 11 ...
 ------ 11 / 11 ...
(31, 38)

Profiling for Stage (31, 38) with bs(32)
 ------ 1 / 11 ...
 ------ 2 / 11 ...
 ------ 3 / 11 ...
 ------ 4 / 11 ...
 ------ 5 / 11 ...
 ------ 6 / 11 ...
 ------ 7 / 11 ...
 ------ 8 / 11 ...
 ------ 9 / 11 ...
 ------ 10 / 11 ...
 ------ 11 / 11 ...
 ------ 1 / 11 ...
 ------ 2 / 11 ...
 ------ 3 / 11 ...
 ------ 4 / 11 ...
 ------ 5 / 11 ...
 ------ 6 / 11 ...
 ------ 7 / 11 ...
 ------ 8 / 11 ...
 ------ 9 / 11 ...
 ------ 10 / 11 ...
 ------ 11 / 11 ...
(38, 45)

Profiling for Stage (38, 45) with bs(32)
 ------ 1 / 11 ...
 ------ 2 / 11 ...
 ------ 3 / 11 ...
 ------ 4 / 11 ...
 ------ 5 / 11 ...
 ------ 6 / 11 ...
 ------ 7 / 11 ...
 ------ 8 / 11 ...
 ------ 9 / 11 ...
 ------ 10 / 11 ...
 ------ 11 / 11 ...
 ------ 1 / 11 ...
 ------ 2 / 11 ...
 ------ 3 / 11 ...
 ------ 4 / 11 ...
 ------ 5 / 11 ...
 ------ 6 / 11 ...
 ------ 7 / 11 ...
 ------ 8 / 11 ...
 ------ 9 / 11 ...
 ------ 10 / 11 ...
 ------ 11 / 11 ...
(45, 55)

Profiling for Stage (45, 55) with bs(32)
 ------ 1 / 11 ...
 ------ 2 / 11 ...
 ------ 3 / 11 ...
 ------ 4 / 11 ...
 ------ 5 / 11 ...
 ------ 6 / 11 ...
 ------ 7 / 11 ...
 ------ 8 / 11 ...
 ------ 9 / 11 ...
 ------ 10 / 11 ...
 ------ 11 / 11 ...
 ------ 1 / 11 ...
 ------ 2 / 11 ...
 ------ 3 / 11 ...
 ------ 4 / 11 ...
 ------ 5 / 11 ...
 ------ 6 / 11 ...
 ------ 7 / 11 ...
 ------ 8 / 11 ...
 ------ 9 / 11 ...
 ------ 10 / 11 ...
 ------ 11 / 11 ...
4252.0
4211.0
4247.0
3698.0
3828.0
3675.0
4100.0
3848.0
3678.0
3919.0
10015.0
9878.0
9379.0
9235.0
10085.0
9999.0
9925.0
10107.0
10204.0
9290.0
33979.0
202481.0
34231.0
34384.0
34828.0
35072.0
34950.0
35114.0
34196.0
35029.0
42725.0
42482.0
42160.0
41984.0
42940.0
42258.0
41780.0
43196.0
42651.0
42733.0
36835.0
36892.0
35905.0
35945.0
36850.0
35848.0
36122.0
36269.0
36865.0
36069.0
41966.0
42632.0
41662.0
42122.0
42882.0
42659.0
42102.0
42537.0
42039.0
42549.0
42863.0
42079.0
41972.0
41877.0
41719.0
42969.0
43097.0
42278.0
43020.0
42216.0
84858.0
382853.0
85677.0
84571.0
84588.0
85095.0
85137.0
84510.0
84864.0
84648.0
[7891, 19623, 102852, 84981, 72720, 84630, 84818, 229360]

Mean FP TimeList
[[150267, 337, 15276], [158152, 19322, 15299], [147347, 19272, 7646], [171887, 10104, 7677], [144044, 10450, 7648], [168768, 9753, 7634], [169139, 9770, 7639], [155766, 9706, 17]]

Mean BP TimeList
[[445502, 19518, 130], [478981, 38328, 15277], [474969, 29655, 15275], [535394, 19219, 7650], [462363, 20208, 7665], [554344, 19728, 7683], [536893, 19317, 7639], [558859, 9670, 7640]]

Mean DPOH TimeList
[7891, 19623, 102852, 84981, 72720, 84630, 84818, 229360]

FP TimeList
[[150267, 34598], [158152, 34571], [147347, 17750], [171887, 18127], [144044, 17401], [168768, 17404], [169139, 17345], [155766, 9670]]

BP TimeList
[[558859, 26957], [536893, 27367], [554344, 27891], [462363, 26884], [535394, 37305], [474969, 53603], [478981, 34795], [445502, 130]]

Time Chart for FP
[150267]
[150267, 34598]
[150267, 34598, 158152]
[150267, 34598, 158152, 34571]
[158152, 34571, 147347]
[158152, 34571, 147347, 17750]
[147347, 17750, 171887]
[147347, 17750, 171887, 18127]
[171887, 18127, 144044]
[171887, 18127, 144044, 17401]
[144044, 17401, 168768]
[144044, 17401, 168768, 17404]
[168768, 17404, 169139]
[168768, 17404, 169139, 17345]
[169139, 17345, 155766]
[169139, 17345, 155766, 9670]
[155766, 9670]
[155766, 9670]

FP for each step:  [150267, 150267, 158152, 158152, 158152, 158152, 171887, 171887, 171887, 171887, 168768, 168768, 169139, 169139, 169139, 169139, 155766, 155766]

Time Chart for BP
[9670, 558859]
[558859, 26957]
[558859, 26957, 536893]
[558859, 26957, 536893, 27367]
[536893, 27367, 554344]
[536893, 27367, 554344, 27891]
[554344, 27891, 462363]
[554344, 27891, 462363, 26884]
[462363, 26884, 535394]
[462363, 26884, 535394, 37305]
[535394, 37305, 474969]
[535394, 37305, 474969, 53603]
[474969, 53603, 478981]
[474969, 53603, 478981, 34795]
[478981, 34795, 445502]
[478981, 34795, 445502, 130]
[445502, 130]
[445502, 130]

BP for each step:  [558859, 558859, 558859, 558859, 554344, 554344, 554344, 554344, 535394, 535394, 535394, 535394, 478981, 478981, 478981, 478981, 445502, 445502]
Time without overhead: 12.34763 s

Total Time: 12.34763 s
