========== Stats ==========
iters 10
batchSize 16
numMicro 2
machine 4
log_dir _timeline/resnet_5gh
file ./_parth/partition_4_resnet_16_2.txt
model resnet
===========================
Number of Stages: 4
(0, 13)

Profiling for Stage (0, 13) with bs(8)
 ------ 1 / 11 ...
 ------ 2 / 11 ...
 ------ 3 / 11 ...
 ------ 4 / 11 ...
 ------ 5 / 11 ...
 ------ 6 / 11 ...
 ------ 7 / 11 ...
 ------ 8 / 11 ...
 ------ 9 / 11 ...
 ------ 10 / 11 ...
 ------ 11 / 11 ...
 ------ 1 / 11 ...
 ------ 2 / 11 ...
 ------ 3 / 11 ...
 ------ 4 / 11 ...
 ------ 5 / 11 ...
 ------ 6 / 11 ...
 ------ 7 / 11 ...
 ------ 8 / 11 ...
 ------ 9 / 11 ...
 ------ 10 / 11 ...
 ------ 11 / 11 ...
(13, 26)

Profiling for Stage (13, 26) with bs(8)
 ------ 1 / 11 ...
 ------ 2 / 11 ...
 ------ 3 / 11 ...
 ------ 4 / 11 ...
 ------ 5 / 11 ...
 ------ 6 / 11 ...
 ------ 7 / 11 ...
 ------ 8 / 11 ...
 ------ 9 / 11 ...
 ------ 10 / 11 ...
 ------ 11 / 11 ...
 ------ 1 / 11 ...
 ------ 2 / 11 ...
 ------ 3 / 11 ...
 ------ 4 / 11 ...
 ------ 5 / 11 ...
 ------ 6 / 11 ...
 ------ 7 / 11 ...
 ------ 8 / 11 ...
 ------ 9 / 11 ...
 ------ 10 / 11 ...
 ------ 11 / 11 ...
(26, 39)

Profiling for Stage (26, 39) with bs(8)
 ------ 1 / 11 ...
 ------ 2 / 11 ...
 ------ 3 / 11 ...
 ------ 4 / 11 ...
 ------ 5 / 11 ...
 ------ 6 / 11 ...
 ------ 7 / 11 ...
 ------ 8 / 11 ...
 ------ 9 / 11 ...
 ------ 10 / 11 ...
 ------ 11 / 11 ...
 ------ 1 / 11 ...
 ------ 2 / 11 ...
 ------ 3 / 11 ...
 ------ 4 / 11 ...
 ------ 5 / 11 ...
 ------ 6 / 11 ...
 ------ 7 / 11 ...
 ------ 8 / 11 ...
 ------ 9 / 11 ...
 ------ 10 / 11 ...
 ------ 11 / 11 ...
(39, 55)

Profiling for Stage (39, 55) with bs(8)
 ------ 1 / 11 ...
 ------ 2 / 11 ...
 ------ 3 / 11 ...
 ------ 4 / 11 ...
 ------ 5 / 11 ...
 ------ 6 / 11 ...
 ------ 7 / 11 ...
 ------ 8 / 11 ...
 ------ 9 / 11 ...
 ------ 10 / 11 ...
 ------ 11 / 11 ...
 ------ 1 / 11 ...
 ------ 2 / 11 ...
 ------ 3 / 11 ...
 ------ 4 / 11 ...
 ------ 5 / 11 ...
 ------ 6 / 11 ...
 ------ 7 / 11 ...
 ------ 8 / 11 ...
 ------ 9 / 11 ...
 ------ 10 / 11 ...
 ------ 11 / 11 ...
46743.0
63214.0
17417.0
17741.0
17493.0
18335.0
18988.0
17600.0
17582.0
18714.0
285554.0
378509.0
80561.0
78830.0
79750.0
78904.0
78207.0
79663.0
79366.0
79822.0
77725.0
79579.0
77351.0
77355.0
79057.0
77623.0
79931.0
77806.0
78063.0
77551.0
120983.0
119269.0
119557.0
121234.0
119499.0
120653.0
121081.0
119227.0
120792.0
121236.0
[50765, 259833, 156408, 240706]

Mean FP TimeList
[[94709, 1375, 1921], [93478, 3836, 1916], [93455, 3587, 1917], [101202, 3856, 10]]

Mean BP TimeList
[[276801, 2778, 36], [311982, 5129, 1916], [311450, 6134, 1919], [365872, 2606, 1917]]

Mean DPOH TimeList
[50765, 259833, 156408, 240706]

FP TimeList
[[94709, 5757], [93478, 5503], [93455, 5773], [101202, 2606]]

BP TimeList
[[365872, 8051], [311450, 7048], [311982, 4694], [276801, 36]]

Time Chart for FP
[94709]
[94709, 5757]
[93478]
[93478, 5503]
[93455]
[93455, 5773]
[101202]
[101202, 2606]

FP for each step:  [94709, 94709, 93478, 93478, 93455, 93455, 101202, 101202]

Time Chart for BP
[2606, 365872]
[365872, 8051]
[311450]
[311450, 7048]
[311982]
[311982, 4694]
[276801]
[276801, 36]

BP for each step:  [365872, 365872, 311450, 311450, 311982, 311982, 276801, 276801]
Time without overhead: 3.297898 s

Total Time: 3.297898 s
