========== Stats ==========
iters 10
batchSize 64
numMicro 4
machine 4
log_dir _timeline/resnet_5gh
file ./_parth/partition_8_resnet_64_4.txt
model resnet
===========================
Number of Stages: 8
(0, 6)

Profiling for Stage (0, 6) with bs(16)
 ------ 1 / 11 ...
 ------ 2 / 11 ...
 ------ 3 / 11 ...
 ------ 4 / 11 ...
 ------ 5 / 11 ...
 ------ 6 / 11 ...
 ------ 7 / 11 ...
 ------ 8 / 11 ...
 ------ 9 / 11 ...
 ------ 10 / 11 ...
 ------ 11 / 11 ...
 ------ 1 / 11 ...
 ------ 2 / 11 ...
 ------ 3 / 11 ...
 ------ 4 / 11 ...
 ------ 5 / 11 ...
 ------ 6 / 11 ...
 ------ 7 / 11 ...
 ------ 8 / 11 ...
 ------ 9 / 11 ...
 ------ 10 / 11 ...
 ------ 11 / 11 ...
(6, 12)

Profiling for Stage (6, 12) with bs(16)
 ------ 1 / 11 ...
 ------ 2 / 11 ...
 ------ 3 / 11 ...
 ------ 4 / 11 ...
 ------ 5 / 11 ...
 ------ 6 / 11 ...
 ------ 7 / 11 ...
 ------ 8 / 11 ...
 ------ 9 / 11 ...
 ------ 10 / 11 ...
 ------ 11 / 11 ...
 ------ 1 / 11 ...
 ------ 2 / 11 ...
 ------ 3 / 11 ...
 ------ 4 / 11 ...
 ------ 5 / 11 ...
 ------ 6 / 11 ...
 ------ 7 / 11 ...
 ------ 8 / 11 ...
 ------ 9 / 11 ...
 ------ 10 / 11 ...
 ------ 11 / 11 ...
(12, 19)

Profiling for Stage (12, 19) with bs(16)
 ------ 1 / 11 ...
 ------ 2 / 11 ...
 ------ 3 / 11 ...
 ------ 4 / 11 ...
 ------ 5 / 11 ...
 ------ 6 / 11 ...
 ------ 7 / 11 ...
 ------ 8 / 11 ...
 ------ 9 / 11 ...
 ------ 10 / 11 ...
 ------ 11 / 11 ...
 ------ 1 / 11 ...
 ------ 2 / 11 ...
 ------ 3 / 11 ...
 ------ 4 / 11 ...
 ------ 5 / 11 ...
 ------ 6 / 11 ...
 ------ 7 / 11 ...
 ------ 8 / 11 ...
 ------ 9 / 11 ...
 ------ 10 / 11 ...
 ------ 11 / 11 ...
(19, 26)

Profiling for Stage (19, 26) with bs(16)
 ------ 1 / 11 ...
 ------ 2 / 11 ...
 ------ 3 / 11 ...
 ------ 4 / 11 ...
 ------ 5 / 11 ...
 ------ 6 / 11 ...
 ------ 7 / 11 ...
 ------ 8 / 11 ...
 ------ 9 / 11 ...
 ------ 10 / 11 ...
 ------ 11 / 11 ...
 ------ 1 / 11 ...
 ------ 2 / 11 ...
 ------ 3 / 11 ...
 ------ 4 / 11 ...
 ------ 5 / 11 ...
 ------ 6 / 11 ...
 ------ 7 / 11 ...
 ------ 8 / 11 ...
 ------ 9 / 11 ...
 ------ 10 / 11 ...
 ------ 11 / 11 ...
(26, 32)

Profiling for Stage (26, 32) with bs(16)
 ------ 1 / 11 ...
 ------ 2 / 11 ...
 ------ 3 / 11 ...
 ------ 4 / 11 ...
 ------ 5 / 11 ...
 ------ 6 / 11 ...
 ------ 7 / 11 ...
 ------ 8 / 11 ...
 ------ 9 / 11 ...
 ------ 10 / 11 ...
 ------ 11 / 11 ...
 ------ 1 / 11 ...
 ------ 2 / 11 ...
 ------ 3 / 11 ...
 ------ 4 / 11 ...
 ------ 5 / 11 ...
 ------ 6 / 11 ...
 ------ 7 / 11 ...
 ------ 8 / 11 ...
 ------ 9 / 11 ...
 ------ 10 / 11 ...
 ------ 11 / 11 ...
(32, 39)

Profiling for Stage (32, 39) with bs(16)
 ------ 1 / 11 ...
 ------ 2 / 11 ...
 ------ 3 / 11 ...
 ------ 4 / 11 ...
 ------ 5 / 11 ...
 ------ 6 / 11 ...
 ------ 7 / 11 ...
 ------ 8 / 11 ...
 ------ 9 / 11 ...
 ------ 10 / 11 ...
 ------ 11 / 11 ...
 ------ 1 / 11 ...
 ------ 2 / 11 ...
 ------ 3 / 11 ...
 ------ 4 / 11 ...
 ------ 5 / 11 ...
 ------ 6 / 11 ...
 ------ 7 / 11 ...
 ------ 8 / 11 ...
 ------ 9 / 11 ...
 ------ 10 / 11 ...
 ------ 11 / 11 ...
(39, 45)

Profiling for Stage (39, 45) with bs(16)
 ------ 1 / 11 ...
 ------ 2 / 11 ...
 ------ 3 / 11 ...
 ------ 4 / 11 ...
 ------ 5 / 11 ...
 ------ 6 / 11 ...
 ------ 7 / 11 ...
 ------ 8 / 11 ...
 ------ 9 / 11 ...
 ------ 10 / 11 ...
 ------ 11 / 11 ...
 ------ 1 / 11 ...
 ------ 2 / 11 ...
 ------ 3 / 11 ...
 ------ 4 / 11 ...
 ------ 5 / 11 ...
 ------ 6 / 11 ...
 ------ 7 / 11 ...
 ------ 8 / 11 ...
 ------ 9 / 11 ...
 ------ 10 / 11 ...
 ------ 11 / 11 ...
(45, 55)

Profiling for Stage (45, 55) with bs(16)
 ------ 1 / 11 ...
 ------ 2 / 11 ...
 ------ 3 / 11 ...
 ------ 4 / 11 ...
 ------ 5 / 11 ...
 ------ 6 / 11 ...
 ------ 7 / 11 ...
 ------ 8 / 11 ...
 ------ 9 / 11 ...
 ------ 10 / 11 ...
 ------ 11 / 11 ...
 ------ 1 / 11 ...
 ------ 2 / 11 ...
 ------ 3 / 11 ...
 ------ 4 / 11 ...
 ------ 5 / 11 ...
 ------ 6 / 11 ...
 ------ 7 / 11 ...
 ------ 8 / 11 ...
 ------ 9 / 11 ...
 ------ 10 / 11 ...
 ------ 11 / 11 ...
4321.0
4330.0
4490.0
4293.0
4359.0
4288.0
3754.0
4006.0
4423.0
4126.0
9926.0
9307.0
9135.0
9175.0
9676.0
9506.0
9251.0
10132.0
10066.0
9560.0
107715.0
200396.0
41113.0
40666.0
40812.0
41383.0
40931.0
39890.0
39888.0
40028.0
42937.0
42207.0
42935.0
41718.0
42473.0
42510.0
43146.0
42554.0
42967.0
41722.0
35991.0
36230.0
36726.0
36927.0
36547.0
36989.0
36810.0
37100.0
36063.0
36413.0
43319.0
42885.0
41749.0
41744.0
42747.0
42842.0
42774.0
41768.0
42629.0
42136.0
37285.0
36768.0
36751.0
36645.0
36422.0
36860.0
36066.0
36938.0
35988.0
36718.0
84020.0
383029.0
84820.0
84469.0
84210.0
84147.0
84670.0
84532.0
84022.0
84590.0
[8478, 19146, 126564, 85033, 73159, 84918, 73288, 228501]

Mean FP TimeList
[[76791, 305, 7674], [79141, 9803, 7643], [90899, 10521, 3850], [88421, 4970, 3824], [75314, 5057, 3831], [88612, 4965, 3820], [77206, 4967, 3826], [89771, 4999, 11]]

Mean BP TimeList
[[223266, 9775, 69], [250769, 19665, 7645], [300448, 14727, 7695], [292543, 9995, 3830], [243464, 9992, 3819], [284539, 9691, 3825], [243531, 9672, 3822], [327128, 5888, 3827]]

Mean DPOH TimeList
[8478, 19146, 126564, 85033, 73159, 84918, 73288, 228501]

FP TimeList
[[76791, 17477], [79141, 18164], [90899, 8820], [88421, 8881], [75314, 8796], [88612, 8787], [77206, 8825], [89771, 5888]]

BP TimeList
[[327128, 13499], [243531, 13513], [284539, 13817], [243464, 13814], [292543, 18557], [300448, 27360], [250769, 17420], [223266, 69]]

Time Chart for FP
[76791]
[76791, 17477]
[76791, 17477, 79141]
[76791, 17477, 79141, 18164]
[79141, 18164, 90899]
[79141, 18164, 90899, 8820]
[90899, 8820, 88421]
[90899, 8820, 88421, 8881]
[88421, 8881, 75314]
[88421, 8881, 75314, 8796]
[75314, 8796, 88612]
[75314, 8796, 88612, 8787]
[88612, 8787, 77206]
[88612, 8787, 77206, 8825]
[77206, 8825, 89771]
[77206, 8825, 89771, 5888]
[89771, 5888]
[89771, 5888]

FP for each step:  [76791, 76791, 79141, 79141, 90899, 90899, 90899, 90899, 88421, 88421, 88612, 88612, 88612, 88612, 89771, 89771, 89771, 89771]

Time Chart for BP
[5888, 327128]
[327128, 13499]
[327128, 13499, 243531]
[327128, 13499, 243531, 13513]
[243531, 13513, 284539]
[243531, 13513, 284539, 13817]
[284539, 13817, 243464]
[284539, 13817, 243464, 13814]
[243464, 13814, 292543]
[243464, 13814, 292543, 18557]
[292543, 18557, 300448]
[292543, 18557, 300448, 27360]
[300448, 27360, 250769]
[300448, 27360, 250769, 17420]
[250769, 17420, 223266]
[250769, 17420, 223266, 69]
[223266, 69]
[223266, 69]

BP for each step:  [327128, 327128, 327128, 327128, 284539, 284539, 284539, 284539, 292543, 292543, 300448, 300448, 300448, 300448, 250769, 250769, 223266, 223266]
Time without overhead: 6.74745 s

Total Time: 6.74745 s
