========== Stats ==========
iters 10
batchSize 64
numMicro 16
machine 4
log_dir _timeline/resnet_5gh
file ./_parth/partition_2_resnet_64_16.txt
model resnet
===========================
Number of Stages: 2
(0, 28)

Profiling for Stage (0, 28) with bs(4)
 ------ 1 / 11 ...
 ------ 2 / 11 ...
 ------ 3 / 11 ...
 ------ 4 / 11 ...
 ------ 5 / 11 ...
 ------ 6 / 11 ...
 ------ 7 / 11 ...
 ------ 8 / 11 ...
 ------ 9 / 11 ...
 ------ 10 / 11 ...
 ------ 11 / 11 ...
 ------ 1 / 11 ...
 ------ 2 / 11 ...
 ------ 3 / 11 ...
 ------ 4 / 11 ...
 ------ 5 / 11 ...
 ------ 6 / 11 ...
 ------ 7 / 11 ...
 ------ 8 / 11 ...
 ------ 9 / 11 ...
 ------ 10 / 11 ...
 ------ 11 / 11 ...
(28, 55)

Profiling for Stage (28, 55) with bs(4)
 ------ 1 / 11 ...
 ------ 2 / 11 ...
 ------ 3 / 11 ...
 ------ 4 / 11 ...
 ------ 5 / 11 ...
 ------ 6 / 11 ...
 ------ 7 / 11 ...
 ------ 8 / 11 ...
 ------ 9 / 11 ...
 ------ 10 / 11 ...
 ------ 11 / 11 ...
 ------ 1 / 11 ...
 ------ 2 / 11 ...
 ------ 3 / 11 ...
 ------ 4 / 11 ...
 ------ 5 / 11 ...
 ------ 6 / 11 ...
 ------ 7 / 11 ...
 ------ 8 / 11 ...
 ------ 9 / 11 ...
 ------ 10 / 11 ...
 ------ 11 / 11 ...
393468.0
424669.0
108467.0
108979.0
108065.0
108209.0
109785.0
108787.0
108920.0
108045.0
184983.0
784238.0
185555.0
186276.0
187171.0
186560.0
186970.0
185353.0
186861.0
185864.0
[337478, 491966]

Mean FP TimeList
[[112260, 2287, 967], [109558, 3554, 8]]

Mean BP TimeList
[[357868, 1538, 22], [401938, 1436, 961]]

Mean DPOH TimeList
[337478, 491966]

FP TimeList
[[112260, 4521], [109558, 1436]]

BP TimeList
[[401938, 2499], [357868, 22]]

Time Chart for FP
[112260]
[112260, 4521]
[112260, 4521, 109558]
[112260, 4521, 109558, 1436]
[112260, 4521, 109558, 1436]
[112260, 4521, 109558, 1436]
[112260, 4521, 109558, 1436]
[112260, 4521, 109558, 1436]
[112260, 4521, 109558, 1436]
[112260, 4521, 109558, 1436]
[112260, 4521, 109558, 1436]
[112260, 4521, 109558, 1436]
[112260, 4521, 109558, 1436]
[112260, 4521, 109558, 1436]
[112260, 4521, 109558, 1436]
[112260, 4521, 109558, 1436]
[109558, 1436]
[109558, 1436]

FP for each step:  [112260, 112260, 112260, 112260, 112260, 112260, 112260, 112260, 112260, 112260, 112260, 112260, 112260, 112260, 112260, 112260, 109558, 109558]

Time Chart for BP
[1436, 401938]
[401938, 2499]
[401938, 2499, 357868]
[401938, 2499, 357868, 22]
[401938, 2499, 357868, 22]
[401938, 2499, 357868, 22]
[401938, 2499, 357868, 22]
[401938, 2499, 357868, 22]
[401938, 2499, 357868, 22]
[401938, 2499, 357868, 22]
[401938, 2499, 357868, 22]
[401938, 2499, 357868, 22]
[401938, 2499, 357868, 22]
[401938, 2499, 357868, 22]
[401938, 2499, 357868, 22]
[401938, 2499, 357868, 22]
[357868, 22]
[357868, 22]

BP for each step:  [401938, 401938, 401938, 401938, 401938, 401938, 401938, 401938, 401938, 401938, 401938, 401938, 401938, 401938, 401938, 401938, 357868, 357868]
Time without overhead: 9.16202 s

Total Time: 9.16202 s
