========== Stats ==========
iters 10
batchSize 32
numMicro 2
machine 4
log_dir _timeline/resnet_5gh
file ./_parth/partition_2_resnet_32_2.txt
model resnet
===========================
Number of Stages: 2
(0, 26)

Profiling for Stage (0, 26) with bs(16)
 ------ 1 / 11 ...
 ------ 2 / 11 ...
 ------ 3 / 11 ...
 ------ 4 / 11 ...
 ------ 5 / 11 ...
 ------ 6 / 11 ...
 ------ 7 / 11 ...
 ------ 8 / 11 ...
 ------ 9 / 11 ...
 ------ 10 / 11 ...
 ------ 11 / 11 ...
 ------ 1 / 11 ...
 ------ 2 / 11 ...
 ------ 3 / 11 ...
 ------ 4 / 11 ...
 ------ 5 / 11 ...
 ------ 6 / 11 ...
 ------ 7 / 11 ...
 ------ 8 / 11 ...
 ------ 9 / 11 ...
 ------ 10 / 11 ...
 ------ 11 / 11 ...
(26, 55)

Profiling for Stage (26, 55) with bs(16)
 ------ 1 / 11 ...
 ------ 2 / 11 ...
 ------ 3 / 11 ...
 ------ 4 / 11 ...
 ------ 5 / 11 ...
 ------ 6 / 11 ...
 ------ 7 / 11 ...
 ------ 8 / 11 ...
 ------ 9 / 11 ...
 ------ 10 / 11 ...
 ------ 11 / 11 ...
 ------ 1 / 11 ...
 ------ 2 / 11 ...
 ------ 3 / 11 ...
 ------ 4 / 11 ...
 ------ 5 / 11 ...
 ------ 6 / 11 ...
 ------ 7 / 11 ...
 ------ 8 / 11 ...
 ------ 9 / 11 ...
 ------ 10 / 11 ...
 ------ 11 / 11 ...
370260.0
407134.0
96479.0
98313.0
96932.0
96326.0
96387.0
97071.0
98213.0
98184.0
197653.0
810004.0
198774.0
198250.0
197390.0
199126.0
196903.0
198323.0
198228.0
197163.0
[311059, 518362]

Mean FP TimeList
[[332641, 269, 3821], [331857, 7815, 13]]

Mean BP TimeList
[[1027774, 7503, 68], [1147557, 5032, 3818]]

Mean DPOH TimeList
[311059, 518362]

FP TimeList
[[332641, 11636], [331857, 5032]]

BP TimeList
[[1147557, 11321], [1027774, 68]]

Time Chart for FP
[332641]
[332641, 11636]
[331857]
[331857, 5032]

FP for each step:  [332641, 332641, 331857, 331857]

Time Chart for BP
[5032, 1147557]
[1147557, 11321]
[1027774]
[1027774, 68]

BP for each step:  [1147557, 1147557, 1027774, 1027774]
Time without overhead: 5.679658 s

Total Time: 5.679658 s
