========== Stats ==========
iters 10
batchSize 128
numMicro 8
machine 4
log_dir _timeline/resnet_5gh
file ./_parth/partition_2_resnet_128_8.txt
model resnet
===========================
Number of Stages: 2
(0, 26)

Profiling for Stage (0, 26) with bs(16)
 ------ 1 / 11 ...
 ------ 2 / 11 ...
 ------ 3 / 11 ...
 ------ 4 / 11 ...
 ------ 5 / 11 ...
 ------ 6 / 11 ...
 ------ 7 / 11 ...
 ------ 8 / 11 ...
 ------ 9 / 11 ...
 ------ 10 / 11 ...
 ------ 11 / 11 ...
 ------ 1 / 11 ...
 ------ 2 / 11 ...
 ------ 3 / 11 ...
 ------ 4 / 11 ...
 ------ 5 / 11 ...
 ------ 6 / 11 ...
 ------ 7 / 11 ...
 ------ 8 / 11 ...
 ------ 9 / 11 ...
 ------ 10 / 11 ...
 ------ 11 / 11 ...
(26, 55)

Profiling for Stage (26, 55) with bs(16)
 ------ 1 / 11 ...
 ------ 2 / 11 ...
 ------ 3 / 11 ...
 ------ 4 / 11 ...
 ------ 5 / 11 ...
 ------ 6 / 11 ...
 ------ 7 / 11 ...
 ------ 8 / 11 ...
 ------ 9 / 11 ...
 ------ 10 / 11 ...
 ------ 11 / 11 ...
 ------ 1 / 11 ...
 ------ 2 / 11 ...
 ------ 3 / 11 ...
 ------ 4 / 11 ...
 ------ 5 / 11 ...
 ------ 6 / 11 ...
 ------ 7 / 11 ...
 ------ 8 / 11 ...
 ------ 9 / 11 ...
 ------ 10 / 11 ...
 ------ 11 / 11 ...
373760.0
403053.0
96864.0
97134.0
97055.0
96376.0
96425.0
97635.0
96697.0
96730.0
198992.0
822280.0
197692.0
197013.0
198363.0
198224.0
198405.0
199332.0
198331.0
198702.0
[310345, 521466]

Mean FP TimeList
[[330715, 3117, 3824], [334271, 5001, 13]]

Mean BP TimeList
[[1031591, 7857, 67], [1148798, 7834, 3826]]

Mean DPOH TimeList
[310345, 521466]

FP TimeList
[[330715, 8825], [334271, 7834]]

BP TimeList
[[1148798, 11683], [1031591, 67]]

Time Chart for FP
[330715]
[330715, 8825]
[330715, 8825, 334271]
[330715, 8825, 334271, 7834]
[330715, 8825, 334271, 7834]
[330715, 8825, 334271, 7834]
[330715, 8825, 334271, 7834]
[330715, 8825, 334271, 7834]
[334271, 7834]
[334271, 7834]

FP for each step:  [330715, 330715, 334271, 334271, 334271, 334271, 334271, 334271, 334271, 334271]

Time Chart for BP
[7834, 1148798]
[1148798, 11683]
[1148798, 11683, 1031591]
[1148798, 11683, 1031591, 67]
[1148798, 11683, 1031591, 67]
[1148798, 11683, 1031591, 67]
[1148798, 11683, 1031591, 67]
[1148798, 11683, 1031591, 67]
[1031591, 67]
[1031591, 67]

BP for each step:  [1148798, 1148798, 1148798, 1148798, 1148798, 1148798, 1148798, 1148798, 1031591, 1031591]
Time without overhead: 14.589164 s

Total Time: 14.589164 s
