========== Stats ==========
iters 10
batchSize 32
numMicro 8
machine 4
log_dir _timeline/resnet_5gh
file ./_parth/partition_8_resnet_32_8.txt
model resnet
===========================
Number of Stages: 8
(0, 8)

Profiling for Stage (0, 8) with bs(4)
 ------ 1 / 11 ...
 ------ 2 / 11 ...
 ------ 3 / 11 ...
 ------ 4 / 11 ...
 ------ 5 / 11 ...
 ------ 6 / 11 ...
 ------ 7 / 11 ...
 ------ 8 / 11 ...
 ------ 9 / 11 ...
 ------ 10 / 11 ...
 ------ 11 / 11 ...
 ------ 1 / 11 ...
 ------ 2 / 11 ...
 ------ 3 / 11 ...
 ------ 4 / 11 ...
 ------ 5 / 11 ...
 ------ 6 / 11 ...
 ------ 7 / 11 ...
 ------ 8 / 11 ...
 ------ 9 / 11 ...
 ------ 10 / 11 ...
 ------ 11 / 11 ...
(8, 15)

Profiling for Stage (8, 15) with bs(4)
 ------ 1 / 11 ...
 ------ 2 / 11 ...
 ------ 3 / 11 ...
 ------ 4 / 11 ...
 ------ 5 / 11 ...
 ------ 6 / 11 ...
 ------ 7 / 11 ...
 ------ 8 / 11 ...
 ------ 9 / 11 ...
 ------ 10 / 11 ...
 ------ 11 / 11 ...
 ------ 1 / 11 ...
 ------ 2 / 11 ...
 ------ 3 / 11 ...
 ------ 4 / 11 ...
 ------ 5 / 11 ...
 ------ 6 / 11 ...
 ------ 7 / 11 ...
 ------ 8 / 11 ...
 ------ 9 / 11 ...
 ------ 10 / 11 ...
 ------ 11 / 11 ...
(15, 22)

Profiling for Stage (15, 22) with bs(4)
 ------ 1 / 11 ...
 ------ 2 / 11 ...
 ------ 3 / 11 ...
 ------ 4 / 11 ...
 ------ 5 / 11 ...
 ------ 6 / 11 ...
 ------ 7 / 11 ...
 ------ 8 / 11 ...
 ------ 9 / 11 ...
 ------ 10 / 11 ...
 ------ 11 / 11 ...
 ------ 1 / 11 ...
 ------ 2 / 11 ...
 ------ 3 / 11 ...
 ------ 4 / 11 ...
 ------ 5 / 11 ...
 ------ 6 / 11 ...
 ------ 7 / 11 ...
 ------ 8 / 11 ...
 ------ 9 / 11 ...
 ------ 10 / 11 ...
 ------ 11 / 11 ...
(22, 28)

Profiling for Stage (22, 28) with bs(4)
 ------ 1 / 11 ...
 ------ 2 / 11 ...
 ------ 3 / 11 ...
 ------ 4 / 11 ...
 ------ 5 / 11 ...
 ------ 6 / 11 ...
 ------ 7 / 11 ...
 ------ 8 / 11 ...
 ------ 9 / 11 ...
 ------ 10 / 11 ...
 ------ 11 / 11 ...
 ------ 1 / 11 ...
 ------ 2 / 11 ...
 ------ 3 / 11 ...
 ------ 4 / 11 ...
 ------ 5 / 11 ...
 ------ 6 / 11 ...
 ------ 7 / 11 ...
 ------ 8 / 11 ...
 ------ 9 / 11 ...
 ------ 10 / 11 ...
 ------ 11 / 11 ...
(28, 34)

Profiling for Stage (28, 34) with bs(4)
 ------ 1 / 11 ...
 ------ 2 / 11 ...
 ------ 3 / 11 ...
 ------ 4 / 11 ...
 ------ 5 / 11 ...
 ------ 6 / 11 ...
 ------ 7 / 11 ...
 ------ 8 / 11 ...
 ------ 9 / 11 ...
 ------ 10 / 11 ...
 ------ 11 / 11 ...
 ------ 1 / 11 ...
 ------ 2 / 11 ...
 ------ 3 / 11 ...
 ------ 4 / 11 ...
 ------ 5 / 11 ...
 ------ 6 / 11 ...
 ------ 7 / 11 ...
 ------ 8 / 11 ...
 ------ 9 / 11 ...
 ------ 10 / 11 ...
 ------ 11 / 11 ...
(34, 41)

Profiling for Stage (34, 41) with bs(4)
 ------ 1 / 11 ...
 ------ 2 / 11 ...
 ------ 3 / 11 ...
 ------ 4 / 11 ...
 ------ 5 / 11 ...
 ------ 6 / 11 ...
 ------ 7 / 11 ...
 ------ 8 / 11 ...
 ------ 9 / 11 ...
 ------ 10 / 11 ...
 ------ 11 / 11 ...
 ------ 1 / 11 ...
 ------ 2 / 11 ...
 ------ 3 / 11 ...
 ------ 4 / 11 ...
 ------ 5 / 11 ...
 ------ 6 / 11 ...
 ------ 7 / 11 ...
 ------ 8 / 11 ...
 ------ 9 / 11 ...
 ------ 10 / 11 ...
 ------ 11 / 11 ...
(41, 47)

Profiling for Stage (41, 47) with bs(4)
 ------ 1 / 11 ...
 ------ 2 / 11 ...
 ------ 3 / 11 ...
 ------ 4 / 11 ...
 ------ 5 / 11 ...
 ------ 6 / 11 ...
 ------ 7 / 11 ...
 ------ 8 / 11 ...
 ------ 9 / 11 ...
 ------ 10 / 11 ...
 ------ 11 / 11 ...
 ------ 1 / 11 ...
 ------ 2 / 11 ...
 ------ 3 / 11 ...
 ------ 4 / 11 ...
 ------ 5 / 11 ...
 ------ 6 / 11 ...
 ------ 7 / 11 ...
 ------ 8 / 11 ...
 ------ 9 / 11 ...
 ------ 10 / 11 ...
 ------ 11 / 11 ...
(47, 55)

Profiling for Stage (47, 55) with bs(4)
 ------ 1 / 11 ...
 ------ 2 / 11 ...
 ------ 3 / 11 ...
 ------ 4 / 11 ...
 ------ 5 / 11 ...
 ------ 6 / 11 ...
 ------ 7 / 11 ...
 ------ 8 / 11 ...
 ------ 9 / 11 ...
 ------ 10 / 11 ...
 ------ 11 / 11 ...
 ------ 1 / 11 ...
 ------ 2 / 11 ...
 ------ 3 / 11 ...
 ------ 4 / 11 ...
 ------ 5 / 11 ...
 ------ 6 / 11 ...
 ------ 7 / 11 ...
 ------ 8 / 11 ...
 ------ 9 / 11 ...
 ------ 10 / 11 ...
 ------ 11 / 11 ...
16162.0
28427.0
7068.0
6984.0
7670.0
7260.0
7221.0
7346.0
7933.0
7101.0
55066.0
105538.0
22300.0
22762.0
23542.0
22879.0
22960.0
23321.0
22284.0
23248.0
43694.0
193325.0
41789.0
43159.0
42617.0
42025.0
42661.0
42784.0
43153.0
42876.0
36721.0
36294.0
36870.0
36896.0
36042.0
36225.0
36729.0
36177.0
36519.0
36094.0
36594.0
36556.0
36531.0
36591.0
36168.0
35728.0
36000.0
35692.0
36789.0
35711.0
41755.0
43124.0
42356.0
42019.0
42853.0
42720.0
41666.0
41632.0
42534.0
41642.0
35735.0
36571.0
35855.0
35821.0
36441.0
36857.0
36842.0
35824.0
36520.0
36932.0
72225.0
71852.0
379304.0
72376.0
72201.0
72538.0
72635.0
71734.0
71692.0
71628.0
[20634, 68780, 115616, 72913, 72472, 84460, 72679, 205637]

Mean FP TimeList
[[26256, 804, 1917], [25187, 2616, 962], [35137, 1422, 961], [30043, 2032, 960], [30308, 1411, 961], [35652, 1543, 970], [30336, 1419, 959], [30263, 1871, 8]]

Mean BP TimeList
[[82115, 2546, 22], [88586, 4597, 1914], [99317, 2723, 961], [84886, 2684, 958], [87263, 2640, 971], [104698, 2614, 963], [86005, 3309, 962], [121447, 1909, 960]]

Mean DPOH TimeList
[20634, 68780, 115616, 72913, 72472, 84460, 72679, 205637]

FP TimeList
[[26256, 4533], [25187, 2384], [35137, 2993], [30043, 2371], [30308, 2504], [35652, 2389], [30336, 2830], [30263, 1909]]

BP TimeList
[[121447, 4269], [86005, 3576], [104698, 3603], [87263, 3655], [84886, 3681], [99317, 5558], [88586, 4460], [82115, 22]]

Time Chart for FP
[26256]
[26256, 4533]
[26256, 4533, 25187]
[26256, 4533, 25187, 2384]
[26256, 4533, 25187, 2384, 35137]
[26256, 4533, 25187, 2384, 35137, 2993]
[26256, 4533, 25187, 2384, 35137, 2993, 30043]
[26256, 4533, 25187, 2384, 35137, 2993, 30043, 2371]
[25187, 2384, 35137, 2993, 30043, 2371, 30308]
[25187, 2384, 35137, 2993, 30043, 2371, 30308, 2504]
[35137, 2993, 30043, 2371, 30308, 2504, 35652]
[35137, 2993, 30043, 2371, 30308, 2504, 35652, 2389]
[30043, 2371, 30308, 2504, 35652, 2389, 30336]
[30043, 2371, 30308, 2504, 35652, 2389, 30336, 2830]
[30308, 2504, 35652, 2389, 30336, 2830, 30263]
[30308, 2504, 35652, 2389, 30336, 2830, 30263, 1909]
[35652, 2389, 30336, 2830, 30263, 1909]
[35652, 2389, 30336, 2830, 30263, 1909]
[30336, 2830, 30263, 1909]
[30336, 2830, 30263, 1909]
[30263, 1909]
[30263, 1909]

FP for each step:  [26256, 26256, 26256, 26256, 35137, 35137, 35137, 35137, 35137, 35137, 35652, 35652, 35652, 35652, 35652, 35652, 35652, 35652, 30336, 30336, 30263, 30263]

Time Chart for BP
[1909, 121447]
[121447, 4269]
[121447, 4269, 86005]
[121447, 4269, 86005, 3576]
[121447, 4269, 86005, 3576, 104698]
[121447, 4269, 86005, 3576, 104698, 3603]
[121447, 4269, 86005, 3576, 104698, 3603, 87263]
[121447, 4269, 86005, 3576, 104698, 3603, 87263, 3655]
[86005, 3576, 104698, 3603, 87263, 3655, 84886]
[86005, 3576, 104698, 3603, 87263, 3655, 84886, 3681]
[104698, 3603, 87263, 3655, 84886, 3681, 99317]
[104698, 3603, 87263, 3655, 84886, 3681, 99317, 5558]
[87263, 3655, 84886, 3681, 99317, 5558, 88586]
[87263, 3655, 84886, 3681, 99317, 5558, 88586, 4460]
[84886, 3681, 99317, 5558, 88586, 4460, 82115]
[84886, 3681, 99317, 5558, 88586, 4460, 82115, 22]
[99317, 5558, 88586, 4460, 82115, 22]
[99317, 5558, 88586, 4460, 82115, 22]
[88586, 4460, 82115, 22]
[88586, 4460, 82115, 22]
[82115, 22]
[82115, 22]

BP for each step:  [121447, 121447, 121447, 121447, 121447, 121447, 121447, 121447, 104698, 104698, 104698, 104698, 99317, 99317, 99317, 99317, 99317, 99317, 88586, 88586, 82115, 82115]
Time without overhead: 3.049932 s

Total Time: 3.049932 s
