========== Stats ==========
iters 10
batchSize 16
numMicro 16
machine 4
log_dir _timeline/resnext_h
file ./_parth/partition_2_resnext_16_16.txt
model resnext
===========================
Number of Stages: 2
(0, 35)

Profiling for Stage (0, 35) with bs(1)
 ------ 1 / 11 ...
 ------ 2 / 11 ...
 ------ 3 / 11 ...
 ------ 4 / 11 ...
 ------ 5 / 11 ...
 ------ 6 / 11 ...
 ------ 7 / 11 ...
 ------ 8 / 11 ...
 ------ 9 / 11 ...
 ------ 10 / 11 ...
 ------ 11 / 11 ...
 ------ 1 / 11 ...
 ------ 2 / 11 ...
 ------ 3 / 11 ...
 ------ 4 / 11 ...
 ------ 5 / 11 ...
 ------ 6 / 11 ...
 ------ 7 / 11 ...
 ------ 8 / 11 ...
 ------ 9 / 11 ...
 ------ 10 / 11 ...
 ------ 11 / 11 ...
(35, 106)

Profiling for Stage (35, 106) with bs(1)
 ------ 1 / 11 ...
 ------ 2 / 11 ...
 ------ 3 / 11 ...
 ------ 4 / 11 ...
 ------ 5 / 11 ...
 ------ 6 / 11 ...
 ------ 7 / 11 ...
 ------ 8 / 11 ...
 ------ 9 / 11 ...
 ------ 10 / 11 ...
 ------ 11 / 11 ...
 ------ 1 / 11 ...
 ------ 2 / 11 ...
 ------ 3 / 11 ...
 ------ 4 / 11 ...
 ------ 5 / 11 ...
 ------ 6 / 11 ...
 ------ 7 / 11 ...
 ------ 8 / 11 ...
 ------ 9 / 11 ...
 ------ 10 / 11 ...
 ------ 11 / 11 ...
23280.0
19712.0
20113.0
20123.0
20926.0
20536.0
21070.0
22119.0
21142.0
21249.0
139261.0
58988.0
61131.0
59214.0
59043.0
65398.0
60443.0
60179.0
68889.0
59960.0
[42054, 138501]

Mean FP TimeList
[[93404, 465, 986], [86093, 14527, 13]]

Mean BP TimeList
[[282723, 1602, 189], [309652, 1462, 9253]]

Mean DPOH TimeList
[42054, 138501]

FP TimeList
[[93404, 15513], [86093, 1462]]

BP TimeList
[[309652, 10855], [282723, 189]]

Time Chart for FP
[93404]
[93404, 15513]
[93404, 15513, 86093]
[93404, 15513, 86093, 1462]
[93404, 15513, 86093, 1462]
[93404, 15513, 86093, 1462]
[93404, 15513, 86093, 1462]
[93404, 15513, 86093, 1462]
[93404, 15513, 86093, 1462]
[93404, 15513, 86093, 1462]
[93404, 15513, 86093, 1462]
[93404, 15513, 86093, 1462]
[93404, 15513, 86093, 1462]
[93404, 15513, 86093, 1462]
[93404, 15513, 86093, 1462]
[93404, 15513, 86093, 1462]
[86093, 1462]
[86093, 1462]

FP for each step:  [93404, 93404, 93404, 93404, 93404, 93404, 93404, 93404, 93404, 93404, 93404, 93404, 93404, 93404, 93404, 93404, 86093, 86093]

Time Chart for BP
[1462, 309652]
[309652, 10855]
[309652, 10855, 282723]
[309652, 10855, 282723, 189]
[309652, 10855, 282723, 189]
[309652, 10855, 282723, 189]
[309652, 10855, 282723, 189]
[309652, 10855, 282723, 189]
[309652, 10855, 282723, 189]
[309652, 10855, 282723, 189]
[309652, 10855, 282723, 189]
[309652, 10855, 282723, 189]
[309652, 10855, 282723, 189]
[309652, 10855, 282723, 189]
[309652, 10855, 282723, 189]
[309652, 10855, 282723, 189]
[282723, 189]
[282723, 189]

BP for each step:  [309652, 309652, 309652, 309652, 309652, 309652, 309652, 309652, 309652, 309652, 309652, 309652, 309652, 309652, 309652, 309652, 282723, 282723]
Time without overhead: 7.186528 s

Total Time: 7.186528 s
