========== Stats ==========
iters 10
batchSize 128
numMicro 16
machine 4
log_dir _timeline/resnet_5gh
file ./_parth/partition_8_resnet_128_16.txt
model resnet
===========================
Number of Stages: 8
(0, 7)

Profiling for Stage (0, 7) with bs(8)
 ------ 1 / 11 ...
 ------ 2 / 11 ...
 ------ 3 / 11 ...
 ------ 4 / 11 ...
 ------ 5 / 11 ...
 ------ 6 / 11 ...
 ------ 7 / 11 ...
 ------ 8 / 11 ...
 ------ 9 / 11 ...
 ------ 10 / 11 ...
 ------ 11 / 11 ...
 ------ 1 / 11 ...
 ------ 2 / 11 ...
 ------ 3 / 11 ...
 ------ 4 / 11 ...
 ------ 5 / 11 ...
 ------ 6 / 11 ...
 ------ 7 / 11 ...
 ------ 8 / 11 ...
 ------ 9 / 11 ...
 ------ 10 / 11 ...
 ------ 11 / 11 ...
(7, 13)

Profiling for Stage (7, 13) with bs(8)
 ------ 1 / 11 ...
 ------ 2 / 11 ...
 ------ 3 / 11 ...
 ------ 4 / 11 ...
 ------ 5 / 11 ...
 ------ 6 / 11 ...
 ------ 7 / 11 ...
 ------ 8 / 11 ...
 ------ 9 / 11 ...
 ------ 10 / 11 ...
 ------ 11 / 11 ...
 ------ 1 / 11 ...
 ------ 2 / 11 ...
 ------ 3 / 11 ...
 ------ 4 / 11 ...
 ------ 5 / 11 ...
 ------ 6 / 11 ...
 ------ 7 / 11 ...
 ------ 8 / 11 ...
 ------ 9 / 11 ...
 ------ 10 / 11 ...
 ------ 11 / 11 ...
(13, 20)

Profiling for Stage (13, 20) with bs(8)
 ------ 1 / 11 ...
 ------ 2 / 11 ...
 ------ 3 / 11 ...
 ------ 4 / 11 ...
 ------ 5 / 11 ...
 ------ 6 / 11 ...
 ------ 7 / 11 ...
 ------ 8 / 11 ...
 ------ 9 / 11 ...
 ------ 10 / 11 ...
 ------ 11 / 11 ...
 ------ 1 / 11 ...
 ------ 2 / 11 ...
 ------ 3 / 11 ...
 ------ 4 / 11 ...
 ------ 5 / 11 ...
 ------ 6 / 11 ...
 ------ 7 / 11 ...
 ------ 8 / 11 ...
 ------ 9 / 11 ...
 ------ 10 / 11 ...
 ------ 11 / 11 ...
(20, 26)

Profiling for Stage (20, 26) with bs(8)
 ------ 1 / 11 ...
 ------ 2 / 11 ...
 ------ 3 / 11 ...
 ------ 4 / 11 ...
 ------ 5 / 11 ...
 ------ 6 / 11 ...
 ------ 7 / 11 ...
 ------ 8 / 11 ...
 ------ 9 / 11 ...
 ------ 10 / 11 ...
 ------ 11 / 11 ...
 ------ 1 / 11 ...
 ------ 2 / 11 ...
 ------ 3 / 11 ...
 ------ 4 / 11 ...
 ------ 5 / 11 ...
 ------ 6 / 11 ...
 ------ 7 / 11 ...
 ------ 8 / 11 ...
 ------ 9 / 11 ...
 ------ 10 / 11 ...
 ------ 11 / 11 ...
(26, 33)

Profiling for Stage (26, 33) with bs(8)
 ------ 1 / 11 ...
 ------ 2 / 11 ...
 ------ 3 / 11 ...
 ------ 4 / 11 ...
 ------ 5 / 11 ...
 ------ 6 / 11 ...
 ------ 7 / 11 ...
 ------ 8 / 11 ...
 ------ 9 / 11 ...
 ------ 10 / 11 ...
 ------ 11 / 11 ...
 ------ 1 / 11 ...
 ------ 2 / 11 ...
 ------ 3 / 11 ...
 ------ 4 / 11 ...
 ------ 5 / 11 ...
 ------ 6 / 11 ...
 ------ 7 / 11 ...
 ------ 8 / 11 ...
 ------ 9 / 11 ...
 ------ 10 / 11 ...
 ------ 11 / 11 ...
(33, 39)

Profiling for Stage (33, 39) with bs(8)
 ------ 1 / 11 ...
 ------ 2 / 11 ...
 ------ 3 / 11 ...
 ------ 4 / 11 ...
 ------ 5 / 11 ...
 ------ 6 / 11 ...
 ------ 7 / 11 ...
 ------ 8 / 11 ...
 ------ 9 / 11 ...
 ------ 10 / 11 ...
 ------ 11 / 11 ...
 ------ 1 / 11 ...
 ------ 2 / 11 ...
 ------ 3 / 11 ...
 ------ 4 / 11 ...
 ------ 5 / 11 ...
 ------ 6 / 11 ...
 ------ 7 / 11 ...
 ------ 8 / 11 ...
 ------ 9 / 11 ...
 ------ 10 / 11 ...
 ------ 11 / 11 ...
(39, 45)

Profiling for Stage (39, 45) with bs(8)
 ------ 1 / 11 ...
 ------ 2 / 11 ...
 ------ 3 / 11 ...
 ------ 4 / 11 ...
 ------ 5 / 11 ...
 ------ 6 / 11 ...
 ------ 7 / 11 ...
 ------ 8 / 11 ...
 ------ 9 / 11 ...
 ------ 10 / 11 ...
 ------ 11 / 11 ...
 ------ 1 / 11 ...
 ------ 2 / 11 ...
 ------ 3 / 11 ...
 ------ 4 / 11 ...
 ------ 5 / 11 ...
 ------ 6 / 11 ...
 ------ 7 / 11 ...
 ------ 8 / 11 ...
 ------ 9 / 11 ...
 ------ 10 / 11 ...
 ------ 11 / 11 ...
(45, 55)

Profiling for Stage (45, 55) with bs(8)
 ------ 1 / 11 ...
 ------ 2 / 11 ...
 ------ 3 / 11 ...
 ------ 4 / 11 ...
 ------ 5 / 11 ...
 ------ 6 / 11 ...
 ------ 7 / 11 ...
 ------ 8 / 11 ...
 ------ 9 / 11 ...
 ------ 10 / 11 ...
 ------ 11 / 11 ...
 ------ 1 / 11 ...
 ------ 2 / 11 ...
 ------ 3 / 11 ...
 ------ 4 / 11 ...
 ------ 5 / 11 ...
 ------ 6 / 11 ...
 ------ 7 / 11 ...
 ------ 8 / 11 ...
 ------ 9 / 11 ...
 ------ 10 / 11 ...
 ------ 11 / 11 ...
5935.0
26230.0
5963.0
5450.0
5340.0
5355.0
5738.0
5457.0
5834.0
5425.0
11920.0
12619.0
12107.0
12065.0
12726.0
12636.0
12561.0
12673.0
12757.0
12456.0
103599.0
198333.0
43102.0
42301.0
41860.0
42869.0
42496.0
42532.0
42553.0
42512.0
36353.0
36631.0
36693.0
36232.0
36429.0
36361.0
36313.0
36917.0
36074.0
36736.0
42302.0
43427.0
42409.0
42810.0
43032.0
41842.0
43524.0
42042.0
43077.0
42802.0
36258.0
36732.0
36182.0
36568.0
36009.0
36768.0
36438.0
36601.0
36220.0
36694.0
36630.0
36159.0
36338.0
36890.0
36277.0
35882.0
36009.0
36646.0
36023.0
36691.0
84866.0
398871.0
84441.0
83677.0
84209.0
83876.0
84545.0
84886.0
85021.0
84837.0
[15345, 24904, 128431, 72947, 85453, 72894, 72709, 231845]

Mean FP TimeList
[[46671, 240, 3833], [46754, 4969, 1913], [48346, 2615, 1914], [42616, 2619, 1919], [49911, 2621, 1914], [52705, 2628, 1914], [52359, 2774, 1918], [55453, 3391, 7]]

Mean BP TimeList
[[137545, 4926, 38], [137884, 8092, 3833], [167446, 5732, 1913], [143492, 4939, 1915], [167824, 4937, 1913], [143174, 5076, 1916], [143498, 5583, 1914], [225074, 2642, 1916]]

Mean DPOH TimeList
[15345, 24904, 128431, 72947, 85453, 72894, 72709, 231845]

FP TimeList
[[46671, 8802], [46754, 4528], [48346, 4533], [42616, 4540], [49911, 4542], [52705, 4688], [52359, 5309], [55453, 2642]]

BP TimeList
[[225074, 7499], [143498, 6990], [143174, 6853], [167824, 6852], [143492, 7647], [167446, 10005], [137884, 8759], [137545, 38]]

Time Chart for FP
[46671]
[46671, 8802]
[46671, 8802, 46754]
[46671, 8802, 46754, 4528]
[46671, 8802, 46754, 4528, 48346]
[46671, 8802, 46754, 4528, 48346, 4533]
[46671, 8802, 46754, 4528, 48346, 4533, 42616]
[46671, 8802, 46754, 4528, 48346, 4533, 42616, 4540]
[46671, 8802, 46754, 4528, 48346, 4533, 42616, 4540, 49911]
[46671, 8802, 46754, 4528, 48346, 4533, 42616, 4540, 49911, 4542]
[46671, 8802, 46754, 4528, 48346, 4533, 42616, 4540, 49911, 4542, 52705]
[46671, 8802, 46754, 4528, 48346, 4533, 42616, 4540, 49911, 4542, 52705, 4688]
[46671, 8802, 46754, 4528, 48346, 4533, 42616, 4540, 49911, 4542, 52705, 4688, 52359]
[46671, 8802, 46754, 4528, 48346, 4533, 42616, 4540, 49911, 4542, 52705, 4688, 52359, 5309]
[46671, 8802, 46754, 4528, 48346, 4533, 42616, 4540, 49911, 4542, 52705, 4688, 52359, 5309, 55453]
[46671, 8802, 46754, 4528, 48346, 4533, 42616, 4540, 49911, 4542, 52705, 4688, 52359, 5309, 55453, 2642]
[46754, 4528, 48346, 4533, 42616, 4540, 49911, 4542, 52705, 4688, 52359, 5309, 55453, 2642]
[46754, 4528, 48346, 4533, 42616, 4540, 49911, 4542, 52705, 4688, 52359, 5309, 55453, 2642]
[48346, 4533, 42616, 4540, 49911, 4542, 52705, 4688, 52359, 5309, 55453, 2642]
[48346, 4533, 42616, 4540, 49911, 4542, 52705, 4688, 52359, 5309, 55453, 2642]
[42616, 4540, 49911, 4542, 52705, 4688, 52359, 5309, 55453, 2642]
[42616, 4540, 49911, 4542, 52705, 4688, 52359, 5309, 55453, 2642]
[49911, 4542, 52705, 4688, 52359, 5309, 55453, 2642]
[49911, 4542, 52705, 4688, 52359, 5309, 55453, 2642]
[52705, 4688, 52359, 5309, 55453, 2642]
[52705, 4688, 52359, 5309, 55453, 2642]
[52359, 5309, 55453, 2642]
[52359, 5309, 55453, 2642]
[55453, 2642]
[55453, 2642]

FP for each step:  [46671, 46671, 46754, 46754, 48346, 48346, 48346, 48346, 49911, 49911, 52705, 52705, 52705, 52705, 55453, 55453, 55453, 55453, 55453, 55453, 55453, 55453, 55453, 55453, 55453, 55453, 55453, 55453, 55453, 55453]

Time Chart for BP
[2642, 225074]
[225074, 7499]
[225074, 7499, 143498]
[225074, 7499, 143498, 6990]
[225074, 7499, 143498, 6990, 143174]
[225074, 7499, 143498, 6990, 143174, 6853]
[225074, 7499, 143498, 6990, 143174, 6853, 167824]
[225074, 7499, 143498, 6990, 143174, 6853, 167824, 6852]
[225074, 7499, 143498, 6990, 143174, 6853, 167824, 6852, 143492]
[225074, 7499, 143498, 6990, 143174, 6853, 167824, 6852, 143492, 7647]
[225074, 7499, 143498, 6990, 143174, 6853, 167824, 6852, 143492, 7647, 167446]
[225074, 7499, 143498, 6990, 143174, 6853, 167824, 6852, 143492, 7647, 167446, 10005]
[225074, 7499, 143498, 6990, 143174, 6853, 167824, 6852, 143492, 7647, 167446, 10005, 137884]
[225074, 7499, 143498, 6990, 143174, 6853, 167824, 6852, 143492, 7647, 167446, 10005, 137884, 8759]
[225074, 7499, 143498, 6990, 143174, 6853, 167824, 6852, 143492, 7647, 167446, 10005, 137884, 8759, 137545]
[225074, 7499, 143498, 6990, 143174, 6853, 167824, 6852, 143492, 7647, 167446, 10005, 137884, 8759, 137545, 38]
[143498, 6990, 143174, 6853, 167824, 6852, 143492, 7647, 167446, 10005, 137884, 8759, 137545, 38]
[143498, 6990, 143174, 6853, 167824, 6852, 143492, 7647, 167446, 10005, 137884, 8759, 137545, 38]
[143174, 6853, 167824, 6852, 143492, 7647, 167446, 10005, 137884, 8759, 137545, 38]
[143174, 6853, 167824, 6852, 143492, 7647, 167446, 10005, 137884, 8759, 137545, 38]
[167824, 6852, 143492, 7647, 167446, 10005, 137884, 8759, 137545, 38]
[167824, 6852, 143492, 7647, 167446, 10005, 137884, 8759, 137545, 38]
[143492, 7647, 167446, 10005, 137884, 8759, 137545, 38]
[143492, 7647, 167446, 10005, 137884, 8759, 137545, 38]
[167446, 10005, 137884, 8759, 137545, 38]
[167446, 10005, 137884, 8759, 137545, 38]
[137884, 8759, 137545, 38]
[137884, 8759, 137545, 38]
[137545, 38]
[137545, 38]

BP for each step:  [225074, 225074, 225074, 225074, 225074, 225074, 225074, 225074, 225074, 225074, 225074, 225074, 225074, 225074, 225074, 225074, 167824, 167824, 167824, 167824, 167824, 167824, 167446, 167446, 167446, 167446, 137884, 137884, 137545, 137545]
Time without overhead: 7.406894 s

Total Time: 7.406894 s
