========== Stats ==========
iters 10
batchSize 32
numMicro 16
machine 4
log_dir _timeline/resnet_5gh
file ./_parth/partition_2_resnet_32_16.txt
model resnet
===========================
Number of Stages: 2
(0, 30)

Profiling for Stage (0, 30) with bs(2)
 ------ 1 / 11 ...
 ------ 2 / 11 ...
 ------ 3 / 11 ...
 ------ 4 / 11 ...
 ------ 5 / 11 ...
 ------ 6 / 11 ...
 ------ 7 / 11 ...
 ------ 8 / 11 ...
 ------ 9 / 11 ...
 ------ 10 / 11 ...
 ------ 11 / 11 ...
 ------ 1 / 11 ...
 ------ 2 / 11 ...
 ------ 3 / 11 ...
 ------ 4 / 11 ...
 ------ 5 / 11 ...
 ------ 6 / 11 ...
 ------ 7 / 11 ...
 ------ 8 / 11 ...
 ------ 9 / 11 ...
 ------ 10 / 11 ...
 ------ 11 / 11 ...
(30, 55)

Profiling for Stage (30, 55) with bs(2)
 ------ 1 / 11 ...
 ------ 2 / 11 ...
 ------ 3 / 11 ...
 ------ 4 / 11 ...
 ------ 5 / 11 ...
 ------ 6 / 11 ...
 ------ 7 / 11 ...
 ------ 8 / 11 ...
 ------ 9 / 11 ...
 ------ 10 / 11 ...
 ------ 11 / 11 ...
 ------ 1 / 11 ...
 ------ 2 / 11 ...
 ------ 3 / 11 ...
 ------ 4 / 11 ...
 ------ 5 / 11 ...
 ------ 6 / 11 ...
 ------ 7 / 11 ...
 ------ 8 / 11 ...
 ------ 9 / 11 ...
 ------ 10 / 11 ...
 ------ 11 / 11 ...
417928.0
451130.0
120537.0
122320.0
121504.0
120187.0
120287.0
118984.0
119770.0
121292.0
175645.0
762353.0
174049.0
175301.0
176107.0
174480.0
174540.0
174174.0
174983.0
173017.0
[366787, 466929]

Mean FP TimeList
[[79654, 178, 486], [74694, 3227, 8]]

Mean BP TimeList
[[248970, 988, 15], [270147, 970, 484]]

Mean DPOH TimeList
[366787, 466929]

FP TimeList
[[79654, 3713], [74694, 970]]

BP TimeList
[[270147, 1472], [248970, 15]]

Time Chart for FP
[79654]
[79654, 3713]
[79654, 3713, 74694]
[79654, 3713, 74694, 970]
[79654, 3713, 74694, 970]
[79654, 3713, 74694, 970]
[79654, 3713, 74694, 970]
[79654, 3713, 74694, 970]
[79654, 3713, 74694, 970]
[79654, 3713, 74694, 970]
[79654, 3713, 74694, 970]
[79654, 3713, 74694, 970]
[79654, 3713, 74694, 970]
[79654, 3713, 74694, 970]
[79654, 3713, 74694, 970]
[79654, 3713, 74694, 970]
[74694, 970]
[74694, 970]

FP for each step:  [79654, 79654, 79654, 79654, 79654, 79654, 79654, 79654, 79654, 79654, 79654, 79654, 79654, 79654, 79654, 79654, 74694, 74694]

Time Chart for BP
[970, 270147]
[270147, 1472]
[270147, 1472, 248970]
[270147, 1472, 248970, 15]
[270147, 1472, 248970, 15]
[270147, 1472, 248970, 15]
[270147, 1472, 248970, 15]
[270147, 1472, 248970, 15]
[270147, 1472, 248970, 15]
[270147, 1472, 248970, 15]
[270147, 1472, 248970, 15]
[270147, 1472, 248970, 15]
[270147, 1472, 248970, 15]
[270147, 1472, 248970, 15]
[270147, 1472, 248970, 15]
[270147, 1472, 248970, 15]
[248970, 15]
[248970, 15]

BP for each step:  [270147, 270147, 270147, 270147, 270147, 270147, 270147, 270147, 270147, 270147, 270147, 270147, 270147, 270147, 270147, 270147, 248970, 248970]
Time without overhead: 6.244144 s

Total Time: 6.244144 s
