========== Stats ==========
iters 10
batchSize 16
numMicro 4
machine 4
log_dir _timeline/resnet_5gh
file ./_parth/partition_8_resnet_16_4.txt
model resnet
===========================
Number of Stages: 8
(0, 8)

Profiling for Stage (0, 8) with bs(4)
 ------ 1 / 11 ...
 ------ 2 / 11 ...
 ------ 3 / 11 ...
 ------ 4 / 11 ...
 ------ 5 / 11 ...
 ------ 6 / 11 ...
 ------ 7 / 11 ...
 ------ 8 / 11 ...
 ------ 9 / 11 ...
 ------ 10 / 11 ...
 ------ 11 / 11 ...
 ------ 1 / 11 ...
 ------ 2 / 11 ...
 ------ 3 / 11 ...
 ------ 4 / 11 ...
 ------ 5 / 11 ...
 ------ 6 / 11 ...
 ------ 7 / 11 ...
 ------ 8 / 11 ...
 ------ 9 / 11 ...
 ------ 10 / 11 ...
 ------ 11 / 11 ...
(8, 15)

Profiling for Stage (8, 15) with bs(4)
 ------ 1 / 11 ...
 ------ 2 / 11 ...
 ------ 3 / 11 ...
 ------ 4 / 11 ...
 ------ 5 / 11 ...
 ------ 6 / 11 ...
 ------ 7 / 11 ...
 ------ 8 / 11 ...
 ------ 9 / 11 ...
 ------ 10 / 11 ...
 ------ 11 / 11 ...
 ------ 1 / 11 ...
 ------ 2 / 11 ...
 ------ 3 / 11 ...
 ------ 4 / 11 ...
 ------ 5 / 11 ...
 ------ 6 / 11 ...
 ------ 7 / 11 ...
 ------ 8 / 11 ...
 ------ 9 / 11 ...
 ------ 10 / 11 ...
 ------ 11 / 11 ...
(15, 22)

Profiling for Stage (15, 22) with bs(4)
 ------ 1 / 11 ...
 ------ 2 / 11 ...
 ------ 3 / 11 ...
 ------ 4 / 11 ...
 ------ 5 / 11 ...
 ------ 6 / 11 ...
 ------ 7 / 11 ...
 ------ 8 / 11 ...
 ------ 9 / 11 ...
 ------ 10 / 11 ...
 ------ 11 / 11 ...
 ------ 1 / 11 ...
 ------ 2 / 11 ...
 ------ 3 / 11 ...
 ------ 4 / 11 ...
 ------ 5 / 11 ...
 ------ 6 / 11 ...
 ------ 7 / 11 ...
 ------ 8 / 11 ...
 ------ 9 / 11 ...
 ------ 10 / 11 ...
 ------ 11 / 11 ...
(22, 28)

Profiling for Stage (22, 28) with bs(4)
 ------ 1 / 11 ...
 ------ 2 / 11 ...
 ------ 3 / 11 ...
 ------ 4 / 11 ...
 ------ 5 / 11 ...
 ------ 6 / 11 ...
 ------ 7 / 11 ...
 ------ 8 / 11 ...
 ------ 9 / 11 ...
 ------ 10 / 11 ...
 ------ 11 / 11 ...
 ------ 1 / 11 ...
 ------ 2 / 11 ...
 ------ 3 / 11 ...
 ------ 4 / 11 ...
 ------ 5 / 11 ...
 ------ 6 / 11 ...
 ------ 7 / 11 ...
 ------ 8 / 11 ...
 ------ 9 / 11 ...
 ------ 10 / 11 ...
 ------ 11 / 11 ...
(28, 34)

Profiling for Stage (28, 34) with bs(4)
 ------ 1 / 11 ...
 ------ 2 / 11 ...
 ------ 3 / 11 ...
 ------ 4 / 11 ...
 ------ 5 / 11 ...
 ------ 6 / 11 ...
 ------ 7 / 11 ...
 ------ 8 / 11 ...
 ------ 9 / 11 ...
 ------ 10 / 11 ...
 ------ 11 / 11 ...
 ------ 1 / 11 ...
 ------ 2 / 11 ...
 ------ 3 / 11 ...
 ------ 4 / 11 ...
 ------ 5 / 11 ...
 ------ 6 / 11 ...
 ------ 7 / 11 ...
 ------ 8 / 11 ...
 ------ 9 / 11 ...
 ------ 10 / 11 ...
 ------ 11 / 11 ...
(34, 41)

Profiling for Stage (34, 41) with bs(4)
 ------ 1 / 11 ...
 ------ 2 / 11 ...
 ------ 3 / 11 ...
 ------ 4 / 11 ...
 ------ 5 / 11 ...
 ------ 6 / 11 ...
 ------ 7 / 11 ...
 ------ 8 / 11 ...
 ------ 9 / 11 ...
 ------ 10 / 11 ...
 ------ 11 / 11 ...
 ------ 1 / 11 ...
 ------ 2 / 11 ...
 ------ 3 / 11 ...
 ------ 4 / 11 ...
 ------ 5 / 11 ...
 ------ 6 / 11 ...
 ------ 7 / 11 ...
 ------ 8 / 11 ...
 ------ 9 / 11 ...
 ------ 10 / 11 ...
 ------ 11 / 11 ...
(41, 47)

Profiling for Stage (41, 47) with bs(4)
 ------ 1 / 11 ...
 ------ 2 / 11 ...
 ------ 3 / 11 ...
 ------ 4 / 11 ...
 ------ 5 / 11 ...
 ------ 6 / 11 ...
 ------ 7 / 11 ...
 ------ 8 / 11 ...
 ------ 9 / 11 ...
 ------ 10 / 11 ...
 ------ 11 / 11 ...
 ------ 1 / 11 ...
 ------ 2 / 11 ...
 ------ 3 / 11 ...
 ------ 4 / 11 ...
 ------ 5 / 11 ...
 ------ 6 / 11 ...
 ------ 7 / 11 ...
 ------ 8 / 11 ...
 ------ 9 / 11 ...
 ------ 10 / 11 ...
 ------ 11 / 11 ...
(47, 55)

Profiling for Stage (47, 55) with bs(4)
 ------ 1 / 11 ...
 ------ 2 / 11 ...
 ------ 3 / 11 ...
 ------ 4 / 11 ...
 ------ 5 / 11 ...
 ------ 6 / 11 ...
 ------ 7 / 11 ...
 ------ 8 / 11 ...
 ------ 9 / 11 ...
 ------ 10 / 11 ...
 ------ 11 / 11 ...
 ------ 1 / 11 ...
 ------ 2 / 11 ...
 ------ 3 / 11 ...
 ------ 4 / 11 ...
 ------ 5 / 11 ...
 ------ 6 / 11 ...
 ------ 7 / 11 ...
 ------ 8 / 11 ...
 ------ 9 / 11 ...
 ------ 10 / 11 ...
 ------ 11 / 11 ...
17680.0
28777.0
7261.0
7691.0
7648.0
7821.0
7454.0
7557.0
7492.0
7675.0
55922.0
104116.0
23809.0
23786.0
23186.0
22331.0
23517.0
23416.0
22403.0
23147.0
42848.0
197063.0
42704.0
42770.0
42075.0
41844.0
42446.0
41980.0
42622.0
42825.0
36477.0
36755.0
36661.0
36669.0
36129.0
36376.0
36380.0
36548.0
36755.0
36718.0
35874.0
35848.0
36123.0
36127.0
36981.0
36641.0
35912.0
36902.0
35701.0
36855.0
42691.0
43041.0
42539.0
42934.0
42872.0
42359.0
42805.0
42452.0
42474.0
43133.0
36024.0
36849.0
36941.0
36755.0
36601.0
36509.0
36573.0
36829.0
36774.0
36549.0
72490.0
71684.0
369756.0
72577.0
72550.0
72607.0
71792.0
71926.0
72589.0
71900.0
[21411, 69126, 115835, 73093, 72592, 85460, 73280, 203974]

Mean FP TimeList
[[26343, 162, 1918], [25635, 2631, 960], [34959, 2015, 959], [30303, 1410, 964], [30121, 1445, 963], [34966, 2031, 960], [30187, 1410, 960], [30194, 1437, 9]]

Mean BP TimeList
[[81918, 2564, 22], [89268, 4054, 1915], [100056, 2575, 959], [86104, 2557, 962], [85859, 3546, 962], [99105, 2579, 961], [86015, 2728, 959], [122237, 1584, 960]]

Mean DPOH TimeList
[21411, 69126, 115835, 73093, 72592, 85460, 73280, 203974]

FP TimeList
[[26343, 4549], [25635, 2975], [34959, 2369], [30303, 2409], [30121, 2994], [34966, 2370], [30187, 2397], [30194, 1584]]

BP TimeList
[[122237, 3688], [86015, 3538], [99105, 4507], [85859, 3519], [86104, 3537], [100056, 5013], [89268, 4479], [81918, 22]]

Time Chart for FP
[26343]
[26343, 4549]
[26343, 4549, 25635]
[26343, 4549, 25635, 2975]
[25635, 2975, 34959]
[25635, 2975, 34959, 2369]
[34959, 2369, 30303]
[34959, 2369, 30303, 2409]
[30303, 2409, 30121]
[30303, 2409, 30121, 2994]
[30121, 2994, 34966]
[30121, 2994, 34966, 2370]
[34966, 2370, 30187]
[34966, 2370, 30187, 2397]
[30187, 2397, 30194]
[30187, 2397, 30194, 1584]
[30194, 1584]
[30194, 1584]

FP for each step:  [26343, 26343, 26343, 26343, 34959, 34959, 34959, 34959, 30303, 30303, 34966, 34966, 34966, 34966, 30194, 30194, 30194, 30194]

Time Chart for BP
[1584, 122237]
[122237, 3688]
[122237, 3688, 86015]
[122237, 3688, 86015, 3538]
[86015, 3538, 99105]
[86015, 3538, 99105, 4507]
[99105, 4507, 85859]
[99105, 4507, 85859, 3519]
[85859, 3519, 86104]
[85859, 3519, 86104, 3537]
[86104, 3537, 100056]
[86104, 3537, 100056, 5013]
[100056, 5013, 89268]
[100056, 5013, 89268, 4479]
[89268, 4479, 81918]
[89268, 4479, 81918, 22]
[81918, 22]
[81918, 22]

BP for each step:  [122237, 122237, 122237, 122237, 99105, 99105, 99105, 99105, 86104, 86104, 100056, 100056, 100056, 100056, 89268, 89268, 81918, 81918]
Time without overhead: 2.366626 s

Total Time: 2.366626 s
