========== Stats ==========
iters 10
batchSize 64
numMicro 16
machine 4
log_dir _timeline/resnet_5gh
file ./_parth/partition_8_resnet_64_16.txt
model resnet
===========================
Number of Stages: 8
(0, 8)

Profiling for Stage (0, 8) with bs(4)
 ------ 1 / 11 ...
 ------ 2 / 11 ...
 ------ 3 / 11 ...
 ------ 4 / 11 ...
 ------ 5 / 11 ...
 ------ 6 / 11 ...
 ------ 7 / 11 ...
 ------ 8 / 11 ...
 ------ 9 / 11 ...
 ------ 10 / 11 ...
 ------ 11 / 11 ...
 ------ 1 / 11 ...
 ------ 2 / 11 ...
 ------ 3 / 11 ...
 ------ 4 / 11 ...
 ------ 5 / 11 ...
 ------ 6 / 11 ...
 ------ 7 / 11 ...
 ------ 8 / 11 ...
 ------ 9 / 11 ...
 ------ 10 / 11 ...
 ------ 11 / 11 ...
(8, 15)

Profiling for Stage (8, 15) with bs(4)
 ------ 1 / 11 ...
 ------ 2 / 11 ...
 ------ 3 / 11 ...
 ------ 4 / 11 ...
 ------ 5 / 11 ...
 ------ 6 / 11 ...
 ------ 7 / 11 ...
 ------ 8 / 11 ...
 ------ 9 / 11 ...
 ------ 10 / 11 ...
 ------ 11 / 11 ...
 ------ 1 / 11 ...
 ------ 2 / 11 ...
 ------ 3 / 11 ...
 ------ 4 / 11 ...
 ------ 5 / 11 ...
 ------ 6 / 11 ...
 ------ 7 / 11 ...
 ------ 8 / 11 ...
 ------ 9 / 11 ...
 ------ 10 / 11 ...
 ------ 11 / 11 ...
(15, 22)

Profiling for Stage (15, 22) with bs(4)
 ------ 1 / 11 ...
 ------ 2 / 11 ...
 ------ 3 / 11 ...
 ------ 4 / 11 ...
 ------ 5 / 11 ...
 ------ 6 / 11 ...
 ------ 7 / 11 ...
 ------ 8 / 11 ...
 ------ 9 / 11 ...
 ------ 10 / 11 ...
 ------ 11 / 11 ...
 ------ 1 / 11 ...
 ------ 2 / 11 ...
 ------ 3 / 11 ...
 ------ 4 / 11 ...
 ------ 5 / 11 ...
 ------ 6 / 11 ...
 ------ 7 / 11 ...
 ------ 8 / 11 ...
 ------ 9 / 11 ...
 ------ 10 / 11 ...
 ------ 11 / 11 ...
(22, 28)

Profiling for Stage (22, 28) with bs(4)
 ------ 1 / 11 ...
 ------ 2 / 11 ...
 ------ 3 / 11 ...
 ------ 4 / 11 ...
 ------ 5 / 11 ...
 ------ 6 / 11 ...
 ------ 7 / 11 ...
 ------ 8 / 11 ...
 ------ 9 / 11 ...
 ------ 10 / 11 ...
 ------ 11 / 11 ...
 ------ 1 / 11 ...
 ------ 2 / 11 ...
 ------ 3 / 11 ...
 ------ 4 / 11 ...
 ------ 5 / 11 ...
 ------ 6 / 11 ...
 ------ 7 / 11 ...
 ------ 8 / 11 ...
 ------ 9 / 11 ...
 ------ 10 / 11 ...
 ------ 11 / 11 ...
(28, 34)

Profiling for Stage (28, 34) with bs(4)
 ------ 1 / 11 ...
 ------ 2 / 11 ...
 ------ 3 / 11 ...
 ------ 4 / 11 ...
 ------ 5 / 11 ...
 ------ 6 / 11 ...
 ------ 7 / 11 ...
 ------ 8 / 11 ...
 ------ 9 / 11 ...
 ------ 10 / 11 ...
 ------ 11 / 11 ...
 ------ 1 / 11 ...
 ------ 2 / 11 ...
 ------ 3 / 11 ...
 ------ 4 / 11 ...
 ------ 5 / 11 ...
 ------ 6 / 11 ...
 ------ 7 / 11 ...
 ------ 8 / 11 ...
 ------ 9 / 11 ...
 ------ 10 / 11 ...
 ------ 11 / 11 ...
(34, 41)

Profiling for Stage (34, 41) with bs(4)
 ------ 1 / 11 ...
 ------ 2 / 11 ...
 ------ 3 / 11 ...
 ------ 4 / 11 ...
 ------ 5 / 11 ...
 ------ 6 / 11 ...
 ------ 7 / 11 ...
 ------ 8 / 11 ...
 ------ 9 / 11 ...
 ------ 10 / 11 ...
 ------ 11 / 11 ...
 ------ 1 / 11 ...
 ------ 2 / 11 ...
 ------ 3 / 11 ...
 ------ 4 / 11 ...
 ------ 5 / 11 ...
 ------ 6 / 11 ...
 ------ 7 / 11 ...
 ------ 8 / 11 ...
 ------ 9 / 11 ...
 ------ 10 / 11 ...
 ------ 11 / 11 ...
(41, 47)

Profiling for Stage (41, 47) with bs(4)
 ------ 1 / 11 ...
 ------ 2 / 11 ...
 ------ 3 / 11 ...
 ------ 4 / 11 ...
 ------ 5 / 11 ...
 ------ 6 / 11 ...
 ------ 7 / 11 ...
 ------ 8 / 11 ...
 ------ 9 / 11 ...
 ------ 10 / 11 ...
 ------ 11 / 11 ...
 ------ 1 / 11 ...
 ------ 2 / 11 ...
 ------ 3 / 11 ...
 ------ 4 / 11 ...
 ------ 5 / 11 ...
 ------ 6 / 11 ...
 ------ 7 / 11 ...
 ------ 8 / 11 ...
 ------ 9 / 11 ...
 ------ 10 / 11 ...
 ------ 11 / 11 ...
(47, 55)

Profiling for Stage (47, 55) with bs(4)
 ------ 1 / 11 ...
 ------ 2 / 11 ...
 ------ 3 / 11 ...
 ------ 4 / 11 ...
 ------ 5 / 11 ...
 ------ 6 / 11 ...
 ------ 7 / 11 ...
 ------ 8 / 11 ...
 ------ 9 / 11 ...
 ------ 10 / 11 ...
 ------ 11 / 11 ...
 ------ 1 / 11 ...
 ------ 2 / 11 ...
 ------ 3 / 11 ...
 ------ 4 / 11 ...
 ------ 5 / 11 ...
 ------ 6 / 11 ...
 ------ 7 / 11 ...
 ------ 8 / 11 ...
 ------ 9 / 11 ...
 ------ 10 / 11 ...
 ------ 11 / 11 ...
16208.0
29296.0
7362.0
6914.0
7181.0
7608.0
7691.0
7522.0
7753.0
7706.0
56743.0
104802.0
23058.0
22669.0
23097.0
23230.0
23464.0
23252.0
23239.0
23010.0
43181.0
198876.0
42759.0
41728.0
41732.0
42412.0
42610.0
42216.0
41746.0
42030.0
36638.0
36419.0
36934.0
36712.0
36830.0
36928.0
36155.0
36961.0
35921.0
36349.0
36677.0
35993.0
36687.0
36745.0
36129.0
35836.0
36319.0
36692.0
36232.0
35952.0
42754.0
41817.0
42769.0
42748.0
42971.0
42550.0
41841.0
42580.0
41754.0
42916.0
36269.0
36660.0
36615.0
35685.0
35727.0
36294.0
36580.0
35839.0
36414.0
36140.0
71634.0
71978.0
73433.0
380024.0
71683.0
71612.0
71688.0
71897.0
72446.0
72364.0
[21048, 69312, 115858, 73169, 72652, 84940, 72444, 205751]

Mean FP TimeList
[[26373, 139, 1916], [25502, 3134, 960], [34837, 2042, 959], [30314, 1451, 961], [30212, 1424, 966], [36405, 1495, 962], [31946, 2050, 982], [30801, 1403, 8]]

Mean BP TimeList
[[82553, 2066, 22], [88881, 4001, 1913], [98996, 2565, 960], [84721, 2530, 962], [86135, 2552, 962], [100605, 3556, 963], [89268, 2576, 960], [128068, 1855, 964]]

Mean DPOH TimeList
[21048, 69312, 115858, 73169, 72652, 84940, 72444, 205751]

FP TimeList
[[26373, 5050], [25502, 3002], [34837, 2410], [30314, 2385], [30212, 2461], [36405, 3012], [31946, 2385], [30801, 1855]]

BP TimeList
[[128068, 3540], [89268, 4516], [100605, 3515], [86135, 3492], [84721, 3527], [98996, 4961], [88881, 3979], [82553, 22]]

Time Chart for FP
[26373]
[26373, 5050]
[26373, 5050, 25502]
[26373, 5050, 25502, 3002]
[26373, 5050, 25502, 3002, 34837]
[26373, 5050, 25502, 3002, 34837, 2410]
[26373, 5050, 25502, 3002, 34837, 2410, 30314]
[26373, 5050, 25502, 3002, 34837, 2410, 30314, 2385]
[26373, 5050, 25502, 3002, 34837, 2410, 30314, 2385, 30212]
[26373, 5050, 25502, 3002, 34837, 2410, 30314, 2385, 30212, 2461]
[26373, 5050, 25502, 3002, 34837, 2410, 30314, 2385, 30212, 2461, 36405]
[26373, 5050, 25502, 3002, 34837, 2410, 30314, 2385, 30212, 2461, 36405, 3012]
[26373, 5050, 25502, 3002, 34837, 2410, 30314, 2385, 30212, 2461, 36405, 3012, 31946]
[26373, 5050, 25502, 3002, 34837, 2410, 30314, 2385, 30212, 2461, 36405, 3012, 31946, 2385]
[26373, 5050, 25502, 3002, 34837, 2410, 30314, 2385, 30212, 2461, 36405, 3012, 31946, 2385, 30801]
[26373, 5050, 25502, 3002, 34837, 2410, 30314, 2385, 30212, 2461, 36405, 3012, 31946, 2385, 30801, 1855]
[25502, 3002, 34837, 2410, 30314, 2385, 30212, 2461, 36405, 3012, 31946, 2385, 30801, 1855]
[25502, 3002, 34837, 2410, 30314, 2385, 30212, 2461, 36405, 3012, 31946, 2385, 30801, 1855]
[34837, 2410, 30314, 2385, 30212, 2461, 36405, 3012, 31946, 2385, 30801, 1855]
[34837, 2410, 30314, 2385, 30212, 2461, 36405, 3012, 31946, 2385, 30801, 1855]
[30314, 2385, 30212, 2461, 36405, 3012, 31946, 2385, 30801, 1855]
[30314, 2385, 30212, 2461, 36405, 3012, 31946, 2385, 30801, 1855]
[30212, 2461, 36405, 3012, 31946, 2385, 30801, 1855]
[30212, 2461, 36405, 3012, 31946, 2385, 30801, 1855]
[36405, 3012, 31946, 2385, 30801, 1855]
[36405, 3012, 31946, 2385, 30801, 1855]
[31946, 2385, 30801, 1855]
[31946, 2385, 30801, 1855]
[30801, 1855]
[30801, 1855]

FP for each step:  [26373, 26373, 26373, 26373, 34837, 34837, 34837, 34837, 34837, 34837, 36405, 36405, 36405, 36405, 36405, 36405, 36405, 36405, 36405, 36405, 36405, 36405, 36405, 36405, 36405, 36405, 31946, 31946, 30801, 30801]

Time Chart for BP
[1855, 128068]
[128068, 3540]
[128068, 3540, 89268]
[128068, 3540, 89268, 4516]
[128068, 3540, 89268, 4516, 100605]
[128068, 3540, 89268, 4516, 100605, 3515]
[128068, 3540, 89268, 4516, 100605, 3515, 86135]
[128068, 3540, 89268, 4516, 100605, 3515, 86135, 3492]
[128068, 3540, 89268, 4516, 100605, 3515, 86135, 3492, 84721]
[128068, 3540, 89268, 4516, 100605, 3515, 86135, 3492, 84721, 3527]
[128068, 3540, 89268, 4516, 100605, 3515, 86135, 3492, 84721, 3527, 98996]
[128068, 3540, 89268, 4516, 100605, 3515, 86135, 3492, 84721, 3527, 98996, 4961]
[128068, 3540, 89268, 4516, 100605, 3515, 86135, 3492, 84721, 3527, 98996, 4961, 88881]
[128068, 3540, 89268, 4516, 100605, 3515, 86135, 3492, 84721, 3527, 98996, 4961, 88881, 3979]
[128068, 3540, 89268, 4516, 100605, 3515, 86135, 3492, 84721, 3527, 98996, 4961, 88881, 3979, 82553]
[128068, 3540, 89268, 4516, 100605, 3515, 86135, 3492, 84721, 3527, 98996, 4961, 88881, 3979, 82553, 22]
[89268, 4516, 100605, 3515, 86135, 3492, 84721, 3527, 98996, 4961, 88881, 3979, 82553, 22]
[89268, 4516, 100605, 3515, 86135, 3492, 84721, 3527, 98996, 4961, 88881, 3979, 82553, 22]
[100605, 3515, 86135, 3492, 84721, 3527, 98996, 4961, 88881, 3979, 82553, 22]
[100605, 3515, 86135, 3492, 84721, 3527, 98996, 4961, 88881, 3979, 82553, 22]
[86135, 3492, 84721, 3527, 98996, 4961, 88881, 3979, 82553, 22]
[86135, 3492, 84721, 3527, 98996, 4961, 88881, 3979, 82553, 22]
[84721, 3527, 98996, 4961, 88881, 3979, 82553, 22]
[84721, 3527, 98996, 4961, 88881, 3979, 82553, 22]
[98996, 4961, 88881, 3979, 82553, 22]
[98996, 4961, 88881, 3979, 82553, 22]
[88881, 3979, 82553, 22]
[88881, 3979, 82553, 22]
[82553, 22]
[82553, 22]

BP for each step:  [128068, 128068, 128068, 128068, 128068, 128068, 128068, 128068, 128068, 128068, 128068, 128068, 128068, 128068, 128068, 128068, 100605, 100605, 100605, 100605, 98996, 98996, 98996, 98996, 98996, 98996, 88881, 88881, 82553, 82553]
Time without overhead: 4.41084 s

Total Time: 4.41084 s
