========== Stats ==========
iters 10
batchSize 128
numMicro 16
machine 4
log_dir _timeline/resnet_5gh
file ./_parth/partition_4_resnet_128_16.txt
model resnet
===========================
Number of Stages: 4
(0, 13)

Profiling for Stage (0, 13) with bs(8)
 ------ 1 / 11 ...
 ------ 2 / 11 ...
 ------ 3 / 11 ...
 ------ 4 / 11 ...
 ------ 5 / 11 ...
 ------ 6 / 11 ...
 ------ 7 / 11 ...
 ------ 8 / 11 ...
 ------ 9 / 11 ...
 ------ 10 / 11 ...
 ------ 11 / 11 ...
 ------ 1 / 11 ...
 ------ 2 / 11 ...
 ------ 3 / 11 ...
 ------ 4 / 11 ...
 ------ 5 / 11 ...
 ------ 6 / 11 ...
 ------ 7 / 11 ...
 ------ 8 / 11 ...
 ------ 9 / 11 ...
 ------ 10 / 11 ...
 ------ 11 / 11 ...
(13, 26)

Profiling for Stage (13, 26) with bs(8)
 ------ 1 / 11 ...
 ------ 2 / 11 ...
 ------ 3 / 11 ...
 ------ 4 / 11 ...
 ------ 5 / 11 ...
 ------ 6 / 11 ...
 ------ 7 / 11 ...
 ------ 8 / 11 ...
 ------ 9 / 11 ...
 ------ 10 / 11 ...
 ------ 11 / 11 ...
 ------ 1 / 11 ...
 ------ 2 / 11 ...
 ------ 3 / 11 ...
 ------ 4 / 11 ...
 ------ 5 / 11 ...
 ------ 6 / 11 ...
 ------ 7 / 11 ...
 ------ 8 / 11 ...
 ------ 9 / 11 ...
 ------ 10 / 11 ...
 ------ 11 / 11 ...
(26, 39)

Profiling for Stage (26, 39) with bs(8)
 ------ 1 / 11 ...
 ------ 2 / 11 ...
 ------ 3 / 11 ...
 ------ 4 / 11 ...
 ------ 5 / 11 ...
 ------ 6 / 11 ...
 ------ 7 / 11 ...
 ------ 8 / 11 ...
 ------ 9 / 11 ...
 ------ 10 / 11 ...
 ------ 11 / 11 ...
 ------ 1 / 11 ...
 ------ 2 / 11 ...
 ------ 3 / 11 ...
 ------ 4 / 11 ...
 ------ 5 / 11 ...
 ------ 6 / 11 ...
 ------ 7 / 11 ...
 ------ 8 / 11 ...
 ------ 9 / 11 ...
 ------ 10 / 11 ...
 ------ 11 / 11 ...
(39, 55)

Profiling for Stage (39, 55) with bs(8)
 ------ 1 / 11 ...
 ------ 2 / 11 ...
 ------ 3 / 11 ...
 ------ 4 / 11 ...
 ------ 5 / 11 ...
 ------ 6 / 11 ...
 ------ 7 / 11 ...
 ------ 8 / 11 ...
 ------ 9 / 11 ...
 ------ 10 / 11 ...
 ------ 11 / 11 ...
 ------ 1 / 11 ...
 ------ 2 / 11 ...
 ------ 3 / 11 ...
 ------ 4 / 11 ...
 ------ 5 / 11 ...
 ------ 6 / 11 ...
 ------ 7 / 11 ...
 ------ 8 / 11 ...
 ------ 9 / 11 ...
 ------ 10 / 11 ...
 ------ 11 / 11 ...
45905.0
64219.0
18923.0
18807.0
18967.0
19658.0
17284.0
18950.0
18961.0
18350.0
279418.0
78842.0
78094.0
378280.0
79418.0
79532.0
78962.0
78871.0
79654.0
78613.0
78234.0
79430.0
77863.0
77717.0
79547.0
78530.0
79331.0
78189.0
78887.0
79428.0
119657.0
119377.0
119230.0
121222.0
120014.0
119280.0
119483.0
122730.0
119228.0
122035.0
[52004, 257936, 157431, 240451]

Mean FP TimeList
[[95749, 220, 1913], [94582, 2656, 1916], [97398, 2652, 1913], [104846, 3503, 11]]

Mean BP TimeList
[[276441, 2968, 37], [313394, 4932, 1917], [317166, 5168, 1914], [376896, 3418, 1918]]

Mean DPOH TimeList
[52004, 257936, 157431, 240451]

FP TimeList
[[95749, 4569], [94582, 4568], [97398, 5416], [104846, 3418]]

BP TimeList
[[376896, 7086], [317166, 6846], [313394, 4885], [276441, 37]]

Time Chart for FP
[95749]
[95749, 4569]
[95749, 4569, 94582]
[95749, 4569, 94582, 4568]
[95749, 4569, 94582, 4568, 97398]
[95749, 4569, 94582, 4568, 97398, 5416]
[95749, 4569, 94582, 4568, 97398, 5416, 104846]
[95749, 4569, 94582, 4568, 97398, 5416, 104846, 3418]
[95749, 4569, 94582, 4568, 97398, 5416, 104846, 3418]
[95749, 4569, 94582, 4568, 97398, 5416, 104846, 3418]
[95749, 4569, 94582, 4568, 97398, 5416, 104846, 3418]
[95749, 4569, 94582, 4568, 97398, 5416, 104846, 3418]
[95749, 4569, 94582, 4568, 97398, 5416, 104846, 3418]
[95749, 4569, 94582, 4568, 97398, 5416, 104846, 3418]
[95749, 4569, 94582, 4568, 97398, 5416, 104846, 3418]
[95749, 4569, 94582, 4568, 97398, 5416, 104846, 3418]
[94582, 4568, 97398, 5416, 104846, 3418]
[94582, 4568, 97398, 5416, 104846, 3418]
[97398, 5416, 104846, 3418]
[97398, 5416, 104846, 3418]
[104846, 3418]
[104846, 3418]

FP for each step:  [95749, 95749, 95749, 95749, 97398, 97398, 104846, 104846, 104846, 104846, 104846, 104846, 104846, 104846, 104846, 104846, 104846, 104846, 104846, 104846, 104846, 104846]

Time Chart for BP
[3418, 376896]
[376896, 7086]
[376896, 7086, 317166]
[376896, 7086, 317166, 6846]
[376896, 7086, 317166, 6846, 313394]
[376896, 7086, 317166, 6846, 313394, 4885]
[376896, 7086, 317166, 6846, 313394, 4885, 276441]
[376896, 7086, 317166, 6846, 313394, 4885, 276441, 37]
[376896, 7086, 317166, 6846, 313394, 4885, 276441, 37]
[376896, 7086, 317166, 6846, 313394, 4885, 276441, 37]
[376896, 7086, 317166, 6846, 313394, 4885, 276441, 37]
[376896, 7086, 317166, 6846, 313394, 4885, 276441, 37]
[376896, 7086, 317166, 6846, 313394, 4885, 276441, 37]
[376896, 7086, 317166, 6846, 313394, 4885, 276441, 37]
[376896, 7086, 317166, 6846, 313394, 4885, 276441, 37]
[376896, 7086, 317166, 6846, 313394, 4885, 276441, 37]
[317166, 6846, 313394, 4885, 276441, 37]
[317166, 6846, 313394, 4885, 276441, 37]
[313394, 4885, 276441, 37]
[313394, 4885, 276441, 37]
[276441, 37]
[276441, 37]

BP for each step:  [376896, 376896, 376896, 376896, 376896, 376896, 376896, 376896, 376896, 376896, 376896, 376896, 376896, 376896, 376896, 376896, 317166, 317166, 313394, 313394, 276441, 276441]
Time without overhead: 10.099666 s

Total Time: 10.099666 s
