========== Stats ==========
iters 10
batchSize 32
numMicro 16
machine 4
log_dir _timeline/resnet_5gh
file ./_parth/partition_4_resnet_32_16.txt
model resnet
===========================
Number of Stages: 4
(0, 16)

Profiling for Stage (0, 16) with bs(2)
 ------ 1 / 11 ...
 ------ 2 / 11 ...
 ------ 3 / 11 ...
 ------ 4 / 11 ...
 ------ 5 / 11 ...
 ------ 6 / 11 ...
 ------ 7 / 11 ...
 ------ 8 / 11 ...
 ------ 9 / 11 ...
 ------ 10 / 11 ...
 ------ 11 / 11 ...
 ------ 1 / 11 ...
 ------ 2 / 11 ...
 ------ 3 / 11 ...
 ------ 4 / 11 ...
 ------ 5 / 11 ...
 ------ 6 / 11 ...
 ------ 7 / 11 ...
 ------ 8 / 11 ...
 ------ 9 / 11 ...
 ------ 10 / 11 ...
 ------ 11 / 11 ...
(16, 30)

Profiling for Stage (16, 30) with bs(2)
 ------ 1 / 11 ...
 ------ 2 / 11 ...
 ------ 3 / 11 ...
 ------ 4 / 11 ...
 ------ 5 / 11 ...
 ------ 6 / 11 ...
 ------ 7 / 11 ...
 ------ 8 / 11 ...
 ------ 9 / 11 ...
 ------ 10 / 11 ...
 ------ 11 / 11 ...
 ------ 1 / 11 ...
 ------ 2 / 11 ...
 ------ 3 / 11 ...
 ------ 4 / 11 ...
 ------ 5 / 11 ...
 ------ 6 / 11 ...
 ------ 7 / 11 ...
 ------ 8 / 11 ...
 ------ 9 / 11 ...
 ------ 10 / 11 ...
 ------ 11 / 11 ...
(30, 42)

Profiling for Stage (30, 42) with bs(2)
 ------ 1 / 11 ...
 ------ 2 / 11 ...
 ------ 3 / 11 ...
 ------ 4 / 11 ...
 ------ 5 / 11 ...
 ------ 6 / 11 ...
 ------ 7 / 11 ...
 ------ 8 / 11 ...
 ------ 9 / 11 ...
 ------ 10 / 11 ...
 ------ 11 / 11 ...
 ------ 1 / 11 ...
 ------ 2 / 11 ...
 ------ 3 / 11 ...
 ------ 4 / 11 ...
 ------ 5 / 11 ...
 ------ 6 / 11 ...
 ------ 7 / 11 ...
 ------ 8 / 11 ...
 ------ 9 / 11 ...
 ------ 10 / 11 ...
 ------ 11 / 11 ...
(42, 55)

Profiling for Stage (42, 55) with bs(2)
 ------ 1 / 11 ...
 ------ 2 / 11 ...
 ------ 3 / 11 ...
 ------ 4 / 11 ...
 ------ 5 / 11 ...
 ------ 6 / 11 ...
 ------ 7 / 11 ...
 ------ 8 / 11 ...
 ------ 9 / 11 ...
 ------ 10 / 11 ...
 ------ 11 / 11 ...
 ------ 1 / 11 ...
 ------ 2 / 11 ...
 ------ 3 / 11 ...
 ------ 4 / 11 ...
 ------ 5 / 11 ...
 ------ 6 / 11 ...
 ------ 7 / 11 ...
 ------ 8 / 11 ...
 ------ 9 / 11 ...
 ------ 10 / 11 ...
 ------ 11 / 11 ...
111562.0
127188.0
35938.0
37553.0
37424.0
37177.0
36209.0
35413.0
36913.0
36428.0
196731.0
377282.0
85673.0
85830.0
83336.0
83611.0
83954.0
83472.0
83816.0
84955.0
73739.0
73401.0
73985.0
72269.0
72023.0
73509.0
72020.0
73363.0
72190.0
72309.0
102299.0
101475.0
101857.0
101665.0
101467.0
101551.0
101833.0
102825.0
103040.0
101761.0
[106361, 249732, 145761, 203954]

Mean FP TimeList
[[34217, 171, 487], [41879, 2048, 484], [40023, 810, 484], [37401, 1530, 7]]

Mean BP TimeList
[[110704, 925, 15], [138315, 1362, 484], [118125, 1339, 485], [148740, 1841, 484]]

Mean DPOH TimeList
[106361, 249732, 145761, 203954]

FP TimeList
[[34217, 2535], [41879, 1294], [40023, 2014], [37401, 1841]]

BP TimeList
[[148740, 1823], [118125, 1847], [138315, 1409], [110704, 15]]

Time Chart for FP
[34217]
[34217, 2535]
[34217, 2535, 41879]
[34217, 2535, 41879, 1294]
[34217, 2535, 41879, 1294, 40023]
[34217, 2535, 41879, 1294, 40023, 2014]
[34217, 2535, 41879, 1294, 40023, 2014, 37401]
[34217, 2535, 41879, 1294, 40023, 2014, 37401, 1841]
[34217, 2535, 41879, 1294, 40023, 2014, 37401, 1841]
[34217, 2535, 41879, 1294, 40023, 2014, 37401, 1841]
[34217, 2535, 41879, 1294, 40023, 2014, 37401, 1841]
[34217, 2535, 41879, 1294, 40023, 2014, 37401, 1841]
[34217, 2535, 41879, 1294, 40023, 2014, 37401, 1841]
[34217, 2535, 41879, 1294, 40023, 2014, 37401, 1841]
[34217, 2535, 41879, 1294, 40023, 2014, 37401, 1841]
[34217, 2535, 41879, 1294, 40023, 2014, 37401, 1841]
[41879, 1294, 40023, 2014, 37401, 1841]
[41879, 1294, 40023, 2014, 37401, 1841]
[40023, 2014, 37401, 1841]
[40023, 2014, 37401, 1841]
[37401, 1841]
[37401, 1841]

FP for each step:  [34217, 34217, 41879, 41879, 41879, 41879, 41879, 41879, 41879, 41879, 41879, 41879, 41879, 41879, 41879, 41879, 41879, 41879, 40023, 40023, 37401, 37401]

Time Chart for BP
[1841, 148740]
[148740, 1823]
[148740, 1823, 118125]
[148740, 1823, 118125, 1847]
[148740, 1823, 118125, 1847, 138315]
[148740, 1823, 118125, 1847, 138315, 1409]
[148740, 1823, 118125, 1847, 138315, 1409, 110704]
[148740, 1823, 118125, 1847, 138315, 1409, 110704, 15]
[148740, 1823, 118125, 1847, 138315, 1409, 110704, 15]
[148740, 1823, 118125, 1847, 138315, 1409, 110704, 15]
[148740, 1823, 118125, 1847, 138315, 1409, 110704, 15]
[148740, 1823, 118125, 1847, 138315, 1409, 110704, 15]
[148740, 1823, 118125, 1847, 138315, 1409, 110704, 15]
[148740, 1823, 118125, 1847, 138315, 1409, 110704, 15]
[148740, 1823, 118125, 1847, 138315, 1409, 110704, 15]
[148740, 1823, 118125, 1847, 138315, 1409, 110704, 15]
[118125, 1847, 138315, 1409, 110704, 15]
[118125, 1847, 138315, 1409, 110704, 15]
[138315, 1409, 110704, 15]
[138315, 1409, 110704, 15]
[110704, 15]
[110704, 15]

BP for each step:  [148740, 148740, 148740, 148740, 148740, 148740, 148740, 148740, 148740, 148740, 148740, 148740, 148740, 148740, 148740, 148740, 138315, 138315, 138315, 138315, 110704, 110704]
Time without overhead: 4.047854 s

Total Time: 4.047854 s
