========== Stats ==========
iters 10
batchSize 16
numMicro 2
machine 4
log_dir _timeline/resnet_5gh
file ./_parth/partition_8_resnet_16_2.txt
model resnet
===========================
Number of Stages: 8
(0, 7)

Profiling for Stage (0, 7) with bs(8)
 ------ 1 / 11 ...
 ------ 2 / 11 ...
 ------ 3 / 11 ...
 ------ 4 / 11 ...
 ------ 5 / 11 ...
 ------ 6 / 11 ...
 ------ 7 / 11 ...
 ------ 8 / 11 ...
 ------ 9 / 11 ...
 ------ 10 / 11 ...
 ------ 11 / 11 ...
 ------ 1 / 11 ...
 ------ 2 / 11 ...
 ------ 3 / 11 ...
 ------ 4 / 11 ...
 ------ 5 / 11 ...
 ------ 6 / 11 ...
 ------ 7 / 11 ...
 ------ 8 / 11 ...
 ------ 9 / 11 ...
 ------ 10 / 11 ...
 ------ 11 / 11 ...
(7, 13)

Profiling for Stage (7, 13) with bs(8)
 ------ 1 / 11 ...
 ------ 2 / 11 ...
 ------ 3 / 11 ...
 ------ 4 / 11 ...
 ------ 5 / 11 ...
 ------ 6 / 11 ...
 ------ 7 / 11 ...
 ------ 8 / 11 ...
 ------ 9 / 11 ...
 ------ 10 / 11 ...
 ------ 11 / 11 ...
 ------ 1 / 11 ...
 ------ 2 / 11 ...
 ------ 3 / 11 ...
 ------ 4 / 11 ...
 ------ 5 / 11 ...
 ------ 6 / 11 ...
 ------ 7 / 11 ...
 ------ 8 / 11 ...
 ------ 9 / 11 ...
 ------ 10 / 11 ...
 ------ 11 / 11 ...
(13, 20)

Profiling for Stage (13, 20) with bs(8)
 ------ 1 / 11 ...
 ------ 2 / 11 ...
 ------ 3 / 11 ...
 ------ 4 / 11 ...
 ------ 5 / 11 ...
 ------ 6 / 11 ...
 ------ 7 / 11 ...
 ------ 8 / 11 ...
 ------ 9 / 11 ...
 ------ 10 / 11 ...
 ------ 11 / 11 ...
 ------ 1 / 11 ...
 ------ 2 / 11 ...
 ------ 3 / 11 ...
 ------ 4 / 11 ...
 ------ 5 / 11 ...
 ------ 6 / 11 ...
 ------ 7 / 11 ...
 ------ 8 / 11 ...
 ------ 9 / 11 ...
 ------ 10 / 11 ...
 ------ 11 / 11 ...
(20, 26)

Profiling for Stage (20, 26) with bs(8)
 ------ 1 / 11 ...
 ------ 2 / 11 ...
 ------ 3 / 11 ...
 ------ 4 / 11 ...
 ------ 5 / 11 ...
 ------ 6 / 11 ...
 ------ 7 / 11 ...
 ------ 8 / 11 ...
 ------ 9 / 11 ...
 ------ 10 / 11 ...
 ------ 11 / 11 ...
 ------ 1 / 11 ...
 ------ 2 / 11 ...
 ------ 3 / 11 ...
 ------ 4 / 11 ...
 ------ 5 / 11 ...
 ------ 6 / 11 ...
 ------ 7 / 11 ...
 ------ 8 / 11 ...
 ------ 9 / 11 ...
 ------ 10 / 11 ...
 ------ 11 / 11 ...
(26, 33)

Profiling for Stage (26, 33) with bs(8)
 ------ 1 / 11 ...
 ------ 2 / 11 ...
 ------ 3 / 11 ...
 ------ 4 / 11 ...
 ------ 5 / 11 ...
 ------ 6 / 11 ...
 ------ 7 / 11 ...
 ------ 8 / 11 ...
 ------ 9 / 11 ...
 ------ 10 / 11 ...
 ------ 11 / 11 ...
 ------ 1 / 11 ...
 ------ 2 / 11 ...
 ------ 3 / 11 ...
 ------ 4 / 11 ...
 ------ 5 / 11 ...
 ------ 6 / 11 ...
 ------ 7 / 11 ...
 ------ 8 / 11 ...
 ------ 9 / 11 ...
 ------ 10 / 11 ...
 ------ 11 / 11 ...
(33, 39)

Profiling for Stage (33, 39) with bs(8)
 ------ 1 / 11 ...
 ------ 2 / 11 ...
 ------ 3 / 11 ...
 ------ 4 / 11 ...
 ------ 5 / 11 ...
 ------ 6 / 11 ...
 ------ 7 / 11 ...
 ------ 8 / 11 ...
 ------ 9 / 11 ...
 ------ 10 / 11 ...
 ------ 11 / 11 ...
 ------ 1 / 11 ...
 ------ 2 / 11 ...
 ------ 3 / 11 ...
 ------ 4 / 11 ...
 ------ 5 / 11 ...
 ------ 6 / 11 ...
 ------ 7 / 11 ...
 ------ 8 / 11 ...
 ------ 9 / 11 ...
 ------ 10 / 11 ...
 ------ 11 / 11 ...
(39, 45)

Profiling for Stage (39, 45) with bs(8)
 ------ 1 / 11 ...
 ------ 2 / 11 ...
 ------ 3 / 11 ...
 ------ 4 / 11 ...
 ------ 5 / 11 ...
 ------ 6 / 11 ...
 ------ 7 / 11 ...
 ------ 8 / 11 ...
 ------ 9 / 11 ...
 ------ 10 / 11 ...
 ------ 11 / 11 ...
 ------ 1 / 11 ...
 ------ 2 / 11 ...
 ------ 3 / 11 ...
 ------ 4 / 11 ...
 ------ 5 / 11 ...
 ------ 6 / 11 ...
 ------ 7 / 11 ...
 ------ 8 / 11 ...
 ------ 9 / 11 ...
 ------ 10 / 11 ...
 ------ 11 / 11 ...
(45, 55)

Profiling for Stage (45, 55) with bs(8)
 ------ 1 / 11 ...
 ------ 2 / 11 ...
 ------ 3 / 11 ...
 ------ 4 / 11 ...
 ------ 5 / 11 ...
 ------ 6 / 11 ...
 ------ 7 / 11 ...
 ------ 8 / 11 ...
 ------ 9 / 11 ...
 ------ 10 / 11 ...
 ------ 11 / 11 ...
 ------ 1 / 11 ...
 ------ 2 / 11 ...
 ------ 3 / 11 ...
 ------ 4 / 11 ...
 ------ 5 / 11 ...
 ------ 6 / 11 ...
 ------ 7 / 11 ...
 ------ 8 / 11 ...
 ------ 9 / 11 ...
 ------ 10 / 11 ...
 ------ 11 / 11 ...
6107.0
25971.0
5635.0
5936.0
6247.0
6006.0
5919.0
6006.0
6085.0
5787.0
12833.0
12324.0
12353.0
12938.0
11832.0
11838.0
12447.0
12507.0
12523.0
12048.0
105702.0
197924.0
41688.0
43481.0
41689.0
42507.0
42775.0
42044.0
42949.0
42011.0
36005.0
37247.0
36212.0
36620.0
35980.0
35748.0
36390.0
36031.0
36898.0
35988.0
42007.0
42957.0
43062.0
42969.0
42959.0
42179.0
42937.0
41747.0
41929.0
43088.0
36754.0
36923.0
35905.0
36905.0
36014.0
36244.0
36642.0
36828.0
35841.0
36840.0
36462.0
36243.0
36562.0
36468.0
36065.0
36354.0
36422.0
36784.0
36532.0
36109.0
84841.0
381516.0
83655.0
84564.0
83638.0
84093.0
84600.0
84959.0
84832.0
84564.0
[15939, 24728, 128554, 72623, 85166, 72979, 72800, 228252]

Mean FP TimeList
[[47320, 700, 3822], [51190, 5036, 1919], [52266, 2738, 1917], [56157, 2840, 1918], [61333, 3362, 1916], [52501, 3183, 1913], [52585, 3292, 1919], [55681, 3245, 10]]

Mean BP TimeList
[[138328, 5674, 37], [141710, 8002, 3820], [168717, 4970, 1922], [150524, 2730, 1919], [167037, 5110, 1915], [142821, 5509, 1912], [143468, 4878, 1915], [215954, 3375, 1913]]

Mean DPOH TimeList
[15939, 24728, 128554, 72623, 85166, 72979, 72800, 228252]

FP TimeList
[[47320, 8858], [51190, 4657], [52266, 4757], [56157, 5280], [61333, 5099], [52501, 5205], [52585, 5164], [55681, 3375]]

BP TimeList
[[215954, 6791], [143468, 7424], [142821, 7022], [167037, 4645], [150524, 6889], [168717, 9924], [141710, 9494], [138328, 37]]

Time Chart for FP
[47320]
[47320, 8858]
[51190]
[51190, 4657]
[52266]
[52266, 4757]
[56157]
[56157, 5280]
[61333]
[61333, 5099]
[52501]
[52501, 5205]
[52585]
[52585, 5164]
[55681]
[55681, 3375]

FP for each step:  [47320, 47320, 51190, 51190, 52266, 52266, 56157, 56157, 61333, 61333, 52501, 52501, 52585, 52585, 55681, 55681]

Time Chart for BP
[3375, 215954]
[215954, 6791]
[143468]
[143468, 7424]
[142821]
[142821, 7022]
[167037]
[167037, 4645]
[150524]
[150524, 6889]
[168717]
[168717, 9924]
[141710]
[141710, 9494]
[138328]
[138328, 37]

BP for each step:  [215954, 215954, 143468, 143468, 142821, 142821, 167037, 167037, 150524, 150524, 168717, 168717, 141710, 141710, 138328, 138328]
Time without overhead: 3.395184 s

Total Time: 3.395184 s
