========== Stats ==========
iters 10
batchSize 64
numMicro 8
machine 4
log_dir _timeline/resnet_5gh
file ./_parth/partition_8_resnet_64_8.txt
model resnet
===========================
Number of Stages: 8
(0, 7)

Profiling for Stage (0, 7) with bs(8)
 ------ 1 / 11 ...
 ------ 2 / 11 ...
 ------ 3 / 11 ...
 ------ 4 / 11 ...
 ------ 5 / 11 ...
 ------ 6 / 11 ...
 ------ 7 / 11 ...
 ------ 8 / 11 ...
 ------ 9 / 11 ...
 ------ 10 / 11 ...
 ------ 11 / 11 ...
 ------ 1 / 11 ...
 ------ 2 / 11 ...
 ------ 3 / 11 ...
 ------ 4 / 11 ...
 ------ 5 / 11 ...
 ------ 6 / 11 ...
 ------ 7 / 11 ...
 ------ 8 / 11 ...
 ------ 9 / 11 ...
 ------ 10 / 11 ...
 ------ 11 / 11 ...
(7, 13)

Profiling for Stage (7, 13) with bs(8)
 ------ 1 / 11 ...
 ------ 2 / 11 ...
 ------ 3 / 11 ...
 ------ 4 / 11 ...
 ------ 5 / 11 ...
 ------ 6 / 11 ...
 ------ 7 / 11 ...
 ------ 8 / 11 ...
 ------ 9 / 11 ...
 ------ 10 / 11 ...
 ------ 11 / 11 ...
 ------ 1 / 11 ...
 ------ 2 / 11 ...
 ------ 3 / 11 ...
 ------ 4 / 11 ...
 ------ 5 / 11 ...
 ------ 6 / 11 ...
 ------ 7 / 11 ...
 ------ 8 / 11 ...
 ------ 9 / 11 ...
 ------ 10 / 11 ...
 ------ 11 / 11 ...
(13, 20)

Profiling for Stage (13, 20) with bs(8)
 ------ 1 / 11 ...
 ------ 2 / 11 ...
 ------ 3 / 11 ...
 ------ 4 / 11 ...
 ------ 5 / 11 ...
 ------ 6 / 11 ...
 ------ 7 / 11 ...
 ------ 8 / 11 ...
 ------ 9 / 11 ...
 ------ 10 / 11 ...
 ------ 11 / 11 ...
 ------ 1 / 11 ...
 ------ 2 / 11 ...
 ------ 3 / 11 ...
 ------ 4 / 11 ...
 ------ 5 / 11 ...
 ------ 6 / 11 ...
 ------ 7 / 11 ...
 ------ 8 / 11 ...
 ------ 9 / 11 ...
 ------ 10 / 11 ...
 ------ 11 / 11 ...
(20, 26)

Profiling for Stage (20, 26) with bs(8)
 ------ 1 / 11 ...
 ------ 2 / 11 ...
 ------ 3 / 11 ...
 ------ 4 / 11 ...
 ------ 5 / 11 ...
 ------ 6 / 11 ...
 ------ 7 / 11 ...
 ------ 8 / 11 ...
 ------ 9 / 11 ...
 ------ 10 / 11 ...
 ------ 11 / 11 ...
 ------ 1 / 11 ...
 ------ 2 / 11 ...
 ------ 3 / 11 ...
 ------ 4 / 11 ...
 ------ 5 / 11 ...
 ------ 6 / 11 ...
 ------ 7 / 11 ...
 ------ 8 / 11 ...
 ------ 9 / 11 ...
 ------ 10 / 11 ...
 ------ 11 / 11 ...
(26, 33)

Profiling for Stage (26, 33) with bs(8)
 ------ 1 / 11 ...
 ------ 2 / 11 ...
 ------ 3 / 11 ...
 ------ 4 / 11 ...
 ------ 5 / 11 ...
 ------ 6 / 11 ...
 ------ 7 / 11 ...
 ------ 8 / 11 ...
 ------ 9 / 11 ...
 ------ 10 / 11 ...
 ------ 11 / 11 ...
 ------ 1 / 11 ...
 ------ 2 / 11 ...
 ------ 3 / 11 ...
 ------ 4 / 11 ...
 ------ 5 / 11 ...
 ------ 6 / 11 ...
 ------ 7 / 11 ...
 ------ 8 / 11 ...
 ------ 9 / 11 ...
 ------ 10 / 11 ...
 ------ 11 / 11 ...
(33, 39)

Profiling for Stage (33, 39) with bs(8)
 ------ 1 / 11 ...
 ------ 2 / 11 ...
 ------ 3 / 11 ...
 ------ 4 / 11 ...
 ------ 5 / 11 ...
 ------ 6 / 11 ...
 ------ 7 / 11 ...
 ------ 8 / 11 ...
 ------ 9 / 11 ...
 ------ 10 / 11 ...
 ------ 11 / 11 ...
 ------ 1 / 11 ...
 ------ 2 / 11 ...
 ------ 3 / 11 ...
 ------ 4 / 11 ...
 ------ 5 / 11 ...
 ------ 6 / 11 ...
 ------ 7 / 11 ...
 ------ 8 / 11 ...
 ------ 9 / 11 ...
 ------ 10 / 11 ...
 ------ 11 / 11 ...
(39, 45)

Profiling for Stage (39, 45) with bs(8)
 ------ 1 / 11 ...
 ------ 2 / 11 ...
 ------ 3 / 11 ...
 ------ 4 / 11 ...
 ------ 5 / 11 ...
 ------ 6 / 11 ...
 ------ 7 / 11 ...
 ------ 8 / 11 ...
 ------ 9 / 11 ...
 ------ 10 / 11 ...
 ------ 11 / 11 ...
 ------ 1 / 11 ...
 ------ 2 / 11 ...
 ------ 3 / 11 ...
 ------ 4 / 11 ...
 ------ 5 / 11 ...
 ------ 6 / 11 ...
 ------ 7 / 11 ...
 ------ 8 / 11 ...
 ------ 9 / 11 ...
 ------ 10 / 11 ...
 ------ 11 / 11 ...
(45, 55)

Profiling for Stage (45, 55) with bs(8)
 ------ 1 / 11 ...
 ------ 2 / 11 ...
 ------ 3 / 11 ...
 ------ 4 / 11 ...
 ------ 5 / 11 ...
 ------ 6 / 11 ...
 ------ 7 / 11 ...
 ------ 8 / 11 ...
 ------ 9 / 11 ...
 ------ 10 / 11 ...
 ------ 11 / 11 ...
 ------ 1 / 11 ...
 ------ 2 / 11 ...
 ------ 3 / 11 ...
 ------ 4 / 11 ...
 ------ 5 / 11 ...
 ------ 6 / 11 ...
 ------ 7 / 11 ...
 ------ 8 / 11 ...
 ------ 9 / 11 ...
 ------ 10 / 11 ...
 ------ 11 / 11 ...
6006.0
6162.0
5761.0
6286.0
26297.0
5959.0
6109.0
6162.0
5592.0
6110.0
12187.0
12626.0
12281.0
12625.0
12919.0
12628.0
12782.0
12231.0
12723.0
12984.0
102518.0
192189.0
42637.0
42611.0
41815.0
42939.0
42801.0
41781.0
42068.0
42876.0
36770.0
36535.0
36212.0
36557.0
36001.0
35960.0
36791.0
36485.0
36700.0
37164.0
43093.0
43302.0
42860.0
42008.0
42252.0
41818.0
42310.0
43203.0
43376.0
43197.0
35910.0
36678.0
36360.0
36354.0
36676.0
36604.0
36089.0
36740.0
36943.0
36477.0
35853.0
36702.0
36858.0
35878.0
36596.0
35792.0
36869.0
36052.0
35834.0
36655.0
84044.0
392329.0
83559.0
83741.0
83759.0
84072.0
84789.0
84063.0
83991.0
84023.0
[16088, 25197, 126847, 73035, 85483, 72966, 72617, 229674]

Mean FP TimeList
[[47112, 802, 3821], [49097, 4990, 1914], [51029, 2623, 1918], [52108, 2652, 1914], [57833, 2640, 1919], [46013, 2636, 1915], [52748, 2631, 1920], [55464, 2641, 8]]

Mean BP TimeList
[[138343, 5091, 36], [138645, 7486, 3821], [167235, 5309, 1914], [142613, 5586, 1914], [166914, 4941, 1918], [142768, 5117, 1915], [142797, 4888, 1916], [223650, 3354, 1934]]

Mean DPOH TimeList
[16088, 25197, 126847, 73035, 85483, 72966, 72617, 229674]

FP TimeList
[[47112, 8811], [49097, 4537], [51029, 4570], [52108, 4554], [57833, 4555], [46013, 4546], [52748, 4561], [55464, 3354]]

BP TimeList
[[223650, 6822], [142797, 7033], [142768, 6856], [166914, 7504], [142613, 7223], [167235, 9400], [138645, 8912], [138343, 36]]

Time Chart for FP
[47112]
[47112, 8811]
[47112, 8811, 49097]
[47112, 8811, 49097, 4537]
[47112, 8811, 49097, 4537, 51029]
[47112, 8811, 49097, 4537, 51029, 4570]
[47112, 8811, 49097, 4537, 51029, 4570, 52108]
[47112, 8811, 49097, 4537, 51029, 4570, 52108, 4554]
[49097, 4537, 51029, 4570, 52108, 4554, 57833]
[49097, 4537, 51029, 4570, 52108, 4554, 57833, 4555]
[51029, 4570, 52108, 4554, 57833, 4555, 46013]
[51029, 4570, 52108, 4554, 57833, 4555, 46013, 4546]
[52108, 4554, 57833, 4555, 46013, 4546, 52748]
[52108, 4554, 57833, 4555, 46013, 4546, 52748, 4561]
[57833, 4555, 46013, 4546, 52748, 4561, 55464]
[57833, 4555, 46013, 4546, 52748, 4561, 55464, 3354]
[46013, 4546, 52748, 4561, 55464, 3354]
[46013, 4546, 52748, 4561, 55464, 3354]
[52748, 4561, 55464, 3354]
[52748, 4561, 55464, 3354]
[55464, 3354]
[55464, 3354]

FP for each step:  [47112, 47112, 49097, 49097, 51029, 51029, 52108, 52108, 57833, 57833, 57833, 57833, 57833, 57833, 57833, 57833, 55464, 55464, 55464, 55464, 55464, 55464]

Time Chart for BP
[3354, 223650]
[223650, 6822]
[223650, 6822, 142797]
[223650, 6822, 142797, 7033]
[223650, 6822, 142797, 7033, 142768]
[223650, 6822, 142797, 7033, 142768, 6856]
[223650, 6822, 142797, 7033, 142768, 6856, 166914]
[223650, 6822, 142797, 7033, 142768, 6856, 166914, 7504]
[142797, 7033, 142768, 6856, 166914, 7504, 142613]
[142797, 7033, 142768, 6856, 166914, 7504, 142613, 7223]
[142768, 6856, 166914, 7504, 142613, 7223, 167235]
[142768, 6856, 166914, 7504, 142613, 7223, 167235, 9400]
[166914, 7504, 142613, 7223, 167235, 9400, 138645]
[166914, 7504, 142613, 7223, 167235, 9400, 138645, 8912]
[142613, 7223, 167235, 9400, 138645, 8912, 138343]
[142613, 7223, 167235, 9400, 138645, 8912, 138343, 36]
[167235, 9400, 138645, 8912, 138343, 36]
[167235, 9400, 138645, 8912, 138343, 36]
[138645, 8912, 138343, 36]
[138645, 8912, 138343, 36]
[138343, 36]
[138343, 36]

BP for each step:  [223650, 223650, 223650, 223650, 223650, 223650, 223650, 223650, 166914, 166914, 167235, 167235, 167235, 167235, 167235, 167235, 167235, 167235, 138645, 138645, 138343, 138343]
Time without overhead: 5.209024 s

Total Time: 5.209024 s
