========== Stats ==========
iters 10
batchSize 16
numMicro 16
machine 4
log_dir _timeline/resnet_5gh
file ./_parth/partition_2_resnet_16_16.txt
model resnet
===========================
Number of Stages: 2
(0, 31)

Profiling for Stage (0, 31) with bs(1)
 ------ 1 / 11 ...
 ------ 2 / 11 ...
 ------ 3 / 11 ...
 ------ 4 / 11 ...
 ------ 5 / 11 ...
 ------ 6 / 11 ...
 ------ 7 / 11 ...
 ------ 8 / 11 ...
 ------ 9 / 11 ...
 ------ 10 / 11 ...
 ------ 11 / 11 ...
 ------ 1 / 11 ...
 ------ 2 / 11 ...
 ------ 3 / 11 ...
 ------ 4 / 11 ...
 ------ 5 / 11 ...
 ------ 6 / 11 ...
 ------ 7 / 11 ...
 ------ 8 / 11 ...
 ------ 9 / 11 ...
 ------ 10 / 11 ...
 ------ 11 / 11 ...
(31, 55)

Profiling for Stage (31, 55) with bs(1)
 ------ 1 / 11 ...
 ------ 2 / 11 ...
 ------ 3 / 11 ...
 ------ 4 / 11 ...
 ------ 5 / 11 ...
 ------ 6 / 11 ...
 ------ 7 / 11 ...
 ------ 8 / 11 ...
 ------ 9 / 11 ...
 ------ 10 / 11 ...
 ------ 11 / 11 ...
 ------ 1 / 11 ...
 ------ 2 / 11 ...
 ------ 3 / 11 ...
 ------ 4 / 11 ...
 ------ 5 / 11 ...
 ------ 6 / 11 ...
 ------ 7 / 11 ...
 ------ 8 / 11 ...
 ------ 9 / 11 ...
 ------ 10 / 11 ...
 ------ 11 / 11 ...
422914.0
463643.0
124873.0
126168.0
127369.0
127935.0
126403.0
125568.0
124693.0
128270.0
169025.0
750867.0
168159.0
168178.0
169082.0
168675.0
168912.0
168514.0
167196.0
167138.0
[379567, 453149]

Mean FP TimeList
[[59298, 127, 246], [63803, 2323, 7]]

Mean BP TimeList
[[191417, 543, 11], [212375, 484, 245]]

Mean DPOH TimeList
[379567, 453149]

FP TimeList
[[59298, 2569], [63803, 484]]

BP TimeList
[[212375, 788], [191417, 11]]

Time Chart for FP
[59298]
[59298, 2569]
[59298, 2569, 63803]
[59298, 2569, 63803, 484]
[59298, 2569, 63803, 484]
[59298, 2569, 63803, 484]
[59298, 2569, 63803, 484]
[59298, 2569, 63803, 484]
[59298, 2569, 63803, 484]
[59298, 2569, 63803, 484]
[59298, 2569, 63803, 484]
[59298, 2569, 63803, 484]
[59298, 2569, 63803, 484]
[59298, 2569, 63803, 484]
[59298, 2569, 63803, 484]
[59298, 2569, 63803, 484]
[63803, 484]
[63803, 484]

FP for each step:  [59298, 59298, 63803, 63803, 63803, 63803, 63803, 63803, 63803, 63803, 63803, 63803, 63803, 63803, 63803, 63803, 63803, 63803]

Time Chart for BP
[484, 212375]
[212375, 788]
[212375, 788, 191417]
[212375, 788, 191417, 11]
[212375, 788, 191417, 11]
[212375, 788, 191417, 11]
[212375, 788, 191417, 11]
[212375, 788, 191417, 11]
[212375, 788, 191417, 11]
[212375, 788, 191417, 11]
[212375, 788, 191417, 11]
[212375, 788, 191417, 11]
[212375, 788, 191417, 11]
[212375, 788, 191417, 11]
[212375, 788, 191417, 11]
[212375, 788, 191417, 11]
[191417, 11]
[191417, 11]

BP for each step:  [212375, 212375, 212375, 212375, 212375, 212375, 212375, 212375, 212375, 212375, 212375, 212375, 212375, 212375, 212375, 212375, 191417, 191417]
Time without overhead: 4.920278 s

Total Time: 4.920278 s
