========== Stats ==========
iters 10
batchSize 128
numMicro 16
machine 4
log_dir _timeline/resnet_5gh
file ./_parth/partition_2_resnet_128_16.txt
model resnet
===========================
Number of Stages: 2
(0, 26)

Profiling for Stage (0, 26) with bs(8)
 ------ 1 / 11 ...
 ------ 2 / 11 ...
 ------ 3 / 11 ...
 ------ 4 / 11 ...
 ------ 5 / 11 ...
 ------ 6 / 11 ...
 ------ 7 / 11 ...
 ------ 8 / 11 ...
 ------ 9 / 11 ...
 ------ 10 / 11 ...
 ------ 11 / 11 ...
 ------ 1 / 11 ...
 ------ 2 / 11 ...
 ------ 3 / 11 ...
 ------ 4 / 11 ...
 ------ 5 / 11 ...
 ------ 6 / 11 ...
 ------ 7 / 11 ...
 ------ 8 / 11 ...
 ------ 9 / 11 ...
 ------ 10 / 11 ...
 ------ 11 / 11 ...
(26, 55)

Profiling for Stage (26, 55) with bs(8)
 ------ 1 / 11 ...
 ------ 2 / 11 ...
 ------ 3 / 11 ...
 ------ 4 / 11 ...
 ------ 5 / 11 ...
 ------ 6 / 11 ...
 ------ 7 / 11 ...
 ------ 8 / 11 ...
 ------ 9 / 11 ...
 ------ 10 / 11 ...
 ------ 11 / 11 ...
 ------ 1 / 11 ...
 ------ 2 / 11 ...
 ------ 3 / 11 ...
 ------ 4 / 11 ...
 ------ 5 / 11 ...
 ------ 6 / 11 ...
 ------ 7 / 11 ...
 ------ 8 / 11 ...
 ------ 9 / 11 ...
 ------ 10 / 11 ...
 ------ 11 / 11 ...
383507.0
403853.0
95373.0
95706.0
98063.0
96560.0
96666.0
96266.0
98284.0
95812.0
197897.0
824614.0
198598.0
198250.0
200017.0
199361.0
199427.0
198731.0
199437.0
198002.0
[312018, 522866]

Mean FP TimeList
[[191746, 3412, 1914], [196896, 4705, 8]]

Mean BP TimeList
[[589726, 2773, 38], [689424, 6119, 1915]]

Mean DPOH TimeList
[312018, 522866]

FP TimeList
[[191746, 6619], [196896, 6119]]

BP TimeList
[[689424, 4688], [589726, 38]]

Time Chart for FP
[191746]
[191746, 6619]
[191746, 6619, 196896]
[191746, 6619, 196896, 6119]
[191746, 6619, 196896, 6119]
[191746, 6619, 196896, 6119]
[191746, 6619, 196896, 6119]
[191746, 6619, 196896, 6119]
[191746, 6619, 196896, 6119]
[191746, 6619, 196896, 6119]
[191746, 6619, 196896, 6119]
[191746, 6619, 196896, 6119]
[191746, 6619, 196896, 6119]
[191746, 6619, 196896, 6119]
[191746, 6619, 196896, 6119]
[191746, 6619, 196896, 6119]
[196896, 6119]
[196896, 6119]

FP for each step:  [191746, 191746, 196896, 196896, 196896, 196896, 196896, 196896, 196896, 196896, 196896, 196896, 196896, 196896, 196896, 196896, 196896, 196896]

Time Chart for BP
[6119, 689424]
[689424, 4688]
[689424, 4688, 589726]
[689424, 4688, 589726, 38]
[689424, 4688, 589726, 38]
[689424, 4688, 589726, 38]
[689424, 4688, 589726, 38]
[689424, 4688, 589726, 38]
[689424, 4688, 589726, 38]
[689424, 4688, 589726, 38]
[689424, 4688, 589726, 38]
[689424, 4688, 589726, 38]
[689424, 4688, 589726, 38]
[689424, 4688, 589726, 38]
[689424, 4688, 589726, 38]
[689424, 4688, 589726, 38]
[589726, 38]
[589726, 38]

BP for each step:  [689424, 689424, 689424, 689424, 689424, 689424, 689424, 689424, 689424, 689424, 689424, 689424, 689424, 689424, 689424, 689424, 589726, 589726]
Time without overhead: 15.744064 s

Total Time: 15.744064 s
