========== Stats ==========
iters 10
batchSize 128
numMicro 4
machine 4
log_dir _timeline/resnet_5gh
file ./_parth/partition_4_resnet_128_4.txt
model resnet
===========================
Number of Stages: 4
(0, 12)

Profiling for Stage (0, 12) with bs(32)
 ------ 1 / 11 ...
 ------ 2 / 11 ...
 ------ 3 / 11 ...
 ------ 4 / 11 ...
 ------ 5 / 11 ...
 ------ 6 / 11 ...
 ------ 7 / 11 ...
 ------ 8 / 11 ...
 ------ 9 / 11 ...
 ------ 10 / 11 ...
 ------ 11 / 11 ...
 ------ 1 / 11 ...
 ------ 2 / 11 ...
 ------ 3 / 11 ...
 ------ 4 / 11 ...
 ------ 5 / 11 ...
 ------ 6 / 11 ...
 ------ 7 / 11 ...
 ------ 8 / 11 ...
 ------ 9 / 11 ...
 ------ 10 / 11 ...
 ------ 11 / 11 ...
(12, 25)

Profiling for Stage (12, 25) with bs(32)
 ------ 1 / 11 ...
 ------ 2 / 11 ...
 ------ 3 / 11 ...
 ------ 4 / 11 ...
 ------ 5 / 11 ...
 ------ 6 / 11 ...
 ------ 7 / 11 ...
 ------ 8 / 11 ...
 ------ 9 / 11 ...
 ------ 10 / 11 ...
 ------ 11 / 11 ...
 ------ 1 / 11 ...
 ------ 2 / 11 ...
 ------ 3 / 11 ...
 ------ 4 / 11 ...
 ------ 5 / 11 ...
 ------ 6 / 11 ...
 ------ 7 / 11 ...
 ------ 8 / 11 ...
 ------ 9 / 11 ...
 ------ 10 / 11 ...
 ------ 11 / 11 ...
(25, 38)

Profiling for Stage (25, 38) with bs(32)
 ------ 1 / 11 ...
 ------ 2 / 11 ...
 ------ 3 / 11 ...
 ------ 4 / 11 ...
 ------ 5 / 11 ...
 ------ 6 / 11 ...
 ------ 7 / 11 ...
 ------ 8 / 11 ...
 ------ 9 / 11 ...
 ------ 10 / 11 ...
 ------ 11 / 11 ...
 ------ 1 / 11 ...
 ------ 2 / 11 ...
 ------ 3 / 11 ...
 ------ 4 / 11 ...
 ------ 5 / 11 ...
 ------ 6 / 11 ...
 ------ 7 / 11 ...
 ------ 8 / 11 ...
 ------ 9 / 11 ...
 ------ 10 / 11 ...
 ------ 11 / 11 ...
(38, 55)

Profiling for Stage (38, 55) with bs(32)
 ------ 1 / 11 ...
 ------ 2 / 11 ...
 ------ 3 / 11 ...
 ------ 4 / 11 ...
 ------ 5 / 11 ...
 ------ 6 / 11 ...
 ------ 7 / 11 ...
 ------ 8 / 11 ...
 ------ 9 / 11 ...
 ------ 10 / 11 ...
 ------ 11 / 11 ...
 ------ 1 / 11 ...
 ------ 2 / 11 ...
 ------ 3 / 11 ...
 ------ 4 / 11 ...
 ------ 5 / 11 ...
 ------ 6 / 11 ...
 ------ 7 / 11 ...
 ------ 8 / 11 ...
 ------ 9 / 11 ...
 ------ 10 / 11 ...
 ------ 11 / 11 ...
14502.0
12993.0
13836.0
14287.0
13660.0
14188.0
14402.0
13234.0
14378.0
14182.0
295529.0
382400.0
77977.0
76958.0
75796.0
76622.0
77901.0
77409.0
77204.0
77666.0
78899.0
77653.0
79022.0
77655.0
77604.0
77501.0
77565.0
77668.0
77613.0
78935.0
125490.0
126790.0
126992.0
126713.0
126753.0
126910.0
126786.0
126642.0
127270.0
127229.0
[27932, 259092, 156023, 253515]

Mean FP TimeList
[[308753, 326, 15267], [318594, 20642, 7645], [315609, 9782, 7644], [328076, 10962, 17]]

Mean BP TimeList
[[908061, 19402, 125], [1011992, 29486, 15295], [995467, 19391, 7648], [1131809, 11255, 7645]]

Mean DPOH TimeList
[27932, 259092, 156023, 253515]

FP TimeList
[[308753, 35909], [318594, 17427], [315609, 18606], [328076, 11255]]

BP TimeList
[[1131809, 27036], [995467, 37134], [1011992, 34697], [908061, 125]]

Time Chart for FP
[308753]
[308753, 35909]
[308753, 35909, 318594]
[308753, 35909, 318594, 17427]
[318594, 17427, 315609]
[318594, 17427, 315609, 18606]
[315609, 18606, 328076]
[315609, 18606, 328076, 11255]
[328076, 11255]
[328076, 11255]

FP for each step:  [308753, 308753, 318594, 318594, 318594, 318594, 328076, 328076, 328076, 328076]

Time Chart for BP
[11255, 1131809]
[1131809, 27036]
[1131809, 27036, 995467]
[1131809, 27036, 995467, 37134]
[995467, 37134, 1011992]
[995467, 37134, 1011992, 34697]
[1011992, 34697, 908061]
[1011992, 34697, 908061, 125]
[908061, 125]
[908061, 125]

BP for each step:  [1131809, 1131809, 1131809, 1131809, 1011992, 1011992, 1011992, 1011992, 908061, 908061]
Time without overhead: 13.595512 s

Total Time: 13.595512 s
