========== Stats ==========
iters 10
batchSize 64
numMicro 4
machine 4
log_dir _timeline/resnet_5gh
file ./_parth/partition_4_resnet_64_4.txt
model resnet
===========================
Number of Stages: 4
(0, 12)

Profiling for Stage (0, 12) with bs(16)
 ------ 1 / 11 ...
 ------ 2 / 11 ...
 ------ 3 / 11 ...
 ------ 4 / 11 ...
 ------ 5 / 11 ...
 ------ 6 / 11 ...
 ------ 7 / 11 ...
 ------ 8 / 11 ...
 ------ 9 / 11 ...
 ------ 10 / 11 ...
 ------ 11 / 11 ...
 ------ 1 / 11 ...
 ------ 2 / 11 ...
 ------ 3 / 11 ...
 ------ 4 / 11 ...
 ------ 5 / 11 ...
 ------ 6 / 11 ...
 ------ 7 / 11 ...
 ------ 8 / 11 ...
 ------ 9 / 11 ...
 ------ 10 / 11 ...
 ------ 11 / 11 ...
(12, 26)

Profiling for Stage (12, 26) with bs(16)
 ------ 1 / 11 ...
 ------ 2 / 11 ...
 ------ 3 / 11 ...
 ------ 4 / 11 ...
 ------ 5 / 11 ...
 ------ 6 / 11 ...
 ------ 7 / 11 ...
 ------ 8 / 11 ...
 ------ 9 / 11 ...
 ------ 10 / 11 ...
 ------ 11 / 11 ...
 ------ 1 / 11 ...
 ------ 2 / 11 ...
 ------ 3 / 11 ...
 ------ 4 / 11 ...
 ------ 5 / 11 ...
 ------ 6 / 11 ...
 ------ 7 / 11 ...
 ------ 8 / 11 ...
 ------ 9 / 11 ...
 ------ 10 / 11 ...
 ------ 11 / 11 ...
(26, 39)

Profiling for Stage (26, 39) with bs(16)
 ------ 1 / 11 ...
 ------ 2 / 11 ...
 ------ 3 / 11 ...
 ------ 4 / 11 ...
 ------ 5 / 11 ...
 ------ 6 / 11 ...
 ------ 7 / 11 ...
 ------ 8 / 11 ...
 ------ 9 / 11 ...
 ------ 10 / 11 ...
 ------ 11 / 11 ...
 ------ 1 / 11 ...
 ------ 2 / 11 ...
 ------ 3 / 11 ...
 ------ 4 / 11 ...
 ------ 5 / 11 ...
 ------ 6 / 11 ...
 ------ 7 / 11 ...
 ------ 8 / 11 ...
 ------ 9 / 11 ...
 ------ 10 / 11 ...
 ------ 11 / 11 ...
(39, 55)

Profiling for Stage (39, 55) with bs(16)
 ------ 1 / 11 ...
 ------ 2 / 11 ...
 ------ 3 / 11 ...
 ------ 4 / 11 ...
 ------ 5 / 11 ...
 ------ 6 / 11 ...
 ------ 7 / 11 ...
 ------ 8 / 11 ...
 ------ 9 / 11 ...
 ------ 10 / 11 ...
 ------ 11 / 11 ...
 ------ 1 / 11 ...
 ------ 2 / 11 ...
 ------ 3 / 11 ...
 ------ 4 / 11 ...
 ------ 5 / 11 ...
 ------ 6 / 11 ...
 ------ 7 / 11 ...
 ------ 8 / 11 ...
 ------ 9 / 11 ...
 ------ 10 / 11 ...
 ------ 11 / 11 ...
14174.0
54732.0
13520.0
14323.0
13851.0
13589.0
14359.0
14424.0
13369.0
13809.0
295356.0
381645.0
83990.0
83273.0
82786.0
82761.0
83061.0
81549.0
82265.0
83801.0
78977.0
77561.0
79460.0
78644.0
79343.0
77348.0
79130.0
77815.0
78566.0
78702.0
119695.0
120518.0
119559.0
120967.0
121158.0
119564.0
120830.0
120696.0
120476.0
121116.0
[36030, 268097, 157109, 240915]

Mean FP TimeList
[[154564, 252, 7643], [178595, 9692, 3824], [163785, 5001, 3818], [168407, 6390, 13]]

Mean BP TimeList
[[460996, 9805, 67], [579462, 15641, 7631], [529739, 9626, 3827], [587021, 6639, 3821]]

Mean DPOH TimeList
[36030, 268097, 157109, 240915]

FP TimeList
[[154564, 17335], [178595, 8825], [163785, 10208], [168407, 6639]]

BP TimeList
[[587021, 13447], [529739, 19468], [579462, 17436], [460996, 67]]

Time Chart for FP
[154564]
[154564, 17335]
[154564, 17335, 178595]
[154564, 17335, 178595, 8825]
[178595, 8825, 163785]
[178595, 8825, 163785, 10208]
[163785, 10208, 168407]
[163785, 10208, 168407, 6639]
[168407, 6639]
[168407, 6639]

FP for each step:  [154564, 154564, 178595, 178595, 178595, 178595, 168407, 168407, 168407, 168407]

Time Chart for BP
[6639, 587021]
[587021, 13447]
[587021, 13447, 529739]
[587021, 13447, 529739, 19468]
[529739, 19468, 579462]
[529739, 19468, 579462, 17436]
[579462, 17436, 460996]
[579462, 17436, 460996, 67]
[460996, 67]
[460996, 67]

BP for each step:  [587021, 587021, 587021, 587021, 579462, 579462, 579462, 579462, 460996, 460996]
Time without overhead: 7.28506 s

Total Time: 7.28506 s
