========== Stats ==========
iters 10
batchSize 64
numMicro 8
machine 4
log_dir _timeline/resnet_5gh
file ./_parth/partition_4_resnet_64_8.txt
model resnet
===========================
Number of Stages: 4
(0, 13)

Profiling for Stage (0, 13) with bs(8)
 ------ 1 / 11 ...
 ------ 2 / 11 ...
 ------ 3 / 11 ...
 ------ 4 / 11 ...
 ------ 5 / 11 ...
 ------ 6 / 11 ...
 ------ 7 / 11 ...
 ------ 8 / 11 ...
 ------ 9 / 11 ...
 ------ 10 / 11 ...
 ------ 11 / 11 ...
 ------ 1 / 11 ...
 ------ 2 / 11 ...
 ------ 3 / 11 ...
 ------ 4 / 11 ...
 ------ 5 / 11 ...
 ------ 6 / 11 ...
 ------ 7 / 11 ...
 ------ 8 / 11 ...
 ------ 9 / 11 ...
 ------ 10 / 11 ...
 ------ 11 / 11 ...
(13, 26)

Profiling for Stage (13, 26) with bs(8)
 ------ 1 / 11 ...
 ------ 2 / 11 ...
 ------ 3 / 11 ...
 ------ 4 / 11 ...
 ------ 5 / 11 ...
 ------ 6 / 11 ...
 ------ 7 / 11 ...
 ------ 8 / 11 ...
 ------ 9 / 11 ...
 ------ 10 / 11 ...
 ------ 11 / 11 ...
 ------ 1 / 11 ...
 ------ 2 / 11 ...
 ------ 3 / 11 ...
 ------ 4 / 11 ...
 ------ 5 / 11 ...
 ------ 6 / 11 ...
 ------ 7 / 11 ...
 ------ 8 / 11 ...
 ------ 9 / 11 ...
 ------ 10 / 11 ...
 ------ 11 / 11 ...
(26, 39)

Profiling for Stage (26, 39) with bs(8)
 ------ 1 / 11 ...
 ------ 2 / 11 ...
 ------ 3 / 11 ...
 ------ 4 / 11 ...
 ------ 5 / 11 ...
 ------ 6 / 11 ...
 ------ 7 / 11 ...
 ------ 8 / 11 ...
 ------ 9 / 11 ...
 ------ 10 / 11 ...
 ------ 11 / 11 ...
 ------ 1 / 11 ...
 ------ 2 / 11 ...
 ------ 3 / 11 ...
 ------ 4 / 11 ...
 ------ 5 / 11 ...
 ------ 6 / 11 ...
 ------ 7 / 11 ...
 ------ 8 / 11 ...
 ------ 9 / 11 ...
 ------ 10 / 11 ...
 ------ 11 / 11 ...
(39, 55)

Profiling for Stage (39, 55) with bs(8)
 ------ 1 / 11 ...
 ------ 2 / 11 ...
 ------ 3 / 11 ...
 ------ 4 / 11 ...
 ------ 5 / 11 ...
 ------ 6 / 11 ...
 ------ 7 / 11 ...
 ------ 8 / 11 ...
 ------ 9 / 11 ...
 ------ 10 / 11 ...
 ------ 11 / 11 ...
 ------ 1 / 11 ...
 ------ 2 / 11 ...
 ------ 3 / 11 ...
 ------ 4 / 11 ...
 ------ 5 / 11 ...
 ------ 6 / 11 ...
 ------ 7 / 11 ...
 ------ 8 / 11 ...
 ------ 9 / 11 ...
 ------ 10 / 11 ...
 ------ 11 / 11 ...
47491.0
64113.0
18000.0
18129.0
17017.0
17618.0
18038.0
18877.0
17808.0
17163.0
282080.0
78605.0
79591.0
78909.0
78778.0
77519.0
77559.0
79548.0
78833.0
373944.0
79308.0
79677.0
79421.0
77478.0
79198.0
77486.0
77986.0
77668.0
78227.0
79233.0
121161.0
121820.0
120857.0
119210.0
121350.0
121190.0
119499.0
119295.0
121046.0
121482.0
[50850, 257073, 157136, 241382]

Mean FP TimeList
[[95406, 240, 1915], [94082, 2683, 1915], [93538, 3659, 1918], [105962, 2753, 10]]

Mean BP TimeList
[[279151, 248, 37], [313326, 4983, 1919], [312954, 5104, 1915], [367811, 4088, 1916]]

Mean DPOH TimeList
[50850, 257073, 157136, 241382]

FP TimeList
[[95406, 4598], [94082, 5574], [93538, 4671], [105962, 4088]]

BP TimeList
[[367811, 7020], [312954, 6898], [313326, 2167], [279151, 37]]

Time Chart for FP
[95406]
[95406, 4598]
[95406, 4598, 94082]
[95406, 4598, 94082, 5574]
[95406, 4598, 94082, 5574, 93538]
[95406, 4598, 94082, 5574, 93538, 4671]
[95406, 4598, 94082, 5574, 93538, 4671, 105962]
[95406, 4598, 94082, 5574, 93538, 4671, 105962, 4088]
[94082, 5574, 93538, 4671, 105962, 4088]
[94082, 5574, 93538, 4671, 105962, 4088]
[93538, 4671, 105962, 4088]
[93538, 4671, 105962, 4088]
[105962, 4088]
[105962, 4088]

FP for each step:  [95406, 95406, 95406, 95406, 95406, 95406, 105962, 105962, 105962, 105962, 105962, 105962, 105962, 105962]

Time Chart for BP
[4088, 367811]
[367811, 7020]
[367811, 7020, 312954]
[367811, 7020, 312954, 6898]
[367811, 7020, 312954, 6898, 313326]
[367811, 7020, 312954, 6898, 313326, 2167]
[367811, 7020, 312954, 6898, 313326, 2167, 279151]
[367811, 7020, 312954, 6898, 313326, 2167, 279151, 37]
[312954, 6898, 313326, 2167, 279151, 37]
[312954, 6898, 313326, 2167, 279151, 37]
[313326, 2167, 279151, 37]
[313326, 2167, 279151, 37]
[279151, 37]
[279151, 37]

BP for each step:  [367811, 367811, 367811, 367811, 367811, 367811, 367811, 367811, 313326, 313326, 313326, 313326, 279151, 279151]
Time without overhead: 6.174226 s

Total Time: 6.174226 s
