========== Stats ==========
iters 10
batchSize 64
numMicro 8
machine 4
log_dir _timeline/resnet_5gh
file ./_parth/partition_2_resnet_64_8.txt
model resnet
===========================
Number of Stages: 2
(0, 26)

Profiling for Stage (0, 26) with bs(8)
 ------ 1 / 11 ...
 ------ 2 / 11 ...
 ------ 3 / 11 ...
 ------ 4 / 11 ...
 ------ 5 / 11 ...
 ------ 6 / 11 ...
 ------ 7 / 11 ...
 ------ 8 / 11 ...
 ------ 9 / 11 ...
 ------ 10 / 11 ...
 ------ 11 / 11 ...
 ------ 1 / 11 ...
 ------ 2 / 11 ...
 ------ 3 / 11 ...
 ------ 4 / 11 ...
 ------ 5 / 11 ...
 ------ 6 / 11 ...
 ------ 7 / 11 ...
 ------ 8 / 11 ...
 ------ 9 / 11 ...
 ------ 10 / 11 ...
 ------ 11 / 11 ...
(26, 55)

Profiling for Stage (26, 55) with bs(8)
 ------ 1 / 11 ...
 ------ 2 / 11 ...
 ------ 3 / 11 ...
 ------ 4 / 11 ...
 ------ 5 / 11 ...
 ------ 6 / 11 ...
 ------ 7 / 11 ...
 ------ 8 / 11 ...
 ------ 9 / 11 ...
 ------ 10 / 11 ...
 ------ 11 / 11 ...
 ------ 1 / 11 ...
 ------ 2 / 11 ...
 ------ 3 / 11 ...
 ------ 4 / 11 ...
 ------ 5 / 11 ...
 ------ 6 / 11 ...
 ------ 7 / 11 ...
 ------ 8 / 11 ...
 ------ 9 / 11 ...
 ------ 10 / 11 ...
 ------ 11 / 11 ...
384391.0
407169.0
96699.0
97631.0
96780.0
95639.0
96287.0
96368.0
95066.0
95907.0
198270.0
810065.0
198868.0
199788.0
198450.0
197409.0
197253.0
196820.0
198317.0
198340.0
[312387, 518716]

Mean FP TimeList
[[193418, 236, 1915], [196582, 4970, 9]]

Mean BP TimeList
[[587246, 2625, 36], [691427, 2630, 1915]]

Mean DPOH TimeList
[312387, 518716]

FP TimeList
[[193418, 6885], [196582, 2630]]

BP TimeList
[[691427, 4540], [587246, 36]]

Time Chart for FP
[193418]
[193418, 6885]
[193418, 6885, 196582]
[193418, 6885, 196582, 2630]
[193418, 6885, 196582, 2630]
[193418, 6885, 196582, 2630]
[193418, 6885, 196582, 2630]
[193418, 6885, 196582, 2630]
[196582, 2630]
[196582, 2630]

FP for each step:  [193418, 193418, 196582, 196582, 196582, 196582, 196582, 196582, 196582, 196582]

Time Chart for BP
[2630, 691427]
[691427, 4540]
[691427, 4540, 587246]
[691427, 4540, 587246, 36]
[691427, 4540, 587246, 36]
[691427, 4540, 587246, 36]
[691427, 4540, 587246, 36]
[691427, 4540, 587246, 36]
[587246, 36]
[587246, 36]

BP for each step:  [691427, 691427, 691427, 691427, 691427, 691427, 691427, 691427, 587246, 587246]
Time without overhead: 8.6654 s

Total Time: 8.6654 s
