========== Stats ==========
iters 10
batchSize 128
numMicro 8
machine 4
log_dir _timeline/resnet_5gh
file ./_parth/partition_4_resnet_128_8.txt
model resnet
===========================
Number of Stages: 4
(0, 12)

Profiling for Stage (0, 12) with bs(16)
 ------ 1 / 11 ...
 ------ 2 / 11 ...
 ------ 3 / 11 ...
 ------ 4 / 11 ...
 ------ 5 / 11 ...
 ------ 6 / 11 ...
 ------ 7 / 11 ...
 ------ 8 / 11 ...
 ------ 9 / 11 ...
 ------ 10 / 11 ...
 ------ 11 / 11 ...
 ------ 1 / 11 ...
 ------ 2 / 11 ...
 ------ 3 / 11 ...
 ------ 4 / 11 ...
 ------ 5 / 11 ...
 ------ 6 / 11 ...
 ------ 7 / 11 ...
 ------ 8 / 11 ...
 ------ 9 / 11 ...
 ------ 10 / 11 ...
 ------ 11 / 11 ...
(12, 26)

Profiling for Stage (12, 26) with bs(16)
 ------ 1 / 11 ...
 ------ 2 / 11 ...
 ------ 3 / 11 ...
 ------ 4 / 11 ...
 ------ 5 / 11 ...
 ------ 6 / 11 ...
 ------ 7 / 11 ...
 ------ 8 / 11 ...
 ------ 9 / 11 ...
 ------ 10 / 11 ...
 ------ 11 / 11 ...
 ------ 1 / 11 ...
 ------ 2 / 11 ...
 ------ 3 / 11 ...
 ------ 4 / 11 ...
 ------ 5 / 11 ...
 ------ 6 / 11 ...
 ------ 7 / 11 ...
 ------ 8 / 11 ...
 ------ 9 / 11 ...
 ------ 10 / 11 ...
 ------ 11 / 11 ...
(26, 39)

Profiling for Stage (26, 39) with bs(16)
 ------ 1 / 11 ...
 ------ 2 / 11 ...
 ------ 3 / 11 ...
 ------ 4 / 11 ...
 ------ 5 / 11 ...
 ------ 6 / 11 ...
 ------ 7 / 11 ...
 ------ 8 / 11 ...
 ------ 9 / 11 ...
 ------ 10 / 11 ...
 ------ 11 / 11 ...
 ------ 1 / 11 ...
 ------ 2 / 11 ...
 ------ 3 / 11 ...
 ------ 4 / 11 ...
 ------ 5 / 11 ...
 ------ 6 / 11 ...
 ------ 7 / 11 ...
 ------ 8 / 11 ...
 ------ 9 / 11 ...
 ------ 10 / 11 ...
 ------ 11 / 11 ...
(39, 55)

Profiling for Stage (39, 55) with bs(16)
 ------ 1 / 11 ...
 ------ 2 / 11 ...
 ------ 3 / 11 ...
 ------ 4 / 11 ...
 ------ 5 / 11 ...
 ------ 6 / 11 ...
 ------ 7 / 11 ...
 ------ 8 / 11 ...
 ------ 9 / 11 ...
 ------ 10 / 11 ...
 ------ 11 / 11 ...
 ------ 1 / 11 ...
 ------ 2 / 11 ...
 ------ 3 / 11 ...
 ------ 4 / 11 ...
 ------ 5 / 11 ...
 ------ 6 / 11 ...
 ------ 7 / 11 ...
 ------ 8 / 11 ...
 ------ 9 / 11 ...
 ------ 10 / 11 ...
 ------ 11 / 11 ...
14396.0
54752.0
13605.0
12990.0
14496.0
13741.0
14421.0
13135.0
14486.0
14328.0
293165.0
379275.0
81796.0
83855.0
83881.0
81857.0
83242.0
84025.0
83611.0
84173.0
79316.0
79070.0
78830.0
79360.0
78666.0
79573.0
78600.0
78805.0
77615.0
79123.0
121025.0
121372.0
119473.0
120061.0
120787.0
119931.0
120574.0
119510.0
121379.0
120823.0
[36070, 267776, 157791, 240987]

Mean FP TimeList
[[154507, 225, 7637], [178739, 9771, 3826], [164005, 4994, 3820], [172510, 5104, 12]]

Mean BP TimeList
[[462119, 9866, 66], [579137, 14484, 7637], [540726, 10127, 3823], [589791, 4964, 3821]]

Mean DPOH TimeList
[36070, 267776, 157791, 240987]

FP TimeList
[[154507, 17408], [178739, 8820], [164005, 8924], [172510, 4964]]

BP TimeList
[[589791, 13948], [540726, 18307], [579137, 17503], [462119, 66]]

Time Chart for FP
[154507]
[154507, 17408]
[154507, 17408, 178739]
[154507, 17408, 178739, 8820]
[154507, 17408, 178739, 8820, 164005]
[154507, 17408, 178739, 8820, 164005, 8924]
[154507, 17408, 178739, 8820, 164005, 8924, 172510]
[154507, 17408, 178739, 8820, 164005, 8924, 172510, 4964]
[178739, 8820, 164005, 8924, 172510, 4964]
[178739, 8820, 164005, 8924, 172510, 4964]
[164005, 8924, 172510, 4964]
[164005, 8924, 172510, 4964]
[172510, 4964]
[172510, 4964]

FP for each step:  [154507, 154507, 178739, 178739, 178739, 178739, 178739, 178739, 178739, 178739, 172510, 172510, 172510, 172510]

Time Chart for BP
[4964, 589791]
[589791, 13948]
[589791, 13948, 540726]
[589791, 13948, 540726, 18307]
[589791, 13948, 540726, 18307, 579137]
[589791, 13948, 540726, 18307, 579137, 17503]
[589791, 13948, 540726, 18307, 579137, 17503, 462119]
[589791, 13948, 540726, 18307, 579137, 17503, 462119, 66]
[540726, 18307, 579137, 17503, 462119, 66]
[540726, 18307, 579137, 17503, 462119, 66]
[579137, 17503, 462119, 66]
[579137, 17503, 462119, 66]
[462119, 66]
[462119, 66]

BP for each step:  [589791, 589791, 589791, 589791, 589791, 589791, 589791, 589791, 579137, 579137, 579137, 579137, 462119, 462119]
Time without overhead: 10.38808 s

Total Time: 10.38808 s
