========== Stats ==========
iters 10
batchSize 16
numMicro 4
machine 4
log_dir _timeline/resnext_h
file ./_parth/partition_8_resnext_16_4.txt
model resnext
===========================
Number of Stages: 8
(0, 8)

Profiling for Stage (0, 8) with bs(4)
 ------ 1 / 11 ...
 ------ 2 / 11 ...
 ------ 3 / 11 ...
 ------ 4 / 11 ...
 ------ 5 / 11 ...
 ------ 6 / 11 ...
 ------ 7 / 11 ...
 ------ 8 / 11 ...
 ------ 9 / 11 ...
 ------ 10 / 11 ...
 ------ 11 / 11 ...
 ------ 1 / 11 ...
 ------ 2 / 11 ...
 ------ 3 / 11 ...
 ------ 4 / 11 ...
 ------ 5 / 11 ...
 ------ 6 / 11 ...
 ------ 7 / 11 ...
 ------ 8 / 11 ...
 ------ 9 / 11 ...
 ------ 10 / 11 ...
 ------ 11 / 11 ...
(8, 14)

Profiling for Stage (8, 14) with bs(4)
 ------ 1 / 11 ...
 ------ 2 / 11 ...
 ------ 3 / 11 ...
 ------ 4 / 11 ...
 ------ 5 / 11 ...
 ------ 6 / 11 ...
 ------ 7 / 11 ...
 ------ 8 / 11 ...
 ------ 9 / 11 ...
 ------ 10 / 11 ...
 ------ 11 / 11 ...
 ------ 1 / 11 ...
 ------ 2 / 11 ...
 ------ 3 / 11 ...
 ------ 4 / 11 ...
 ------ 5 / 11 ...
 ------ 6 / 11 ...
 ------ 7 / 11 ...
 ------ 8 / 11 ...
 ------ 9 / 11 ...
 ------ 10 / 11 ...
 ------ 11 / 11 ...
(14, 21)

Profiling for Stage (14, 21) with bs(4)
 ------ 1 / 11 ...
 ------ 2 / 11 ...
 ------ 3 / 11 ...
 ------ 4 / 11 ...
 ------ 5 / 11 ...
 ------ 6 / 11 ...
 ------ 7 / 11 ...
 ------ 8 / 11 ...
 ------ 9 / 11 ...
 ------ 10 / 11 ...
 ------ 11 / 11 ...
 ------ 1 / 11 ...
 ------ 2 / 11 ...
 ------ 3 / 11 ...
 ------ 4 / 11 ...
 ------ 5 / 11 ...
 ------ 6 / 11 ...
 ------ 7 / 11 ...
 ------ 8 / 11 ...
 ------ 9 / 11 ...
 ------ 10 / 11 ...
 ------ 11 / 11 ...
(21, 32)

Profiling for Stage (21, 32) with bs(4)
 ------ 1 / 11 ...
 ------ 2 / 11 ...
 ------ 3 / 11 ...
 ------ 4 / 11 ...
 ------ 5 / 11 ...
 ------ 6 / 11 ...
 ------ 7 / 11 ...
 ------ 8 / 11 ...
 ------ 9 / 11 ...
 ------ 10 / 11 ...
 ------ 11 / 11 ...
 ------ 1 / 11 ...
 ------ 2 / 11 ...
 ------ 3 / 11 ...
 ------ 4 / 11 ...
 ------ 5 / 11 ...
 ------ 6 / 11 ...
 ------ 7 / 11 ...
 ------ 8 / 11 ...
 ------ 9 / 11 ...
 ------ 10 / 11 ...
 ------ 11 / 11 ...
(32, 44)

Profiling for Stage (32, 44) with bs(4)
 ------ 1 / 11 ...
 ------ 2 / 11 ...
 ------ 3 / 11 ...
 ------ 4 / 11 ...
 ------ 5 / 11 ...
 ------ 6 / 11 ...
 ------ 7 / 11 ...
 ------ 8 / 11 ...
 ------ 9 / 11 ...
 ------ 10 / 11 ...
 ------ 11 / 11 ...
 ------ 1 / 11 ...
 ------ 2 / 11 ...
 ------ 3 / 11 ...
 ------ 4 / 11 ...
 ------ 5 / 11 ...
 ------ 6 / 11 ...
 ------ 7 / 11 ...
 ------ 8 / 11 ...
 ------ 9 / 11 ...
 ------ 10 / 11 ...
 ------ 11 / 11 ...
(44, 59)

Profiling for Stage (44, 59) with bs(4)
 ------ 1 / 11 ...
 ------ 2 / 11 ...
 ------ 3 / 11 ...
 ------ 4 / 11 ...
 ------ 5 / 11 ...
 ------ 6 / 11 ...
 ------ 7 / 11 ...
 ------ 8 / 11 ...
 ------ 9 / 11 ...
 ------ 10 / 11 ...
 ------ 11 / 11 ...
 ------ 1 / 11 ...
 ------ 2 / 11 ...
 ------ 3 / 11 ...
 ------ 4 / 11 ...
 ------ 5 / 11 ...
 ------ 6 / 11 ...
 ------ 7 / 11 ...
 ------ 8 / 11 ...
 ------ 9 / 11 ...
 ------ 10 / 11 ...
 ------ 11 / 11 ...
(59, 78)

Profiling for Stage (59, 78) with bs(4)
 ------ 1 / 11 ...
 ------ 2 / 11 ...
 ------ 3 / 11 ...
 ------ 4 / 11 ...
 ------ 5 / 11 ...
 ------ 6 / 11 ...
 ------ 7 / 11 ...
 ------ 8 / 11 ...
 ------ 9 / 11 ...
 ------ 10 / 11 ...
 ------ 11 / 11 ...
 ------ 1 / 11 ...
 ------ 2 / 11 ...
 ------ 3 / 11 ...
 ------ 4 / 11 ...
 ------ 5 / 11 ...
 ------ 6 / 11 ...
 ------ 7 / 11 ...
 ------ 8 / 11 ...
 ------ 9 / 11 ...
 ------ 10 / 11 ...
 ------ 11 / 11 ...
(78, 106)

Profiling for Stage (78, 106) with bs(4)
 ------ 1 / 11 ...
 ------ 2 / 11 ...
 ------ 3 / 11 ...
 ------ 4 / 11 ...
 ------ 5 / 11 ...
 ------ 6 / 11 ...
 ------ 7 / 11 ...
 ------ 8 / 11 ...
 ------ 9 / 11 ...
 ------ 10 / 11 ...
 ------ 11 / 11 ...
 ------ 1 / 11 ...
 ------ 2 / 11 ...
 ------ 3 / 11 ...
 ------ 4 / 11 ...
 ------ 5 / 11 ...
 ------ 6 / 11 ...
 ------ 7 / 11 ...
 ------ 8 / 11 ...
 ------ 9 / 11 ...
 ------ 10 / 11 ...
 ------ 11 / 11 ...
4286.0
4098.0
4861.0
4117.0
5563.0
3673.0
3581.0
4039.0
4421.0
3609.0
4537.0
3758.0
3688.0
3635.0
5418.0
3614.0
3537.0
5227.0
4160.0
4176.0
5114.0
6895.0
4737.0
5643.0
4909.0
4274.0
5758.0
5804.0
4851.0
4341.0
7811.0
7093.0
7338.0
6654.0
6742.0
7662.0
6696.0
7460.0
7429.0
6624.0
7686.0
7850.0
8211.0
8134.0
7970.0
7181.0
8200.0
8476.0
8609.0
7314.0
10102.0
9440.0
10229.0
14586.0
11770.0
9219.0
9199.0
9289.0
11628.0
10645.0
14829.0
16071.0
11272.0
11484.0
18464.0
11707.0
15147.0
12960.0
13685.0
12836.0
74874.0
131125.0
38073.0
36782.0
38125.0
38416.0
37785.0
36513.0
38878.0
36633.0
[8449, 8350, 10465, 14301, 15926, 21221, 27691, 101440]

Mean FP TimeList
[[58164, 1167, 7801], [58876, 10040, 7795], [66476, 9967, 7794], [61967, 10011, 3902], [63037, 5133, 3904], [63721, 5110, 1956], [62990, 2715, 1957], [57890, 6025, 9]]

Mean BP TimeList
[[180543, 10903, 736], [180391, 9938, 7803], [197481, 19841, 7789], [179597, 14852, 7806], [171917, 9899, 3901], [181953, 8946, 3903], [174834, 5089, 1953], [191799, 2708, 1959]]

Mean DPOH TimeList
[8449, 8350, 10465, 14301, 15926, 21221, 27691, 101440]

FP TimeList
[[58164, 17841], [58876, 17762], [66476, 17805], [61967, 9035], [63037, 9014], [63721, 4671], [62990, 7982], [57890, 2708]]

BP TimeList
[[191799, 7048], [174834, 10899], [181953, 13802], [171917, 18753], [179597, 27647], [197481, 17727], [180391, 18706], [180543, 736]]

Time Chart for FP
[58164]
[58164, 17841]
[58164, 17841, 58876]
[58164, 17841, 58876, 17762]
[58876, 17762, 66476]
[58876, 17762, 66476, 17805]
[66476, 17805, 61967]
[66476, 17805, 61967, 9035]
[61967, 9035, 63037]
[61967, 9035, 63037, 9014]
[63037, 9014, 63721]
[63037, 9014, 63721, 4671]
[63721, 4671, 62990]
[63721, 4671, 62990, 7982]
[62990, 7982, 57890]
[62990, 7982, 57890, 2708]
[57890, 2708]
[57890, 2708]

FP for each step:  [58164, 58164, 58876, 58876, 66476, 66476, 66476, 66476, 63037, 63037, 63721, 63721, 63721, 63721, 62990, 62990, 57890, 57890]

Time Chart for BP
[2708, 191799]
[191799, 7048]
[191799, 7048, 174834]
[191799, 7048, 174834, 10899]
[174834, 10899, 181953]
[174834, 10899, 181953, 13802]
[181953, 13802, 171917]
[181953, 13802, 171917, 18753]
[171917, 18753, 179597]
[171917, 18753, 179597, 27647]
[179597, 27647, 197481]
[179597, 27647, 197481, 17727]
[197481, 17727, 180391]
[197481, 17727, 180391, 18706]
[180391, 18706, 180543]
[180391, 18706, 180543, 736]
[180543, 736]
[180543, 736]

BP for each step:  [191799, 191799, 191799, 191799, 181953, 181953, 181953, 181953, 179597, 179597, 197481, 197481, 197481, 197481, 180543, 180543, 180543, 180543]
Time without overhead: 4.489 s

Total Time: 4.489 s
