========== Stats ==========
iters 10
batchSize 64
numMicro 2
machine 4
log_dir _timeline/resnet_5gh
file ./_parth/partition_8_resnet_64_2.txt
model resnet
===========================
Number of Stages: 8
(0, 6)

Profiling for Stage (0, 6) with bs(32)
 ------ 1 / 11 ...
 ------ 2 / 11 ...
 ------ 3 / 11 ...
 ------ 4 / 11 ...
 ------ 5 / 11 ...
 ------ 6 / 11 ...
 ------ 7 / 11 ...
 ------ 8 / 11 ...
 ------ 9 / 11 ...
 ------ 10 / 11 ...
 ------ 11 / 11 ...
 ------ 1 / 11 ...
 ------ 2 / 11 ...
 ------ 3 / 11 ...
 ------ 4 / 11 ...
 ------ 5 / 11 ...
 ------ 6 / 11 ...
 ------ 7 / 11 ...
 ------ 8 / 11 ...
 ------ 9 / 11 ...
 ------ 10 / 11 ...
 ------ 11 / 11 ...
(6, 12)

Profiling for Stage (6, 12) with bs(32)
 ------ 1 / 11 ...
 ------ 2 / 11 ...
 ------ 3 / 11 ...
 ------ 4 / 11 ...
 ------ 5 / 11 ...
 ------ 6 / 11 ...
 ------ 7 / 11 ...
 ------ 8 / 11 ...
 ------ 9 / 11 ...
 ------ 10 / 11 ...
 ------ 11 / 11 ...
 ------ 1 / 11 ...
 ------ 2 / 11 ...
 ------ 3 / 11 ...
 ------ 4 / 11 ...
 ------ 5 / 11 ...
 ------ 6 / 11 ...
 ------ 7 / 11 ...
 ------ 8 / 11 ...
 ------ 9 / 11 ...
 ------ 10 / 11 ...
 ------ 11 / 11 ...
(12, 18)

Profiling for Stage (12, 18) with bs(32)
 ------ 1 / 11 ...
 ------ 2 / 11 ...
 ------ 3 / 11 ...
 ------ 4 / 11 ...
 ------ 5 / 11 ...
 ------ 6 / 11 ...
 ------ 7 / 11 ...
 ------ 8 / 11 ...
 ------ 9 / 11 ...
 ------ 10 / 11 ...
 ------ 11 / 11 ...
 ------ 1 / 11 ...
 ------ 2 / 11 ...
 ------ 3 / 11 ...
 ------ 4 / 11 ...
 ------ 5 / 11 ...
 ------ 6 / 11 ...
 ------ 7 / 11 ...
 ------ 8 / 11 ...
 ------ 9 / 11 ...
 ------ 10 / 11 ...
 ------ 11 / 11 ...
(18, 25)

Profiling for Stage (18, 25) with bs(32)
 ------ 1 / 11 ...
 ------ 2 / 11 ...
 ------ 3 / 11 ...
 ------ 4 / 11 ...
 ------ 5 / 11 ...
 ------ 6 / 11 ...
 ------ 7 / 11 ...
 ------ 8 / 11 ...
 ------ 9 / 11 ...
 ------ 10 / 11 ...
 ------ 11 / 11 ...
 ------ 1 / 11 ...
 ------ 2 / 11 ...
 ------ 3 / 11 ...
 ------ 4 / 11 ...
 ------ 5 / 11 ...
 ------ 6 / 11 ...
 ------ 7 / 11 ...
 ------ 8 / 11 ...
 ------ 9 / 11 ...
 ------ 10 / 11 ...
 ------ 11 / 11 ...
(25, 31)

Profiling for Stage (25, 31) with bs(32)
 ------ 1 / 11 ...
 ------ 2 / 11 ...
 ------ 3 / 11 ...
 ------ 4 / 11 ...
 ------ 5 / 11 ...
 ------ 6 / 11 ...
 ------ 7 / 11 ...
 ------ 8 / 11 ...
 ------ 9 / 11 ...
 ------ 10 / 11 ...
 ------ 11 / 11 ...
 ------ 1 / 11 ...
 ------ 2 / 11 ...
 ------ 3 / 11 ...
 ------ 4 / 11 ...
 ------ 5 / 11 ...
 ------ 6 / 11 ...
 ------ 7 / 11 ...
 ------ 8 / 11 ...
 ------ 9 / 11 ...
 ------ 10 / 11 ...
 ------ 11 / 11 ...
(31, 38)

Profiling for Stage (31, 38) with bs(32)
 ------ 1 / 11 ...
 ------ 2 / 11 ...
 ------ 3 / 11 ...
 ------ 4 / 11 ...
 ------ 5 / 11 ...
 ------ 6 / 11 ...
 ------ 7 / 11 ...
 ------ 8 / 11 ...
 ------ 9 / 11 ...
 ------ 10 / 11 ...
 ------ 11 / 11 ...
 ------ 1 / 11 ...
 ------ 2 / 11 ...
 ------ 3 / 11 ...
 ------ 4 / 11 ...
 ------ 5 / 11 ...
 ------ 6 / 11 ...
 ------ 7 / 11 ...
 ------ 8 / 11 ...
 ------ 9 / 11 ...
 ------ 10 / 11 ...
 ------ 11 / 11 ...
(38, 45)

Profiling for Stage (38, 45) with bs(32)
 ------ 1 / 11 ...
 ------ 2 / 11 ...
 ------ 3 / 11 ...
 ------ 4 / 11 ...
 ------ 5 / 11 ...
 ------ 6 / 11 ...
 ------ 7 / 11 ...
 ------ 8 / 11 ...
 ------ 9 / 11 ...
 ------ 10 / 11 ...
 ------ 11 / 11 ...
 ------ 1 / 11 ...
 ------ 2 / 11 ...
 ------ 3 / 11 ...
 ------ 4 / 11 ...
 ------ 5 / 11 ...
 ------ 6 / 11 ...
 ------ 7 / 11 ...
 ------ 8 / 11 ...
 ------ 9 / 11 ...
 ------ 10 / 11 ...
 ------ 11 / 11 ...
(45, 55)

Profiling for Stage (45, 55) with bs(32)
 ------ 1 / 11 ...
 ------ 2 / 11 ...
 ------ 3 / 11 ...
 ------ 4 / 11 ...
 ------ 5 / 11 ...
 ------ 6 / 11 ...
 ------ 7 / 11 ...
 ------ 8 / 11 ...
 ------ 9 / 11 ...
 ------ 10 / 11 ...
 ------ 11 / 11 ...
 ------ 1 / 11 ...
 ------ 2 / 11 ...
 ------ 3 / 11 ...
 ------ 4 / 11 ...
 ------ 5 / 11 ...
 ------ 6 / 11 ...
 ------ 7 / 11 ...
 ------ 8 / 11 ...
 ------ 9 / 11 ...
 ------ 10 / 11 ...
 ------ 11 / 11 ...
4381.0
4164.0
4057.0
3791.0
4336.0
4016.0
4353.0
4418.0
4314.0
4433.0
10153.0
9839.0
9255.0
9444.0
9639.0
10071.0
10226.0
10276.0
9904.0
10241.0
35207.0
187762.0
33973.0
34164.0
35255.0
35043.0
34113.0
35413.0
34256.0
35362.0
42187.0
42802.0
42848.0
43025.0
42631.0
42958.0
43214.0
42263.0
43004.0
41850.0
36675.0
36106.0
36367.0
36730.0
36406.0
36706.0
36648.0
36490.0
36319.0
36746.0
42593.0
42370.0
43061.0
42505.0
43175.0
42198.0
42794.0
41988.0
41649.0
43164.0
41736.0
42486.0
42273.0
42202.0
43056.0
41637.0
41742.0
41646.0
42146.0
42499.0
84612.0
396333.0
83945.0
84652.0
83985.0
83841.0
84295.0
84859.0
85372.0
83561.0
[8452, 19809, 100109, 85356, 73038, 85099, 84284, 231091]

Mean FP TimeList
[[150084, 721, 15279], [158113, 19482, 15309], [153083, 19372, 7637], [176392, 10407, 7640], [150562, 9847, 7636], [175557, 10469, 7638], [182653, 10022, 7699], [158041, 9799, 16]]

Mean BP TimeList
[[444347, 19760, 126], [484737, 39307, 15294], [481688, 28845, 15276], [542736, 19421, 7661], [464164, 20059, 7638], [546654, 19280, 7652], [577985, 10035, 7665], [572324, 9833, 7663]]

Mean DPOH TimeList
[8452, 19809, 100109, 85356, 73038, 85099, 84284, 231091]

FP TimeList
[[150084, 34761], [158113, 34681], [153083, 18044], [176392, 17487], [150562, 18105], [175557, 17660], [182653, 17498], [158041, 9833]]

BP TimeList
[[572324, 17698], [577985, 26945], [546654, 27711], [464164, 27059], [542736, 36506], [481688, 54583], [484737, 35054], [444347, 126]]

Time Chart for FP
[150084]
[150084, 34761]
[158113]
[158113, 34681]
[153083]
[153083, 18044]
[176392]
[176392, 17487]
[150562]
[150562, 18105]
[175557]
[175557, 17660]
[182653]
[182653, 17498]
[158041]
[158041, 9833]

FP for each step:  [150084, 150084, 158113, 158113, 153083, 153083, 176392, 176392, 150562, 150562, 175557, 175557, 182653, 182653, 158041, 158041]

Time Chart for BP
[9833, 572324]
[572324, 17698]
[577985]
[577985, 26945]
[546654]
[546654, 27711]
[464164]
[464164, 27059]
[542736]
[542736, 36506]
[481688]
[481688, 54583]
[484737]
[484737, 35054]
[444347]
[444347, 126]

BP for each step:  [572324, 572324, 577985, 577985, 546654, 546654, 464164, 464164, 542736, 542736, 481688, 481688, 484737, 484737, 444347, 444347]
Time without overhead: 10.83824 s

Total Time: 10.83824 s
