========== Stats ==========
iters 10
batchSize 16
numMicro 2
machine 4
log_dir _timeline/resnet_5gh
file ./_parth/partition_2_resnet_16_2.txt
model resnet
===========================
Number of Stages: 2
(0, 26)

Profiling for Stage (0, 26) with bs(8)
 ------ 1 / 11 ...
 ------ 2 / 11 ...
 ------ 3 / 11 ...
 ------ 4 / 11 ...
 ------ 5 / 11 ...
 ------ 6 / 11 ...
 ------ 7 / 11 ...
 ------ 8 / 11 ...
 ------ 9 / 11 ...
 ------ 10 / 11 ...
 ------ 11 / 11 ...
 ------ 1 / 11 ...
 ------ 2 / 11 ...
 ------ 3 / 11 ...
 ------ 4 / 11 ...
 ------ 5 / 11 ...
 ------ 6 / 11 ...
 ------ 7 / 11 ...
 ------ 8 / 11 ...
 ------ 9 / 11 ...
 ------ 10 / 11 ...
 ------ 11 / 11 ...
(26, 55)

Profiling for Stage (26, 55) with bs(8)
 ------ 1 / 11 ...
 ------ 2 / 11 ...
 ------ 3 / 11 ...
 ------ 4 / 11 ...
 ------ 5 / 11 ...
 ------ 6 / 11 ...
 ------ 7 / 11 ...
 ------ 8 / 11 ...
 ------ 9 / 11 ...
 ------ 10 / 11 ...
 ------ 11 / 11 ...
 ------ 1 / 11 ...
 ------ 2 / 11 ...
 ------ 3 / 11 ...
 ------ 4 / 11 ...
 ------ 5 / 11 ...
 ------ 6 / 11 ...
 ------ 7 / 11 ...
 ------ 8 / 11 ...
 ------ 9 / 11 ...
 ------ 10 / 11 ...
 ------ 11 / 11 ...
385103.0
405941.0
96023.0
96111.0
96886.0
97678.0
95917.0
97891.0
96904.0
96310.0
199297.0
822697.0
198219.0
198710.0
198711.0
198884.0
199198.0
198219.0
198244.0
198179.0
[312952, 522071]

Mean FP TimeList
[[192263, 308, 1921], [196252, 5819, 9]]

Mean BP TimeList
[[584479, 2621, 38], [689203, 2810, 1917]]

Mean DPOH TimeList
[312952, 522071]

FP TimeList
[[192263, 7740], [196252, 2810]]

BP TimeList
[[689203, 4538], [584479, 38]]

Time Chart for FP
[192263]
[192263, 7740]
[196252]
[196252, 2810]

FP for each step:  [192263, 192263, 196252, 196252]

Time Chart for BP
[2810, 689203]
[689203, 4538]
[584479]
[584479, 38]

BP for each step:  [689203, 689203, 584479, 584479]
Time without overhead: 3.324394 s

Total Time: 3.324394 s
