========== Stats ==========
iters 10
batchSize 64
numMicro 4
machine 4
log_dir _timeline/resnet_5gh
file ./_parth/partition_2_resnet_64_4.txt
model resnet
===========================
Number of Stages: 2
(0, 26)

Profiling for Stage (0, 26) with bs(16)
 ------ 1 / 11 ...
 ------ 2 / 11 ...
 ------ 3 / 11 ...
 ------ 4 / 11 ...
 ------ 5 / 11 ...
 ------ 6 / 11 ...
 ------ 7 / 11 ...
 ------ 8 / 11 ...
 ------ 9 / 11 ...
 ------ 10 / 11 ...
 ------ 11 / 11 ...
 ------ 1 / 11 ...
 ------ 2 / 11 ...
 ------ 3 / 11 ...
 ------ 4 / 11 ...
 ------ 5 / 11 ...
 ------ 6 / 11 ...
 ------ 7 / 11 ...
 ------ 8 / 11 ...
 ------ 9 / 11 ...
 ------ 10 / 11 ...
 ------ 11 / 11 ...
(26, 55)

Profiling for Stage (26, 55) with bs(16)
 ------ 1 / 11 ...
 ------ 2 / 11 ...
 ------ 3 / 11 ...
 ------ 4 / 11 ...
 ------ 5 / 11 ...
 ------ 6 / 11 ...
 ------ 7 / 11 ...
 ------ 8 / 11 ...
 ------ 9 / 11 ...
 ------ 10 / 11 ...
 ------ 11 / 11 ...
 ------ 1 / 11 ...
 ------ 2 / 11 ...
 ------ 3 / 11 ...
 ------ 4 / 11 ...
 ------ 5 / 11 ...
 ------ 6 / 11 ...
 ------ 7 / 11 ...
 ------ 8 / 11 ...
 ------ 9 / 11 ...
 ------ 10 / 11 ...
 ------ 11 / 11 ...
371416.0
402899.0
96542.0
97443.0
96859.0
96960.0
98006.0
97813.0
96665.0
96743.0
197843.0
816488.0
197978.0
198434.0
197929.0
198567.0
198965.0
199355.0
198495.0
198525.0
[310269, 520515]

Mean FP TimeList
[[330680, 3142, 3820], [334435, 4985, 13]]

Mean BP TimeList
[[1032406, 5060, 69], [1148403, 4974, 3827]]

Mean DPOH TimeList
[310269, 520515]

FP TimeList
[[330680, 8805], [334435, 4974]]

BP TimeList
[[1148403, 8887], [1032406, 69]]

Time Chart for FP
[330680]
[330680, 8805]
[330680, 8805, 334435]
[330680, 8805, 334435, 4974]
[334435, 4974]
[334435, 4974]

FP for each step:  [330680, 330680, 334435, 334435, 334435, 334435]

Time Chart for BP
[4974, 1148403]
[1148403, 8887]
[1148403, 8887, 1032406]
[1148403, 8887, 1032406, 69]
[1032406, 69]
[1032406, 69]

BP for each step:  [1148403, 1148403, 1148403, 1148403, 1032406, 1032406]
Time without overhead: 8.657524 s

Total Time: 8.657524 s
