========== Stats ==========
iters 10
batchSize 32
numMicro 8
machine 4
log_dir _timeline/resnet_5gh
file ./_parth/partition_2_resnet_32_8.txt
model resnet
===========================
Number of Stages: 2
(0, 28)

Profiling for Stage (0, 28) with bs(4)
 ------ 1 / 11 ...
 ------ 2 / 11 ...
 ------ 3 / 11 ...
 ------ 4 / 11 ...
 ------ 5 / 11 ...
 ------ 6 / 11 ...
 ------ 7 / 11 ...
 ------ 8 / 11 ...
 ------ 9 / 11 ...
 ------ 10 / 11 ...
 ------ 11 / 11 ...
 ------ 1 / 11 ...
 ------ 2 / 11 ...
 ------ 3 / 11 ...
 ------ 4 / 11 ...
 ------ 5 / 11 ...
 ------ 6 / 11 ...
 ------ 7 / 11 ...
 ------ 8 / 11 ...
 ------ 9 / 11 ...
 ------ 10 / 11 ...
 ------ 11 / 11 ...
(28, 55)

Profiling for Stage (28, 55) with bs(4)
 ------ 1 / 11 ...
 ------ 2 / 11 ...
 ------ 3 / 11 ...
 ------ 4 / 11 ...
 ------ 5 / 11 ...
 ------ 6 / 11 ...
 ------ 7 / 11 ...
 ------ 8 / 11 ...
 ------ 9 / 11 ...
 ------ 10 / 11 ...
 ------ 11 / 11 ...
 ------ 1 / 11 ...
 ------ 2 / 11 ...
 ------ 3 / 11 ...
 ------ 4 / 11 ...
 ------ 5 / 11 ...
 ------ 6 / 11 ...
 ------ 7 / 11 ...
 ------ 8 / 11 ...
 ------ 9 / 11 ...
 ------ 10 / 11 ...
 ------ 11 / 11 ...
404294.0
432594.0
109763.0
107519.0
109504.0
108326.0
108231.0
109936.0
107778.0
108062.0
186419.0
799033.0
184906.0
185687.0
187121.0
185647.0
185941.0
186916.0
186516.0
186806.0
[341201, 494998]

Mean FP TimeList
[[108834, 2346, 967], [110475, 1421, 8]]

Mean BP TimeList
[[356632, 1843, 22], [401462, 1445, 960]]

Mean DPOH TimeList
[341201, 494998]

FP TimeList
[[108834, 2388], [110475, 1445]]

BP TimeList
[[401462, 2803], [356632, 22]]

Time Chart for FP
[108834]
[108834, 2388]
[108834, 2388, 110475]
[108834, 2388, 110475, 1445]
[108834, 2388, 110475, 1445]
[108834, 2388, 110475, 1445]
[108834, 2388, 110475, 1445]
[108834, 2388, 110475, 1445]
[110475, 1445]
[110475, 1445]

FP for each step:  [108834, 108834, 110475, 110475, 110475, 110475, 110475, 110475, 110475, 110475]

Time Chart for BP
[1445, 401462]
[401462, 2803]
[401462, 2803, 356632]
[401462, 2803, 356632, 22]
[401462, 2803, 356632, 22]
[401462, 2803, 356632, 22]
[401462, 2803, 356632, 22]
[401462, 2803, 356632, 22]
[356632, 22]
[356632, 22]

BP for each step:  [401462, 401462, 401462, 401462, 401462, 401462, 401462, 401462, 356632, 356632]
Time without overhead: 5.026428 s

Total Time: 5.026428 s
