========== Stats ==========
iters 10
batchSize 32
numMicro 4
machine 4
log_dir _timeline/resnet_5gh
file ./_parth/partition_4_resnet_32_4.txt
model resnet
===========================
Number of Stages: 4
(0, 13)

Profiling for Stage (0, 13) with bs(8)
 ------ 1 / 11 ...
 ------ 2 / 11 ...
 ------ 3 / 11 ...
 ------ 4 / 11 ...
 ------ 5 / 11 ...
 ------ 6 / 11 ...
 ------ 7 / 11 ...
 ------ 8 / 11 ...
 ------ 9 / 11 ...
 ------ 10 / 11 ...
 ------ 11 / 11 ...
 ------ 1 / 11 ...
 ------ 2 / 11 ...
 ------ 3 / 11 ...
 ------ 4 / 11 ...
 ------ 5 / 11 ...
 ------ 6 / 11 ...
 ------ 7 / 11 ...
 ------ 8 / 11 ...
 ------ 9 / 11 ...
 ------ 10 / 11 ...
 ------ 11 / 11 ...
(13, 26)

Profiling for Stage (13, 26) with bs(8)
 ------ 1 / 11 ...
 ------ 2 / 11 ...
 ------ 3 / 11 ...
 ------ 4 / 11 ...
 ------ 5 / 11 ...
 ------ 6 / 11 ...
 ------ 7 / 11 ...
 ------ 8 / 11 ...
 ------ 9 / 11 ...
 ------ 10 / 11 ...
 ------ 11 / 11 ...
 ------ 1 / 11 ...
 ------ 2 / 11 ...
 ------ 3 / 11 ...
 ------ 4 / 11 ...
 ------ 5 / 11 ...
 ------ 6 / 11 ...
 ------ 7 / 11 ...
 ------ 8 / 11 ...
 ------ 9 / 11 ...
 ------ 10 / 11 ...
 ------ 11 / 11 ...
(26, 39)

Profiling for Stage (26, 39) with bs(8)
 ------ 1 / 11 ...
 ------ 2 / 11 ...
 ------ 3 / 11 ...
 ------ 4 / 11 ...
 ------ 5 / 11 ...
 ------ 6 / 11 ...
 ------ 7 / 11 ...
 ------ 8 / 11 ...
 ------ 9 / 11 ...
 ------ 10 / 11 ...
 ------ 11 / 11 ...
 ------ 1 / 11 ...
 ------ 2 / 11 ...
 ------ 3 / 11 ...
 ------ 4 / 11 ...
 ------ 5 / 11 ...
 ------ 6 / 11 ...
 ------ 7 / 11 ...
 ------ 8 / 11 ...
 ------ 9 / 11 ...
 ------ 10 / 11 ...
 ------ 11 / 11 ...
(39, 55)

Profiling for Stage (39, 55) with bs(8)
 ------ 1 / 11 ...
 ------ 2 / 11 ...
 ------ 3 / 11 ...
 ------ 4 / 11 ...
 ------ 5 / 11 ...
 ------ 6 / 11 ...
 ------ 7 / 11 ...
 ------ 8 / 11 ...
 ------ 9 / 11 ...
 ------ 10 / 11 ...
 ------ 11 / 11 ...
 ------ 1 / 11 ...
 ------ 2 / 11 ...
 ------ 3 / 11 ...
 ------ 4 / 11 ...
 ------ 5 / 11 ...
 ------ 6 / 11 ...
 ------ 7 / 11 ...
 ------ 8 / 11 ...
 ------ 9 / 11 ...
 ------ 10 / 11 ...
 ------ 11 / 11 ...
46563.0
62821.0
18696.0
19233.0
18643.0
18012.0
17384.0
17247.0
18692.0
18649.0
288388.0
377211.0
79008.0
79205.0
78495.0
79436.0
79164.0
78738.0
79502.0
79016.0
79691.0
77786.0
78103.0
79621.0
79019.0
78131.0
78263.0
79612.0
78300.0
78264.0
120910.0
120123.0
120769.0
119470.0
119941.0
121137.0
119401.0
120676.0
120957.0
121089.0
[51188, 259632, 157358, 240894]

Mean FP TimeList
[[95497, 212, 1917], [93594, 2645, 1915], [95113, 2663, 1914], [100239, 3832, 9]]

Mean BP TimeList
[[277204, 2631, 38], [311233, 5119, 1915], [311374, 5882, 1919], [366357, 4109, 1917]]

Mean DPOH TimeList
[51188, 259632, 157358, 240894]

FP TimeList
[[95497, 4562], [93594, 4578], [95113, 5746], [100239, 4109]]

BP TimeList
[[366357, 7799], [311374, 7038], [311233, 4546], [277204, 38]]

Time Chart for FP
[95497]
[95497, 4562]
[95497, 4562, 93594]
[95497, 4562, 93594, 4578]
[93594, 4578, 95113]
[93594, 4578, 95113, 5746]
[95113, 5746, 100239]
[95113, 5746, 100239, 4109]
[100239, 4109]
[100239, 4109]

FP for each step:  [95497, 95497, 95497, 95497, 95113, 95113, 100239, 100239, 100239, 100239]

Time Chart for BP
[4109, 366357]
[366357, 7799]
[366357, 7799, 311374]
[366357, 7799, 311374, 7038]
[311374, 7038, 311233]
[311374, 7038, 311233, 4546]
[311233, 4546, 277204]
[311233, 4546, 277204, 38]
[277204, 38]
[277204, 38]

BP for each step:  [366357, 366357, 366357, 366357, 311374, 311374, 311233, 311233, 277204, 277204]
Time without overhead: 4.23822 s

Total Time: 4.23822 s
