========== Stats ==========
iters 10
batchSize 32
numMicro 2
machine 4
log_dir _timeline/resnet_5gh
file ./_parth/partition_8_resnet_32_2.txt
model resnet
===========================
Number of Stages: 8
(0, 6)

Profiling for Stage (0, 6) with bs(16)
 ------ 1 / 11 ...
 ------ 2 / 11 ...
 ------ 3 / 11 ...
 ------ 4 / 11 ...
 ------ 5 / 11 ...
 ------ 6 / 11 ...
 ------ 7 / 11 ...
 ------ 8 / 11 ...
 ------ 9 / 11 ...
 ------ 10 / 11 ...
 ------ 11 / 11 ...
 ------ 1 / 11 ...
 ------ 2 / 11 ...
 ------ 3 / 11 ...
 ------ 4 / 11 ...
 ------ 5 / 11 ...
 ------ 6 / 11 ...
 ------ 7 / 11 ...
 ------ 8 / 11 ...
 ------ 9 / 11 ...
 ------ 10 / 11 ...
 ------ 11 / 11 ...
(6, 12)

Profiling for Stage (6, 12) with bs(16)
 ------ 1 / 11 ...
 ------ 2 / 11 ...
 ------ 3 / 11 ...
 ------ 4 / 11 ...
 ------ 5 / 11 ...
 ------ 6 / 11 ...
 ------ 7 / 11 ...
 ------ 8 / 11 ...
 ------ 9 / 11 ...
 ------ 10 / 11 ...
 ------ 11 / 11 ...
 ------ 1 / 11 ...
 ------ 2 / 11 ...
 ------ 3 / 11 ...
 ------ 4 / 11 ...
 ------ 5 / 11 ...
 ------ 6 / 11 ...
 ------ 7 / 11 ...
 ------ 8 / 11 ...
 ------ 9 / 11 ...
 ------ 10 / 11 ...
 ------ 11 / 11 ...
(12, 19)

Profiling for Stage (12, 19) with bs(16)
 ------ 1 / 11 ...
 ------ 2 / 11 ...
 ------ 3 / 11 ...
 ------ 4 / 11 ...
 ------ 5 / 11 ...
 ------ 6 / 11 ...
 ------ 7 / 11 ...
 ------ 8 / 11 ...
 ------ 9 / 11 ...
 ------ 10 / 11 ...
 ------ 11 / 11 ...
 ------ 1 / 11 ...
 ------ 2 / 11 ...
 ------ 3 / 11 ...
 ------ 4 / 11 ...
 ------ 5 / 11 ...
 ------ 6 / 11 ...
 ------ 7 / 11 ...
 ------ 8 / 11 ...
 ------ 9 / 11 ...
 ------ 10 / 11 ...
 ------ 11 / 11 ...
(19, 26)

Profiling for Stage (19, 26) with bs(16)
 ------ 1 / 11 ...
 ------ 2 / 11 ...
 ------ 3 / 11 ...
 ------ 4 / 11 ...
 ------ 5 / 11 ...
 ------ 6 / 11 ...
 ------ 7 / 11 ...
 ------ 8 / 11 ...
 ------ 9 / 11 ...
 ------ 10 / 11 ...
 ------ 11 / 11 ...
 ------ 1 / 11 ...
 ------ 2 / 11 ...
 ------ 3 / 11 ...
 ------ 4 / 11 ...
 ------ 5 / 11 ...
 ------ 6 / 11 ...
 ------ 7 / 11 ...
 ------ 8 / 11 ...
 ------ 9 / 11 ...
 ------ 10 / 11 ...
 ------ 11 / 11 ...
(26, 32)

Profiling for Stage (26, 32) with bs(16)
 ------ 1 / 11 ...
 ------ 2 / 11 ...
 ------ 3 / 11 ...
 ------ 4 / 11 ...
 ------ 5 / 11 ...
 ------ 6 / 11 ...
 ------ 7 / 11 ...
 ------ 8 / 11 ...
 ------ 9 / 11 ...
 ------ 10 / 11 ...
 ------ 11 / 11 ...
 ------ 1 / 11 ...
 ------ 2 / 11 ...
 ------ 3 / 11 ...
 ------ 4 / 11 ...
 ------ 5 / 11 ...
 ------ 6 / 11 ...
 ------ 7 / 11 ...
 ------ 8 / 11 ...
 ------ 9 / 11 ...
 ------ 10 / 11 ...
 ------ 11 / 11 ...
(32, 39)

Profiling for Stage (32, 39) with bs(16)
 ------ 1 / 11 ...
 ------ 2 / 11 ...
 ------ 3 / 11 ...
 ------ 4 / 11 ...
 ------ 5 / 11 ...
 ------ 6 / 11 ...
 ------ 7 / 11 ...
 ------ 8 / 11 ...
 ------ 9 / 11 ...
 ------ 10 / 11 ...
 ------ 11 / 11 ...
 ------ 1 / 11 ...
 ------ 2 / 11 ...
 ------ 3 / 11 ...
 ------ 4 / 11 ...
 ------ 5 / 11 ...
 ------ 6 / 11 ...
 ------ 7 / 11 ...
 ------ 8 / 11 ...
 ------ 9 / 11 ...
 ------ 10 / 11 ...
 ------ 11 / 11 ...
(39, 45)

Profiling for Stage (39, 45) with bs(16)
 ------ 1 / 11 ...
 ------ 2 / 11 ...
 ------ 3 / 11 ...
 ------ 4 / 11 ...
 ------ 5 / 11 ...
 ------ 6 / 11 ...
 ------ 7 / 11 ...
 ------ 8 / 11 ...
 ------ 9 / 11 ...
 ------ 10 / 11 ...
 ------ 11 / 11 ...
 ------ 1 / 11 ...
 ------ 2 / 11 ...
 ------ 3 / 11 ...
 ------ 4 / 11 ...
 ------ 5 / 11 ...
 ------ 6 / 11 ...
 ------ 7 / 11 ...
 ------ 8 / 11 ...
 ------ 9 / 11 ...
 ------ 10 / 11 ...
 ------ 11 / 11 ...
(45, 55)

Profiling for Stage (45, 55) with bs(16)
 ------ 1 / 11 ...
 ------ 2 / 11 ...
 ------ 3 / 11 ...
 ------ 4 / 11 ...
 ------ 5 / 11 ...
 ------ 6 / 11 ...
 ------ 7 / 11 ...
 ------ 8 / 11 ...
 ------ 9 / 11 ...
 ------ 10 / 11 ...
 ------ 11 / 11 ...
 ------ 1 / 11 ...
 ------ 2 / 11 ...
 ------ 3 / 11 ...
 ------ 4 / 11 ...
 ------ 5 / 11 ...
 ------ 6 / 11 ...
 ------ 7 / 11 ...
 ------ 8 / 11 ...
 ------ 9 / 11 ...
 ------ 10 / 11 ...
 ------ 11 / 11 ...
4144.0
3883.0
4324.0
4374.0
4036.0
4344.0
4275.0
3771.0
4234.0
4376.0
10287.0
9657.0
10186.0
9979.0
9950.0
9527.0
10152.0
9235.0
10174.0
10119.0
105780.0
193517.0
41176.0
40933.0
41042.0
41295.0
41273.0
40418.0
40931.0
41336.0
42506.0
43123.0
41669.0
41966.0
41806.0
42652.0
43163.0
42911.0
42967.0
42792.0
36730.0
36328.0
36986.0
36859.0
36142.0
36603.0
36868.0
36806.0
36708.0
36430.0
41879.0
42967.0
41707.0
41921.0
42664.0
43027.0
43136.0
42649.0
41765.0
42643.0
36716.0
36871.0
36069.0
36772.0
36845.0
36842.0
35891.0
36128.0
36854.0
36262.0
84939.0
383089.0
83644.0
85071.0
84502.0
84688.0
84450.0
85098.0
84696.0
84039.0
[8352, 19853, 125540, 85111, 73292, 84871, 73050, 228843]

Mean FP TimeList
[[73252, 738, 7638], [80359, 10382, 7634], [87549, 10376, 3825], [85224, 4992, 3822], [75305, 5530, 3822], [86811, 5093, 3827], [76060, 4976, 3826], [89988, 5056, 11]]

Mean BP TimeList
[[217481, 9721, 66], [243795, 19655, 7660], [292198, 14579, 7638], [283229, 10441, 3823], [243721, 9663, 3822], [284685, 9708, 3828], [243575, 9699, 3818], [326902, 5717, 3827]]

Mean DPOH TimeList
[8352, 19853, 125540, 85111, 73292, 84871, 73050, 228843]

FP TimeList
[[73252, 18020], [80359, 18010], [87549, 8817], [85224, 9352], [75305, 8915], [86811, 8803], [76060, 8882], [89988, 5717]]

BP TimeList
[[326902, 13526], [243575, 13526], [284685, 13491], [243721, 14263], [283229, 18402], [292198, 27293], [243795, 17381], [217481, 66]]

Time Chart for FP
[73252]
[73252, 18020]
[80359]
[80359, 18010]
[87549]
[87549, 8817]
[85224]
[85224, 9352]
[75305]
[75305, 8915]
[86811]
[86811, 8803]
[76060]
[76060, 8882]
[89988]
[89988, 5717]

FP for each step:  [73252, 73252, 80359, 80359, 87549, 87549, 85224, 85224, 75305, 75305, 86811, 86811, 76060, 76060, 89988, 89988]

Time Chart for BP
[5717, 326902]
[326902, 13526]
[243575]
[243575, 13526]
[284685]
[284685, 13491]
[243721]
[243721, 14263]
[283229]
[283229, 18402]
[292198]
[292198, 27293]
[243795]
[243795, 17381]
[217481]
[217481, 66]

BP for each step:  [326902, 326902, 243575, 243575, 284685, 284685, 243721, 243721, 283229, 283229, 292198, 292198, 243795, 243795, 217481, 217481]
Time without overhead: 5.580268 s

Total Time: 5.580268 s
