========== Stats ==========
iters 10
batchSize 32
numMicro 8
machine 4
log_dir _timeline/resnext_h
file ./_parth/partition_8_resnext_32_8.txt
model resnext
===========================
Number of Stages: 8
(0, 8)

Profiling for Stage (0, 8) with bs(4)
 ------ 1 / 11 ...
 ------ 2 / 11 ...
 ------ 3 / 11 ...
 ------ 4 / 11 ...
 ------ 5 / 11 ...
 ------ 6 / 11 ...
 ------ 7 / 11 ...
 ------ 8 / 11 ...
 ------ 9 / 11 ...
 ------ 10 / 11 ...
 ------ 11 / 11 ...
 ------ 1 / 11 ...
 ------ 2 / 11 ...
 ------ 3 / 11 ...
 ------ 4 / 11 ...
 ------ 5 / 11 ...
 ------ 6 / 11 ...
 ------ 7 / 11 ...
 ------ 8 / 11 ...
 ------ 9 / 11 ...
 ------ 10 / 11 ...
 ------ 11 / 11 ...
(8, 14)

Profiling for Stage (8, 14) with bs(4)
 ------ 1 / 11 ...
 ------ 2 / 11 ...
 ------ 3 / 11 ...
 ------ 4 / 11 ...
 ------ 5 / 11 ...
 ------ 6 / 11 ...
 ------ 7 / 11 ...
 ------ 8 / 11 ...
 ------ 9 / 11 ...
 ------ 10 / 11 ...
 ------ 11 / 11 ...
 ------ 1 / 11 ...
 ------ 2 / 11 ...
 ------ 3 / 11 ...
 ------ 4 / 11 ...
 ------ 5 / 11 ...
 ------ 6 / 11 ...
 ------ 7 / 11 ...
 ------ 8 / 11 ...
 ------ 9 / 11 ...
 ------ 10 / 11 ...
 ------ 11 / 11 ...
(14, 21)

Profiling for Stage (14, 21) with bs(4)
 ------ 1 / 11 ...
 ------ 2 / 11 ...
 ------ 3 / 11 ...
 ------ 4 / 11 ...
 ------ 5 / 11 ...
 ------ 6 / 11 ...
 ------ 7 / 11 ...
 ------ 8 / 11 ...
 ------ 9 / 11 ...
 ------ 10 / 11 ...
 ------ 11 / 11 ...
 ------ 1 / 11 ...
 ------ 2 / 11 ...
 ------ 3 / 11 ...
 ------ 4 / 11 ...
 ------ 5 / 11 ...
 ------ 6 / 11 ...
 ------ 7 / 11 ...
 ------ 8 / 11 ...
 ------ 9 / 11 ...
 ------ 10 / 11 ...
 ------ 11 / 11 ...
(21, 32)

Profiling for Stage (21, 32) with bs(4)
 ------ 1 / 11 ...
 ------ 2 / 11 ...
 ------ 3 / 11 ...
 ------ 4 / 11 ...
 ------ 5 / 11 ...
 ------ 6 / 11 ...
 ------ 7 / 11 ...
 ------ 8 / 11 ...
 ------ 9 / 11 ...
 ------ 10 / 11 ...
 ------ 11 / 11 ...
 ------ 1 / 11 ...
 ------ 2 / 11 ...
 ------ 3 / 11 ...
 ------ 4 / 11 ...
 ------ 5 / 11 ...
 ------ 6 / 11 ...
 ------ 7 / 11 ...
 ------ 8 / 11 ...
 ------ 9 / 11 ...
 ------ 10 / 11 ...
 ------ 11 / 11 ...
(32, 44)

Profiling for Stage (32, 44) with bs(4)
 ------ 1 / 11 ...
 ------ 2 / 11 ...
 ------ 3 / 11 ...
 ------ 4 / 11 ...
 ------ 5 / 11 ...
 ------ 6 / 11 ...
 ------ 7 / 11 ...
 ------ 8 / 11 ...
 ------ 9 / 11 ...
 ------ 10 / 11 ...
 ------ 11 / 11 ...
 ------ 1 / 11 ...
 ------ 2 / 11 ...
 ------ 3 / 11 ...
 ------ 4 / 11 ...
 ------ 5 / 11 ...
 ------ 6 / 11 ...
 ------ 7 / 11 ...
 ------ 8 / 11 ...
 ------ 9 / 11 ...
 ------ 10 / 11 ...
 ------ 11 / 11 ...
(44, 59)

Profiling for Stage (44, 59) with bs(4)
 ------ 1 / 11 ...
 ------ 2 / 11 ...
 ------ 3 / 11 ...
 ------ 4 / 11 ...
 ------ 5 / 11 ...
 ------ 6 / 11 ...
 ------ 7 / 11 ...
 ------ 8 / 11 ...
 ------ 9 / 11 ...
 ------ 10 / 11 ...
 ------ 11 / 11 ...
 ------ 1 / 11 ...
 ------ 2 / 11 ...
 ------ 3 / 11 ...
 ------ 4 / 11 ...
 ------ 5 / 11 ...
 ------ 6 / 11 ...
 ------ 7 / 11 ...
 ------ 8 / 11 ...
 ------ 9 / 11 ...
 ------ 10 / 11 ...
 ------ 11 / 11 ...
(59, 78)

Profiling for Stage (59, 78) with bs(4)
 ------ 1 / 11 ...
 ------ 2 / 11 ...
 ------ 3 / 11 ...
 ------ 4 / 11 ...
 ------ 5 / 11 ...
 ------ 6 / 11 ...
 ------ 7 / 11 ...
 ------ 8 / 11 ...
 ------ 9 / 11 ...
 ------ 10 / 11 ...
 ------ 11 / 11 ...
 ------ 1 / 11 ...
 ------ 2 / 11 ...
 ------ 3 / 11 ...
 ------ 4 / 11 ...
 ------ 5 / 11 ...
 ------ 6 / 11 ...
 ------ 7 / 11 ...
 ------ 8 / 11 ...
 ------ 9 / 11 ...
 ------ 10 / 11 ...
 ------ 11 / 11 ...
(78, 106)

Profiling for Stage (78, 106) with bs(4)
 ------ 1 / 11 ...
 ------ 2 / 11 ...
 ------ 3 / 11 ...
 ------ 4 / 11 ...
 ------ 5 / 11 ...
 ------ 6 / 11 ...
 ------ 7 / 11 ...
 ------ 8 / 11 ...
 ------ 9 / 11 ...
 ------ 10 / 11 ...
 ------ 11 / 11 ...
 ------ 1 / 11 ...
 ------ 2 / 11 ...
 ------ 3 / 11 ...
 ------ 4 / 11 ...
 ------ 5 / 11 ...
 ------ 6 / 11 ...
 ------ 7 / 11 ...
 ------ 8 / 11 ...
 ------ 9 / 11 ...
 ------ 10 / 11 ...
 ------ 11 / 11 ...
5323.0
4032.0
3687.0
3866.0
4831.0
3832.0
3659.0
4330.0
5031.0
3723.0
3713.0
3764.0
4170.0
3606.0
3766.0
3868.0
4179.0
4550.0
3729.0
3768.0
4407.0
5148.0
4124.0
4675.0
4974.0
5187.0
7182.0
4645.0
4077.0
4437.0
7482.0
8141.0
8077.0
6540.0
7677.0
7577.0
7182.0
6415.0
7959.0
7296.0
11087.0
6865.0
8016.0
9866.0
7784.0
7583.0
7561.0
8219.0
8752.0
8831.0
11504.0
12084.0
9419.0
9939.0
12525.0
10128.0
10260.0
10864.0
11377.0
11648.0
16124.0
12738.0
13144.0
16019.0
12569.0
12527.0
11726.0
12559.0
12880.0
12941.0
72751.0
129883.0
37684.0
39955.0
37567.0
38276.0
40121.0
39250.0
38567.0
37846.0
[8462, 7822, 9771, 14869, 16912, 21949, 26645, 102380]

Mean FP TimeList
[[57864, 1181, 7823], [58676, 9979, 7806], [65669, 9958, 7796], [61160, 11548, 3902], [61504, 7026, 3902], [61483, 7094, 1954], [59221, 6303, 1954], [62148, 2662, 8]]

Mean BP TimeList
[[181549, 11041, 737], [170241, 19720, 7793], [197450, 19619, 7798], [181734, 13860, 7798], [171945, 9912, 3906], [182677, 7718, 3902], [172686, 5081, 1954], [190281, 5683, 1957]]

Mean DPOH TimeList
[8462, 7822, 9771, 14869, 16912, 21949, 26645, 102380]

FP TimeList
[[57864, 17802], [58676, 17764], [65669, 19344], [61160, 10928], [61504, 10996], [61483, 8257], [59221, 4616], [62148, 5683]]

BP TimeList
[[190281, 7038], [172686, 9672], [182677, 13814], [171945, 17766], [181734, 27417], [197450, 27518], [170241, 18834], [181549, 737]]

Time Chart for FP
[57864]
[57864, 17802]
[57864, 17802, 58676]
[57864, 17802, 58676, 17764]
[57864, 17802, 58676, 17764, 65669]
[57864, 17802, 58676, 17764, 65669, 19344]
[57864, 17802, 58676, 17764, 65669, 19344, 61160]
[57864, 17802, 58676, 17764, 65669, 19344, 61160, 10928]
[58676, 17764, 65669, 19344, 61160, 10928, 61504]
[58676, 17764, 65669, 19344, 61160, 10928, 61504, 10996]
[65669, 19344, 61160, 10928, 61504, 10996, 61483]
[65669, 19344, 61160, 10928, 61504, 10996, 61483, 8257]
[61160, 10928, 61504, 10996, 61483, 8257, 59221]
[61160, 10928, 61504, 10996, 61483, 8257, 59221, 4616]
[61504, 10996, 61483, 8257, 59221, 4616, 62148]
[61504, 10996, 61483, 8257, 59221, 4616, 62148, 5683]
[61483, 8257, 59221, 4616, 62148, 5683]
[61483, 8257, 59221, 4616, 62148, 5683]
[59221, 4616, 62148, 5683]
[59221, 4616, 62148, 5683]
[62148, 5683]
[62148, 5683]

FP for each step:  [57864, 57864, 58676, 58676, 65669, 65669, 65669, 65669, 65669, 65669, 65669, 65669, 61504, 61504, 62148, 62148, 62148, 62148, 62148, 62148, 62148, 62148]

Time Chart for BP
[5683, 190281]
[190281, 7038]
[190281, 7038, 172686]
[190281, 7038, 172686, 9672]
[190281, 7038, 172686, 9672, 182677]
[190281, 7038, 172686, 9672, 182677, 13814]
[190281, 7038, 172686, 9672, 182677, 13814, 171945]
[190281, 7038, 172686, 9672, 182677, 13814, 171945, 17766]
[172686, 9672, 182677, 13814, 171945, 17766, 181734]
[172686, 9672, 182677, 13814, 171945, 17766, 181734, 27417]
[182677, 13814, 171945, 17766, 181734, 27417, 197450]
[182677, 13814, 171945, 17766, 181734, 27417, 197450, 27518]
[171945, 17766, 181734, 27417, 197450, 27518, 170241]
[171945, 17766, 181734, 27417, 197450, 27518, 170241, 18834]
[181734, 27417, 197450, 27518, 170241, 18834, 181549]
[181734, 27417, 197450, 27518, 170241, 18834, 181549, 737]
[197450, 27518, 170241, 18834, 181549, 737]
[197450, 27518, 170241, 18834, 181549, 737]
[170241, 18834, 181549, 737]
[170241, 18834, 181549, 737]
[181549, 737]
[181549, 737]

BP for each step:  [190281, 190281, 190281, 190281, 190281, 190281, 190281, 190281, 182677, 182677, 197450, 197450, 197450, 197450, 197450, 197450, 197450, 197450, 181549, 181549, 181549, 181549]
Time without overhead: 5.572022 s

Total Time: 5.572022 s
