========== Stats ==========
iters 10
batchSize 16
numMicro 4
machine 4
log_dir _timeline/resnet_5gh
file ./_parth/partition_2_resnet_16_4.txt
model resnet
===========================
Number of Stages: 2
(0, 28)

Profiling for Stage (0, 28) with bs(4)
 ------ 1 / 11 ...
 ------ 2 / 11 ...
 ------ 3 / 11 ...
 ------ 4 / 11 ...
 ------ 5 / 11 ...
 ------ 6 / 11 ...
 ------ 7 / 11 ...
 ------ 8 / 11 ...
 ------ 9 / 11 ...
 ------ 10 / 11 ...
 ------ 11 / 11 ...
 ------ 1 / 11 ...
 ------ 2 / 11 ...
 ------ 3 / 11 ...
 ------ 4 / 11 ...
 ------ 5 / 11 ...
 ------ 6 / 11 ...
 ------ 7 / 11 ...
 ------ 8 / 11 ...
 ------ 9 / 11 ...
 ------ 10 / 11 ...
 ------ 11 / 11 ...
(28, 55)

Profiling for Stage (28, 55) with bs(4)
 ------ 1 / 11 ...
 ------ 2 / 11 ...
 ------ 3 / 11 ...
 ------ 4 / 11 ...
 ------ 5 / 11 ...
 ------ 6 / 11 ...
 ------ 7 / 11 ...
 ------ 8 / 11 ...
 ------ 9 / 11 ...
 ------ 10 / 11 ...
 ------ 11 / 11 ...
 ------ 1 / 11 ...
 ------ 2 / 11 ...
 ------ 3 / 11 ...
 ------ 4 / 11 ...
 ------ 5 / 11 ...
 ------ 6 / 11 ...
 ------ 7 / 11 ...
 ------ 8 / 11 ...
 ------ 9 / 11 ...
 ------ 10 / 11 ...
 ------ 11 / 11 ...
391480.0
420928.0
108840.0
109796.0
108317.0
107104.0
108202.0
109457.0
108135.0
107681.0
186108.0
797237.0
185113.0
186127.0
184770.0
186199.0
186163.0
186471.0
186767.0
185272.0
[335988, 494045]

Mean FP TimeList
[[111488, 177, 963], [110412, 1426, 7]]

Mean BP TimeList
[[357287, 1577, 21], [400051, 4115, 962]]

Mean DPOH TimeList
[335988, 494045]

FP TimeList
[[111488, 2389], [110412, 4115]]

BP TimeList
[[400051, 2539], [357287, 21]]

Time Chart for FP
[111488]
[111488, 2389]
[111488, 2389, 110412]
[111488, 2389, 110412, 4115]
[110412, 4115]
[110412, 4115]

FP for each step:  [111488, 111488, 111488, 111488, 110412, 110412]

Time Chart for BP
[4115, 400051]
[400051, 2539]
[400051, 2539, 357287]
[400051, 2539, 357287, 21]
[357287, 21]
[357287, 21]

BP for each step:  [400051, 400051, 400051, 400051, 357287, 357287]
Time without overhead: 2.981554 s

Total Time: 2.981554 s
