========== Stats ==========
iters 10
batchSize 32
numMicro 4
machine 4
log_dir _timeline/resnet_5gh
file ./_parth/partition_2_resnet_32_4.txt
model resnet
===========================
Number of Stages: 2
(0, 26)

Profiling for Stage (0, 26) with bs(8)
 ------ 1 / 11 ...
 ------ 2 / 11 ...
 ------ 3 / 11 ...
 ------ 4 / 11 ...
 ------ 5 / 11 ...
 ------ 6 / 11 ...
 ------ 7 / 11 ...
 ------ 8 / 11 ...
 ------ 9 / 11 ...
 ------ 10 / 11 ...
 ------ 11 / 11 ...
 ------ 1 / 11 ...
 ------ 2 / 11 ...
 ------ 3 / 11 ...
 ------ 4 / 11 ...
 ------ 5 / 11 ...
 ------ 6 / 11 ...
 ------ 7 / 11 ...
 ------ 8 / 11 ...
 ------ 9 / 11 ...
 ------ 10 / 11 ...
 ------ 11 / 11 ...
(26, 55)

Profiling for Stage (26, 55) with bs(8)
 ------ 1 / 11 ...
 ------ 2 / 11 ...
 ------ 3 / 11 ...
 ------ 4 / 11 ...
 ------ 5 / 11 ...
 ------ 6 / 11 ...
 ------ 7 / 11 ...
 ------ 8 / 11 ...
 ------ 9 / 11 ...
 ------ 10 / 11 ...
 ------ 11 / 11 ...
 ------ 1 / 11 ...
 ------ 2 / 11 ...
 ------ 3 / 11 ...
 ------ 4 / 11 ...
 ------ 5 / 11 ...
 ------ 6 / 11 ...
 ------ 7 / 11 ...
 ------ 8 / 11 ...
 ------ 9 / 11 ...
 ------ 10 / 11 ...
 ------ 11 / 11 ...
388329.0
414328.0
97522.0
96579.0
95591.0
95587.0
96738.0
97532.0
97703.0
98138.0
198371.0
819599.0
197902.0
199220.0
197739.0
197490.0
199183.0
197676.0
198339.0
198324.0
[315609, 520768]

Mean FP TimeList
[[193812, 217, 1915], [198094, 2605, 10]]

Mean BP TimeList
[[586928, 2578, 38], [690891, 5086, 1924]]

Mean DPOH TimeList
[315609, 520768]

FP TimeList
[[193812, 4520], [198094, 5086]]

BP TimeList
[[690891, 4502], [586928, 38]]

Time Chart for FP
[193812]
[193812, 4520]
[193812, 4520, 198094]
[193812, 4520, 198094, 5086]
[198094, 5086]
[198094, 5086]

FP for each step:  [193812, 193812, 198094, 198094, 198094, 198094]

Time Chart for BP
[5086, 690891]
[690891, 4502]
[690891, 4502, 586928]
[690891, 4502, 586928, 38]
[586928, 38]
[586928, 38]

BP for each step:  [690891, 690891, 690891, 690891, 586928, 586928]
Time without overhead: 5.11742 s

Total Time: 5.11742 s
