========== Stats ==========
iters 10
batchSize 32
numMicro 8
machine 4
log_dir _timeline/resnet_5gh
file ./_parth/partition_4_resnet_32_8.txt
model resnet
===========================
Number of Stages: 4
(0, 16)

Profiling for Stage (0, 16) with bs(4)
 ------ 1 / 11 ...
 ------ 2 / 11 ...
 ------ 3 / 11 ...
 ------ 4 / 11 ...
 ------ 5 / 11 ...
 ------ 6 / 11 ...
 ------ 7 / 11 ...
 ------ 8 / 11 ...
 ------ 9 / 11 ...
 ------ 10 / 11 ...
 ------ 11 / 11 ...
 ------ 1 / 11 ...
 ------ 2 / 11 ...
 ------ 3 / 11 ...
 ------ 4 / 11 ...
 ------ 5 / 11 ...
 ------ 6 / 11 ...
 ------ 7 / 11 ...
 ------ 8 / 11 ...
 ------ 9 / 11 ...
 ------ 10 / 11 ...
 ------ 11 / 11 ...
(16, 28)

Profiling for Stage (16, 28) with bs(4)
 ------ 1 / 11 ...
 ------ 2 / 11 ...
 ------ 3 / 11 ...
 ------ 4 / 11 ...
 ------ 5 / 11 ...
 ------ 6 / 11 ...
 ------ 7 / 11 ...
 ------ 8 / 11 ...
 ------ 9 / 11 ...
 ------ 10 / 11 ...
 ------ 11 / 11 ...
 ------ 1 / 11 ...
 ------ 2 / 11 ...
 ------ 3 / 11 ...
 ------ 4 / 11 ...
 ------ 5 / 11 ...
 ------ 6 / 11 ...
 ------ 7 / 11 ...
 ------ 8 / 11 ...
 ------ 9 / 11 ...
 ------ 10 / 11 ...
 ------ 11 / 11 ...
(28, 41)

Profiling for Stage (28, 41) with bs(4)
 ------ 1 / 11 ...
 ------ 2 / 11 ...
 ------ 3 / 11 ...
 ------ 4 / 11 ...
 ------ 5 / 11 ...
 ------ 6 / 11 ...
 ------ 7 / 11 ...
 ------ 8 / 11 ...
 ------ 9 / 11 ...
 ------ 10 / 11 ...
 ------ 11 / 11 ...
 ------ 1 / 11 ...
 ------ 2 / 11 ...
 ------ 3 / 11 ...
 ------ 4 / 11 ...
 ------ 5 / 11 ...
 ------ 6 / 11 ...
 ------ 7 / 11 ...
 ------ 8 / 11 ...
 ------ 9 / 11 ...
 ------ 10 / 11 ...
 ------ 11 / 11 ...
(41, 55)

Profiling for Stage (41, 55) with bs(4)
 ------ 1 / 11 ...
 ------ 2 / 11 ...
 ------ 3 / 11 ...
 ------ 4 / 11 ...
 ------ 5 / 11 ...
 ------ 6 / 11 ...
 ------ 7 / 11 ...
 ------ 8 / 11 ...
 ------ 9 / 11 ...
 ------ 10 / 11 ...
 ------ 11 / 11 ...
 ------ 1 / 11 ...
 ------ 2 / 11 ...
 ------ 3 / 11 ...
 ------ 4 / 11 ...
 ------ 5 / 11 ...
 ------ 6 / 11 ...
 ------ 7 / 11 ...
 ------ 8 / 11 ...
 ------ 9 / 11 ...
 ------ 10 / 11 ...
 ------ 11 / 11 ...
110227.0
125208.0
36090.0
36515.0
36151.0
36705.0
35025.0
36858.0
36625.0
36457.0
72979.0
250964.0
72865.0
71604.0
73078.0
73578.0
73365.0
71906.0
73216.0
72013.0
78901.0
79354.0
77604.0
79356.0
78027.0
79504.0
79001.0
376893.0
77523.0
79017.0
108625.0
108692.0
107483.0
108574.0
108742.0
108033.0
108853.0
108742.0
109914.0
107438.0
[105172, 181113, 217036, 217019]

Mean FP TimeList
[[60402, 177, 960], [48577, 2604, 960], [56291, 1384, 960], [56609, 2503, 8]]

Mean BP TimeList
[[186059, 1368, 21], [170205, 2556, 960], [184823, 3030, 960], [209109, 2576, 960]]

Mean DPOH TimeList
[105172, 181113, 217036, 217019]

FP TimeList
[[60402, 3564], [48577, 2344], [56291, 3463], [56609, 2576]]

BP TimeList
[[209109, 3990], [184823, 3516], [170205, 2328], [186059, 21]]

Time Chart for FP
[60402]
[60402, 3564]
[60402, 3564, 48577]
[60402, 3564, 48577, 2344]
[60402, 3564, 48577, 2344, 56291]
[60402, 3564, 48577, 2344, 56291, 3463]
[60402, 3564, 48577, 2344, 56291, 3463, 56609]
[60402, 3564, 48577, 2344, 56291, 3463, 56609, 2576]
[48577, 2344, 56291, 3463, 56609, 2576]
[48577, 2344, 56291, 3463, 56609, 2576]
[56291, 3463, 56609, 2576]
[56291, 3463, 56609, 2576]
[56609, 2576]
[56609, 2576]

FP for each step:  [60402, 60402, 60402, 60402, 60402, 60402, 60402, 60402, 56609, 56609, 56609, 56609, 56609, 56609]

Time Chart for BP
[2576, 209109]
[209109, 3990]
[209109, 3990, 184823]
[209109, 3990, 184823, 3516]
[209109, 3990, 184823, 3516, 170205]
[209109, 3990, 184823, 3516, 170205, 2328]
[209109, 3990, 184823, 3516, 170205, 2328, 186059]
[209109, 3990, 184823, 3516, 170205, 2328, 186059, 21]
[184823, 3516, 170205, 2328, 186059, 21]
[184823, 3516, 170205, 2328, 186059, 21]
[170205, 2328, 186059, 21]
[170205, 2328, 186059, 21]
[186059, 21]
[186059, 21]

BP for each step:  [209109, 209109, 209109, 209109, 209109, 209109, 209109, 209109, 186059, 186059, 186059, 186059, 186059, 186059]
Time without overhead: 3.612096 s

Total Time: 3.612096 s
