========== Stats ==========
iters 10
batchSize 128
numMicro 8
machine 4
log_dir _timeline/resnet_5gh
file ./_parth/partition_8_resnet_128_8.txt
model resnet
===========================
Number of Stages: 8
(0, 6)

Profiling for Stage (0, 6) with bs(16)
 ------ 1 / 11 ...
 ------ 2 / 11 ...
 ------ 3 / 11 ...
 ------ 4 / 11 ...
 ------ 5 / 11 ...
 ------ 6 / 11 ...
 ------ 7 / 11 ...
 ------ 8 / 11 ...
 ------ 9 / 11 ...
 ------ 10 / 11 ...
 ------ 11 / 11 ...
 ------ 1 / 11 ...
 ------ 2 / 11 ...
 ------ 3 / 11 ...
 ------ 4 / 11 ...
 ------ 5 / 11 ...
 ------ 6 / 11 ...
 ------ 7 / 11 ...
 ------ 8 / 11 ...
 ------ 9 / 11 ...
 ------ 10 / 11 ...
 ------ 11 / 11 ...
(6, 12)

Profiling for Stage (6, 12) with bs(16)
 ------ 1 / 11 ...
 ------ 2 / 11 ...
 ------ 3 / 11 ...
 ------ 4 / 11 ...
 ------ 5 / 11 ...
 ------ 6 / 11 ...
 ------ 7 / 11 ...
 ------ 8 / 11 ...
 ------ 9 / 11 ...
 ------ 10 / 11 ...
 ------ 11 / 11 ...
 ------ 1 / 11 ...
 ------ 2 / 11 ...
 ------ 3 / 11 ...
 ------ 4 / 11 ...
 ------ 5 / 11 ...
 ------ 6 / 11 ...
 ------ 7 / 11 ...
 ------ 8 / 11 ...
 ------ 9 / 11 ...
 ------ 10 / 11 ...
 ------ 11 / 11 ...
(12, 19)

Profiling for Stage (12, 19) with bs(16)
 ------ 1 / 11 ...
 ------ 2 / 11 ...
 ------ 3 / 11 ...
 ------ 4 / 11 ...
 ------ 5 / 11 ...
 ------ 6 / 11 ...
 ------ 7 / 11 ...
 ------ 8 / 11 ...
 ------ 9 / 11 ...
 ------ 10 / 11 ...
 ------ 11 / 11 ...
 ------ 1 / 11 ...
 ------ 2 / 11 ...
 ------ 3 / 11 ...
 ------ 4 / 11 ...
 ------ 5 / 11 ...
 ------ 6 / 11 ...
 ------ 7 / 11 ...
 ------ 8 / 11 ...
 ------ 9 / 11 ...
 ------ 10 / 11 ...
 ------ 11 / 11 ...
(19, 26)

Profiling for Stage (19, 26) with bs(16)
 ------ 1 / 11 ...
 ------ 2 / 11 ...
 ------ 3 / 11 ...
 ------ 4 / 11 ...
 ------ 5 / 11 ...
 ------ 6 / 11 ...
 ------ 7 / 11 ...
 ------ 8 / 11 ...
 ------ 9 / 11 ...
 ------ 10 / 11 ...
 ------ 11 / 11 ...
 ------ 1 / 11 ...
 ------ 2 / 11 ...
 ------ 3 / 11 ...
 ------ 4 / 11 ...
 ------ 5 / 11 ...
 ------ 6 / 11 ...
 ------ 7 / 11 ...
 ------ 8 / 11 ...
 ------ 9 / 11 ...
 ------ 10 / 11 ...
 ------ 11 / 11 ...
(26, 32)

Profiling for Stage (26, 32) with bs(16)
 ------ 1 / 11 ...
 ------ 2 / 11 ...
 ------ 3 / 11 ...
 ------ 4 / 11 ...
 ------ 5 / 11 ...
 ------ 6 / 11 ...
 ------ 7 / 11 ...
 ------ 8 / 11 ...
 ------ 9 / 11 ...
 ------ 10 / 11 ...
 ------ 11 / 11 ...
 ------ 1 / 11 ...
 ------ 2 / 11 ...
 ------ 3 / 11 ...
 ------ 4 / 11 ...
 ------ 5 / 11 ...
 ------ 6 / 11 ...
 ------ 7 / 11 ...
 ------ 8 / 11 ...
 ------ 9 / 11 ...
 ------ 10 / 11 ...
 ------ 11 / 11 ...
(32, 39)

Profiling for Stage (32, 39) with bs(16)
 ------ 1 / 11 ...
 ------ 2 / 11 ...
 ------ 3 / 11 ...
 ------ 4 / 11 ...
 ------ 5 / 11 ...
 ------ 6 / 11 ...
 ------ 7 / 11 ...
 ------ 8 / 11 ...
 ------ 9 / 11 ...
 ------ 10 / 11 ...
 ------ 11 / 11 ...
 ------ 1 / 11 ...
 ------ 2 / 11 ...
 ------ 3 / 11 ...
 ------ 4 / 11 ...
 ------ 5 / 11 ...
 ------ 6 / 11 ...
 ------ 7 / 11 ...
 ------ 8 / 11 ...
 ------ 9 / 11 ...
 ------ 10 / 11 ...
 ------ 11 / 11 ...
(39, 45)

Profiling for Stage (39, 45) with bs(16)
 ------ 1 / 11 ...
 ------ 2 / 11 ...
 ------ 3 / 11 ...
 ------ 4 / 11 ...
 ------ 5 / 11 ...
 ------ 6 / 11 ...
 ------ 7 / 11 ...
 ------ 8 / 11 ...
 ------ 9 / 11 ...
 ------ 10 / 11 ...
 ------ 11 / 11 ...
 ------ 1 / 11 ...
 ------ 2 / 11 ...
 ------ 3 / 11 ...
 ------ 4 / 11 ...
 ------ 5 / 11 ...
 ------ 6 / 11 ...
 ------ 7 / 11 ...
 ------ 8 / 11 ...
 ------ 9 / 11 ...
 ------ 10 / 11 ...
 ------ 11 / 11 ...
(45, 55)

Profiling for Stage (45, 55) with bs(16)
 ------ 1 / 11 ...
 ------ 2 / 11 ...
 ------ 3 / 11 ...
 ------ 4 / 11 ...
 ------ 5 / 11 ...
 ------ 6 / 11 ...
 ------ 7 / 11 ...
 ------ 8 / 11 ...
 ------ 9 / 11 ...
 ------ 10 / 11 ...
 ------ 11 / 11 ...
 ------ 1 / 11 ...
 ------ 2 / 11 ...
 ------ 3 / 11 ...
 ------ 4 / 11 ...
 ------ 5 / 11 ...
 ------ 6 / 11 ...
 ------ 7 / 11 ...
 ------ 8 / 11 ...
 ------ 9 / 11 ...
 ------ 10 / 11 ...
 ------ 11 / 11 ...
4220.0
4285.0
3810.0
4189.0
4300.0
4358.0
3801.0
4295.0
3754.0
3805.0
9956.0
10296.0
10014.0
9389.0
9738.0
10088.0
9940.0
9307.0
9968.0
10112.0
105114.0
194044.0
39921.0
40988.0
40091.0
40334.0
40880.0
40658.0
40188.0
40382.0
42970.0
43368.0
43022.0
43021.0
41897.0
42178.0
43163.0
43076.0
43061.0
42399.0
35820.0
37495.0
37167.0
36186.0
36167.0
36846.0
36100.0
36243.0
36132.0
35755.0
42697.0
42701.0
42903.0
42666.0
41798.0
41850.0
42478.0
42181.0
42583.0
42639.0
36693.0
36632.0
36830.0
36659.0
36421.0
36082.0
35912.0
36133.0
35920.0
36996.0
84385.0
389125.0
84678.0
84263.0
84899.0
84684.0
85135.0
84984.0
84712.0
84906.0
[8163, 19761, 124520, 85631, 72782, 84899, 72855, 230354]

Mean FP TimeList
[[74332, 684, 7640], [78233, 9881, 7638], [88009, 10536, 3823], [85411, 5008, 3821], [74928, 5593, 3822], [87016, 5004, 3827], [78230, 4997, 3823], [89468, 5017, 11]]

Mean BP TimeList
[[219227, 9722, 66], [244985, 19233, 7637], [293586, 14478, 7635], [290004, 4979, 3822], [247334, 10566, 3831], [284753, 9765, 3821], [244021, 9703, 3829], [327738, 5779, 3830]]

Mean DPOH TimeList
[8163, 19761, 124520, 85631, 72782, 84899, 72855, 230354]

FP TimeList
[[74332, 17521], [78233, 18174], [88009, 8831], [85411, 9414], [74928, 8826], [87016, 8824], [78230, 8840], [89468, 5779]]

BP TimeList
[[327738, 13533], [244021, 13594], [284753, 14387], [247334, 8810], [290004, 18300], [293586, 26868], [244985, 17359], [219227, 66]]

Time Chart for FP
[74332]
[74332, 17521]
[74332, 17521, 78233]
[74332, 17521, 78233, 18174]
[74332, 17521, 78233, 18174, 88009]
[74332, 17521, 78233, 18174, 88009, 8831]
[74332, 17521, 78233, 18174, 88009, 8831, 85411]
[74332, 17521, 78233, 18174, 88009, 8831, 85411, 9414]
[78233, 18174, 88009, 8831, 85411, 9414, 74928]
[78233, 18174, 88009, 8831, 85411, 9414, 74928, 8826]
[88009, 8831, 85411, 9414, 74928, 8826, 87016]
[88009, 8831, 85411, 9414, 74928, 8826, 87016, 8824]
[85411, 9414, 74928, 8826, 87016, 8824, 78230]
[85411, 9414, 74928, 8826, 87016, 8824, 78230, 8840]
[74928, 8826, 87016, 8824, 78230, 8840, 89468]
[74928, 8826, 87016, 8824, 78230, 8840, 89468, 5779]
[87016, 8824, 78230, 8840, 89468, 5779]
[87016, 8824, 78230, 8840, 89468, 5779]
[78230, 8840, 89468, 5779]
[78230, 8840, 89468, 5779]
[89468, 5779]
[89468, 5779]

FP for each step:  [74332, 74332, 78233, 78233, 88009, 88009, 88009, 88009, 88009, 88009, 88009, 88009, 87016, 87016, 89468, 89468, 89468, 89468, 89468, 89468, 89468, 89468]

Time Chart for BP
[5779, 327738]
[327738, 13533]
[327738, 13533, 244021]
[327738, 13533, 244021, 13594]
[327738, 13533, 244021, 13594, 284753]
[327738, 13533, 244021, 13594, 284753, 14387]
[327738, 13533, 244021, 13594, 284753, 14387, 247334]
[327738, 13533, 244021, 13594, 284753, 14387, 247334, 8810]
[244021, 13594, 284753, 14387, 247334, 8810, 290004]
[244021, 13594, 284753, 14387, 247334, 8810, 290004, 18300]
[284753, 14387, 247334, 8810, 290004, 18300, 293586]
[284753, 14387, 247334, 8810, 290004, 18300, 293586, 26868]
[247334, 8810, 290004, 18300, 293586, 26868, 244985]
[247334, 8810, 290004, 18300, 293586, 26868, 244985, 17359]
[290004, 18300, 293586, 26868, 244985, 17359, 219227]
[290004, 18300, 293586, 26868, 244985, 17359, 219227, 66]
[293586, 26868, 244985, 17359, 219227, 66]
[293586, 26868, 244985, 17359, 219227, 66]
[244985, 17359, 219227, 66]
[244985, 17359, 219227, 66]
[219227, 66]
[219227, 66]

BP for each step:  [327738, 327738, 327738, 327738, 327738, 327738, 327738, 327738, 290004, 290004, 293586, 293586, 293586, 293586, 293586, 293586, 293586, 293586, 244985, 244985, 219227, 219227]
Time without overhead: 8.378002 s

Total Time: 8.378002 s
