========== Stats ==========
iters 10
batchSize 16
numMicro 8
machine 4
log_dir _timeline/resnet_5gh
file ./_parth/partition_4_resnet_16_8.txt
model resnet
===========================
Number of Stages: 4
(0, 16)

Profiling for Stage (0, 16) with bs(2)
 ------ 1 / 11 ...
 ------ 2 / 11 ...
 ------ 3 / 11 ...
 ------ 4 / 11 ...
 ------ 5 / 11 ...
 ------ 6 / 11 ...
 ------ 7 / 11 ...
 ------ 8 / 11 ...
 ------ 9 / 11 ...
 ------ 10 / 11 ...
 ------ 11 / 11 ...
 ------ 1 / 11 ...
 ------ 2 / 11 ...
 ------ 3 / 11 ...
 ------ 4 / 11 ...
 ------ 5 / 11 ...
 ------ 6 / 11 ...
 ------ 7 / 11 ...
 ------ 8 / 11 ...
 ------ 9 / 11 ...
 ------ 10 / 11 ...
 ------ 11 / 11 ...
(16, 30)

Profiling for Stage (16, 30) with bs(2)
 ------ 1 / 11 ...
 ------ 2 / 11 ...
 ------ 3 / 11 ...
 ------ 4 / 11 ...
 ------ 5 / 11 ...
 ------ 6 / 11 ...
 ------ 7 / 11 ...
 ------ 8 / 11 ...
 ------ 9 / 11 ...
 ------ 10 / 11 ...
 ------ 11 / 11 ...
 ------ 1 / 11 ...
 ------ 2 / 11 ...
 ------ 3 / 11 ...
 ------ 4 / 11 ...
 ------ 5 / 11 ...
 ------ 6 / 11 ...
 ------ 7 / 11 ...
 ------ 8 / 11 ...
 ------ 9 / 11 ...
 ------ 10 / 11 ...
 ------ 11 / 11 ...
(30, 42)

Profiling for Stage (30, 42) with bs(2)
 ------ 1 / 11 ...
 ------ 2 / 11 ...
 ------ 3 / 11 ...
 ------ 4 / 11 ...
 ------ 5 / 11 ...
 ------ 6 / 11 ...
 ------ 7 / 11 ...
 ------ 8 / 11 ...
 ------ 9 / 11 ...
 ------ 10 / 11 ...
 ------ 11 / 11 ...
 ------ 1 / 11 ...
 ------ 2 / 11 ...
 ------ 3 / 11 ...
 ------ 4 / 11 ...
 ------ 5 / 11 ...
 ------ 6 / 11 ...
 ------ 7 / 11 ...
 ------ 8 / 11 ...
 ------ 9 / 11 ...
 ------ 10 / 11 ...
 ------ 11 / 11 ...
(42, 55)

Profiling for Stage (42, 55) with bs(2)
 ------ 1 / 11 ...
 ------ 2 / 11 ...
 ------ 3 / 11 ...
 ------ 4 / 11 ...
 ------ 5 / 11 ...
 ------ 6 / 11 ...
 ------ 7 / 11 ...
 ------ 8 / 11 ...
 ------ 9 / 11 ...
 ------ 10 / 11 ...
 ------ 11 / 11 ...
 ------ 1 / 11 ...
 ------ 2 / 11 ...
 ------ 3 / 11 ...
 ------ 4 / 11 ...
 ------ 5 / 11 ...
 ------ 6 / 11 ...
 ------ 7 / 11 ...
 ------ 8 / 11 ...
 ------ 9 / 11 ...
 ------ 10 / 11 ...
 ------ 11 / 11 ...
115674.0
127739.0
36717.0
36329.0
36721.0
36773.0
36715.0
35059.0
35471.0
34964.0
197515.0
385159.0
84501.0
85034.0
85365.0
83515.0
84034.0
85348.0
84604.0
83642.0
73366.0
73075.0
72775.0
72653.0
72162.0
73527.0
73696.0
74131.0
73563.0
71492.0
102495.0
101547.0
102570.0
102127.0
101534.0
101464.0
102172.0
102895.0
102985.0
101523.0
[106432, 251743, 146088, 204262]

Mean FP TimeList
[[33694, 137, 483], [46245, 808, 483], [39264, 1917, 485], [37985, 820, 7]]

Mean BP TimeList
[[110348, 654, 15], [138666, 1597, 485], [120100, 1504, 486], [148846, 1864, 483]]

Mean DPOH TimeList
[106432, 251743, 146088, 204262]

FP TimeList
[[33694, 1291], [46245, 2400], [39264, 1305], [37985, 1864]]

BP TimeList
[[148846, 1987], [120100, 2083], [138666, 1139], [110348, 15]]

Time Chart for FP
[33694]
[33694, 1291]
[33694, 1291, 46245]
[33694, 1291, 46245, 2400]
[33694, 1291, 46245, 2400, 39264]
[33694, 1291, 46245, 2400, 39264, 1305]
[33694, 1291, 46245, 2400, 39264, 1305, 37985]
[33694, 1291, 46245, 2400, 39264, 1305, 37985, 1864]
[46245, 2400, 39264, 1305, 37985, 1864]
[46245, 2400, 39264, 1305, 37985, 1864]
[39264, 1305, 37985, 1864]
[39264, 1305, 37985, 1864]
[37985, 1864]
[37985, 1864]

FP for each step:  [33694, 33694, 46245, 46245, 46245, 46245, 46245, 46245, 46245, 46245, 39264, 39264, 37985, 37985]

Time Chart for BP
[1864, 148846]
[148846, 1987]
[148846, 1987, 120100]
[148846, 1987, 120100, 2083]
[148846, 1987, 120100, 2083, 138666]
[148846, 1987, 120100, 2083, 138666, 1139]
[148846, 1987, 120100, 2083, 138666, 1139, 110348]
[148846, 1987, 120100, 2083, 138666, 1139, 110348, 15]
[120100, 2083, 138666, 1139, 110348, 15]
[120100, 2083, 138666, 1139, 110348, 15]
[138666, 1139, 110348, 15]
[138666, 1139, 110348, 15]
[110348, 15]
[110348, 15]

BP for each step:  [148846, 148846, 148846, 148846, 148846, 148846, 148846, 148846, 138666, 138666, 138666, 138666, 110348, 110348]
Time without overhead: 2.557974 s

Total Time: 2.557974 s
