========== Stats ==========
iters 10
batchSize 16
numMicro 16
machine 4
log_dir _timeline/resnet_5gh
file ./_parth/partition_4_resnet_16_16.txt
model resnet
===========================
Number of Stages: 4
(0, 19)

Profiling for Stage (0, 19) with bs(1)
 ------ 1 / 11 ...
 ------ 2 / 11 ...
 ------ 3 / 11 ...
 ------ 4 / 11 ...
 ------ 5 / 11 ...
 ------ 6 / 11 ...
 ------ 7 / 11 ...
 ------ 8 / 11 ...
 ------ 9 / 11 ...
 ------ 10 / 11 ...
 ------ 11 / 11 ...
 ------ 1 / 11 ...
 ------ 2 / 11 ...
 ------ 3 / 11 ...
 ------ 4 / 11 ...
 ------ 5 / 11 ...
 ------ 6 / 11 ...
 ------ 7 / 11 ...
 ------ 8 / 11 ...
 ------ 9 / 11 ...
 ------ 10 / 11 ...
 ------ 11 / 11 ...
(19, 32)

Profiling for Stage (19, 32) with bs(1)
 ------ 1 / 11 ...
 ------ 2 / 11 ...
 ------ 3 / 11 ...
 ------ 4 / 11 ...
 ------ 5 / 11 ...
 ------ 6 / 11 ...
 ------ 7 / 11 ...
 ------ 8 / 11 ...
 ------ 9 / 11 ...
 ------ 10 / 11 ...
 ------ 11 / 11 ...
 ------ 1 / 11 ...
 ------ 2 / 11 ...
 ------ 3 / 11 ...
 ------ 4 / 11 ...
 ------ 5 / 11 ...
 ------ 6 / 11 ...
 ------ 7 / 11 ...
 ------ 8 / 11 ...
 ------ 9 / 11 ...
 ------ 10 / 11 ...
 ------ 11 / 11 ...
(32, 45)

Profiling for Stage (32, 45) with bs(1)
 ------ 1 / 11 ...
 ------ 2 / 11 ...
 ------ 3 / 11 ...
 ------ 4 / 11 ...
 ------ 5 / 11 ...
 ------ 6 / 11 ...
 ------ 7 / 11 ...
 ------ 8 / 11 ...
 ------ 9 / 11 ...
 ------ 10 / 11 ...
 ------ 11 / 11 ...
 ------ 1 / 11 ...
 ------ 2 / 11 ...
 ------ 3 / 11 ...
 ------ 4 / 11 ...
 ------ 5 / 11 ...
 ------ 6 / 11 ...
 ------ 7 / 11 ...
 ------ 8 / 11 ...
 ------ 9 / 11 ...
 ------ 10 / 11 ...
 ------ 11 / 11 ...
(45, 55)

Profiling for Stage (45, 55) with bs(1)
 ------ 1 / 11 ...
 ------ 2 / 11 ...
 ------ 3 / 11 ...
 ------ 4 / 11 ...
 ------ 5 / 11 ...
 ------ 6 / 11 ...
 ------ 7 / 11 ...
 ------ 8 / 11 ...
 ------ 9 / 11 ...
 ------ 10 / 11 ...
 ------ 11 / 11 ...
 ------ 1 / 11 ...
 ------ 2 / 11 ...
 ------ 3 / 11 ...
 ------ 4 / 11 ...
 ------ 5 / 11 ...
 ------ 6 / 11 ...
 ------ 7 / 11 ...
 ------ 8 / 11 ...
 ------ 9 / 11 ...
 ------ 10 / 11 ...
 ------ 11 / 11 ...
204377.0
218584.0
52796.0
54054.0
54845.0
53785.0
54633.0
55020.0
55261.0
54365.0
79304.0
79526.0
380051.0
78072.0
79805.0
79913.0
78904.0
77501.0
78876.0
77957.0
79955.0
79541.0
77727.0
77425.0
79372.0
79682.0
79521.0
77807.0
79204.0
79355.0
84509.0
85150.0
84707.0
84498.0
84911.0
84557.0
84683.0
83903.0
83680.0
84976.0
[171544, 217981, 157917, 169114]

Mean FP TimeList
[[28951, 1813, 246], [33079, 482, 246], [33026, 479, 245], [29466, 1170, 8]]

Mean BP TimeList
[[97420, 527, 10], [102133, 717, 245], [101221, 2059, 245], [102730, 453, 245]]

Mean DPOH TimeList
[171544, 217981, 157917, 169114]

FP TimeList
[[28951, 728], [33079, 725], [33026, 1415], [29466, 453]]

BP TimeList
[[102730, 2304], [101221, 962], [102133, 772], [97420, 10]]

Time Chart for FP
[28951]
[28951, 728]
[28951, 728, 33079]
[28951, 728, 33079, 725]
[28951, 728, 33079, 725, 33026]
[28951, 728, 33079, 725, 33026, 1415]
[28951, 728, 33079, 725, 33026, 1415, 29466]
[28951, 728, 33079, 725, 33026, 1415, 29466, 453]
[28951, 728, 33079, 725, 33026, 1415, 29466, 453]
[28951, 728, 33079, 725, 33026, 1415, 29466, 453]
[28951, 728, 33079, 725, 33026, 1415, 29466, 453]
[28951, 728, 33079, 725, 33026, 1415, 29466, 453]
[28951, 728, 33079, 725, 33026, 1415, 29466, 453]
[28951, 728, 33079, 725, 33026, 1415, 29466, 453]
[28951, 728, 33079, 725, 33026, 1415, 29466, 453]
[28951, 728, 33079, 725, 33026, 1415, 29466, 453]
[33079, 725, 33026, 1415, 29466, 453]
[33079, 725, 33026, 1415, 29466, 453]
[33026, 1415, 29466, 453]
[33026, 1415, 29466, 453]
[29466, 453]
[29466, 453]

FP for each step:  [28951, 28951, 33079, 33079, 33079, 33079, 33079, 33079, 33079, 33079, 33079, 33079, 33079, 33079, 33079, 33079, 33079, 33079, 33026, 33026, 29466, 29466]

Time Chart for BP
[453, 102730]
[102730, 2304]
[102730, 2304, 101221]
[102730, 2304, 101221, 962]
[102730, 2304, 101221, 962, 102133]
[102730, 2304, 101221, 962, 102133, 772]
[102730, 2304, 101221, 962, 102133, 772, 97420]
[102730, 2304, 101221, 962, 102133, 772, 97420, 10]
[102730, 2304, 101221, 962, 102133, 772, 97420, 10]
[102730, 2304, 101221, 962, 102133, 772, 97420, 10]
[102730, 2304, 101221, 962, 102133, 772, 97420, 10]
[102730, 2304, 101221, 962, 102133, 772, 97420, 10]
[102730, 2304, 101221, 962, 102133, 772, 97420, 10]
[102730, 2304, 101221, 962, 102133, 772, 97420, 10]
[102730, 2304, 101221, 962, 102133, 772, 97420, 10]
[102730, 2304, 101221, 962, 102133, 772, 97420, 10]
[101221, 962, 102133, 772, 97420, 10]
[101221, 962, 102133, 772, 97420, 10]
[102133, 772, 97420, 10]
[102133, 772, 97420, 10]
[97420, 10]
[97420, 10]

BP for each step:  [102730, 102730, 102730, 102730, 102730, 102730, 102730, 102730, 102730, 102730, 102730, 102730, 102730, 102730, 102730, 102730, 102133, 102133, 102133, 102133, 97420, 97420]
Time without overhead: 2.959202 s

Total Time: 2.959202 s
