========== Stats ==========
iters 10
batchSize 16
numMicro 8
machine 4
log_dir _timeline/resnext_h
file ./_parth/partition_4_resnext_16_8.txt
model resnext
===========================
Number of Stages: 4
(0, 14)

Profiling for Stage (0, 14) with bs(2)
 ------ 1 / 11 ...
 ------ 2 / 11 ...
 ------ 3 / 11 ...
 ------ 4 / 11 ...
 ------ 5 / 11 ...
 ------ 6 / 11 ...
 ------ 7 / 11 ...
 ------ 8 / 11 ...
 ------ 9 / 11 ...
 ------ 10 / 11 ...
 ------ 11 / 11 ...
 ------ 1 / 11 ...
 ------ 2 / 11 ...
 ------ 3 / 11 ...
 ------ 4 / 11 ...
 ------ 5 / 11 ...
 ------ 6 / 11 ...
 ------ 7 / 11 ...
 ------ 8 / 11 ...
 ------ 9 / 11 ...
 ------ 10 / 11 ...
 ------ 11 / 11 ...
(14, 32)

Profiling for Stage (14, 32) with bs(2)
 ------ 1 / 11 ...
 ------ 2 / 11 ...
 ------ 3 / 11 ...
 ------ 4 / 11 ...
 ------ 5 / 11 ...
 ------ 6 / 11 ...
 ------ 7 / 11 ...
 ------ 8 / 11 ...
 ------ 9 / 11 ...
 ------ 10 / 11 ...
 ------ 11 / 11 ...
 ------ 1 / 11 ...
 ------ 2 / 11 ...
 ------ 3 / 11 ...
 ------ 4 / 11 ...
 ------ 5 / 11 ...
 ------ 6 / 11 ...
 ------ 7 / 11 ...
 ------ 8 / 11 ...
 ------ 9 / 11 ...
 ------ 10 / 11 ...
 ------ 11 / 11 ...
(32, 61)

Profiling for Stage (32, 61) with bs(2)
 ------ 1 / 11 ...
 ------ 2 / 11 ...
 ------ 3 / 11 ...
 ------ 4 / 11 ...
 ------ 5 / 11 ...
 ------ 6 / 11 ...
 ------ 7 / 11 ...
 ------ 8 / 11 ...
 ------ 9 / 11 ...
 ------ 10 / 11 ...
 ------ 11 / 11 ...
 ------ 1 / 11 ...
 ------ 2 / 11 ...
 ------ 3 / 11 ...
 ------ 4 / 11 ...
 ------ 5 / 11 ...
 ------ 6 / 11 ...
 ------ 7 / 11 ...
 ------ 8 / 11 ...
 ------ 9 / 11 ...
 ------ 10 / 11 ...
 ------ 11 / 11 ...
(61, 106)

Profiling for Stage (61, 106) with bs(2)
 ------ 1 / 11 ...
 ------ 2 / 11 ...
 ------ 3 / 11 ...
 ------ 4 / 11 ...
 ------ 5 / 11 ...
 ------ 6 / 11 ...
 ------ 7 / 11 ...
 ------ 8 / 11 ...
 ------ 9 / 11 ...
 ------ 10 / 11 ...
 ------ 11 / 11 ...
 ------ 1 / 11 ...
 ------ 2 / 11 ...
 ------ 3 / 11 ...
 ------ 4 / 11 ...
 ------ 5 / 11 ...
 ------ 6 / 11 ...
 ------ 7 / 11 ...
 ------ 8 / 11 ...
 ------ 9 / 11 ...
 ------ 10 / 11 ...
 ------ 11 / 11 ...
8885.0
8289.0
7535.0
7365.0
9170.0
8667.0
8292.0
7249.0
7435.0
8398.0
12103.0
10921.0
11417.0
11324.0
11372.0
10948.0
13086.0
13383.0
13667.0
12123.0
20263.0
18143.0
18212.0
18781.0
17749.0
18984.0
17900.0
18206.0
19284.0
20708.0
112406.0
144602.0
52240.0
46400.0
47204.0
54309.0
49536.0
49393.0
46045.0
46530.0
[16257, 24068, 37646, 129733]

Mean FP TimeList
[[68103, 2264, 3903], [73990, 5087, 1963], [73215, 6909, 991], [67253, 8665, 7]]

Mean BP TimeList
[[191350, 7759, 373], [211513, 7495, 3902], [215791, 3861, 1958], [239853, 1488, 980]]

Mean DPOH TimeList
[16257, 24068, 37646, 129733]

FP TimeList
[[68103, 8990], [73990, 8872], [73215, 9656], [67253, 1488]]

BP TimeList
[[239853, 4841], [215791, 9453], [211513, 11661], [191350, 373]]

Time Chart for FP
[68103]
[68103, 8990]
[68103, 8990, 73990]
[68103, 8990, 73990, 8872]
[68103, 8990, 73990, 8872, 73215]
[68103, 8990, 73990, 8872, 73215, 9656]
[68103, 8990, 73990, 8872, 73215, 9656, 67253]
[68103, 8990, 73990, 8872, 73215, 9656, 67253, 1488]
[73990, 8872, 73215, 9656, 67253, 1488]
[73990, 8872, 73215, 9656, 67253, 1488]
[73215, 9656, 67253, 1488]
[73215, 9656, 67253, 1488]
[67253, 1488]
[67253, 1488]

FP for each step:  [68103, 68103, 73990, 73990, 73990, 73990, 73990, 73990, 73990, 73990, 73215, 73215, 67253, 67253]

Time Chart for BP
[1488, 239853]
[239853, 4841]
[239853, 4841, 215791]
[239853, 4841, 215791, 9453]
[239853, 4841, 215791, 9453, 211513]
[239853, 4841, 215791, 9453, 211513, 11661]
[239853, 4841, 215791, 9453, 211513, 11661, 191350]
[239853, 4841, 215791, 9453, 211513, 11661, 191350, 373]
[215791, 9453, 211513, 11661, 191350, 373]
[215791, 9453, 211513, 11661, 191350, 373]
[211513, 11661, 191350, 373]
[211513, 11661, 191350, 373]
[191350, 373]
[191350, 373]

BP for each step:  [239853, 239853, 239853, 239853, 239853, 239853, 239853, 239853, 215791, 215791, 211513, 211513, 191350, 191350]
Time without overhead: 4.165194 s

Total Time: 4.165194 s
