========== Stats ==========
iters 10
batchSize 16
numMicro 16
machine 4
log_dir _timeline/resnext_h
file ./_parth/partition_4_resnext_16_16.txt
model resnext
===========================
Number of Stages: 4
(0, 15)

Profiling for Stage (0, 15) with bs(1)
 ------ 1 / 11 ...
 ------ 2 / 11 ...
 ------ 3 / 11 ...
 ------ 4 / 11 ...
 ------ 5 / 11 ...
 ------ 6 / 11 ...
 ------ 7 / 11 ...
 ------ 8 / 11 ...
 ------ 9 / 11 ...
 ------ 10 / 11 ...
 ------ 11 / 11 ...
 ------ 1 / 11 ...
 ------ 2 / 11 ...
 ------ 3 / 11 ...
 ------ 4 / 11 ...
 ------ 5 / 11 ...
 ------ 6 / 11 ...
 ------ 7 / 11 ...
 ------ 8 / 11 ...
 ------ 9 / 11 ...
 ------ 10 / 11 ...
 ------ 11 / 11 ...
(15, 35)

Profiling for Stage (15, 35) with bs(1)
 ------ 1 / 11 ...
 ------ 2 / 11 ...
 ------ 3 / 11 ...
 ------ 4 / 11 ...
 ------ 5 / 11 ...
 ------ 6 / 11 ...
 ------ 7 / 11 ...
 ------ 8 / 11 ...
 ------ 9 / 11 ...
 ------ 10 / 11 ...
 ------ 11 / 11 ...
 ------ 1 / 11 ...
 ------ 2 / 11 ...
 ------ 3 / 11 ...
 ------ 4 / 11 ...
 ------ 5 / 11 ...
 ------ 6 / 11 ...
 ------ 7 / 11 ...
 ------ 8 / 11 ...
 ------ 9 / 11 ...
 ------ 10 / 11 ...
 ------ 11 / 11 ...
(35, 67)

Profiling for Stage (35, 67) with bs(1)
 ------ 1 / 11 ...
 ------ 2 / 11 ...
 ------ 3 / 11 ...
 ------ 4 / 11 ...
 ------ 5 / 11 ...
 ------ 6 / 11 ...
 ------ 7 / 11 ...
 ------ 8 / 11 ...
 ------ 9 / 11 ...
 ------ 10 / 11 ...
 ------ 11 / 11 ...
 ------ 1 / 11 ...
 ------ 2 / 11 ...
 ------ 3 / 11 ...
 ------ 4 / 11 ...
 ------ 5 / 11 ...
 ------ 6 / 11 ...
 ------ 7 / 11 ...
 ------ 8 / 11 ...
 ------ 9 / 11 ...
 ------ 10 / 11 ...
 ------ 11 / 11 ...
(67, 106)

Profiling for Stage (67, 106) with bs(1)
 ------ 1 / 11 ...
 ------ 2 / 11 ...
 ------ 3 / 11 ...
 ------ 4 / 11 ...
 ------ 5 / 11 ...
 ------ 6 / 11 ...
 ------ 7 / 11 ...
 ------ 8 / 11 ...
 ------ 9 / 11 ...
 ------ 10 / 11 ...
 ------ 11 / 11 ...
 ------ 1 / 11 ...
 ------ 2 / 11 ...
 ------ 3 / 11 ...
 ------ 4 / 11 ...
 ------ 5 / 11 ...
 ------ 6 / 11 ...
 ------ 7 / 11 ...
 ------ 8 / 11 ...
 ------ 9 / 11 ...
 ------ 10 / 11 ...
 ------ 11 / 11 ...
8993.0
13318.0
7953.0
10389.0
9071.0
7794.0
8066.0
8085.0
9274.0
8018.0
16693.0
11917.0
11846.0
14241.0
11601.0
12293.0
12375.0
13748.0
16897.0
12513.0
22012.0
20489.0
19751.0
19715.0
22624.0
23424.0
24336.0
22804.0
19796.0
20127.0
103862.0
134687.0
41958.0
43825.0
41888.0
43294.0
43191.0
43407.0
44128.0
44376.0
[18192, 26824, 43015, 116923]

Mean FP TimeList
[[50383, 460, 1958], [50990, 4907, 985], [46255, 6123, 494], [46282, 842, 9]]

Mean BP TimeList
[[128661, 4949, 190], [135979, 7794, 1955], [158319, 2000, 981], [149039, 8584, 498]]

Mean DPOH TimeList
[18192, 26824, 43015, 116923]

FP TimeList
[[50383, 6865], [50990, 7108], [46255, 1336], [46282, 8584]]

BP TimeList
[[149039, 2498], [158319, 8775], [135979, 6904], [128661, 190]]

Time Chart for FP
[50383]
[50383, 6865]
[50383, 6865, 50990]
[50383, 6865, 50990, 7108]
[50383, 6865, 50990, 7108, 46255]
[50383, 6865, 50990, 7108, 46255, 1336]
[50383, 6865, 50990, 7108, 46255, 1336, 46282]
[50383, 6865, 50990, 7108, 46255, 1336, 46282, 8584]
[50383, 6865, 50990, 7108, 46255, 1336, 46282, 8584]
[50383, 6865, 50990, 7108, 46255, 1336, 46282, 8584]
[50383, 6865, 50990, 7108, 46255, 1336, 46282, 8584]
[50383, 6865, 50990, 7108, 46255, 1336, 46282, 8584]
[50383, 6865, 50990, 7108, 46255, 1336, 46282, 8584]
[50383, 6865, 50990, 7108, 46255, 1336, 46282, 8584]
[50383, 6865, 50990, 7108, 46255, 1336, 46282, 8584]
[50383, 6865, 50990, 7108, 46255, 1336, 46282, 8584]
[50990, 7108, 46255, 1336, 46282, 8584]
[50990, 7108, 46255, 1336, 46282, 8584]
[46255, 1336, 46282, 8584]
[46255, 1336, 46282, 8584]
[46282, 8584]
[46282, 8584]

FP for each step:  [50383, 50383, 50990, 50990, 50990, 50990, 50990, 50990, 50990, 50990, 50990, 50990, 50990, 50990, 50990, 50990, 50990, 50990, 46282, 46282, 46282, 46282]

Time Chart for BP
[8584, 149039]
[149039, 2498]
[149039, 2498, 158319]
[149039, 2498, 158319, 8775]
[149039, 2498, 158319, 8775, 135979]
[149039, 2498, 158319, 8775, 135979, 6904]
[149039, 2498, 158319, 8775, 135979, 6904, 128661]
[149039, 2498, 158319, 8775, 135979, 6904, 128661, 190]
[149039, 2498, 158319, 8775, 135979, 6904, 128661, 190]
[149039, 2498, 158319, 8775, 135979, 6904, 128661, 190]
[149039, 2498, 158319, 8775, 135979, 6904, 128661, 190]
[149039, 2498, 158319, 8775, 135979, 6904, 128661, 190]
[149039, 2498, 158319, 8775, 135979, 6904, 128661, 190]
[149039, 2498, 158319, 8775, 135979, 6904, 128661, 190]
[149039, 2498, 158319, 8775, 135979, 6904, 128661, 190]
[149039, 2498, 158319, 8775, 135979, 6904, 128661, 190]
[158319, 8775, 135979, 6904, 128661, 190]
[158319, 8775, 135979, 6904, 128661, 190]
[135979, 6904, 128661, 190]
[135979, 6904, 128661, 190]
[128661, 190]
[128661, 190]

BP for each step:  [149039, 149039, 158319, 158319, 158319, 158319, 158319, 158319, 158319, 158319, 158319, 158319, 158319, 158319, 158319, 158319, 158319, 158319, 135979, 135979, 128661, 128661]
Time without overhead: 4.462196 s

Total Time: 4.462196 s
