========== Stats ==========
iters 10
batchSize 32
numMicro 16
machine 4
log_dir _timeline/resnext_h
file ./_parth/partition_2_resnext_32_16.txt
model resnext
===========================
Number of Stages: 2
(0, 31)

Profiling for Stage (0, 31) with bs(2)
 ------ 1 / 11 ...
 ------ 2 / 11 ...
 ------ 3 / 11 ...
 ------ 4 / 11 ...
 ------ 5 / 11 ...
 ------ 6 / 11 ...
 ------ 7 / 11 ...
 ------ 8 / 11 ...
 ------ 9 / 11 ...
 ------ 10 / 11 ...
 ------ 11 / 11 ...
 ------ 1 / 11 ...
 ------ 2 / 11 ...
 ------ 3 / 11 ...
 ------ 4 / 11 ...
 ------ 5 / 11 ...
 ------ 6 / 11 ...
 ------ 7 / 11 ...
 ------ 8 / 11 ...
 ------ 9 / 11 ...
 ------ 10 / 11 ...
 ------ 11 / 11 ...
(31, 106)

Profiling for Stage (31, 106) with bs(2)
 ------ 1 / 11 ...
 ------ 2 / 11 ...
 ------ 3 / 11 ...
 ------ 4 / 11 ...
 ------ 5 / 11 ...
 ------ 6 / 11 ...
 ------ 7 / 11 ...
 ------ 8 / 11 ...
 ------ 9 / 11 ...
 ------ 10 / 11 ...
 ------ 11 / 11 ...
 ------ 1 / 11 ...
 ------ 2 / 11 ...
 ------ 3 / 11 ...
 ------ 4 / 11 ...
 ------ 5 / 11 ...
 ------ 6 / 11 ...
 ------ 7 / 11 ...
 ------ 8 / 11 ...
 ------ 9 / 11 ...
 ------ 10 / 11 ...
 ------ 11 / 11 ...
18576.0
18544.0
25392.0
18683.0
19580.0
19315.0
22715.0
19900.0
22945.0
23542.0
233021.0
241757.0
70907.0
68891.0
76716.0
77129.0
78471.0
68234.0
71192.0
69004.0
[41838, 211064]

Mean FP TimeList
[[131539, 4874, 1962], [130302, 16964, 8]]

Mean BP TimeList
[[399518, 3298, 374], [447832, 2698, 1955]]

Mean DPOH TimeList
[41838, 211064]

FP TimeList
[[131539, 18926], [130302, 2698]]

BP TimeList
[[447832, 5253], [399518, 374]]

Time Chart for FP
[131539]
[131539, 18926]
[131539, 18926, 130302]
[131539, 18926, 130302, 2698]
[131539, 18926, 130302, 2698]
[131539, 18926, 130302, 2698]
[131539, 18926, 130302, 2698]
[131539, 18926, 130302, 2698]
[131539, 18926, 130302, 2698]
[131539, 18926, 130302, 2698]
[131539, 18926, 130302, 2698]
[131539, 18926, 130302, 2698]
[131539, 18926, 130302, 2698]
[131539, 18926, 130302, 2698]
[131539, 18926, 130302, 2698]
[131539, 18926, 130302, 2698]
[130302, 2698]
[130302, 2698]

FP for each step:  [131539, 131539, 131539, 131539, 131539, 131539, 131539, 131539, 131539, 131539, 131539, 131539, 131539, 131539, 131539, 131539, 130302, 130302]

Time Chart for BP
[2698, 447832]
[447832, 5253]
[447832, 5253, 399518]
[447832, 5253, 399518, 374]
[447832, 5253, 399518, 374]
[447832, 5253, 399518, 374]
[447832, 5253, 399518, 374]
[447832, 5253, 399518, 374]
[447832, 5253, 399518, 374]
[447832, 5253, 399518, 374]
[447832, 5253, 399518, 374]
[447832, 5253, 399518, 374]
[447832, 5253, 399518, 374]
[447832, 5253, 399518, 374]
[447832, 5253, 399518, 374]
[447832, 5253, 399518, 374]
[399518, 374]
[399518, 374]

BP for each step:  [447832, 447832, 447832, 447832, 447832, 447832, 447832, 447832, 447832, 447832, 447832, 447832, 447832, 447832, 447832, 447832, 399518, 399518]
Time without overhead: 10.329576 s

Total Time: 10.329576 s
