========== Stats ==========
iters 10
batchSize 64
numMicro 16
machine 4
log_dir _timeline/resnet_5gh
file ./_parth/partition_4_resnet_64_16.txt
model resnet
===========================
Number of Stages: 4
(0, 16)

Profiling for Stage (0, 16) with bs(4)
 ------ 1 / 11 ...
 ------ 2 / 11 ...
 ------ 3 / 11 ...
 ------ 4 / 11 ...
 ------ 5 / 11 ...
 ------ 6 / 11 ...
 ------ 7 / 11 ...
 ------ 8 / 11 ...
 ------ 9 / 11 ...
 ------ 10 / 11 ...
 ------ 11 / 11 ...
 ------ 1 / 11 ...
 ------ 2 / 11 ...
 ------ 3 / 11 ...
 ------ 4 / 11 ...
 ------ 5 / 11 ...
 ------ 6 / 11 ...
 ------ 7 / 11 ...
 ------ 8 / 11 ...
 ------ 9 / 11 ...
 ------ 10 / 11 ...
 ------ 11 / 11 ...
(16, 28)

Profiling for Stage (16, 28) with bs(4)
 ------ 1 / 11 ...
 ------ 2 / 11 ...
 ------ 3 / 11 ...
 ------ 4 / 11 ...
 ------ 5 / 11 ...
 ------ 6 / 11 ...
 ------ 7 / 11 ...
 ------ 8 / 11 ...
 ------ 9 / 11 ...
 ------ 10 / 11 ...
 ------ 11 / 11 ...
 ------ 1 / 11 ...
 ------ 2 / 11 ...
 ------ 3 / 11 ...
 ------ 4 / 11 ...
 ------ 5 / 11 ...
 ------ 6 / 11 ...
 ------ 7 / 11 ...
 ------ 8 / 11 ...
 ------ 9 / 11 ...
 ------ 10 / 11 ...
 ------ 11 / 11 ...
(28, 41)

Profiling for Stage (28, 41) with bs(4)
 ------ 1 / 11 ...
 ------ 2 / 11 ...
 ------ 3 / 11 ...
 ------ 4 / 11 ...
 ------ 5 / 11 ...
 ------ 6 / 11 ...
 ------ 7 / 11 ...
 ------ 8 / 11 ...
 ------ 9 / 11 ...
 ------ 10 / 11 ...
 ------ 11 / 11 ...
 ------ 1 / 11 ...
 ------ 2 / 11 ...
 ------ 3 / 11 ...
 ------ 4 / 11 ...
 ------ 5 / 11 ...
 ------ 6 / 11 ...
 ------ 7 / 11 ...
 ------ 8 / 11 ...
 ------ 9 / 11 ...
 ------ 10 / 11 ...
 ------ 11 / 11 ...
(41, 55)

Profiling for Stage (41, 55) with bs(4)
 ------ 1 / 11 ...
 ------ 2 / 11 ...
 ------ 3 / 11 ...
 ------ 4 / 11 ...
 ------ 5 / 11 ...
 ------ 6 / 11 ...
 ------ 7 / 11 ...
 ------ 8 / 11 ...
 ------ 9 / 11 ...
 ------ 10 / 11 ...
 ------ 11 / 11 ...
 ------ 1 / 11 ...
 ------ 2 / 11 ...
 ------ 3 / 11 ...
 ------ 4 / 11 ...
 ------ 5 / 11 ...
 ------ 6 / 11 ...
 ------ 7 / 11 ...
 ------ 8 / 11 ...
 ------ 9 / 11 ...
 ------ 10 / 11 ...
 ------ 11 / 11 ...
113240.0
125395.0
35607.0
36581.0
36498.0
35799.0
35624.0
36618.0
36251.0
37064.0
71701.0
250839.0
73700.0
73971.0
74043.0
71501.0
73659.0
73382.0
73449.0
72797.0
79485.0
78547.0
79518.0
79408.0
78902.0
79428.0
372559.0
79973.0
82895.0
78771.0
108794.0
108585.0
108539.0
108139.0
109171.0
109032.0
108726.0
108579.0
107857.0
108909.0
[105735, 181808, 217897, 217266]

Mean FP TimeList
[[60772, 186, 964], [59754, 1411, 966], [56139, 1420, 964], [55280, 2393, 7]]

Mean BP TimeList
[[187317, 1516, 23], [170693, 2613, 960], [185331, 2747, 961], [209714, 1379, 962]]

Mean DPOH TimeList
[105735, 181808, 217897, 217266]

FP TimeList
[[60772, 2375], [59754, 2386], [56139, 3357], [55280, 1379]]

BP TimeList
[[209714, 3709], [185331, 3574], [170693, 2476], [187317, 23]]

Time Chart for FP
[60772]
[60772, 2375]
[60772, 2375, 59754]
[60772, 2375, 59754, 2386]
[60772, 2375, 59754, 2386, 56139]
[60772, 2375, 59754, 2386, 56139, 3357]
[60772, 2375, 59754, 2386, 56139, 3357, 55280]
[60772, 2375, 59754, 2386, 56139, 3357, 55280, 1379]
[60772, 2375, 59754, 2386, 56139, 3357, 55280, 1379]
[60772, 2375, 59754, 2386, 56139, 3357, 55280, 1379]
[60772, 2375, 59754, 2386, 56139, 3357, 55280, 1379]
[60772, 2375, 59754, 2386, 56139, 3357, 55280, 1379]
[60772, 2375, 59754, 2386, 56139, 3357, 55280, 1379]
[60772, 2375, 59754, 2386, 56139, 3357, 55280, 1379]
[60772, 2375, 59754, 2386, 56139, 3357, 55280, 1379]
[60772, 2375, 59754, 2386, 56139, 3357, 55280, 1379]
[59754, 2386, 56139, 3357, 55280, 1379]
[59754, 2386, 56139, 3357, 55280, 1379]
[56139, 3357, 55280, 1379]
[56139, 3357, 55280, 1379]
[55280, 1379]
[55280, 1379]

FP for each step:  [60772, 60772, 60772, 60772, 60772, 60772, 60772, 60772, 60772, 60772, 60772, 60772, 60772, 60772, 60772, 60772, 59754, 59754, 56139, 56139, 55280, 55280]

Time Chart for BP
[1379, 209714]
[209714, 3709]
[209714, 3709, 185331]
[209714, 3709, 185331, 3574]
[209714, 3709, 185331, 3574, 170693]
[209714, 3709, 185331, 3574, 170693, 2476]
[209714, 3709, 185331, 3574, 170693, 2476, 187317]
[209714, 3709, 185331, 3574, 170693, 2476, 187317, 23]
[209714, 3709, 185331, 3574, 170693, 2476, 187317, 23]
[209714, 3709, 185331, 3574, 170693, 2476, 187317, 23]
[209714, 3709, 185331, 3574, 170693, 2476, 187317, 23]
[209714, 3709, 185331, 3574, 170693, 2476, 187317, 23]
[209714, 3709, 185331, 3574, 170693, 2476, 187317, 23]
[209714, 3709, 185331, 3574, 170693, 2476, 187317, 23]
[209714, 3709, 185331, 3574, 170693, 2476, 187317, 23]
[209714, 3709, 185331, 3574, 170693, 2476, 187317, 23]
[185331, 3574, 170693, 2476, 187317, 23]
[185331, 3574, 170693, 2476, 187317, 23]
[170693, 2476, 187317, 23]
[170693, 2476, 187317, 23]
[187317, 23]
[187317, 23]

BP for each step:  [209714, 209714, 209714, 209714, 209714, 209714, 209714, 209714, 209714, 209714, 209714, 209714, 209714, 209714, 209714, 209714, 187317, 187317, 187317, 187317, 187317, 187317]
Time without overhead: 5.794024 s

Total Time: 5.794024 s
