========== Stats ==========
iters 10
batchSize 32
numMicro 16
machine 4
log_dir _timeline/resnext_h
file ./_parth/partition_4_resnext_32_16.txt
model resnext
===========================
Number of Stages: 4
(0, 14)

Profiling for Stage (0, 14) with bs(2)
 ------ 1 / 11 ...
 ------ 2 / 11 ...
 ------ 3 / 11 ...
 ------ 4 / 11 ...
 ------ 5 / 11 ...
 ------ 6 / 11 ...
 ------ 7 / 11 ...
 ------ 8 / 11 ...
 ------ 9 / 11 ...
 ------ 10 / 11 ...
 ------ 11 / 11 ...
 ------ 1 / 11 ...
 ------ 2 / 11 ...
 ------ 3 / 11 ...
 ------ 4 / 11 ...
 ------ 5 / 11 ...
 ------ 6 / 11 ...
 ------ 7 / 11 ...
 ------ 8 / 11 ...
 ------ 9 / 11 ...
 ------ 10 / 11 ...
 ------ 11 / 11 ...
(14, 32)

Profiling for Stage (14, 32) with bs(2)
 ------ 1 / 11 ...
 ------ 2 / 11 ...
 ------ 3 / 11 ...
 ------ 4 / 11 ...
 ------ 5 / 11 ...
 ------ 6 / 11 ...
 ------ 7 / 11 ...
 ------ 8 / 11 ...
 ------ 9 / 11 ...
 ------ 10 / 11 ...
 ------ 11 / 11 ...
 ------ 1 / 11 ...
 ------ 2 / 11 ...
 ------ 3 / 11 ...
 ------ 4 / 11 ...
 ------ 5 / 11 ...
 ------ 6 / 11 ...
 ------ 7 / 11 ...
 ------ 8 / 11 ...
 ------ 9 / 11 ...
 ------ 10 / 11 ...
 ------ 11 / 11 ...
(32, 61)

Profiling for Stage (32, 61) with bs(2)
 ------ 1 / 11 ...
 ------ 2 / 11 ...
 ------ 3 / 11 ...
 ------ 4 / 11 ...
 ------ 5 / 11 ...
 ------ 6 / 11 ...
 ------ 7 / 11 ...
 ------ 8 / 11 ...
 ------ 9 / 11 ...
 ------ 10 / 11 ...
 ------ 11 / 11 ...
 ------ 1 / 11 ...
 ------ 2 / 11 ...
 ------ 3 / 11 ...
 ------ 4 / 11 ...
 ------ 5 / 11 ...
 ------ 6 / 11 ...
 ------ 7 / 11 ...
 ------ 8 / 11 ...
 ------ 9 / 11 ...
 ------ 10 / 11 ...
 ------ 11 / 11 ...
(61, 106)

Profiling for Stage (61, 106) with bs(2)
 ------ 1 / 11 ...
 ------ 2 / 11 ...
 ------ 3 / 11 ...
 ------ 4 / 11 ...
 ------ 5 / 11 ...
 ------ 6 / 11 ...
 ------ 7 / 11 ...
 ------ 8 / 11 ...
 ------ 9 / 11 ...
 ------ 10 / 11 ...
 ------ 11 / 11 ...
 ------ 1 / 11 ...
 ------ 2 / 11 ...
 ------ 3 / 11 ...
 ------ 4 / 11 ...
 ------ 5 / 11 ...
 ------ 6 / 11 ...
 ------ 7 / 11 ...
 ------ 8 / 11 ...
 ------ 9 / 11 ...
 ------ 10 / 11 ...
 ------ 11 / 11 ...
7419.0
9191.0
7992.0
7744.0
9566.0
8434.0
8508.0
8481.0
8917.0
8011.0
13289.0
11045.0
12240.0
12897.0
10763.0
11113.0
11811.0
17223.0
12495.0
13355.0
19123.0
18860.0
19288.0
17548.0
18257.0
21410.0
19346.0
19839.0
21018.0
19074.0
108013.0
136985.0
44443.0
44505.0
43185.0
45210.0
49581.0
44207.0
44703.0
45964.0
[16852, 25246, 38752, 121359]

Mean FP TimeList
[[67838, 2100, 3906], [75615, 5078, 1954], [70216, 7720, 981], [70212, 6793, 7]]

Mean BP TimeList
[[193387, 5445, 375], [213006, 7628, 3905], [215376, 3841, 1955], [229056, 9480, 983]]

Mean DPOH TimeList
[16852, 25246, 38752, 121359]

FP TimeList
[[67838, 8984], [75615, 9674], [70216, 7774], [70212, 9480]]

BP TimeList
[[229056, 4824], [215376, 9583], [213006, 9350], [193387, 375]]

Time Chart for FP
[67838]
[67838, 8984]
[67838, 8984, 75615]
[67838, 8984, 75615, 9674]
[67838, 8984, 75615, 9674, 70216]
[67838, 8984, 75615, 9674, 70216, 7774]
[67838, 8984, 75615, 9674, 70216, 7774, 70212]
[67838, 8984, 75615, 9674, 70216, 7774, 70212, 9480]
[67838, 8984, 75615, 9674, 70216, 7774, 70212, 9480]
[67838, 8984, 75615, 9674, 70216, 7774, 70212, 9480]
[67838, 8984, 75615, 9674, 70216, 7774, 70212, 9480]
[67838, 8984, 75615, 9674, 70216, 7774, 70212, 9480]
[67838, 8984, 75615, 9674, 70216, 7774, 70212, 9480]
[67838, 8984, 75615, 9674, 70216, 7774, 70212, 9480]
[67838, 8984, 75615, 9674, 70216, 7774, 70212, 9480]
[67838, 8984, 75615, 9674, 70216, 7774, 70212, 9480]
[75615, 9674, 70216, 7774, 70212, 9480]
[75615, 9674, 70216, 7774, 70212, 9480]
[70216, 7774, 70212, 9480]
[70216, 7774, 70212, 9480]
[70212, 9480]
[70212, 9480]

FP for each step:  [67838, 67838, 75615, 75615, 75615, 75615, 75615, 75615, 75615, 75615, 75615, 75615, 75615, 75615, 75615, 75615, 75615, 75615, 70216, 70216, 70212, 70212]

Time Chart for BP
[9480, 229056]
[229056, 4824]
[229056, 4824, 215376]
[229056, 4824, 215376, 9583]
[229056, 4824, 215376, 9583, 213006]
[229056, 4824, 215376, 9583, 213006, 9350]
[229056, 4824, 215376, 9583, 213006, 9350, 193387]
[229056, 4824, 215376, 9583, 213006, 9350, 193387, 375]
[229056, 4824, 215376, 9583, 213006, 9350, 193387, 375]
[229056, 4824, 215376, 9583, 213006, 9350, 193387, 375]
[229056, 4824, 215376, 9583, 213006, 9350, 193387, 375]
[229056, 4824, 215376, 9583, 213006, 9350, 193387, 375]
[229056, 4824, 215376, 9583, 213006, 9350, 193387, 375]
[229056, 4824, 215376, 9583, 213006, 9350, 193387, 375]
[229056, 4824, 215376, 9583, 213006, 9350, 193387, 375]
[229056, 4824, 215376, 9583, 213006, 9350, 193387, 375]
[215376, 9583, 213006, 9350, 193387, 375]
[215376, 9583, 213006, 9350, 193387, 375]
[213006, 9350, 193387, 375]
[213006, 9350, 193387, 375]
[193387, 375]
[193387, 375]

BP for each step:  [229056, 229056, 229056, 229056, 229056, 229056, 229056, 229056, 229056, 229056, 229056, 229056, 229056, 229056, 229056, 229056, 215376, 215376, 213006, 213006, 193387, 193387]
Time without overhead: 6.534806 s

Total Time: 6.534806 s
