========== Stats ==========
iters 10
batchSize 32
numMicro 2
machine 4
log_dir _timeline/resnet_5gh
file ./_parth/partition_4_resnet_32_2.txt
model resnet
===========================
Number of Stages: 4
(0, 12)

Profiling for Stage (0, 12) with bs(16)
 ------ 1 / 11 ...
 ------ 2 / 11 ...
 ------ 3 / 11 ...
 ------ 4 / 11 ...
 ------ 5 / 11 ...
 ------ 6 / 11 ...
 ------ 7 / 11 ...
 ------ 8 / 11 ...
 ------ 9 / 11 ...
 ------ 10 / 11 ...
 ------ 11 / 11 ...
 ------ 1 / 11 ...
 ------ 2 / 11 ...
 ------ 3 / 11 ...
 ------ 4 / 11 ...
 ------ 5 / 11 ...
 ------ 6 / 11 ...
 ------ 7 / 11 ...
 ------ 8 / 11 ...
 ------ 9 / 11 ...
 ------ 10 / 11 ...
 ------ 11 / 11 ...
(12, 26)

Profiling for Stage (12, 26) with bs(16)
 ------ 1 / 11 ...
 ------ 2 / 11 ...
 ------ 3 / 11 ...
 ------ 4 / 11 ...
 ------ 5 / 11 ...
 ------ 6 / 11 ...
 ------ 7 / 11 ...
 ------ 8 / 11 ...
 ------ 9 / 11 ...
 ------ 10 / 11 ...
 ------ 11 / 11 ...
 ------ 1 / 11 ...
 ------ 2 / 11 ...
 ------ 3 / 11 ...
 ------ 4 / 11 ...
 ------ 5 / 11 ...
 ------ 6 / 11 ...
 ------ 7 / 11 ...
 ------ 8 / 11 ...
 ------ 9 / 11 ...
 ------ 10 / 11 ...
 ------ 11 / 11 ...
(26, 39)

Profiling for Stage (26, 39) with bs(16)
 ------ 1 / 11 ...
 ------ 2 / 11 ...
 ------ 3 / 11 ...
 ------ 4 / 11 ...
 ------ 5 / 11 ...
 ------ 6 / 11 ...
 ------ 7 / 11 ...
 ------ 8 / 11 ...
 ------ 9 / 11 ...
 ------ 10 / 11 ...
 ------ 11 / 11 ...
 ------ 1 / 11 ...
 ------ 2 / 11 ...
 ------ 3 / 11 ...
 ------ 4 / 11 ...
 ------ 5 / 11 ...
 ------ 6 / 11 ...
 ------ 7 / 11 ...
 ------ 8 / 11 ...
 ------ 9 / 11 ...
 ------ 10 / 11 ...
 ------ 11 / 11 ...
(39, 55)

Profiling for Stage (39, 55) with bs(16)
 ------ 1 / 11 ...
 ------ 2 / 11 ...
 ------ 3 / 11 ...
 ------ 4 / 11 ...
 ------ 5 / 11 ...
 ------ 6 / 11 ...
 ------ 7 / 11 ...
 ------ 8 / 11 ...
 ------ 9 / 11 ...
 ------ 10 / 11 ...
 ------ 11 / 11 ...
 ------ 1 / 11 ...
 ------ 2 / 11 ...
 ------ 3 / 11 ...
 ------ 4 / 11 ...
 ------ 5 / 11 ...
 ------ 6 / 11 ...
 ------ 7 / 11 ...
 ------ 8 / 11 ...
 ------ 9 / 11 ...
 ------ 10 / 11 ...
 ------ 11 / 11 ...
14337.0
54152.0
13444.0
14355.0
14469.0
14385.0
14786.0
14608.0
14407.0
13862.0
290288.0
389235.0
83431.0
83113.0
83644.0
81853.0
82705.0
83338.0
82570.0
83176.0
79348.0
78157.0
78721.0
78750.0
79494.0
79317.0
79028.0
79651.0
79872.0
77367.0
120913.0
119598.0
119541.0
120605.0
120573.0
120846.0
120462.0
119556.0
119290.0
119525.0
[36561, 268670, 157941, 240181]

Mean FP TimeList
[[153006, 249, 7645], [176941, 9739, 3826], [161779, 6440, 3824], [167303, 4951, 12]]

Mean BP TimeList
[[459820, 9777, 66], [576665, 14592, 7637], [527230, 9694, 3827], [587033, 4962, 3828]]

Mean DPOH TimeList
[36561, 268670, 157941, 240181]

FP TimeList
[[153006, 17384], [176941, 10266], [161779, 8775], [167303, 4962]]

BP TimeList
[[587033, 13522], [527230, 18419], [576665, 17414], [459820, 66]]

Time Chart for FP
[153006]
[153006, 17384]
[176941]
[176941, 10266]
[161779]
[161779, 8775]
[167303]
[167303, 4962]

FP for each step:  [153006, 153006, 176941, 176941, 161779, 161779, 167303, 167303]

Time Chart for BP
[4962, 587033]
[587033, 13522]
[527230]
[527230, 18419]
[576665]
[576665, 17414]
[459820]
[459820, 66]

BP for each step:  [587033, 587033, 527230, 527230, 576665, 576665, 459820, 459820]
Time without overhead: 5.619554 s

Total Time: 5.619554 s
