========== Stats ==========
iters 10
batchSize 16
numMicro 16
machine 4
log_dir _timeline/resnet_5gh
file ./_parth/partition_8_resnet_16_16.txt
model resnet
===========================
Number of Stages: 8
(0, 11)

Profiling for Stage (0, 11) with bs(1)
 ------ 1 / 11 ...
 ------ 2 / 11 ...
 ------ 3 / 11 ...
 ------ 4 / 11 ...
 ------ 5 / 11 ...
 ------ 6 / 11 ...
 ------ 7 / 11 ...
 ------ 8 / 11 ...
 ------ 9 / 11 ...
 ------ 10 / 11 ...
 ------ 11 / 11 ...
 ------ 1 / 11 ...
 ------ 2 / 11 ...
 ------ 3 / 11 ...
 ------ 4 / 11 ...
 ------ 5 / 11 ...
 ------ 6 / 11 ...
 ------ 7 / 11 ...
 ------ 8 / 11 ...
 ------ 9 / 11 ...
 ------ 10 / 11 ...
 ------ 11 / 11 ...
(11, 19)

Profiling for Stage (11, 19) with bs(1)
 ------ 1 / 11 ...
 ------ 2 / 11 ...
 ------ 3 / 11 ...
 ------ 4 / 11 ...
 ------ 5 / 11 ...
 ------ 6 / 11 ...
 ------ 7 / 11 ...
 ------ 8 / 11 ...
 ------ 9 / 11 ...
 ------ 10 / 11 ...
 ------ 11 / 11 ...
 ------ 1 / 11 ...
 ------ 2 / 11 ...
 ------ 3 / 11 ...
 ------ 4 / 11 ...
 ------ 5 / 11 ...
 ------ 6 / 11 ...
 ------ 7 / 11 ...
 ------ 8 / 11 ...
 ------ 9 / 11 ...
 ------ 10 / 11 ...
 ------ 11 / 11 ...
(19, 25)

Profiling for Stage (19, 25) with bs(1)
 ------ 1 / 11 ...
 ------ 2 / 11 ...
 ------ 3 / 11 ...
 ------ 4 / 11 ...
 ------ 5 / 11 ...
 ------ 6 / 11 ...
 ------ 7 / 11 ...
 ------ 8 / 11 ...
 ------ 9 / 11 ...
 ------ 10 / 11 ...
 ------ 11 / 11 ...
 ------ 1 / 11 ...
 ------ 2 / 11 ...
 ------ 3 / 11 ...
 ------ 4 / 11 ...
 ------ 5 / 11 ...
 ------ 6 / 11 ...
 ------ 7 / 11 ...
 ------ 8 / 11 ...
 ------ 9 / 11 ...
 ------ 10 / 11 ...
 ------ 11 / 11 ...
(25, 32)

Profiling for Stage (25, 32) with bs(1)
 ------ 1 / 11 ...
 ------ 2 / 11 ...
 ------ 3 / 11 ...
 ------ 4 / 11 ...
 ------ 5 / 11 ...
 ------ 6 / 11 ...
 ------ 7 / 11 ...
 ------ 8 / 11 ...
 ------ 9 / 11 ...
 ------ 10 / 11 ...
 ------ 11 / 11 ...
 ------ 1 / 11 ...
 ------ 2 / 11 ...
 ------ 3 / 11 ...
 ------ 4 / 11 ...
 ------ 5 / 11 ...
 ------ 6 / 11 ...
 ------ 7 / 11 ...
 ------ 8 / 11 ...
 ------ 9 / 11 ...
 ------ 10 / 11 ...
 ------ 11 / 11 ...
(32, 38)

Profiling for Stage (32, 38) with bs(1)
 ------ 1 / 11 ...
 ------ 2 / 11 ...
 ------ 3 / 11 ...
 ------ 4 / 11 ...
 ------ 5 / 11 ...
 ------ 6 / 11 ...
 ------ 7 / 11 ...
 ------ 8 / 11 ...
 ------ 9 / 11 ...
 ------ 10 / 11 ...
 ------ 11 / 11 ...
 ------ 1 / 11 ...
 ------ 2 / 11 ...
 ------ 3 / 11 ...
 ------ 4 / 11 ...
 ------ 5 / 11 ...
 ------ 6 / 11 ...
 ------ 7 / 11 ...
 ------ 8 / 11 ...
 ------ 9 / 11 ...
 ------ 10 / 11 ...
 ------ 11 / 11 ...
(38, 44)

Profiling for Stage (38, 44) with bs(1)
 ------ 1 / 11 ...
 ------ 2 / 11 ...
 ------ 3 / 11 ...
 ------ 4 / 11 ...
 ------ 5 / 11 ...
 ------ 6 / 11 ...
 ------ 7 / 11 ...
 ------ 8 / 11 ...
 ------ 9 / 11 ...
 ------ 10 / 11 ...
 ------ 11 / 11 ...
 ------ 1 / 11 ...
 ------ 2 / 11 ...
 ------ 3 / 11 ...
 ------ 4 / 11 ...
 ------ 5 / 11 ...
 ------ 6 / 11 ...
 ------ 7 / 11 ...
 ------ 8 / 11 ...
 ------ 9 / 11 ...
 ------ 10 / 11 ...
 ------ 11 / 11 ...
(44, 49)

Profiling for Stage (44, 49) with bs(1)
 ------ 1 / 11 ...
 ------ 2 / 11 ...
 ------ 3 / 11 ...
 ------ 4 / 11 ...
 ------ 5 / 11 ...
 ------ 6 / 11 ...
 ------ 7 / 11 ...
 ------ 8 / 11 ...
 ------ 9 / 11 ...
 ------ 10 / 11 ...
 ------ 11 / 11 ...
 ------ 1 / 11 ...
 ------ 2 / 11 ...
 ------ 3 / 11 ...
 ------ 4 / 11 ...
 ------ 5 / 11 ...
 ------ 6 / 11 ...
 ------ 7 / 11 ...
 ------ 8 / 11 ...
 ------ 9 / 11 ...
 ------ 10 / 11 ...
 ------ 11 / 11 ...
(49, 55)

Profiling for Stage (49, 55) with bs(1)
 ------ 1 / 11 ...
 ------ 2 / 11 ...
 ------ 3 / 11 ...
 ------ 4 / 11 ...
 ------ 5 / 11 ...
 ------ 6 / 11 ...
 ------ 7 / 11 ...
 ------ 8 / 11 ...
 ------ 9 / 11 ...
 ------ 10 / 11 ...
 ------ 11 / 11 ...
 ------ 1 / 11 ...
 ------ 2 / 11 ...
 ------ 3 / 11 ...
 ------ 4 / 11 ...
 ------ 5 / 11 ...
 ------ 6 / 11 ...
 ------ 7 / 11 ...
 ------ 8 / 11 ...
 ------ 9 / 11 ...
 ------ 10 / 11 ...
 ------ 11 / 11 ...
50673.0
52569.0
12470.0
12057.0
12247.0
11601.0
12629.0
11684.0
12491.0
12697.0
100034.0
195103.0
42727.0
42893.0
42585.0
42870.0
41482.0
42502.0
42444.0
42908.0
36668.0
36959.0
36786.0
36169.0
36032.0
36621.0
36111.0
36495.0
36144.0
36628.0
41707.0
42964.0
42626.0
41979.0
42565.0
42931.0
42924.0
42380.0
42495.0
43066.0
36217.0
36367.0
36536.0
36838.0
35887.0
36806.0
36737.0
35971.0
36678.0
36401.0
36855.0
36139.0
37236.0
36977.0
36895.0
36057.0
37250.0
35873.0
36740.0
35825.0
40463.0
41365.0
40922.0
41213.0
41242.0
41394.0
40786.0
40757.0
40494.0
41327.0
49484.0
49864.0
49673.0
49532.0
49549.0
49256.0
49703.0
49229.0
49507.0
49856.0
[40223, 127109, 72922, 85127, 72887, 73169, 81992, 99130]

Mean FP TimeList
[[12426, 559, 489], [15340, 1620, 245], [15115, 451, 245], [17449, 457, 248], [15128, 682, 245], [15519, 458, 245], [17172, 459, 127], [16345, 301, 9]]

Mean BP TimeList
[[45081, 247, 13], [57325, 1886, 484], [49792, 576, 246], [55402, 742, 245], [49843, 577, 246], [50176, 1236, 247], [52706, 1226, 244], [58330, 328, 125]]

Mean DPOH TimeList
[40223, 127109, 72922, 85127, 72887, 73169, 81992, 99130]

FP TimeList
[[12426, 2109], [15340, 696], [15115, 702], [17449, 930], [15128, 703], [15519, 704], [17172, 428], [16345, 328]]

BP TimeList
[[58330, 1351], [52706, 1480], [50176, 824], [49843, 988], [55402, 821], [49792, 2132], [57325, 731], [45081, 13]]

Time Chart for FP
[12426]
[12426, 2109]
[12426, 2109, 15340]
[12426, 2109, 15340, 696]
[12426, 2109, 15340, 696, 15115]
[12426, 2109, 15340, 696, 15115, 702]
[12426, 2109, 15340, 696, 15115, 702, 17449]
[12426, 2109, 15340, 696, 15115, 702, 17449, 930]
[12426, 2109, 15340, 696, 15115, 702, 17449, 930, 15128]
[12426, 2109, 15340, 696, 15115, 702, 17449, 930, 15128, 703]
[12426, 2109, 15340, 696, 15115, 702, 17449, 930, 15128, 703, 15519]
[12426, 2109, 15340, 696, 15115, 702, 17449, 930, 15128, 703, 15519, 704]
[12426, 2109, 15340, 696, 15115, 702, 17449, 930, 15128, 703, 15519, 704, 17172]
[12426, 2109, 15340, 696, 15115, 702, 17449, 930, 15128, 703, 15519, 704, 17172, 428]
[12426, 2109, 15340, 696, 15115, 702, 17449, 930, 15128, 703, 15519, 704, 17172, 428, 16345]
[12426, 2109, 15340, 696, 15115, 702, 17449, 930, 15128, 703, 15519, 704, 17172, 428, 16345, 328]
[15340, 696, 15115, 702, 17449, 930, 15128, 703, 15519, 704, 17172, 428, 16345, 328]
[15340, 696, 15115, 702, 17449, 930, 15128, 703, 15519, 704, 17172, 428, 16345, 328]
[15115, 702, 17449, 930, 15128, 703, 15519, 704, 17172, 428, 16345, 328]
[15115, 702, 17449, 930, 15128, 703, 15519, 704, 17172, 428, 16345, 328]
[17449, 930, 15128, 703, 15519, 704, 17172, 428, 16345, 328]
[17449, 930, 15128, 703, 15519, 704, 17172, 428, 16345, 328]
[15128, 703, 15519, 704, 17172, 428, 16345, 328]
[15128, 703, 15519, 704, 17172, 428, 16345, 328]
[15519, 704, 17172, 428, 16345, 328]
[15519, 704, 17172, 428, 16345, 328]
[17172, 428, 16345, 328]
[17172, 428, 16345, 328]
[16345, 328]
[16345, 328]

FP for each step:  [12426, 12426, 15340, 15340, 15340, 15340, 17449, 17449, 17449, 17449, 17449, 17449, 17449, 17449, 17449, 17449, 17449, 17449, 17449, 17449, 17449, 17449, 17172, 17172, 17172, 17172, 17172, 17172, 16345, 16345]

Time Chart for BP
[328, 58330]
[58330, 1351]
[58330, 1351, 52706]
[58330, 1351, 52706, 1480]
[58330, 1351, 52706, 1480, 50176]
[58330, 1351, 52706, 1480, 50176, 824]
[58330, 1351, 52706, 1480, 50176, 824, 49843]
[58330, 1351, 52706, 1480, 50176, 824, 49843, 988]
[58330, 1351, 52706, 1480, 50176, 824, 49843, 988, 55402]
[58330, 1351, 52706, 1480, 50176, 824, 49843, 988, 55402, 821]
[58330, 1351, 52706, 1480, 50176, 824, 49843, 988, 55402, 821, 49792]
[58330, 1351, 52706, 1480, 50176, 824, 49843, 988, 55402, 821, 49792, 2132]
[58330, 1351, 52706, 1480, 50176, 824, 49843, 988, 55402, 821, 49792, 2132, 57325]
[58330, 1351, 52706, 1480, 50176, 824, 49843, 988, 55402, 821, 49792, 2132, 57325, 731]
[58330, 1351, 52706, 1480, 50176, 824, 49843, 988, 55402, 821, 49792, 2132, 57325, 731, 45081]
[58330, 1351, 52706, 1480, 50176, 824, 49843, 988, 55402, 821, 49792, 2132, 57325, 731, 45081, 13]
[52706, 1480, 50176, 824, 49843, 988, 55402, 821, 49792, 2132, 57325, 731, 45081, 13]
[52706, 1480, 50176, 824, 49843, 988, 55402, 821, 49792, 2132, 57325, 731, 45081, 13]
[50176, 824, 49843, 988, 55402, 821, 49792, 2132, 57325, 731, 45081, 13]
[50176, 824, 49843, 988, 55402, 821, 49792, 2132, 57325, 731, 45081, 13]
[49843, 988, 55402, 821, 49792, 2132, 57325, 731, 45081, 13]
[49843, 988, 55402, 821, 49792, 2132, 57325, 731, 45081, 13]
[55402, 821, 49792, 2132, 57325, 731, 45081, 13]
[55402, 821, 49792, 2132, 57325, 731, 45081, 13]
[49792, 2132, 57325, 731, 45081, 13]
[49792, 2132, 57325, 731, 45081, 13]
[57325, 731, 45081, 13]
[57325, 731, 45081, 13]
[45081, 13]
[45081, 13]

BP for each step:  [58330, 58330, 58330, 58330, 58330, 58330, 58330, 58330, 58330, 58330, 58330, 58330, 58330, 58330, 58330, 58330, 57325, 57325, 57325, 57325, 57325, 57325, 57325, 57325, 57325, 57325, 57325, 57325, 45081, 45081]
Time without overhead: 2.21246 s

Total Time: 2.21246 s
