========== Stats ==========
iters 10
batchSize 16
numMicro 8
machine 4
log_dir _timeline/resnet_5gh
file ./_parth/partition_8_resnet_16_8.txt
model resnet
===========================
Number of Stages: 8
(0, 9)

Profiling for Stage (0, 9) with bs(2)
 ------ 1 / 11 ...
 ------ 2 / 11 ...
 ------ 3 / 11 ...
 ------ 4 / 11 ...
 ------ 5 / 11 ...
 ------ 6 / 11 ...
 ------ 7 / 11 ...
 ------ 8 / 11 ...
 ------ 9 / 11 ...
 ------ 10 / 11 ...
 ------ 11 / 11 ...
 ------ 1 / 11 ...
 ------ 2 / 11 ...
 ------ 3 / 11 ...
 ------ 4 / 11 ...
 ------ 5 / 11 ...
 ------ 6 / 11 ...
 ------ 7 / 11 ...
 ------ 8 / 11 ...
 ------ 9 / 11 ...
 ------ 10 / 11 ...
 ------ 11 / 11 ...
(9, 16)

Profiling for Stage (9, 16) with bs(2)
 ------ 1 / 11 ...
 ------ 2 / 11 ...
 ------ 3 / 11 ...
 ------ 4 / 11 ...
 ------ 5 / 11 ...
 ------ 6 / 11 ...
 ------ 7 / 11 ...
 ------ 8 / 11 ...
 ------ 9 / 11 ...
 ------ 10 / 11 ...
 ------ 11 / 11 ...
 ------ 1 / 11 ...
 ------ 2 / 11 ...
 ------ 3 / 11 ...
 ------ 4 / 11 ...
 ------ 5 / 11 ...
 ------ 6 / 11 ...
 ------ 7 / 11 ...
 ------ 8 / 11 ...
 ------ 9 / 11 ...
 ------ 10 / 11 ...
 ------ 11 / 11 ...
(16, 23)

Profiling for Stage (16, 23) with bs(2)
 ------ 1 / 11 ...
 ------ 2 / 11 ...
 ------ 3 / 11 ...
 ------ 4 / 11 ...
 ------ 5 / 11 ...
 ------ 6 / 11 ...
 ------ 7 / 11 ...
 ------ 8 / 11 ...
 ------ 9 / 11 ...
 ------ 10 / 11 ...
 ------ 11 / 11 ...
 ------ 1 / 11 ...
 ------ 2 / 11 ...
 ------ 3 / 11 ...
 ------ 4 / 11 ...
 ------ 5 / 11 ...
 ------ 6 / 11 ...
 ------ 7 / 11 ...
 ------ 8 / 11 ...
 ------ 9 / 11 ...
 ------ 10 / 11 ...
 ------ 11 / 11 ...
(23, 30)

Profiling for Stage (23, 30) with bs(2)
 ------ 1 / 11 ...
 ------ 2 / 11 ...
 ------ 3 / 11 ...
 ------ 4 / 11 ...
 ------ 5 / 11 ...
 ------ 6 / 11 ...
 ------ 7 / 11 ...
 ------ 8 / 11 ...
 ------ 9 / 11 ...
 ------ 10 / 11 ...
 ------ 11 / 11 ...
 ------ 1 / 11 ...
 ------ 2 / 11 ...
 ------ 3 / 11 ...
 ------ 4 / 11 ...
 ------ 5 / 11 ...
 ------ 6 / 11 ...
 ------ 7 / 11 ...
 ------ 8 / 11 ...
 ------ 9 / 11 ...
 ------ 10 / 11 ...
 ------ 11 / 11 ...
(30, 37)

Profiling for Stage (30, 37) with bs(2)
 ------ 1 / 11 ...
 ------ 2 / 11 ...
 ------ 3 / 11 ...
 ------ 4 / 11 ...
 ------ 5 / 11 ...
 ------ 6 / 11 ...
 ------ 7 / 11 ...
 ------ 8 / 11 ...
 ------ 9 / 11 ...
 ------ 10 / 11 ...
 ------ 11 / 11 ...
 ------ 1 / 11 ...
 ------ 2 / 11 ...
 ------ 3 / 11 ...
 ------ 4 / 11 ...
 ------ 5 / 11 ...
 ------ 6 / 11 ...
 ------ 7 / 11 ...
 ------ 8 / 11 ...
 ------ 9 / 11 ...
 ------ 10 / 11 ...
 ------ 11 / 11 ...
(37, 43)

Profiling for Stage (37, 43) with bs(2)
 ------ 1 / 11 ...
 ------ 2 / 11 ...
 ------ 3 / 11 ...
 ------ 4 / 11 ...
 ------ 5 / 11 ...
 ------ 6 / 11 ...
 ------ 7 / 11 ...
 ------ 8 / 11 ...
 ------ 9 / 11 ...
 ------ 10 / 11 ...
 ------ 11 / 11 ...
 ------ 1 / 11 ...
 ------ 2 / 11 ...
 ------ 3 / 11 ...
 ------ 4 / 11 ...
 ------ 5 / 11 ...
 ------ 6 / 11 ...
 ------ 7 / 11 ...
 ------ 8 / 11 ...
 ------ 9 / 11 ...
 ------ 10 / 11 ...
 ------ 11 / 11 ...
(43, 49)

Profiling for Stage (43, 49) with bs(2)
 ------ 1 / 11 ...
 ------ 2 / 11 ...
 ------ 3 / 11 ...
 ------ 4 / 11 ...
 ------ 5 / 11 ...
 ------ 6 / 11 ...
 ------ 7 / 11 ...
 ------ 8 / 11 ...
 ------ 9 / 11 ...
 ------ 10 / 11 ...
 ------ 11 / 11 ...
 ------ 1 / 11 ...
 ------ 2 / 11 ...
 ------ 3 / 11 ...
 ------ 4 / 11 ...
 ------ 5 / 11 ...
 ------ 6 / 11 ...
 ------ 7 / 11 ...
 ------ 8 / 11 ...
 ------ 9 / 11 ...
 ------ 10 / 11 ...
 ------ 11 / 11 ...
(49, 55)

Profiling for Stage (49, 55) with bs(2)
 ------ 1 / 11 ...
 ------ 2 / 11 ...
 ------ 3 / 11 ...
 ------ 4 / 11 ...
 ------ 5 / 11 ...
 ------ 6 / 11 ...
 ------ 7 / 11 ...
 ------ 8 / 11 ...
 ------ 9 / 11 ...
 ------ 10 / 11 ...
 ------ 11 / 11 ...
 ------ 1 / 11 ...
 ------ 2 / 11 ...
 ------ 3 / 11 ...
 ------ 4 / 11 ...
 ------ 5 / 11 ...
 ------ 6 / 11 ...
 ------ 7 / 11 ...
 ------ 8 / 11 ...
 ------ 9 / 11 ...
 ------ 10 / 11 ...
 ------ 11 / 11 ...
24012.0
31006.0
9345.0
9307.0
9289.0
9387.0
8609.0
9540.0
9540.0
8461.0
59898.0
112990.0
27871.0
28259.0
26784.0
27905.0
27700.0
27714.0
26813.0
26580.0
42939.0
192689.0
41808.0
42856.0
42915.0
43040.0
42386.0
42809.0
41741.0
42607.0
43148.0
42876.0
42011.0
42844.0
42568.0
43395.0
42880.0
42072.0
42909.0
43002.0
42429.0
42164.0
42038.0
41925.0
42213.0
42803.0
42895.0
42136.0
42905.0
42673.0
36735.0
36200.0
36605.0
36310.0
36688.0
36743.0
36154.0
36017.0
36932.0
36680.0
47225.0
46717.0
46809.0
46298.0
46278.0
47821.0
47682.0
46322.0
47722.0
47613.0
49659.0
49440.0
49693.0
49610.0
49798.0
49889.0
49540.0
49797.0
49638.0
49632.0
[25699, 78502, 115158, 85541, 84836, 73012, 94097, 99339]

Mean FP TimeList
[[16157, 859, 969], [15756, 2176, 485], [23012, 788, 486], [22822, 808, 485], [22713, 1472, 483], [19994, 813, 484], [23665, 815, 247], [17371, 443, 8]]

Mean BP TimeList
[[57061, 1970, 14], [58283, 1929, 961], [69392, 1352, 484], [70127, 912, 484], [70353, 1505, 484], [59623, 1328, 484], [73769, 994, 485], [62937, 619, 247]]

Mean DPOH TimeList
[25699, 78502, 115158, 85541, 84836, 73012, 94097, 99339]

FP TimeList
[[16157, 3145], [15756, 1273], [23012, 1294], [22822, 1957], [22713, 1296], [19994, 1299], [23665, 690], [17371, 619]]

BP TimeList
[[62937, 1241], [73769, 1813], [59623, 1989], [70353, 1396], [70127, 1836], [69392, 2413], [58283, 2931], [57061, 14]]

Time Chart for FP
[16157]
[16157, 3145]
[16157, 3145, 15756]
[16157, 3145, 15756, 1273]
[16157, 3145, 15756, 1273, 23012]
[16157, 3145, 15756, 1273, 23012, 1294]
[16157, 3145, 15756, 1273, 23012, 1294, 22822]
[16157, 3145, 15756, 1273, 23012, 1294, 22822, 1957]
[15756, 1273, 23012, 1294, 22822, 1957, 22713]
[15756, 1273, 23012, 1294, 22822, 1957, 22713, 1296]
[23012, 1294, 22822, 1957, 22713, 1296, 19994]
[23012, 1294, 22822, 1957, 22713, 1296, 19994, 1299]
[22822, 1957, 22713, 1296, 19994, 1299, 23665]
[22822, 1957, 22713, 1296, 19994, 1299, 23665, 690]
[22713, 1296, 19994, 1299, 23665, 690, 17371]
[22713, 1296, 19994, 1299, 23665, 690, 17371, 619]
[19994, 1299, 23665, 690, 17371, 619]
[19994, 1299, 23665, 690, 17371, 619]
[23665, 690, 17371, 619]
[23665, 690, 17371, 619]
[17371, 619]
[17371, 619]

FP for each step:  [16157, 16157, 16157, 16157, 23012, 23012, 23012, 23012, 23012, 23012, 23012, 23012, 23665, 23665, 23665, 23665, 23665, 23665, 23665, 23665, 17371, 17371]

Time Chart for BP
[619, 62937]
[62937, 1241]
[62937, 1241, 73769]
[62937, 1241, 73769, 1813]
[62937, 1241, 73769, 1813, 59623]
[62937, 1241, 73769, 1813, 59623, 1989]
[62937, 1241, 73769, 1813, 59623, 1989, 70353]
[62937, 1241, 73769, 1813, 59623, 1989, 70353, 1396]
[73769, 1813, 59623, 1989, 70353, 1396, 70127]
[73769, 1813, 59623, 1989, 70353, 1396, 70127, 1836]
[59623, 1989, 70353, 1396, 70127, 1836, 69392]
[59623, 1989, 70353, 1396, 70127, 1836, 69392, 2413]
[70353, 1396, 70127, 1836, 69392, 2413, 58283]
[70353, 1396, 70127, 1836, 69392, 2413, 58283, 2931]
[70127, 1836, 69392, 2413, 58283, 2931, 57061]
[70127, 1836, 69392, 2413, 58283, 2931, 57061, 14]
[69392, 2413, 58283, 2931, 57061, 14]
[69392, 2413, 58283, 2931, 57061, 14]
[58283, 2931, 57061, 14]
[58283, 2931, 57061, 14]
[57061, 14]
[57061, 14]

BP for each step:  [62937, 62937, 73769, 73769, 73769, 73769, 73769, 73769, 73769, 73769, 70353, 70353, 70353, 70353, 70127, 70127, 69392, 69392, 58283, 58283, 57061, 57061]
Time without overhead: 1.97995 s

Total Time: 1.97995 s
