========== Stats ==========
iters 10
batchSize 16
numMicro 8
machine 4
log_dir _timeline/resnext_h
file ./_parth/partition_8_resnext_16_8.txt
model resnext
===========================
Number of Stages: 8
(0, 8)

Profiling for Stage (0, 8) with bs(2)
 ------ 1 / 11 ...
 ------ 2 / 11 ...
 ------ 3 / 11 ...
 ------ 4 / 11 ...
 ------ 5 / 11 ...
 ------ 6 / 11 ...
 ------ 7 / 11 ...
 ------ 8 / 11 ...
 ------ 9 / 11 ...
 ------ 10 / 11 ...
 ------ 11 / 11 ...
 ------ 1 / 11 ...
 ------ 2 / 11 ...
 ------ 3 / 11 ...
 ------ 4 / 11 ...
 ------ 5 / 11 ...
 ------ 6 / 11 ...
 ------ 7 / 11 ...
 ------ 8 / 11 ...
 ------ 9 / 11 ...
 ------ 10 / 11 ...
 ------ 11 / 11 ...
(8, 14)

Profiling for Stage (8, 14) with bs(2)
 ------ 1 / 11 ...
 ------ 2 / 11 ...
 ------ 3 / 11 ...
 ------ 4 / 11 ...
 ------ 5 / 11 ...
 ------ 6 / 11 ...
 ------ 7 / 11 ...
 ------ 8 / 11 ...
 ------ 9 / 11 ...
 ------ 10 / 11 ...
 ------ 11 / 11 ...
 ------ 1 / 11 ...
 ------ 2 / 11 ...
 ------ 3 / 11 ...
 ------ 4 / 11 ...
 ------ 5 / 11 ...
 ------ 6 / 11 ...
 ------ 7 / 11 ...
 ------ 8 / 11 ...
 ------ 9 / 11 ...
 ------ 10 / 11 ...
 ------ 11 / 11 ...
(14, 20)

Profiling for Stage (14, 20) with bs(2)
 ------ 1 / 11 ...
 ------ 2 / 11 ...
 ------ 3 / 11 ...
 ------ 4 / 11 ...
 ------ 5 / 11 ...
 ------ 6 / 11 ...
 ------ 7 / 11 ...
 ------ 8 / 11 ...
 ------ 9 / 11 ...
 ------ 10 / 11 ...
 ------ 11 / 11 ...
 ------ 1 / 11 ...
 ------ 2 / 11 ...
 ------ 3 / 11 ...
 ------ 4 / 11 ...
 ------ 5 / 11 ...
 ------ 6 / 11 ...
 ------ 7 / 11 ...
 ------ 8 / 11 ...
 ------ 9 / 11 ...
 ------ 10 / 11 ...
 ------ 11 / 11 ...
(20, 31)

Profiling for Stage (20, 31) with bs(2)
 ------ 1 / 11 ...
 ------ 2 / 11 ...
 ------ 3 / 11 ...
 ------ 4 / 11 ...
 ------ 5 / 11 ...
 ------ 6 / 11 ...
 ------ 7 / 11 ...
 ------ 8 / 11 ...
 ------ 9 / 11 ...
 ------ 10 / 11 ...
 ------ 11 / 11 ...
 ------ 1 / 11 ...
 ------ 2 / 11 ...
 ------ 3 / 11 ...
 ------ 4 / 11 ...
 ------ 5 / 11 ...
 ------ 6 / 11 ...
 ------ 7 / 11 ...
 ------ 8 / 11 ...
 ------ 9 / 11 ...
 ------ 10 / 11 ...
 ------ 11 / 11 ...
(31, 44)

Profiling for Stage (31, 44) with bs(2)
 ------ 1 / 11 ...
 ------ 2 / 11 ...
 ------ 3 / 11 ...
 ------ 4 / 11 ...
 ------ 5 / 11 ...
 ------ 6 / 11 ...
 ------ 7 / 11 ...
 ------ 8 / 11 ...
 ------ 9 / 11 ...
 ------ 10 / 11 ...
 ------ 11 / 11 ...
 ------ 1 / 11 ...
 ------ 2 / 11 ...
 ------ 3 / 11 ...
 ------ 4 / 11 ...
 ------ 5 / 11 ...
 ------ 6 / 11 ...
 ------ 7 / 11 ...
 ------ 8 / 11 ...
 ------ 9 / 11 ...
 ------ 10 / 11 ...
 ------ 11 / 11 ...
(44, 59)

Profiling for Stage (44, 59) with bs(2)
 ------ 1 / 11 ...
 ------ 2 / 11 ...
 ------ 3 / 11 ...
 ------ 4 / 11 ...
 ------ 5 / 11 ...
 ------ 6 / 11 ...
 ------ 7 / 11 ...
 ------ 8 / 11 ...
 ------ 9 / 11 ...
 ------ 10 / 11 ...
 ------ 11 / 11 ...
 ------ 1 / 11 ...
 ------ 2 / 11 ...
 ------ 3 / 11 ...
 ------ 4 / 11 ...
 ------ 5 / 11 ...
 ------ 6 / 11 ...
 ------ 7 / 11 ...
 ------ 8 / 11 ...
 ------ 9 / 11 ...
 ------ 10 / 11 ...
 ------ 11 / 11 ...
(59, 80)

Profiling for Stage (59, 80) with bs(2)
 ------ 1 / 11 ...
 ------ 2 / 11 ...
 ------ 3 / 11 ...
 ------ 4 / 11 ...
 ------ 5 / 11 ...
 ------ 6 / 11 ...
 ------ 7 / 11 ...
 ------ 8 / 11 ...
 ------ 9 / 11 ...
 ------ 10 / 11 ...
 ------ 11 / 11 ...
 ------ 1 / 11 ...
 ------ 2 / 11 ...
 ------ 3 / 11 ...
 ------ 4 / 11 ...
 ------ 5 / 11 ...
 ------ 6 / 11 ...
 ------ 7 / 11 ...
 ------ 8 / 11 ...
 ------ 9 / 11 ...
 ------ 10 / 11 ...
 ------ 11 / 11 ...
(80, 106)

Profiling for Stage (80, 106) with bs(2)
 ------ 1 / 11 ...
 ------ 2 / 11 ...
 ------ 3 / 11 ...
 ------ 4 / 11 ...
 ------ 5 / 11 ...
 ------ 6 / 11 ...
 ------ 7 / 11 ...
 ------ 8 / 11 ...
 ------ 9 / 11 ...
 ------ 10 / 11 ...
 ------ 11 / 11 ...
 ------ 1 / 11 ...
 ------ 2 / 11 ...
 ------ 3 / 11 ...
 ------ 4 / 11 ...
 ------ 5 / 11 ...
 ------ 6 / 11 ...
 ------ 7 / 11 ...
 ------ 8 / 11 ...
 ------ 9 / 11 ...
 ------ 10 / 11 ...
 ------ 11 / 11 ...
4228.0
4993.0
4058.0
4601.0
3814.0
4094.0
4118.0
4066.0
4071.0
4236.0
4687.0
4078.0
4709.0
5803.0
4034.0
4511.0
5044.0
4034.0
4113.0
4916.0
4561.0
5746.0
4021.0
4538.0
4164.0
4474.0
4146.0
4210.0
4217.0
3934.0
7418.0
9145.0
8209.0
9053.0
10234.0
7991.0
7924.0
9044.0
9269.0
7126.0
9564.0
10097.0
9182.0
8462.0
9139.0
9430.0
9390.0
8714.0
8589.0
9387.0
12919.0
10231.0
12152.0
11304.0
10425.0
11151.0
11081.0
11025.0
10074.0
9954.0
16258.0
14925.0
14379.0
14944.0
14417.0
14413.0
15118.0
14201.0
14523.0
15339.0
104353.0
127582.0
39441.0
35338.0
39100.0
39632.0
39610.0
38138.0
36746.0
38026.0
[8455, 9185, 8802, 17082, 18390, 22063, 29703, 107593]

Mean FP TimeList
[[35090, 676, 3906], [36148, 5977, 3906], [36760, 5115, 3903], [40717, 5112, 1958], [39351, 4787, 1954], [35645, 2666, 984], [41185, 1426, 980], [34419, 4787, 8]]

Mean BP TimeList
[[100304, 5459, 372], [95149, 9989, 3902], [95983, 11364, 3901], [112492, 5086, 3901], [106934, 5258, 1953], [103561, 3854, 1956], [111192, 2826, 991], [109115, 1472, 985]]

Mean DPOH TimeList
[8455, 9185, 8802, 17082, 18390, 22063, 29703, 107593]

FP TimeList
[[35090, 9883], [36148, 9021], [36760, 9015], [40717, 6745], [39351, 4620], [35645, 2410], [41185, 5767], [34419, 1472]]

BP TimeList
[[109115, 3811], [111192, 4845], [103561, 7214], [106934, 7039], [112492, 15265], [95983, 13890], [95149, 9361], [100304, 372]]

Time Chart for FP
[35090]
[35090, 9883]
[35090, 9883, 36148]
[35090, 9883, 36148, 9021]
[35090, 9883, 36148, 9021, 36760]
[35090, 9883, 36148, 9021, 36760, 9015]
[35090, 9883, 36148, 9021, 36760, 9015, 40717]
[35090, 9883, 36148, 9021, 36760, 9015, 40717, 6745]
[36148, 9021, 36760, 9015, 40717, 6745, 39351]
[36148, 9021, 36760, 9015, 40717, 6745, 39351, 4620]
[36760, 9015, 40717, 6745, 39351, 4620, 35645]
[36760, 9015, 40717, 6745, 39351, 4620, 35645, 2410]
[40717, 6745, 39351, 4620, 35645, 2410, 41185]
[40717, 6745, 39351, 4620, 35645, 2410, 41185, 5767]
[39351, 4620, 35645, 2410, 41185, 5767, 34419]
[39351, 4620, 35645, 2410, 41185, 5767, 34419, 1472]
[35645, 2410, 41185, 5767, 34419, 1472]
[35645, 2410, 41185, 5767, 34419, 1472]
[41185, 5767, 34419, 1472]
[41185, 5767, 34419, 1472]
[34419, 1472]
[34419, 1472]

FP for each step:  [35090, 35090, 36148, 36148, 36760, 36760, 40717, 40717, 40717, 40717, 40717, 40717, 41185, 41185, 41185, 41185, 41185, 41185, 41185, 41185, 34419, 34419]

Time Chart for BP
[1472, 109115]
[109115, 3811]
[109115, 3811, 111192]
[109115, 3811, 111192, 4845]
[109115, 3811, 111192, 4845, 103561]
[109115, 3811, 111192, 4845, 103561, 7214]
[109115, 3811, 111192, 4845, 103561, 7214, 106934]
[109115, 3811, 111192, 4845, 103561, 7214, 106934, 7039]
[111192, 4845, 103561, 7214, 106934, 7039, 112492]
[111192, 4845, 103561, 7214, 106934, 7039, 112492, 15265]
[103561, 7214, 106934, 7039, 112492, 15265, 95983]
[103561, 7214, 106934, 7039, 112492, 15265, 95983, 13890]
[106934, 7039, 112492, 15265, 95983, 13890, 95149]
[106934, 7039, 112492, 15265, 95983, 13890, 95149, 9361]
[112492, 15265, 95983, 13890, 95149, 9361, 100304]
[112492, 15265, 95983, 13890, 95149, 9361, 100304, 372]
[95983, 13890, 95149, 9361, 100304, 372]
[95983, 13890, 95149, 9361, 100304, 372]
[95149, 9361, 100304, 372]
[95149, 9361, 100304, 372]
[100304, 372]
[100304, 372]

BP for each step:  [109115, 109115, 111192, 111192, 111192, 111192, 111192, 111192, 112492, 112492, 112492, 112492, 112492, 112492, 112492, 112492, 100304, 100304, 100304, 100304, 100304, 100304]
Time without overhead: 3.245758 s

Total Time: 3.245758 s
