========== Stats ==========
iters 10
batchSize 32
numMicro 16
machine 4
log_dir _timeline/vgg_3mp
file .txt
model vgg
===========================
Number of Stages: 1
(0, 28)

Profiling for Stage (0, 28) with bs(1)
 ------ 1 / 11 ...
 ------ 2 / 11 ...
 ------ 3 / 11 ...
 ------ 4 / 11 ...
 ------ 5 / 11 ...
 ------ 6 / 11 ...
 ------ 7 / 11 ...
 ------ 8 / 11 ...
 ------ 9 / 11 ...
 ------ 10 / 11 ...
 ------ 11 / 11 ...
 ------ 1 / 11 ...
 ------ 2 / 11 ...
 ------ 3 / 11 ...
 ------ 4 / 11 ...
 ------ 5 / 11 ...
 ------ 6 / 11 ...
 ------ 7 / 11 ...
 ------ 8 / 11 ...
 ------ 9 / 11 ...
 ------ 10 / 11 ...
 ------ 11 / 11 ...
400250.0
381944.0
93978.0
93665.0
93785.0
93864.0
93748.0
94010.0
93628.0
93338.0
[306442]

Mean FP TimeList
[[41012, 305, 7]]

Mean BP TimeList
[[133933, 359, 189]]

Mean DPOH TimeList
[306442]

FP TimeList
[[41012, 359]]

BP TimeList
[[133933, 189]]

Time Chart for FP
[41012]
[41012, 359]
[41012, 359]
[41012, 359]
[41012, 359]
[41012, 359]
[41012, 359]
[41012, 359]
[41012, 359]
[41012, 359]
[41012, 359]
[41012, 359]
[41012, 359]
[41012, 359]
[41012, 359]
[41012, 359]

FP for each step:  [41012, 41012, 41012, 41012, 41012, 41012, 41012, 41012, 41012, 41012, 41012, 41012, 41012, 41012, 41012, 41012]

Time Chart for BP
[359, 133933]
[133933, 189]
[133933, 189]
[133933, 189]
[133933, 189]
[133933, 189]
[133933, 189]
[133933, 189]
[133933, 189]
[133933, 189]
[133933, 189]
[133933, 189]
[133933, 189]
[133933, 189]
[133933, 189]
[133933, 189]

BP for each step:  [133933, 133933, 133933, 133933, 133933, 133933, 133933, 133933, 133933, 133933, 133933, 133933, 133933, 133933, 133933, 133933]
Time without overhead: 2.79912 s

Total Time: 3.105562 s
