========== Stats ==========
iters 10
batchSize 16
numMicro 4
machine 4
log_dir _timeline/vggh
file ./_parth/partition_8_vgg_16_4.txt
model vgg
===========================
Number of Stages: 8
(0, 2)

Profiling for Stage (0, 2) with bs(4)
 ------ 1 / 11 ...
 ------ 2 / 11 ...
 ------ 3 / 11 ...
 ------ 4 / 11 ...
 ------ 5 / 11 ...
 ------ 6 / 11 ...
 ------ 7 / 11 ...
 ------ 8 / 11 ...
 ------ 9 / 11 ...
 ------ 10 / 11 ...
 ------ 11 / 11 ...
 ------ 1 / 11 ...
 ------ 2 / 11 ...
 ------ 3 / 11 ...
 ------ 4 / 11 ...
 ------ 5 / 11 ...
 ------ 6 / 11 ...
 ------ 7 / 11 ...
 ------ 8 / 11 ...
 ------ 9 / 11 ...
 ------ 10 / 11 ...
 ------ 11 / 11 ...
(2, 4)

Profiling for Stage (2, 4) with bs(4)
 ------ 1 / 11 ...
 ------ 2 / 11 ...
 ------ 3 / 11 ...
 ------ 4 / 11 ...
 ------ 5 / 11 ...
 ------ 6 / 11 ...
 ------ 7 / 11 ...
 ------ 8 / 11 ...
 ------ 9 / 11 ...
 ------ 10 / 11 ...
 ------ 11 / 11 ...
 ------ 1 / 11 ...
 ------ 2 / 11 ...
 ------ 3 / 11 ...
 ------ 4 / 11 ...
 ------ 5 / 11 ...
 ------ 6 / 11 ...
 ------ 7 / 11 ...
 ------ 8 / 11 ...
 ------ 9 / 11 ...
 ------ 10 / 11 ...
 ------ 11 / 11 ...
(4, 7)

Profiling for Stage (4, 7) with bs(4)
 ------ 1 / 11 ...
 ------ 2 / 11 ...
 ------ 3 / 11 ...
 ------ 4 / 11 ...
 ------ 5 / 11 ...
 ------ 6 / 11 ...
 ------ 7 / 11 ...
 ------ 8 / 11 ...
 ------ 9 / 11 ...
 ------ 10 / 11 ...
 ------ 11 / 11 ...
 ------ 1 / 11 ...
 ------ 2 / 11 ...
 ------ 3 / 11 ...
 ------ 4 / 11 ...
 ------ 5 / 11 ...
 ------ 6 / 11 ...
 ------ 7 / 11 ...
 ------ 8 / 11 ...
 ------ 9 / 11 ...
 ------ 10 / 11 ...
 ------ 11 / 11 ...
(7, 9)

Profiling for Stage (7, 9) with bs(4)
 ------ 1 / 11 ...
 ------ 2 / 11 ...
 ------ 3 / 11 ...
 ------ 4 / 11 ...
 ------ 5 / 11 ...
 ------ 6 / 11 ...
 ------ 7 / 11 ...
 ------ 8 / 11 ...
 ------ 9 / 11 ...
 ------ 10 / 11 ...
 ------ 11 / 11 ...
 ------ 1 / 11 ...
 ------ 2 / 11 ...
 ------ 3 / 11 ...
 ------ 4 / 11 ...
 ------ 5 / 11 ...
 ------ 6 / 11 ...
 ------ 7 / 11 ...
 ------ 8 / 11 ...
 ------ 9 / 11 ...
 ------ 10 / 11 ...
 ------ 11 / 11 ...
(9, 12)

Profiling for Stage (9, 12) with bs(4)
 ------ 1 / 11 ...
 ------ 2 / 11 ...
 ------ 3 / 11 ...
 ------ 4 / 11 ...
 ------ 5 / 11 ...
 ------ 6 / 11 ...
 ------ 7 / 11 ...
 ------ 8 / 11 ...
 ------ 9 / 11 ...
 ------ 10 / 11 ...
 ------ 11 / 11 ...
 ------ 1 / 11 ...
 ------ 2 / 11 ...
 ------ 3 / 11 ...
 ------ 4 / 11 ...
 ------ 5 / 11 ...
 ------ 6 / 11 ...
 ------ 7 / 11 ...
 ------ 8 / 11 ...
 ------ 9 / 11 ...
 ------ 10 / 11 ...
 ------ 11 / 11 ...
(12, 14)

Profiling for Stage (12, 14) with bs(4)
 ------ 1 / 11 ...
 ------ 2 / 11 ...
 ------ 3 / 11 ...
 ------ 4 / 11 ...
 ------ 5 / 11 ...
 ------ 6 / 11 ...
 ------ 7 / 11 ...
 ------ 8 / 11 ...
 ------ 9 / 11 ...
 ------ 10 / 11 ...
 ------ 11 / 11 ...
 ------ 1 / 11 ...
 ------ 2 / 11 ...
 ------ 3 / 11 ...
 ------ 4 / 11 ...
 ------ 5 / 11 ...
 ------ 6 / 11 ...
 ------ 7 / 11 ...
 ------ 8 / 11 ...
 ------ 9 / 11 ...
 ------ 10 / 11 ...
 ------ 11 / 11 ...
(14, 16)

Profiling for Stage (14, 16) with bs(4)
 ------ 1 / 11 ...
 ------ 2 / 11 ...
 ------ 3 / 11 ...
 ------ 4 / 11 ...
 ------ 5 / 11 ...
 ------ 6 / 11 ...
 ------ 7 / 11 ...
 ------ 8 / 11 ...
 ------ 9 / 11 ...
 ------ 10 / 11 ...
 ------ 11 / 11 ...
 ------ 1 / 11 ...
 ------ 2 / 11 ...
 ------ 3 / 11 ...
 ------ 4 / 11 ...
 ------ 5 / 11 ...
 ------ 6 / 11 ...
 ------ 7 / 11 ...
 ------ 8 / 11 ...
 ------ 9 / 11 ...
 ------ 10 / 11 ...
 ------ 11 / 11 ...
(16, 28)

Profiling for Stage (16, 28) with bs(4)
 ------ 1 / 11 ...
 ------ 2 / 11 ...
 ------ 3 / 11 ...
 ------ 4 / 11 ...
 ------ 5 / 11 ...
 ------ 6 / 11 ...
 ------ 7 / 11 ...
 ------ 8 / 11 ...
 ------ 9 / 11 ...
 ------ 10 / 11 ...
 ------ 11 / 11 ...
 ------ 1 / 11 ...
 ------ 2 / 11 ...
 ------ 3 / 11 ...
 ------ 4 / 11 ...
 ------ 5 / 11 ...
 ------ 6 / 11 ...
 ------ 7 / 11 ...
 ------ 8 / 11 ...
 ------ 9 / 11 ...
 ------ 10 / 11 ...
 ------ 11 / 11 ...
139.0
104.0
98.0
102.0
127.0
84.0
124.0
90.0
107.0
109.0
113.0
102.0
101.0
102.0
123.0
102.0
102.0
102.0
111.0
102.0
575.0
593.0
587.0
595.0
594.0
592.0
594.0
636.0
586.0
603.0
1496.0
1514.0
1466.0
1496.0
1486.0
1485.0
1503.0
1517.0
1497.0
1468.0
2224.0
2222.0
2254.0
2193.0
2212.0
2204.0
2205.0
2217.0
2204.0
2184.0
5801.0
5784.0
5785.0
5833.0
5846.0
5868.0
5770.0
5763.0
5793.0
5804.0
2870.0
2898.0
2897.0
2886.0
2931.0
2902.0
2906.0
2889.0
2910.0
2914.0
80409.0
439257.0
80722.0
80503.0
80475.0
80384.0
80365.0
80463.0
80657.0
80758.0
[216, 212, 1191, 2985, 4423, 11609, 5800, 232798]

Mean FP TimeList
[[22583, 1143, 38159], [12946, 39552, 15642], [23088, 19807, 7803], [26926, 10177, 7856], [19696, 9935, 3906], [23949, 5131, 3912], [13817, 5111, 979], [18048, 1327, 9]]

Mean BP TimeList
[[70907, 40314, 744], [38465, 58918, 31259], [57683, 29555, 15634], [66040, 19714, 7790], [54642, 14843, 7801], [67949, 9930, 3907], [42778, 6314, 3902], [58955, 1339, 980]]

Mean DPOH TimeList
[216, 212, 1191, 2985, 4423, 11609, 5800, 232798]

FP TimeList
[[22583, 77711], [12946, 35449], [23088, 17980], [26926, 17791], [19696, 9037], [23949, 9023], [13817, 2306], [18048, 1339]]

BP TimeList
[[58955, 7294], [42778, 13832], [67949, 18750], [54642, 27515], [66040, 37345], [57683, 74552], [38465, 71573], [70907, 744]]

Time Chart for FP
[22583]
[22583, 77711]
[22583, 77711, 12946]
[22583, 77711, 12946, 35449]
[12946, 35449, 23088]
[12946, 35449, 23088, 17980]
[23088, 17980, 26926]
[23088, 17980, 26926, 17791]
[26926, 17791, 19696]
[26926, 17791, 19696, 9037]
[19696, 9037, 23949]
[19696, 9037, 23949, 9023]
[23949, 9023, 13817]
[23949, 9023, 13817, 2306]
[13817, 2306, 18048]
[13817, 2306, 18048, 1339]
[18048, 1339]
[18048, 1339]

FP for each step:  [22583, 77711, 77711, 77711, 35449, 35449, 26926, 26926, 26926, 26926, 23949, 23949, 23949, 23949, 18048, 18048, 18048, 18048]

Time Chart for BP
[1339, 58955]
[58955, 7294]
[58955, 7294, 42778]
[58955, 7294, 42778, 13832]
[42778, 13832, 67949]
[42778, 13832, 67949, 18750]
[67949, 18750, 54642]
[67949, 18750, 54642, 27515]
[54642, 27515, 66040]
[54642, 27515, 66040, 37345]
[66040, 37345, 57683]
[66040, 37345, 57683, 74552]
[57683, 74552, 38465]
[57683, 74552, 38465, 71573]
[38465, 71573, 70907]
[38465, 71573, 70907, 744]
[70907, 744]
[70907, 744]

BP for each step:  [58955, 58955, 58955, 58955, 67949, 67949, 67949, 67949, 66040, 66040, 66040, 74552, 74552, 74552, 71573, 71573, 70907, 70907]
Time without overhead: 1.816658 s

Total Time: 1.816658 s
