========== Stats ==========
iters 10
batchSize 64
numMicro 16
machine 4
log_dir _timeline/vggh
file ./_parth/partition_8_vgg_64_16.txt
model vgg
===========================
Number of Stages: 8
(0, 2)

Profiling for Stage (0, 2) with bs(4)
 ------ 1 / 11 ...
 ------ 2 / 11 ...
 ------ 3 / 11 ...
 ------ 4 / 11 ...
 ------ 5 / 11 ...
 ------ 6 / 11 ...
 ------ 7 / 11 ...
 ------ 8 / 11 ...
 ------ 9 / 11 ...
 ------ 10 / 11 ...
 ------ 11 / 11 ...
 ------ 1 / 11 ...
 ------ 2 / 11 ...
 ------ 3 / 11 ...
 ------ 4 / 11 ...
 ------ 5 / 11 ...
 ------ 6 / 11 ...
 ------ 7 / 11 ...
 ------ 8 / 11 ...
 ------ 9 / 11 ...
 ------ 10 / 11 ...
 ------ 11 / 11 ...
(2, 4)

Profiling for Stage (2, 4) with bs(4)
 ------ 1 / 11 ...
 ------ 2 / 11 ...
 ------ 3 / 11 ...
 ------ 4 / 11 ...
 ------ 5 / 11 ...
 ------ 6 / 11 ...
 ------ 7 / 11 ...
 ------ 8 / 11 ...
 ------ 9 / 11 ...
 ------ 10 / 11 ...
 ------ 11 / 11 ...
 ------ 1 / 11 ...
 ------ 2 / 11 ...
 ------ 3 / 11 ...
 ------ 4 / 11 ...
 ------ 5 / 11 ...
 ------ 6 / 11 ...
 ------ 7 / 11 ...
 ------ 8 / 11 ...
 ------ 9 / 11 ...
 ------ 10 / 11 ...
 ------ 11 / 11 ...
(4, 7)

Profiling for Stage (4, 7) with bs(4)
 ------ 1 / 11 ...
 ------ 2 / 11 ...
 ------ 3 / 11 ...
 ------ 4 / 11 ...
 ------ 5 / 11 ...
 ------ 6 / 11 ...
 ------ 7 / 11 ...
 ------ 8 / 11 ...
 ------ 9 / 11 ...
 ------ 10 / 11 ...
 ------ 11 / 11 ...
 ------ 1 / 11 ...
 ------ 2 / 11 ...
 ------ 3 / 11 ...
 ------ 4 / 11 ...
 ------ 5 / 11 ...
 ------ 6 / 11 ...
 ------ 7 / 11 ...
 ------ 8 / 11 ...
 ------ 9 / 11 ...
 ------ 10 / 11 ...
 ------ 11 / 11 ...
(7, 9)

Profiling for Stage (7, 9) with bs(4)
 ------ 1 / 11 ...
 ------ 2 / 11 ...
 ------ 3 / 11 ...
 ------ 4 / 11 ...
 ------ 5 / 11 ...
 ------ 6 / 11 ...
 ------ 7 / 11 ...
 ------ 8 / 11 ...
 ------ 9 / 11 ...
 ------ 10 / 11 ...
 ------ 11 / 11 ...
 ------ 1 / 11 ...
 ------ 2 / 11 ...
 ------ 3 / 11 ...
 ------ 4 / 11 ...
 ------ 5 / 11 ...
 ------ 6 / 11 ...
 ------ 7 / 11 ...
 ------ 8 / 11 ...
 ------ 9 / 11 ...
 ------ 10 / 11 ...
 ------ 11 / 11 ...
(9, 12)

Profiling for Stage (9, 12) with bs(4)
 ------ 1 / 11 ...
 ------ 2 / 11 ...
 ------ 3 / 11 ...
 ------ 4 / 11 ...
 ------ 5 / 11 ...
 ------ 6 / 11 ...
 ------ 7 / 11 ...
 ------ 8 / 11 ...
 ------ 9 / 11 ...
 ------ 10 / 11 ...
 ------ 11 / 11 ...
 ------ 1 / 11 ...
 ------ 2 / 11 ...
 ------ 3 / 11 ...
 ------ 4 / 11 ...
 ------ 5 / 11 ...
 ------ 6 / 11 ...
 ------ 7 / 11 ...
 ------ 8 / 11 ...
 ------ 9 / 11 ...
 ------ 10 / 11 ...
 ------ 11 / 11 ...
(12, 14)

Profiling for Stage (12, 14) with bs(4)
 ------ 1 / 11 ...
 ------ 2 / 11 ...
 ------ 3 / 11 ...
 ------ 4 / 11 ...
 ------ 5 / 11 ...
 ------ 6 / 11 ...
 ------ 7 / 11 ...
 ------ 8 / 11 ...
 ------ 9 / 11 ...
 ------ 10 / 11 ...
 ------ 11 / 11 ...
 ------ 1 / 11 ...
 ------ 2 / 11 ...
 ------ 3 / 11 ...
 ------ 4 / 11 ...
 ------ 5 / 11 ...
 ------ 6 / 11 ...
 ------ 7 / 11 ...
 ------ 8 / 11 ...
 ------ 9 / 11 ...
 ------ 10 / 11 ...
 ------ 11 / 11 ...
(14, 16)

Profiling for Stage (14, 16) with bs(4)
 ------ 1 / 11 ...
 ------ 2 / 11 ...
 ------ 3 / 11 ...
 ------ 4 / 11 ...
 ------ 5 / 11 ...
 ------ 6 / 11 ...
 ------ 7 / 11 ...
 ------ 8 / 11 ...
 ------ 9 / 11 ...
 ------ 10 / 11 ...
 ------ 11 / 11 ...
 ------ 1 / 11 ...
 ------ 2 / 11 ...
 ------ 3 / 11 ...
 ------ 4 / 11 ...
 ------ 5 / 11 ...
 ------ 6 / 11 ...
 ------ 7 / 11 ...
 ------ 8 / 11 ...
 ------ 9 / 11 ...
 ------ 10 / 11 ...
 ------ 11 / 11 ...
(16, 28)

Profiling for Stage (16, 28) with bs(4)
 ------ 1 / 11 ...
 ------ 2 / 11 ...
 ------ 3 / 11 ...
 ------ 4 / 11 ...
 ------ 5 / 11 ...
 ------ 6 / 11 ...
 ------ 7 / 11 ...
 ------ 8 / 11 ...
 ------ 9 / 11 ...
 ------ 10 / 11 ...
 ------ 11 / 11 ...
 ------ 1 / 11 ...
 ------ 2 / 11 ...
 ------ 3 / 11 ...
 ------ 4 / 11 ...
 ------ 5 / 11 ...
 ------ 6 / 11 ...
 ------ 7 / 11 ...
 ------ 8 / 11 ...
 ------ 9 / 11 ...
 ------ 10 / 11 ...
 ------ 11 / 11 ...
220.0
90.0
101.0
81.0
99.0
102.0
95.0
95.0
100.0
109.0
101.0
114.0
104.0
102.0
111.0
113.0
103.0
113.0
111.0
102.0
586.0
593.0
594.0
602.0
595.0
593.0
594.0
604.0
595.0
602.0
1517.0
1487.0
1506.0
1485.0
1489.0
1518.0
1512.0
1486.0
1485.0
1478.0
2223.0
2201.0
2202.0
2184.0
2206.0
2244.0
2229.0
2276.0
2221.0
2193.0
5854.0
5805.0
5844.0
5801.0
5754.0
5765.0
5769.0
5795.0
5833.0
5804.0
2884.0
2916.0
2891.0
2898.0
2923.0
2888.0
2878.0
2887.0
2931.0
2923.0
252209.0
438391.0
80449.0
80268.0
80656.0
80466.0
80415.0
80772.0
80079.0
80288.0
[218, 214, 1191, 2992, 4435, 11604, 5803, 266798]

Mean FP TimeList
[[22006, 1139, 38139], [12750, 39151, 15583], [22987, 19832, 7799], [25126, 10020, 7808], [20385, 10016, 3903], [23832, 5101, 3908], [14818, 5146, 981], [18109, 1321, 9]]

Mean BP TimeList
[[72253, 40008, 738], [37259, 58782, 31184], [56848, 29608, 15601], [66006, 19778, 7804], [55181, 14753, 7798], [67571, 9936, 3906], [43125, 6313, 3903], [58837, 1483, 982]]

Mean DPOH TimeList
[218, 214, 1191, 2992, 4435, 11604, 5803, 266798]

FP TimeList
[[22006, 77290], [12750, 35415], [22987, 17819], [25126, 17824], [20385, 9004], [23832, 9054], [14818, 2302], [18109, 1483]]

BP TimeList
[[58837, 7295], [43125, 13839], [67571, 18659], [55181, 27576], [66006, 37412], [56848, 74383], [37259, 71192], [72253, 738]]

Time Chart for FP
[22006]
[22006, 77290]
[22006, 77290, 12750]
[22006, 77290, 12750, 35415]
[22006, 77290, 12750, 35415, 22987]
[22006, 77290, 12750, 35415, 22987, 17819]
[22006, 77290, 12750, 35415, 22987, 17819, 25126]
[22006, 77290, 12750, 35415, 22987, 17819, 25126, 17824]
[22006, 77290, 12750, 35415, 22987, 17819, 25126, 17824, 20385]
[22006, 77290, 12750, 35415, 22987, 17819, 25126, 17824, 20385, 9004]
[22006, 77290, 12750, 35415, 22987, 17819, 25126, 17824, 20385, 9004, 23832]
[22006, 77290, 12750, 35415, 22987, 17819, 25126, 17824, 20385, 9004, 23832, 9054]
[22006, 77290, 12750, 35415, 22987, 17819, 25126, 17824, 20385, 9004, 23832, 9054, 14818]
[22006, 77290, 12750, 35415, 22987, 17819, 25126, 17824, 20385, 9004, 23832, 9054, 14818, 2302]
[22006, 77290, 12750, 35415, 22987, 17819, 25126, 17824, 20385, 9004, 23832, 9054, 14818, 2302, 18109]
[22006, 77290, 12750, 35415, 22987, 17819, 25126, 17824, 20385, 9004, 23832, 9054, 14818, 2302, 18109, 1483]
[12750, 35415, 22987, 17819, 25126, 17824, 20385, 9004, 23832, 9054, 14818, 2302, 18109, 1483]
[12750, 35415, 22987, 17819, 25126, 17824, 20385, 9004, 23832, 9054, 14818, 2302, 18109, 1483]
[22987, 17819, 25126, 17824, 20385, 9004, 23832, 9054, 14818, 2302, 18109, 1483]
[22987, 17819, 25126, 17824, 20385, 9004, 23832, 9054, 14818, 2302, 18109, 1483]
[25126, 17824, 20385, 9004, 23832, 9054, 14818, 2302, 18109, 1483]
[25126, 17824, 20385, 9004, 23832, 9054, 14818, 2302, 18109, 1483]
[20385, 9004, 23832, 9054, 14818, 2302, 18109, 1483]
[20385, 9004, 23832, 9054, 14818, 2302, 18109, 1483]
[23832, 9054, 14818, 2302, 18109, 1483]
[23832, 9054, 14818, 2302, 18109, 1483]
[14818, 2302, 18109, 1483]
[14818, 2302, 18109, 1483]
[18109, 1483]
[18109, 1483]

FP for each step:  [22006, 77290, 77290, 77290, 77290, 77290, 77290, 77290, 77290, 77290, 77290, 77290, 77290, 77290, 77290, 77290, 35415, 35415, 25126, 25126, 25126, 25126, 23832, 23832, 23832, 23832, 18109, 18109, 18109, 18109]

Time Chart for BP
[1483, 58837]
[58837, 7295]
[58837, 7295, 43125]
[58837, 7295, 43125, 13839]
[58837, 7295, 43125, 13839, 67571]
[58837, 7295, 43125, 13839, 67571, 18659]
[58837, 7295, 43125, 13839, 67571, 18659, 55181]
[58837, 7295, 43125, 13839, 67571, 18659, 55181, 27576]
[58837, 7295, 43125, 13839, 67571, 18659, 55181, 27576, 66006]
[58837, 7295, 43125, 13839, 67571, 18659, 55181, 27576, 66006, 37412]
[58837, 7295, 43125, 13839, 67571, 18659, 55181, 27576, 66006, 37412, 56848]
[58837, 7295, 43125, 13839, 67571, 18659, 55181, 27576, 66006, 37412, 56848, 74383]
[58837, 7295, 43125, 13839, 67571, 18659, 55181, 27576, 66006, 37412, 56848, 74383, 37259]
[58837, 7295, 43125, 13839, 67571, 18659, 55181, 27576, 66006, 37412, 56848, 74383, 37259, 71192]
[58837, 7295, 43125, 13839, 67571, 18659, 55181, 27576, 66006, 37412, 56848, 74383, 37259, 71192, 72253]
[58837, 7295, 43125, 13839, 67571, 18659, 55181, 27576, 66006, 37412, 56848, 74383, 37259, 71192, 72253, 738]
[43125, 13839, 67571, 18659, 55181, 27576, 66006, 37412, 56848, 74383, 37259, 71192, 72253, 738]
[43125, 13839, 67571, 18659, 55181, 27576, 66006, 37412, 56848, 74383, 37259, 71192, 72253, 738]
[67571, 18659, 55181, 27576, 66006, 37412, 56848, 74383, 37259, 71192, 72253, 738]
[67571, 18659, 55181, 27576, 66006, 37412, 56848, 74383, 37259, 71192, 72253, 738]
[55181, 27576, 66006, 37412, 56848, 74383, 37259, 71192, 72253, 738]
[55181, 27576, 66006, 37412, 56848, 74383, 37259, 71192, 72253, 738]
[66006, 37412, 56848, 74383, 37259, 71192, 72253, 738]
[66006, 37412, 56848, 74383, 37259, 71192, 72253, 738]
[56848, 74383, 37259, 71192, 72253, 738]
[56848, 74383, 37259, 71192, 72253, 738]
[37259, 71192, 72253, 738]
[37259, 71192, 72253, 738]
[72253, 738]
[72253, 738]

BP for each step:  [58837, 58837, 58837, 58837, 67571, 67571, 67571, 67571, 67571, 67571, 67571, 74383, 74383, 74383, 74383, 74383, 74383, 74383, 74383, 74383, 74383, 74383, 74383, 74383, 74383, 74383, 72253, 72253, 72253, 72253]
Time without overhead: 3.633556 s

Total Time: 3.633556 s
