========== Stats ==========
iters 10
batchSize 32
numMicro 8
machine 4
log_dir _timeline/vgg_3mp
file .txt
model vgg
===========================
Number of Stages: 1
(0, 28)

Profiling for Stage (0, 28) with bs(1)
 ------ 1 / 11 ...
 ------ 2 / 11 ...
 ------ 3 / 11 ...
 ------ 4 / 11 ...
 ------ 5 / 11 ...
 ------ 6 / 11 ...
 ------ 7 / 11 ...
 ------ 8 / 11 ...
 ------ 9 / 11 ...
 ------ 10 / 11 ...
 ------ 11 / 11 ...
 ------ 1 / 11 ...
 ------ 2 / 11 ...
 ------ 3 / 11 ...
 ------ 4 / 11 ...
 ------ 5 / 11 ...
 ------ 6 / 11 ...
 ------ 7 / 11 ...
 ------ 8 / 11 ...
 ------ 9 / 11 ...
 ------ 10 / 11 ...
 ------ 11 / 11 ...
316444.0
556334.0
93933.0
93580.0
93109.0
94181.0
93922.0
93975.0
94221.0
93965.0
[324732]

Mean FP TimeList
[[40774, 389, 6]]

Mean BP TimeList
[[134007, 299, 189]]

Mean DPOH TimeList
[324732]

FP TimeList
[[40774, 299]]

BP TimeList
[[134007, 189]]

Time Chart for FP
[40774]
[40774, 299]
[40774, 299]
[40774, 299]
[40774, 299]
[40774, 299]
[40774, 299]
[40774, 299]

FP for each step:  [40774, 40774, 40774, 40774, 40774, 40774, 40774, 40774]

Time Chart for BP
[299, 134007]
[134007, 189]
[134007, 189]
[134007, 189]
[134007, 189]
[134007, 189]
[134007, 189]
[134007, 189]

BP for each step:  [134007, 134007, 134007, 134007, 134007, 134007, 134007, 134007]
Time without overhead: 1.398248 s

Total Time: 1.72298 s
