========== Stats ==========
iters 10
batchSize 128
numMicro 2
machine 4
log_dir _timeline/vgg_3mp
file .txt
model vgg
===========================
Number of Stages: 1
(0, 28)

Profiling for Stage (0, 28) with bs(8)
 ------ 1 / 11 ...
 ------ 2 / 11 ...
 ------ 3 / 11 ...
 ------ 4 / 11 ...
 ------ 5 / 11 ...
 ------ 6 / 11 ...
 ------ 7 / 11 ...
 ------ 8 / 11 ...
 ------ 9 / 11 ...
 ------ 10 / 11 ...
 ------ 11 / 11 ...
 ------ 1 / 11 ...
 ------ 2 / 11 ...
 ------ 3 / 11 ...
 ------ 4 / 11 ...
 ------ 5 / 11 ...
 ------ 6 / 11 ...
 ------ 7 / 11 ...
 ------ 8 / 11 ...
 ------ 9 / 11 ...
 ------ 10 / 11 ...
 ------ 11 / 11 ...
316804.0
257723.0
363078.0
94017.0
94076.0
93545.0
93170.0
93850.0
93376.0
93371.0
[318602]

Mean FP TimeList
[[273772, 2056, 10]]

Mean BP TimeList
[[746020, 2068, 1469]]

Mean DPOH TimeList
[318602]

FP TimeList
[[273772, 2068]]

BP TimeList
[[746020, 1469]]

Time Chart for FP
[273772]
[273772, 2068]

FP for each step:  [273772, 273772]

Time Chart for BP
[2068, 746020]
[746020, 1469]

BP for each step:  [746020, 746020]
Time without overhead: 2.039584 s

Total Time: 2.358186 s
