========== Stats ==========
iters 10
batchSize 64
numMicro 16
machine 4
log_dir _timeline/vgg_3mp
file .txt
model vgg
===========================
Number of Stages: 2
(12, 28)

Profiling for Stage (12, 28) with bs(1)
 ------ 1 / 11 ...
 ------ 2 / 11 ...
 ------ 3 / 11 ...
 ------ 4 / 11 ...
 ------ 5 / 11 ...
 ------ 6 / 11 ...
 ------ 7 / 11 ...
 ------ 8 / 11 ...
 ------ 9 / 11 ...
 ------ 10 / 11 ...
 ------ 11 / 11 ...
 ------ 1 / 11 ...
 ------ 2 / 11 ...
 ------ 3 / 11 ...
 ------ 4 / 11 ...
 ------ 5 / 11 ...
 ------ 6 / 11 ...
 ------ 7 / 11 ...
 ------ 8 / 11 ...
 ------ 9 / 11 ...
 ------ 10 / 11 ...
 ------ 11 / 11 ...
(0, 12)

Profiling for Stage (0, 12) with bs(1)
 ------ 1 / 11 ...
 ------ 2 / 11 ...
 ------ 3 / 11 ...
 ------ 4 / 11 ...
 ------ 5 / 11 ...
 ------ 6 / 11 ...
 ------ 7 / 11 ...
 ------ 8 / 11 ...
 ------ 9 / 11 ...
 ------ 10 / 11 ...
 ------ 11 / 11 ...
 ------ 1 / 11 ...
 ------ 2 / 11 ...
 ------ 3 / 11 ...
 ------ 4 / 11 ...
 ------ 5 / 11 ...
 ------ 6 / 11 ...
 ------ 7 / 11 ...
 ------ 8 / 11 ...
 ------ 9 / 11 ...
 ------ 10 / 11 ...
 ------ 11 / 11 ...
4646.0
4696.0
4749.0
4704.0
4614.0
4662.0
4405.0
4513.0
4562.0
4678.0
327877.0
248090.0
89626.0
89263.0
89398.0
89395.0
89540.0
88884.0
89521.0
89204.0
[9245, 258159]

Mean FP TimeList
[[22352, 396, 988], [18401, 1354, 6]]

Mean BP TimeList
[[64029, 1633, 190], [68163, 1414, 980]]

Mean DPOH TimeList
[9245, 258159]

FP TimeList
[[22352, 9002], [18401, 1414]]

BP TimeList
[[68163, 4573, 68163, 4573, 68163, 4573, 68163, 4573, 68163, 4573], [64029, 190]]

Time Chart for FP
[22352]
[22352, 9002]
[22352, 9002, 18401]
[22352, 9002, 18401, 1414]
[22352, 9002, 18401, 1414]
[22352, 9002, 18401, 1414]
[22352, 9002, 18401, 1414]
[22352, 9002, 18401, 1414]
[22352, 9002, 18401, 1414]
[22352, 9002, 18401, 1414]
[22352, 9002, 18401, 1414]
[22352, 9002, 18401, 1414]
[22352, 9002, 18401, 1414]
[22352, 9002, 18401, 1414]
[22352, 9002, 18401, 1414]
[22352, 9002, 18401, 1414]
[18401, 1414]
[18401, 1414]

FP for each step:  [22352, 22352, 22352, 22352, 22352, 22352, 22352, 22352, 22352, 22352, 22352, 22352, 22352, 22352, 22352, 22352, 18401, 18401]

Time Chart for BP
[1414, 68163]
[68163, 4573]
[68163, 4573, 64029]
[68163, 4573, 64029, 190]
[68163, 4573, 64029, 190]
[68163, 4573, 64029, 190]
[68163, 4573, 64029, 190]
[68163, 4573, 64029, 190]
[68163, 4573, 64029, 190]
[68163, 4573, 64029, 190]
[68163, 4573, 64029, 190]
[68163, 4573, 64029, 190]
[68163, 4573, 64029, 190]
[68163, 4573, 64029, 190]
[68163, 4573, 64029, 190]
[68163, 4573, 64029, 190]
[64029, 190]
[64029, 190]

BP for each step:  [68163, 68163, 68163, 68163, 68163, 68163, 68163, 68163, 68163, 68163, 68163, 68163, 68163, 68163, 68163, 68163, 64029, 64029]
Time without overhead: 1.6131 s

Total Time: 1.880504 s
