========== Stats ==========
iters 10
batchSize 128
numMicro 2
machine 4
log_dir _timeline/vgg_3mp
file .txt
model vgg
===========================
Number of Stages: 1
(0, 28)

Profiling for Stage (0, 28) with bs(16)
 ------ 1 / 11 ...
 ------ 2 / 11 ...
 ------ 3 / 11 ...
 ------ 4 / 11 ...
 ------ 5 / 11 ...
 ------ 6 / 11 ...
 ------ 7 / 11 ...
 ------ 8 / 11 ...
 ------ 9 / 11 ...
 ------ 10 / 11 ...
 ------ 11 / 11 ...
 ------ 1 / 11 ...
 ------ 2 / 11 ...
 ------ 3 / 11 ...
 ------ 4 / 11 ...
 ------ 5 / 11 ...
 ------ 6 / 11 ...
 ------ 7 / 11 ...
 ------ 8 / 11 ...
 ------ 9 / 11 ...
 ------ 10 / 11 ...
 ------ 11 / 11 ...
93742.0
93542.0
93525.0
93565.0
93161.0
93314.0
93741.0
93854.0
93235.0
93910.0
[187117]

Mean FP TimeList
[[358655, 3897, 13]]

Mean BP TimeList
[[1279935, 4145, 2930]]

Mean DPOH TimeList
[187117]

FP TimeList
[[358655, 4145]]

BP TimeList
[[1279935, 2930]]

Time Chart for FP
[358655]
[358655, 4145]

FP for each step:  [358655, 358655]

Time Chart for BP
[4145, 1279935]
[1279935, 2930]

BP for each step:  [1279935, 1279935]
Time without overhead: 3.27718 s

Total Time: 3.464297 s
