========== Stats ==========
iters 10
batchSize 64
numMicro 4
machine 4
log_dir _timeline/vggh
file ./_parth/partition_8_vgg_64_4.txt
model vgg
===========================
Number of Stages: 8
(0, 1)

Profiling for Stage (0, 1) with bs(16)
 ------ 1 / 11 ...
 ------ 2 / 11 ...
 ------ 3 / 11 ...
 ------ 4 / 11 ...
 ------ 5 / 11 ...
 ------ 6 / 11 ...
 ------ 7 / 11 ...
 ------ 8 / 11 ...
 ------ 9 / 11 ...
 ------ 10 / 11 ...
 ------ 11 / 11 ...
 ------ 1 / 11 ...
 ------ 2 / 11 ...
 ------ 3 / 11 ...
 ------ 4 / 11 ...
 ------ 5 / 11 ...
 ------ 6 / 11 ...
 ------ 7 / 11 ...
 ------ 8 / 11 ...
 ------ 9 / 11 ...
 ------ 10 / 11 ...
 ------ 11 / 11 ...
(1, 2)

Profiling for Stage (1, 2) with bs(16)
 ------ 1 / 11 ...
 ------ 2 / 11 ...
 ------ 3 / 11 ...
 ------ 4 / 11 ...
 ------ 5 / 11 ...
 ------ 6 / 11 ...
 ------ 7 / 11 ...
 ------ 8 / 11 ...
 ------ 9 / 11 ...
 ------ 10 / 11 ...
 ------ 11 / 11 ...
 ------ 1 / 11 ...
 ------ 2 / 11 ...
 ------ 3 / 11 ...
 ------ 4 / 11 ...
 ------ 5 / 11 ...
 ------ 6 / 11 ...
 ------ 7 / 11 ...
 ------ 8 / 11 ...
 ------ 9 / 11 ...
 ------ 10 / 11 ...
 ------ 11 / 11 ...
(2, 4)

Profiling for Stage (2, 4) with bs(16)
 ------ 1 / 11 ...
 ------ 2 / 11 ...
 ------ 3 / 11 ...
 ------ 4 / 11 ...
 ------ 5 / 11 ...
 ------ 6 / 11 ...
 ------ 7 / 11 ...
 ------ 8 / 11 ...
 ------ 9 / 11 ...
 ------ 10 / 11 ...
 ------ 11 / 11 ...
 ------ 1 / 11 ...
 ------ 2 / 11 ...
 ------ 3 / 11 ...
 ------ 4 / 11 ...
 ------ 5 / 11 ...
 ------ 6 / 11 ...
 ------ 7 / 11 ...
 ------ 8 / 11 ...
 ------ 9 / 11 ...
 ------ 10 / 11 ...
 ------ 11 / 11 ...
(4, 6)

Profiling for Stage (4, 6) with bs(16)
 ------ 1 / 11 ...
 ------ 2 / 11 ...
 ------ 3 / 11 ...
 ------ 4 / 11 ...
 ------ 5 / 11 ...
 ------ 6 / 11 ...
 ------ 7 / 11 ...
 ------ 8 / 11 ...
 ------ 9 / 11 ...
 ------ 10 / 11 ...
 ------ 11 / 11 ...
 ------ 1 / 11 ...
 ------ 2 / 11 ...
 ------ 3 / 11 ...
 ------ 4 / 11 ...
 ------ 5 / 11 ...
 ------ 6 / 11 ...
 ------ 7 / 11 ...
 ------ 8 / 11 ...
 ------ 9 / 11 ...
 ------ 10 / 11 ...
 ------ 11 / 11 ...
(6, 9)

Profiling for Stage (6, 9) with bs(16)
 ------ 1 / 11 ...
 ------ 2 / 11 ...
 ------ 3 / 11 ...
 ------ 4 / 11 ...
 ------ 5 / 11 ...
 ------ 6 / 11 ...
 ------ 7 / 11 ...
 ------ 8 / 11 ...
 ------ 9 / 11 ...
 ------ 10 / 11 ...
 ------ 11 / 11 ...
 ------ 1 / 11 ...
 ------ 2 / 11 ...
 ------ 3 / 11 ...
 ------ 4 / 11 ...
 ------ 5 / 11 ...
 ------ 6 / 11 ...
 ------ 7 / 11 ...
 ------ 8 / 11 ...
 ------ 9 / 11 ...
 ------ 10 / 11 ...
 ------ 11 / 11 ...
(9, 12)

Profiling for Stage (9, 12) with bs(16)
 ------ 1 / 11 ...
 ------ 2 / 11 ...
 ------ 3 / 11 ...
 ------ 4 / 11 ...
 ------ 5 / 11 ...
 ------ 6 / 11 ...
 ------ 7 / 11 ...
 ------ 8 / 11 ...
 ------ 9 / 11 ...
 ------ 10 / 11 ...
 ------ 11 / 11 ...
 ------ 1 / 11 ...
 ------ 2 / 11 ...
 ------ 3 / 11 ...
 ------ 4 / 11 ...
 ------ 5 / 11 ...
 ------ 6 / 11 ...
 ------ 7 / 11 ...
 ------ 8 / 11 ...
 ------ 9 / 11 ...
 ------ 10 / 11 ...
 ------ 11 / 11 ...
(12, 14)

Profiling for Stage (12, 14) with bs(16)
 ------ 1 / 11 ...
 ------ 2 / 11 ...
 ------ 3 / 11 ...
 ------ 4 / 11 ...
 ------ 5 / 11 ...
 ------ 6 / 11 ...
 ------ 7 / 11 ...
 ------ 8 / 11 ...
 ------ 9 / 11 ...
 ------ 10 / 11 ...
 ------ 11 / 11 ...
 ------ 1 / 11 ...
 ------ 2 / 11 ...
 ------ 3 / 11 ...
 ------ 4 / 11 ...
 ------ 5 / 11 ...
 ------ 6 / 11 ...
 ------ 7 / 11 ...
 ------ 8 / 11 ...
 ------ 9 / 11 ...
 ------ 10 / 11 ...
 ------ 11 / 11 ...
(14, 28)

Profiling for Stage (14, 28) with bs(16)
 ------ 1 / 11 ...
 ------ 2 / 11 ...
 ------ 3 / 11 ...
 ------ 4 / 11 ...
 ------ 5 / 11 ...
 ------ 6 / 11 ...
 ------ 7 / 11 ...
 ------ 8 / 11 ...
 ------ 9 / 11 ...
 ------ 10 / 11 ...
 ------ 11 / 11 ...
 ------ 1 / 11 ...
 ------ 2 / 11 ...
 ------ 3 / 11 ...
 ------ 4 / 11 ...
 ------ 5 / 11 ...
 ------ 6 / 11 ...
 ------ 7 / 11 ...
 ------ 8 / 11 ...
 ------ 9 / 11 ...
 ------ 10 / 11 ...
 ------ 11 / 11 ...
58.0
60.0
58.0
64.0
58.0
71.0
58.0
60.0
60.0
58.0
90.0
57.0
57.0
57.0
57.0
57.0
56.0
68.0
70.0
57.0
101.0
101.0
102.0
101.0
103.0
102.0
102.0
113.0
101.0
101.0
209.0
192.0
190.0
190.0
212.0
191.0
192.0
191.0
200.0
191.0
1891.0
1912.0
1854.0
1812.0
1812.0
1893.0
1911.0
1911.0
1954.0
1813.0
2202.0
2222.0
2164.0
2163.0
2172.0
2162.0
2195.0
2222.0
2212.0
2188.0
5801.0
5827.0
5858.0
5810.0
5796.0
5795.0
5796.0
5837.0
5817.0
5824.0
83284.0
83396.0
83386.0
83418.0
83470.0
83517.0
83350.0
83376.0
83327.0
83521.0
[121, 125, 205, 391, 3752, 4380, 11632, 166809]

Mean FP TimeList
[[29743, 3888, 157121], [84898, 155754, 124721], [41996, 156065, 62415], [66215, 79180, 15730], [72704, 19708, 31247], [43912, 39596, 15639], [51046, 20007, 15626], [58642, 19630, 13]]

Mean BP TimeList
[[92231, 158901, 2930], [268110, 311268, 124736], [143389, 234155, 124698], [146233, 97603, 62413], [219614, 58938, 15628], [131244, 59224, 31262], [141999, 39358, 15608], [166476, 19643, 15597]]

Mean DPOH TimeList
[121, 125, 205, 391, 3752, 4380, 11632, 166809]

FP TimeList
[[29743, 312875], [84898, 280786], [41996, 141595], [66215, 35438], [72704, 70843], [43912, 35646], [51046, 35256], [58642, 19643]]

BP TimeList
[[166476, 54955], [141999, 74832], [131244, 90200], [219614, 113231], [146233, 296568], [143389, 435966], [268110, 283637], [92231, 2930]]

Time Chart for FP
[29743]
[29743, 312875]
[29743, 312875, 84898]
[29743, 312875, 84898, 280786]
[84898, 280786, 41996]
[84898, 280786, 41996, 141595]
[41996, 141595, 66215]
[41996, 141595, 66215, 35438]
[66215, 35438, 72704]
[66215, 35438, 72704, 70843]
[72704, 70843, 43912]
[72704, 70843, 43912, 35646]
[43912, 35646, 51046]
[43912, 35646, 51046, 35256]
[51046, 35256, 58642]
[51046, 35256, 58642, 19643]
[58642, 19643]
[58642, 19643]

FP for each step:  [29743, 312875, 312875, 312875, 280786, 280786, 141595, 141595, 72704, 72704, 72704, 72704, 51046, 51046, 58642, 58642, 58642, 58642]

Time Chart for BP
[19643, 166476]
[166476, 54955]
[166476, 54955, 141999]
[166476, 54955, 141999, 74832]
[141999, 74832, 131244]
[141999, 74832, 131244, 90200]
[131244, 90200, 219614]
[131244, 90200, 219614, 113231]
[219614, 113231, 146233]
[219614, 113231, 146233, 296568]
[146233, 296568, 143389]
[146233, 296568, 143389, 435966]
[143389, 435966, 268110]
[143389, 435966, 268110, 283637]
[268110, 283637, 92231]
[268110, 283637, 92231, 2930]
[92231, 2930]
[92231, 2930]

BP for each step:  [166476, 166476, 166476, 166476, 141999, 141999, 219614, 219614, 219614, 296568, 296568, 435966, 435966, 435966, 283637, 283637, 92231, 92231]
Time without overhead: 6.70212 s

Total Time: 6.70212 s
