========== Stats ==========
iters 10
batchSize 16
numMicro 2
machine 4
log_dir _timeline/vggh
file ./_parth/partition_4_vgg_16_2.txt
model vgg
===========================
Number of Stages: 4
(0, 4)

Profiling for Stage (0, 4) with bs(8)
 ------ 1 / 11 ...
 ------ 2 / 11 ...
 ------ 3 / 11 ...
 ------ 4 / 11 ...
 ------ 5 / 11 ...
 ------ 6 / 11 ...
 ------ 7 / 11 ...
 ------ 8 / 11 ...
 ------ 9 / 11 ...
 ------ 10 / 11 ...
 ------ 11 / 11 ...
 ------ 1 / 11 ...
 ------ 2 / 11 ...
 ------ 3 / 11 ...
 ------ 4 / 11 ...
 ------ 5 / 11 ...
 ------ 6 / 11 ...
 ------ 7 / 11 ...
 ------ 8 / 11 ...
 ------ 9 / 11 ...
 ------ 10 / 11 ...
 ------ 11 / 11 ...
(4, 8)

Profiling for Stage (4, 8) with bs(8)
 ------ 1 / 11 ...
 ------ 2 / 11 ...
 ------ 3 / 11 ...
 ------ 4 / 11 ...
 ------ 5 / 11 ...
 ------ 6 / 11 ...
 ------ 7 / 11 ...
 ------ 8 / 11 ...
 ------ 9 / 11 ...
 ------ 10 / 11 ...
 ------ 11 / 11 ...
 ------ 1 / 11 ...
 ------ 2 / 11 ...
 ------ 3 / 11 ...
 ------ 4 / 11 ...
 ------ 5 / 11 ...
 ------ 6 / 11 ...
 ------ 7 / 11 ...
 ------ 8 / 11 ...
 ------ 9 / 11 ...
 ------ 10 / 11 ...
 ------ 11 / 11 ...
(8, 13)

Profiling for Stage (8, 13) with bs(8)
 ------ 1 / 11 ...
 ------ 2 / 11 ...
 ------ 3 / 11 ...
 ------ 4 / 11 ...
 ------ 5 / 11 ...
 ------ 6 / 11 ...
 ------ 7 / 11 ...
 ------ 8 / 11 ...
 ------ 9 / 11 ...
 ------ 10 / 11 ...
 ------ 11 / 11 ...
 ------ 1 / 11 ...
 ------ 2 / 11 ...
 ------ 3 / 11 ...
 ------ 4 / 11 ...
 ------ 5 / 11 ...
 ------ 6 / 11 ...
 ------ 7 / 11 ...
 ------ 8 / 11 ...
 ------ 9 / 11 ...
 ------ 10 / 11 ...
 ------ 11 / 11 ...
(13, 28)

Profiling for Stage (13, 28) with bs(8)
 ------ 1 / 11 ...
 ------ 2 / 11 ...
 ------ 3 / 11 ...
 ------ 4 / 11 ...
 ------ 5 / 11 ...
 ------ 6 / 11 ...
 ------ 7 / 11 ...
 ------ 8 / 11 ...
 ------ 9 / 11 ...
 ------ 10 / 11 ...
 ------ 11 / 11 ...
 ------ 1 / 11 ...
 ------ 2 / 11 ...
 ------ 3 / 11 ...
 ------ 4 / 11 ...
 ------ 5 / 11 ...
 ------ 6 / 11 ...
 ------ 7 / 11 ...
 ------ 8 / 11 ...
 ------ 9 / 11 ...
 ------ 10 / 11 ...
 ------ 11 / 11 ...
176.0
181.0
181.0
170.0
182.0
170.0
172.0
178.0
182.0
181.0
1366.0
1356.0
1357.0
1378.0
1387.0
1398.0
1387.0
1356.0
1315.0
1327.0
5910.0
5889.0
5818.0
5907.0
5889.0
5889.0
5841.0
5890.0
5916.0
5888.0
261640.0
446015.0
86507.0
86352.0
86370.0
86454.0
86400.0
86313.0
86270.0
86414.0
[354, 2725, 11767, 279747]

Mean FP TimeList
[[58604, 2024, 34454], [66738, 39165, 15588], [81473, 19631, 7802], [69941, 9915, 9]]

Mean BP TimeList
[[179843, 40858, 1470], [179426, 58664, 31182], [210476, 29349, 15600], [194534, 9849, 7808]]

Mean DPOH TimeList
[354, 2725, 11767, 279747]

FP TimeList
[[58604, 73619], [66738, 35219], [81473, 17717], [69941, 9849]]

BP TimeList
[[194534, 37157], [210476, 74264], [179426, 72040], [179843, 1470]]

Time Chart for FP
[58604]
[58604, 73619]
[66738]
[66738, 35219]
[81473]
[81473, 17717]
[69941]
[69941, 9849]

FP for each step:  [58604, 73619, 66738, 66738, 81473, 81473, 69941, 69941]

Time Chart for BP
[9849, 194534]
[194534, 37157]
[210476]
[210476, 74264]
[179426]
[179426, 72040]
[179843]
[179843, 1470]

BP for each step:  [194534, 194534, 210476, 210476, 179426, 179426, 179843, 179843]
Time without overhead: 2.097085 s

Total Time: 2.097085 s
