========== Stats ==========
iters 10
batchSize 32
numMicro 8
machine 4
log_dir _timeline/vgg_3mp
file .txt
model vgg
===========================
Number of Stages: 1
(0, 28)

Profiling for Stage (0, 28) with bs(2)
 ------ 1 / 11 ...
 ------ 2 / 11 ...
 ------ 3 / 11 ...
 ------ 4 / 11 ...
 ------ 5 / 11 ...
 ------ 6 / 11 ...
 ------ 7 / 11 ...
 ------ 8 / 11 ...
 ------ 9 / 11 ...
 ------ 10 / 11 ...
 ------ 11 / 11 ...
 ------ 1 / 11 ...
 ------ 2 / 11 ...
 ------ 3 / 11 ...
 ------ 4 / 11 ...
 ------ 5 / 11 ...
 ------ 6 / 11 ...
 ------ 7 / 11 ...
 ------ 8 / 11 ...
 ------ 9 / 11 ...
 ------ 10 / 11 ...
 ------ 11 / 11 ...
352996.0
256686.0
93924.0
94106.0
367009.0
94011.0
93074.0
93734.0
93758.0
93935.0
[326646]

Mean FP TimeList
[[78007, 647, 10]]

Mean BP TimeList
[[228989, 654, 372]]

Mean DPOH TimeList
[326646]

FP TimeList
[[78007, 654]]

BP TimeList
[[228989, 372]]

Time Chart for FP
[78007]
[78007, 654]
[78007, 654]
[78007, 654]
[78007, 654]
[78007, 654]
[78007, 654]
[78007, 654]

FP for each step:  [78007, 78007, 78007, 78007, 78007, 78007, 78007, 78007]

Time Chart for BP
[654, 228989]
[228989, 372]
[228989, 372]
[228989, 372]
[228989, 372]
[228989, 372]
[228989, 372]
[228989, 372]

BP for each step:  [228989, 228989, 228989, 228989, 228989, 228989, 228989, 228989]
Time without overhead: 2.455968 s

Total Time: 2.782614 s
