========== Stats ==========
iters 10
batchSize 64
numMicro 16
machine 4
log_dir _timeline/vggh
file ./_parth/partition_4_vgg_64_16.txt
model vgg
===========================
Number of Stages: 4
(0, 4)

Profiling for Stage (0, 4) with bs(4)
 ------ 1 / 11 ...
 ------ 2 / 11 ...
 ------ 3 / 11 ...
 ------ 4 / 11 ...
 ------ 5 / 11 ...
 ------ 6 / 11 ...
 ------ 7 / 11 ...
 ------ 8 / 11 ...
 ------ 9 / 11 ...
 ------ 10 / 11 ...
 ------ 11 / 11 ...
 ------ 1 / 11 ...
 ------ 2 / 11 ...
 ------ 3 / 11 ...
 ------ 4 / 11 ...
 ------ 5 / 11 ...
 ------ 6 / 11 ...
 ------ 7 / 11 ...
 ------ 8 / 11 ...
 ------ 9 / 11 ...
 ------ 10 / 11 ...
 ------ 11 / 11 ...
(4, 9)

Profiling for Stage (4, 9) with bs(4)
 ------ 1 / 11 ...
 ------ 2 / 11 ...
 ------ 3 / 11 ...
 ------ 4 / 11 ...
 ------ 5 / 11 ...
 ------ 6 / 11 ...
 ------ 7 / 11 ...
 ------ 8 / 11 ...
 ------ 9 / 11 ...
 ------ 10 / 11 ...
 ------ 11 / 11 ...
 ------ 1 / 11 ...
 ------ 2 / 11 ...
 ------ 3 / 11 ...
 ------ 4 / 11 ...
 ------ 5 / 11 ...
 ------ 6 / 11 ...
 ------ 7 / 11 ...
 ------ 8 / 11 ...
 ------ 9 / 11 ...
 ------ 10 / 11 ...
 ------ 11 / 11 ...
(9, 13)

Profiling for Stage (9, 13) with bs(4)
 ------ 1 / 11 ...
 ------ 2 / 11 ...
 ------ 3 / 11 ...
 ------ 4 / 11 ...
 ------ 5 / 11 ...
 ------ 6 / 11 ...
 ------ 7 / 11 ...
 ------ 8 / 11 ...
 ------ 9 / 11 ...
 ------ 10 / 11 ...
 ------ 11 / 11 ...
 ------ 1 / 11 ...
 ------ 2 / 11 ...
 ------ 3 / 11 ...
 ------ 4 / 11 ...
 ------ 5 / 11 ...
 ------ 6 / 11 ...
 ------ 7 / 11 ...
 ------ 8 / 11 ...
 ------ 9 / 11 ...
 ------ 10 / 11 ...
 ------ 11 / 11 ...
(13, 28)

Profiling for Stage (13, 28) with bs(4)
 ------ 1 / 11 ...
 ------ 2 / 11 ...
 ------ 3 / 11 ...
 ------ 4 / 11 ...
 ------ 5 / 11 ...
 ------ 6 / 11 ...
 ------ 7 / 11 ...
 ------ 8 / 11 ...
 ------ 9 / 11 ...
 ------ 10 / 11 ...
 ------ 11 / 11 ...
 ------ 1 / 11 ...
 ------ 2 / 11 ...
 ------ 3 / 11 ...
 ------ 4 / 11 ...
 ------ 5 / 11 ...
 ------ 6 / 11 ...
 ------ 7 / 11 ...
 ------ 8 / 11 ...
 ------ 9 / 11 ...
 ------ 10 / 11 ...
 ------ 11 / 11 ...
201.0
193.0
181.0
158.0
181.0
162.0
169.0
157.0
180.0
157.0
2274.0
2183.0
2127.0
2128.0
2195.0
2196.0
2162.0
2227.0
2186.0
2215.0
5151.0
5036.0
5126.0
5192.0
5158.0
5216.0
5146.0
5146.0
5139.0
5139.0
246764.0
249254.0
86329.0
86366.0
86666.0
86433.0
86464.0
86058.0
86262.0
86517.0
[347, 4378, 10289, 237422]

Mean FP TimeList
[[29845, 1184, 17501], [49957, 20017, 7910], [33377, 10037, 3910], [43567, 5040, 8]]

Mean BP TimeList
[[87689, 20687, 741], [121294, 29609, 15601], [85278, 14830, 7808], [130247, 5091, 3900]]

Mean DPOH TimeList
[347, 4378, 10289, 237422]

FP TimeList
[[29845, 37518], [49957, 17947], [33377, 8950], [43567, 5091]]

BP TimeList
[[130247, 18730], [85278, 37417], [121294, 36288], [87689, 741]]

Time Chart for FP
[29845]
[29845, 37518]
[29845, 37518, 49957]
[29845, 37518, 49957, 17947]
[29845, 37518, 49957, 17947, 33377]
[29845, 37518, 49957, 17947, 33377, 8950]
[29845, 37518, 49957, 17947, 33377, 8950, 43567]
[29845, 37518, 49957, 17947, 33377, 8950, 43567, 5091]
[29845, 37518, 49957, 17947, 33377, 8950, 43567, 5091]
[29845, 37518, 49957, 17947, 33377, 8950, 43567, 5091]
[29845, 37518, 49957, 17947, 33377, 8950, 43567, 5091]
[29845, 37518, 49957, 17947, 33377, 8950, 43567, 5091]
[29845, 37518, 49957, 17947, 33377, 8950, 43567, 5091]
[29845, 37518, 49957, 17947, 33377, 8950, 43567, 5091]
[29845, 37518, 49957, 17947, 33377, 8950, 43567, 5091]
[29845, 37518, 49957, 17947, 33377, 8950, 43567, 5091]
[49957, 17947, 33377, 8950, 43567, 5091]
[49957, 17947, 33377, 8950, 43567, 5091]
[33377, 8950, 43567, 5091]
[33377, 8950, 43567, 5091]
[43567, 5091]
[43567, 5091]

FP for each step:  [29845, 37518, 49957, 49957, 49957, 49957, 49957, 49957, 49957, 49957, 49957, 49957, 49957, 49957, 49957, 49957, 49957, 49957, 43567, 43567, 43567, 43567]

Time Chart for BP
[5091, 130247]
[130247, 18730]
[130247, 18730, 85278]
[130247, 18730, 85278, 37417]
[130247, 18730, 85278, 37417, 121294]
[130247, 18730, 85278, 37417, 121294, 36288]
[130247, 18730, 85278, 37417, 121294, 36288, 87689]
[130247, 18730, 85278, 37417, 121294, 36288, 87689, 741]
[130247, 18730, 85278, 37417, 121294, 36288, 87689, 741]
[130247, 18730, 85278, 37417, 121294, 36288, 87689, 741]
[130247, 18730, 85278, 37417, 121294, 36288, 87689, 741]
[130247, 18730, 85278, 37417, 121294, 36288, 87689, 741]
[130247, 18730, 85278, 37417, 121294, 36288, 87689, 741]
[130247, 18730, 85278, 37417, 121294, 36288, 87689, 741]
[130247, 18730, 85278, 37417, 121294, 36288, 87689, 741]
[130247, 18730, 85278, 37417, 121294, 36288, 87689, 741]
[85278, 37417, 121294, 36288, 87689, 741]
[85278, 37417, 121294, 36288, 87689, 741]
[121294, 36288, 87689, 741]
[121294, 36288, 87689, 741]
[87689, 741]
[87689, 741]

BP for each step:  [130247, 130247, 130247, 130247, 130247, 130247, 130247, 130247, 130247, 130247, 130247, 130247, 130247, 130247, 130247, 130247, 121294, 121294, 121294, 121294, 87689, 87689]
Time without overhead: 3.785449 s

Total Time: 3.785449 s
