========== Stats ==========
iters 10
batchSize 32
numMicro 4
machine 4
log_dir _timeline/vggh
file ./_parth/partition_4_vgg_32_4.txt
model vgg
===========================
Number of Stages: 4
(0, 4)

Profiling for Stage (0, 4) with bs(8)
 ------ 1 / 11 ...
 ------ 2 / 11 ...
 ------ 3 / 11 ...
 ------ 4 / 11 ...
 ------ 5 / 11 ...
 ------ 6 / 11 ...
 ------ 7 / 11 ...
 ------ 8 / 11 ...
 ------ 9 / 11 ...
 ------ 10 / 11 ...
 ------ 11 / 11 ...
 ------ 1 / 11 ...
 ------ 2 / 11 ...
 ------ 3 / 11 ...
 ------ 4 / 11 ...
 ------ 5 / 11 ...
 ------ 6 / 11 ...
 ------ 7 / 11 ...
 ------ 8 / 11 ...
 ------ 9 / 11 ...
 ------ 10 / 11 ...
 ------ 11 / 11 ...
(4, 8)

Profiling for Stage (4, 8) with bs(8)
 ------ 1 / 11 ...
 ------ 2 / 11 ...
 ------ 3 / 11 ...
 ------ 4 / 11 ...
 ------ 5 / 11 ...
 ------ 6 / 11 ...
 ------ 7 / 11 ...
 ------ 8 / 11 ...
 ------ 9 / 11 ...
 ------ 10 / 11 ...
 ------ 11 / 11 ...
 ------ 1 / 11 ...
 ------ 2 / 11 ...
 ------ 3 / 11 ...
 ------ 4 / 11 ...
 ------ 5 / 11 ...
 ------ 6 / 11 ...
 ------ 7 / 11 ...
 ------ 8 / 11 ...
 ------ 9 / 11 ...
 ------ 10 / 11 ...
 ------ 11 / 11 ...
(8, 13)

Profiling for Stage (8, 13) with bs(8)
 ------ 1 / 11 ...
 ------ 2 / 11 ...
 ------ 3 / 11 ...
 ------ 4 / 11 ...
 ------ 5 / 11 ...
 ------ 6 / 11 ...
 ------ 7 / 11 ...
 ------ 8 / 11 ...
 ------ 9 / 11 ...
 ------ 10 / 11 ...
 ------ 11 / 11 ...
 ------ 1 / 11 ...
 ------ 2 / 11 ...
 ------ 3 / 11 ...
 ------ 4 / 11 ...
 ------ 5 / 11 ...
 ------ 6 / 11 ...
 ------ 7 / 11 ...
 ------ 8 / 11 ...
 ------ 9 / 11 ...
 ------ 10 / 11 ...
 ------ 11 / 11 ...
(13, 28)

Profiling for Stage (13, 28) with bs(8)
 ------ 1 / 11 ...
 ------ 2 / 11 ...
 ------ 3 / 11 ...
 ------ 4 / 11 ...
 ------ 5 / 11 ...
 ------ 6 / 11 ...
 ------ 7 / 11 ...
 ------ 8 / 11 ...
 ------ 9 / 11 ...
 ------ 10 / 11 ...
 ------ 11 / 11 ...
 ------ 1 / 11 ...
 ------ 2 / 11 ...
 ------ 3 / 11 ...
 ------ 4 / 11 ...
 ------ 5 / 11 ...
 ------ 6 / 11 ...
 ------ 7 / 11 ...
 ------ 8 / 11 ...
 ------ 9 / 11 ...
 ------ 10 / 11 ...
 ------ 11 / 11 ...
181.0
170.0
182.0
180.0
180.0
158.0
181.0
181.0
171.0
180.0
1378.0
1335.0
1358.0
1347.0
1317.0
1358.0
1395.0
1345.0
1316.0
1355.0
5927.0
5975.0
5882.0
5883.0
5828.0
5969.0
5964.0
5937.0
5943.0
5926.0
254248.0
430001.0
86411.0
86379.0
86318.0
86396.0
86876.0
87024.0
86594.0
86276.0
[352, 2700, 11846, 275304]

Mean FP TimeList
[[58145, 2059, 34507], [67000, 39292, 15593], [79361, 19637, 7800], [71169, 9898, 9]]

Mean BP TimeList
[[177470, 41012, 1466], [178823, 58491, 31183], [209493, 29399, 15594], [193061, 9946, 7801]]

Mean DPOH TimeList
[352, 2700, 11846, 275304]

FP TimeList
[[58145, 73799], [67000, 35230], [79361, 17698], [71169, 9946]]

BP TimeList
[[193061, 37200], [209493, 74085], [178823, 72195], [177470, 1466]]

Time Chart for FP
[58145]
[58145, 73799]
[58145, 73799, 67000]
[58145, 73799, 67000, 35230]
[67000, 35230, 79361]
[67000, 35230, 79361, 17698]
[79361, 17698, 71169]
[79361, 17698, 71169, 9946]
[71169, 9946]
[71169, 9946]

FP for each step:  [58145, 73799, 73799, 73799, 79361, 79361, 79361, 79361, 71169, 71169]

Time Chart for BP
[9946, 193061]
[193061, 37200]
[193061, 37200, 209493]
[193061, 37200, 209493, 74085]
[209493, 74085, 178823]
[209493, 74085, 178823, 72195]
[178823, 72195, 177470]
[178823, 72195, 177470, 1466]
[177470, 1466]
[177470, 1466]

BP for each step:  [193061, 193061, 209493, 209493, 209493, 209493, 178823, 178823, 177470, 177470]
Time without overhead: 2.676004 s

Total Time: 2.676004 s
