========== Stats ==========
iters 10
batchSize 64
numMicro 4
machine 4
log_dir _timeline/vggh
file ./_parth/partition_2_vgg_64_4.txt
model vgg
===========================
Number of Stages: 2
(0, 7)

Profiling for Stage (0, 7) with bs(16)
 ------ 1 / 11 ...
 ------ 2 / 11 ...
 ------ 3 / 11 ...
 ------ 4 / 11 ...
 ------ 5 / 11 ...
 ------ 6 / 11 ...
 ------ 7 / 11 ...
 ------ 8 / 11 ...
 ------ 9 / 11 ...
 ------ 10 / 11 ...
 ------ 11 / 11 ...
 ------ 1 / 11 ...
 ------ 2 / 11 ...
 ------ 3 / 11 ...
 ------ 4 / 11 ...
 ------ 5 / 11 ...
 ------ 6 / 11 ...
 ------ 7 / 11 ...
 ------ 8 / 11 ...
 ------ 9 / 11 ...
 ------ 10 / 11 ...
 ------ 11 / 11 ...
(7, 28)

Profiling for Stage (7, 28) with bs(16)
 ------ 1 / 11 ...
 ------ 2 / 11 ...
 ------ 3 / 11 ...
 ------ 4 / 11 ...
 ------ 5 / 11 ...
 ------ 6 / 11 ...
 ------ 7 / 11 ...
 ------ 8 / 11 ...
 ------ 9 / 11 ...
 ------ 10 / 11 ...
 ------ 11 / 11 ...
 ------ 1 / 11 ...
 ------ 2 / 11 ...
 ------ 3 / 11 ...
 ------ 4 / 11 ...
 ------ 5 / 11 ...
 ------ 6 / 11 ...
 ------ 7 / 11 ...
 ------ 8 / 11 ...
 ------ 9 / 11 ...
 ------ 10 / 11 ...
 ------ 11 / 11 ...
768.0
790.0
818.0
800.0
789.0
796.0
800.0
799.0
789.0
804.0
261632.0
92299.0
92782.0
93492.0
92581.0
93692.0
92406.0
92284.0
92786.0
92926.0
[1590, 219376]

Mean FP TimeList
[[167247, 3867, 31231], [194455, 38988, 13]]

Mean BP TimeList
[[601918, 42720, 2927], [604705, 39489, 31276]]

Mean DPOH TimeList
[1590, 219376]

FP TimeList
[[167247, 70219], [194455, 39489]]

BP TimeList
[[604705, 73996], [601918, 2927]]

Time Chart for FP
[167247]
[167247, 70219]
[167247, 70219, 194455]
[167247, 70219, 194455, 39489]
[194455, 39489]
[194455, 39489]

FP for each step:  [167247, 167247, 194455, 194455, 194455, 194455]

Time Chart for BP
[39489, 604705]
[604705, 73996]
[604705, 73996, 601918]
[604705, 73996, 601918, 2927]
[601918, 2927]
[601918, 2927]

BP for each step:  [604705, 604705, 604705, 604705, 601918, 601918]
Time without overhead: 4.73497 s

Total Time: 4.73497 s
