========== Stats ==========
iters 10
batchSize 64
numMicro 8
machine 4
log_dir _timeline/vgg_3mp
file .txt
model vgg
===========================
Number of Stages: 3
(0, 3)

Profiling for Stage (0, 3) with bs(8)
 ------ 1 / 11 ...
 ------ 2 / 11 ...
 ------ 3 / 11 ...
 ------ 4 / 11 ...
 ------ 5 / 11 ...
 ------ 6 / 11 ...
 ------ 7 / 11 ...
 ------ 8 / 11 ...
 ------ 9 / 11 ...
 ------ 10 / 11 ...
 ------ 11 / 11 ...
 ------ 1 / 11 ...
 ------ 2 / 11 ...
 ------ 3 / 11 ...
 ------ 4 / 11 ...
 ------ 5 / 11 ...
 ------ 6 / 11 ...
 ------ 7 / 11 ...
 ------ 8 / 11 ...
 ------ 9 / 11 ...
 ------ 10 / 11 ...
 ------ 11 / 11 ...
(13, 28)

Profiling for Stage (13, 28) with bs(8)
 ------ 1 / 11 ...
 ------ 2 / 11 ...
 ------ 3 / 11 ...
 ------ 4 / 11 ...
 ------ 5 / 11 ...
 ------ 6 / 11 ...
 ------ 7 / 11 ...
 ------ 8 / 11 ...
 ------ 9 / 11 ...
 ------ 10 / 11 ...
 ------ 11 / 11 ...
 ------ 1 / 11 ...
 ------ 2 / 11 ...
 ------ 3 / 11 ...
 ------ 4 / 11 ...
 ------ 5 / 11 ...
 ------ 6 / 11 ...
 ------ 7 / 11 ...
 ------ 8 / 11 ...
 ------ 9 / 11 ...
 ------ 10 / 11 ...
 ------ 11 / 11 ...
(3, 13)

Profiling for Stage (3, 13) with bs(4)
 ------ 1 / 11 ...
 ------ 2 / 11 ...
 ------ 3 / 11 ...
 ------ 4 / 11 ...
 ------ 5 / 11 ...
 ------ 6 / 11 ...
 ------ 7 / 11 ...
 ------ 8 / 11 ...
 ------ 9 / 11 ...
 ------ 10 / 11 ...
 ------ 11 / 11 ...
 ------ 1 / 11 ...
 ------ 2 / 11 ...
 ------ 3 / 11 ...
 ------ 4 / 11 ...
 ------ 5 / 11 ...
 ------ 6 / 11 ...
 ------ 7 / 11 ...
 ------ 8 / 11 ...
 ------ 9 / 11 ...
 ------ 10 / 11 ...
 ------ 11 / 11 ...
113.0
94.0
106.0
90.0
99.0
88.0
107.0
84.0
91.0
89.0
7414.0
7354.0
7416.0
7356.0
7304.0
7434.0
7316.0
7406.0
7453.0
7473.0
249241.0
246714.0
86415.0
86415.0
86305.0
86778.0
86432.0
86321.0
86437.0
86438.0
[192, 14785, 237499]

Mean FP TimeList
[[55445, 2125, 15608], [84566, 10009, 3905], [70187, 9995, 10]]

Mean BP TimeList
[[130094, 21610, 1469], [226999, 14941, 7819], [194069, 10090, 7809]]

Mean DPOH TimeList
[192, 14785, 237499]

FP TimeList
[[55445, 35626], [84566, 17805], [70187, 10090]]

BP TimeList
[[194069, 22750, 194069, 22750], [226999, 37248], [130094, 1469]]

Time Chart for FP
[55445]
[55445, 35626]
[55445, 35626, 84566]
[55445, 35626, 84566, 17805]
[55445, 35626, 84566, 17805, 70187]
[55445, 35626, 84566, 17805, 70187, 10090]
[55445, 35626, 84566, 17805, 70187, 10090]
[55445, 35626, 84566, 17805, 70187, 10090]
[84566, 17805, 70187, 10090]
[84566, 17805, 70187, 10090]
[70187, 10090]
[70187, 10090]

FP for each step:  [55445, 55445, 84566, 84566, 84566, 84566, 84566, 84566, 84566, 84566, 70187, 70187]

Time Chart for BP
[10090, 194069]
[194069, 22750]
[194069, 22750, 226999]
[194069, 22750, 226999, 37248]
[194069, 22750, 226999, 37248, 130094]
[194069, 22750, 226999, 37248, 130094, 1469]
[194069, 22750, 226999, 37248, 130094, 1469]
[194069, 22750, 226999, 37248, 130094, 1469]
[226999, 37248, 130094, 1469]
[226999, 37248, 130094, 1469]
[130094, 1469]
[130094, 1469]

BP for each step:  [194069, 194069, 226999, 226999, 226999, 226999, 226999, 226999, 226999, 226999, 130094, 130094]
Time without overhead: 3.39211 s

Total Time: 3.406895 s
