========== Stats ==========
iters 10
batchSize 32
numMicro 16
machine 4
log_dir _timeline/vgg_3mp
file .txt
model vgg
===========================
Number of Stages: 1
(0, 28)

Profiling for Stage (0, 28) with bs(1)
 ------ 1 / 11 ...
 ------ 2 / 11 ...
 ------ 3 / 11 ...
 ------ 4 / 11 ...
 ------ 5 / 11 ...
 ------ 6 / 11 ...
 ------ 7 / 11 ...
 ------ 8 / 11 ...
 ------ 9 / 11 ...
 ------ 10 / 11 ...
 ------ 11 / 11 ...
 ------ 1 / 11 ...
 ------ 2 / 11 ...
 ------ 3 / 11 ...
 ------ 4 / 11 ...
 ------ 5 / 11 ...
 ------ 6 / 11 ...
 ------ 7 / 11 ...
 ------ 8 / 11 ...
 ------ 9 / 11 ...
 ------ 10 / 11 ...
 ------ 11 / 11 ...
382920.0
448977.0
92989.0
93470.0
93977.0
94136.0
94149.0
93349.0
93549.0
93671.0
[316237]

Mean FP TimeList
[[40810, 310, 8]]

Mean BP TimeList
[[134149, 394, 189]]

Mean DPOH TimeList
[316237]

FP TimeList
[[40810, 394]]

BP TimeList
[[134149, 189]]

Time Chart for FP
[40810]
[40810, 394]
[40810, 394]
[40810, 394]
[40810, 394]
[40810, 394]
[40810, 394]
[40810, 394]
[40810, 394]
[40810, 394]
[40810, 394]
[40810, 394]
[40810, 394]
[40810, 394]
[40810, 394]
[40810, 394]

FP for each step:  [40810, 40810, 40810, 40810, 40810, 40810, 40810, 40810, 40810, 40810, 40810, 40810, 40810, 40810, 40810, 40810]

Time Chart for BP
[394, 134149]
[134149, 189]
[134149, 189]
[134149, 189]
[134149, 189]
[134149, 189]
[134149, 189]
[134149, 189]
[134149, 189]
[134149, 189]
[134149, 189]
[134149, 189]
[134149, 189]
[134149, 189]
[134149, 189]
[134149, 189]

BP for each step:  [134149, 134149, 134149, 134149, 134149, 134149, 134149, 134149, 134149, 134149, 134149, 134149, 134149, 134149, 134149, 134149]
Time without overhead: 2.799344 s

Total Time: 3.115581 s
