========== Stats ==========
iters 10
batchSize 32
numMicro 8
machine 4
log_dir _timeline/vgg_3mp
file .txt
model vgg
===========================
Number of Stages: 2
(0, 9)

Profiling for Stage (0, 9) with bs(2)
 ------ 1 / 11 ...
 ------ 2 / 11 ...
 ------ 3 / 11 ...
 ------ 4 / 11 ...
 ------ 5 / 11 ...
 ------ 6 / 11 ...
 ------ 7 / 11 ...
 ------ 8 / 11 ...
 ------ 9 / 11 ...
 ------ 10 / 11 ...
 ------ 11 / 11 ...
 ------ 1 / 11 ...
 ------ 2 / 11 ...
 ------ 3 / 11 ...
 ------ 4 / 11 ...
 ------ 5 / 11 ...
 ------ 6 / 11 ...
 ------ 7 / 11 ...
 ------ 8 / 11 ...
 ------ 9 / 11 ...
 ------ 10 / 11 ...
 ------ 11 / 11 ...
(9, 28)

Profiling for Stage (9, 28) with bs(2)
 ------ 1 / 11 ...
 ------ 2 / 11 ...
 ------ 3 / 11 ...
 ------ 4 / 11 ...
 ------ 5 / 11 ...
 ------ 6 / 11 ...
 ------ 7 / 11 ...
 ------ 8 / 11 ...
 ------ 9 / 11 ...
 ------ 10 / 11 ...
 ------ 11 / 11 ...
 ------ 1 / 11 ...
 ------ 2 / 11 ...
 ------ 3 / 11 ...
 ------ 4 / 11 ...
 ------ 5 / 11 ...
 ------ 6 / 11 ...
 ------ 7 / 11 ...
 ------ 8 / 11 ...
 ------ 9 / 11 ...
 ------ 10 / 11 ...
 ------ 11 / 11 ...
2310.0
2290.0
2294.0
2329.0
2353.0
2231.0
2314.0
2370.0
2230.0
2559.0
193493.0
390320.0
91085.0
91325.0
91176.0
91291.0
91415.0
91512.0
91519.0
91535.0
[4656, 262934]

Mean FP TimeList
[[34877, 651, 3940], [40193, 5107, 8]]

Mean BP TimeList
[[101112, 5547, 373], [127385, 5086, 3908]]

Mean DPOH TimeList
[4656, 262934]

FP TimeList
[[34877, 18094], [40193, 5086]]

BP TimeList
[[127385, 13363, 127385, 13363], [101112, 373]]

Time Chart for FP
[34877]
[34877, 18094]
[34877, 18094, 40193]
[34877, 18094, 40193, 5086]
[34877, 18094, 40193, 5086]
[34877, 18094, 40193, 5086]
[34877, 18094, 40193, 5086]
[34877, 18094, 40193, 5086]
[40193, 5086]
[40193, 5086]

FP for each step:  [34877, 34877, 40193, 40193, 40193, 40193, 40193, 40193, 40193, 40193]

Time Chart for BP
[5086, 127385]
[127385, 13363]
[127385, 13363, 101112]
[127385, 13363, 101112, 373]
[127385, 13363, 101112, 373]
[127385, 13363, 101112, 373]
[127385, 13363, 101112, 373]
[127385, 13363, 101112, 373]
[101112, 373]
[101112, 373]

BP for each step:  [127385, 127385, 127385, 127385, 127385, 127385, 127385, 127385, 101112, 101112]
Time without overhead: 1.612602 s

Total Time: 1.880192 s
