========== Stats ==========
iters 10
batchSize 16
numMicro 16
machine 4
log_dir _timeline/vgg_3mp
file .txt
model vgg
===========================
Number of Stages: 1
(0, 28)

Profiling for Stage (0, 28) with bs(1)
 ------ 1 / 11 ...
 ------ 2 / 11 ...
 ------ 3 / 11 ...
 ------ 4 / 11 ...
 ------ 5 / 11 ...
 ------ 6 / 11 ...
 ------ 7 / 11 ...
 ------ 8 / 11 ...
 ------ 9 / 11 ...
 ------ 10 / 11 ...
 ------ 11 / 11 ...
 ------ 1 / 11 ...
 ------ 2 / 11 ...
 ------ 3 / 11 ...
 ------ 4 / 11 ...
 ------ 5 / 11 ...
 ------ 6 / 11 ...
 ------ 7 / 11 ...
 ------ 8 / 11 ...
 ------ 9 / 11 ...
 ------ 10 / 11 ...
 ------ 11 / 11 ...
311758.0
569544.0
93334.0
93576.0
93754.0
93875.0
93940.0
93713.0
93658.0
93843.0
[326199]

Mean FP TimeList
[[40877, 347, 7]]

Mean BP TimeList
[[134094, 396, 192]]

Mean DPOH TimeList
[326199]

FP TimeList
[[40877, 396]]

BP TimeList
[[134094, 192]]

Time Chart for FP
[40877]
[40877, 396]
[40877, 396]
[40877, 396]
[40877, 396]
[40877, 396]
[40877, 396]
[40877, 396]
[40877, 396]
[40877, 396]
[40877, 396]
[40877, 396]
[40877, 396]
[40877, 396]
[40877, 396]
[40877, 396]

FP for each step:  [40877, 40877, 40877, 40877, 40877, 40877, 40877, 40877, 40877, 40877, 40877, 40877, 40877, 40877, 40877, 40877]

Time Chart for BP
[396, 134094]
[134094, 192]
[134094, 192]
[134094, 192]
[134094, 192]
[134094, 192]
[134094, 192]
[134094, 192]
[134094, 192]
[134094, 192]
[134094, 192]
[134094, 192]
[134094, 192]
[134094, 192]
[134094, 192]
[134094, 192]

BP for each step:  [134094, 134094, 134094, 134094, 134094, 134094, 134094, 134094, 134094, 134094, 134094, 134094, 134094, 134094, 134094, 134094]
Time without overhead: 2.799536 s

Total Time: 3.125735 s
