========== Stats ==========
iters 10
batchSize 16
numMicro 2
machine 4
log_dir _timeline/vggh
file ./_parth/partition_2_vgg_16_2.txt
model vgg
===========================
Number of Stages: 2
(0, 8)

Profiling for Stage (0, 8) with bs(8)
 ------ 1 / 11 ...
 ------ 2 / 11 ...
 ------ 3 / 11 ...
 ------ 4 / 11 ...
 ------ 5 / 11 ...
 ------ 6 / 11 ...
 ------ 7 / 11 ...
 ------ 8 / 11 ...
 ------ 9 / 11 ...
 ------ 10 / 11 ...
 ------ 11 / 11 ...
 ------ 1 / 11 ...
 ------ 2 / 11 ...
 ------ 3 / 11 ...
 ------ 4 / 11 ...
 ------ 5 / 11 ...
 ------ 6 / 11 ...
 ------ 7 / 11 ...
 ------ 8 / 11 ...
 ------ 9 / 11 ...
 ------ 10 / 11 ...
 ------ 11 / 11 ...
(8, 28)

Profiling for Stage (8, 28) with bs(8)
 ------ 1 / 11 ...
 ------ 2 / 11 ...
 ------ 3 / 11 ...
 ------ 4 / 11 ...
 ------ 5 / 11 ...
 ------ 6 / 11 ...
 ------ 7 / 11 ...
 ------ 8 / 11 ...
 ------ 9 / 11 ...
 ------ 10 / 11 ...
 ------ 11 / 11 ...
 ------ 1 / 11 ...
 ------ 2 / 11 ...
 ------ 3 / 11 ...
 ------ 4 / 11 ...
 ------ 5 / 11 ...
 ------ 6 / 11 ...
 ------ 7 / 11 ...
 ------ 8 / 11 ...
 ------ 9 / 11 ...
 ------ 10 / 11 ...
 ------ 11 / 11 ...
1512.0
1503.0
1538.0
1575.0
1517.0
1574.0
1636.0
1549.0
1605.0
1534.0
92545.0
407712.0
92288.0
92964.0
92075.0
91553.0
92361.0
92322.0
92466.0
91844.0
[3108, 247626]

Mean FP TimeList
[[122338, 2072, 15595], [149384, 20010, 9]]

Mean BP TimeList
[[356173, 22065, 1478], [413884, 19965, 15612]]

Mean DPOH TimeList
[3108, 247626]

FP TimeList
[[122338, 35605], [149384, 19965]]

BP TimeList
[[413884, 37677], [356173, 1478]]

Time Chart for FP
[122338]
[122338, 35605]
[149384]
[149384, 19965]

FP for each step:  [122338, 122338, 149384, 149384]

Time Chart for BP
[19965, 413884]
[413884, 37677]
[356173]
[356173, 1478]

BP for each step:  [413884, 413884, 356173, 356173]
Time without overhead: 2.083558 s

Total Time: 2.083558 s
