========== Stats ==========
iters 10
batchSize 64
numMicro 16
machine 4
log_dir _timeline/vgg_3mp
file .txt
model vgg
===========================
Number of Stages: 1
(0, 28)

Profiling for Stage (0, 28) with bs(1)
 ------ 1 / 11 ...
 ------ 2 / 11 ...
 ------ 3 / 11 ...
 ------ 4 / 11 ...
 ------ 5 / 11 ...
 ------ 6 / 11 ...
 ------ 7 / 11 ...
 ------ 8 / 11 ...
 ------ 9 / 11 ...
 ------ 10 / 11 ...
 ------ 11 / 11 ...
 ------ 1 / 11 ...
 ------ 2 / 11 ...
 ------ 3 / 11 ...
 ------ 4 / 11 ...
 ------ 5 / 11 ...
 ------ 6 / 11 ...
 ------ 7 / 11 ...
 ------ 8 / 11 ...
 ------ 9 / 11 ...
 ------ 10 / 11 ...
 ------ 11 / 11 ...
345691.0
255630.0
93907.0
93708.0
93790.0
93666.0
93713.0
93874.0
93720.0
370172.0
[325574]

Mean FP TimeList
[[40933, 303, 7]]

Mean BP TimeList
[[133924, 310, 192]]

Mean DPOH TimeList
[325574]

FP TimeList
[[40933, 310]]

BP TimeList
[[133924, 192]]

Time Chart for FP
[40933]
[40933, 310]
[40933, 310]
[40933, 310]
[40933, 310]
[40933, 310]
[40933, 310]
[40933, 310]
[40933, 310]
[40933, 310]
[40933, 310]
[40933, 310]
[40933, 310]
[40933, 310]
[40933, 310]
[40933, 310]

FP for each step:  [40933, 40933, 40933, 40933, 40933, 40933, 40933, 40933, 40933, 40933, 40933, 40933, 40933, 40933, 40933, 40933]

Time Chart for BP
[310, 133924]
[133924, 192]
[133924, 192]
[133924, 192]
[133924, 192]
[133924, 192]
[133924, 192]
[133924, 192]
[133924, 192]
[133924, 192]
[133924, 192]
[133924, 192]
[133924, 192]
[133924, 192]
[133924, 192]
[133924, 192]

BP for each step:  [133924, 133924, 133924, 133924, 133924, 133924, 133924, 133924, 133924, 133924, 133924, 133924, 133924, 133924, 133924, 133924]
Time without overhead: 2.797712 s

Total Time: 3.123286 s
