========== Stats ==========
iters 10
batchSize 16
numMicro 8
machine 4
log_dir _timeline/vggh
file ./_parth/partition_8_vgg_16_8.txt
model vgg
===========================
Number of Stages: 8
(0, 2)

Profiling for Stage (0, 2) with bs(2)
 ------ 1 / 11 ...
 ------ 2 / 11 ...
 ------ 3 / 11 ...
 ------ 4 / 11 ...
 ------ 5 / 11 ...
 ------ 6 / 11 ...
 ------ 7 / 11 ...
 ------ 8 / 11 ...
 ------ 9 / 11 ...
 ------ 10 / 11 ...
 ------ 11 / 11 ...
 ------ 1 / 11 ...
 ------ 2 / 11 ...
 ------ 3 / 11 ...
 ------ 4 / 11 ...
 ------ 5 / 11 ...
 ------ 6 / 11 ...
 ------ 7 / 11 ...
 ------ 8 / 11 ...
 ------ 9 / 11 ...
 ------ 10 / 11 ...
 ------ 11 / 11 ...
(2, 4)

Profiling for Stage (2, 4) with bs(2)
 ------ 1 / 11 ...
 ------ 2 / 11 ...
 ------ 3 / 11 ...
 ------ 4 / 11 ...
 ------ 5 / 11 ...
 ------ 6 / 11 ...
 ------ 7 / 11 ...
 ------ 8 / 11 ...
 ------ 9 / 11 ...
 ------ 10 / 11 ...
 ------ 11 / 11 ...
 ------ 1 / 11 ...
 ------ 2 / 11 ...
 ------ 3 / 11 ...
 ------ 4 / 11 ...
 ------ 5 / 11 ...
 ------ 6 / 11 ...
 ------ 7 / 11 ...
 ------ 8 / 11 ...
 ------ 9 / 11 ...
 ------ 10 / 11 ...
 ------ 11 / 11 ...
(4, 7)

Profiling for Stage (4, 7) with bs(2)
 ------ 1 / 11 ...
 ------ 2 / 11 ...
 ------ 3 / 11 ...
 ------ 4 / 11 ...
 ------ 5 / 11 ...
 ------ 6 / 11 ...
 ------ 7 / 11 ...
 ------ 8 / 11 ...
 ------ 9 / 11 ...
 ------ 10 / 11 ...
 ------ 11 / 11 ...
 ------ 1 / 11 ...
 ------ 2 / 11 ...
 ------ 3 / 11 ...
 ------ 4 / 11 ...
 ------ 5 / 11 ...
 ------ 6 / 11 ...
 ------ 7 / 11 ...
 ------ 8 / 11 ...
 ------ 9 / 11 ...
 ------ 10 / 11 ...
 ------ 11 / 11 ...
(7, 9)

Profiling for Stage (7, 9) with bs(2)
 ------ 1 / 11 ...
 ------ 2 / 11 ...
 ------ 3 / 11 ...
 ------ 4 / 11 ...
 ------ 5 / 11 ...
 ------ 6 / 11 ...
 ------ 7 / 11 ...
 ------ 8 / 11 ...
 ------ 9 / 11 ...
 ------ 10 / 11 ...
 ------ 11 / 11 ...
 ------ 1 / 11 ...
 ------ 2 / 11 ...
 ------ 3 / 11 ...
 ------ 4 / 11 ...
 ------ 5 / 11 ...
 ------ 6 / 11 ...
 ------ 7 / 11 ...
 ------ 8 / 11 ...
 ------ 9 / 11 ...
 ------ 10 / 11 ...
 ------ 11 / 11 ...
(9, 12)

Profiling for Stage (9, 12) with bs(2)
 ------ 1 / 11 ...
 ------ 2 / 11 ...
 ------ 3 / 11 ...
 ------ 4 / 11 ...
 ------ 5 / 11 ...
 ------ 6 / 11 ...
 ------ 7 / 11 ...
 ------ 8 / 11 ...
 ------ 9 / 11 ...
 ------ 10 / 11 ...
 ------ 11 / 11 ...
 ------ 1 / 11 ...
 ------ 2 / 11 ...
 ------ 3 / 11 ...
 ------ 4 / 11 ...
 ------ 5 / 11 ...
 ------ 6 / 11 ...
 ------ 7 / 11 ...
 ------ 8 / 11 ...
 ------ 9 / 11 ...
 ------ 10 / 11 ...
 ------ 11 / 11 ...
(12, 14)

Profiling for Stage (12, 14) with bs(2)
 ------ 1 / 11 ...
 ------ 2 / 11 ...
 ------ 3 / 11 ...
 ------ 4 / 11 ...
 ------ 5 / 11 ...
 ------ 6 / 11 ...
 ------ 7 / 11 ...
 ------ 8 / 11 ...
 ------ 9 / 11 ...
 ------ 10 / 11 ...
 ------ 11 / 11 ...
 ------ 1 / 11 ...
 ------ 2 / 11 ...
 ------ 3 / 11 ...
 ------ 4 / 11 ...
 ------ 5 / 11 ...
 ------ 6 / 11 ...
 ------ 7 / 11 ...
 ------ 8 / 11 ...
 ------ 9 / 11 ...
 ------ 10 / 11 ...
 ------ 11 / 11 ...
(14, 17)

Profiling for Stage (14, 17) with bs(2)
 ------ 1 / 11 ...
 ------ 2 / 11 ...
 ------ 3 / 11 ...
 ------ 4 / 11 ...
 ------ 5 / 11 ...
 ------ 6 / 11 ...
 ------ 7 / 11 ...
 ------ 8 / 11 ...
 ------ 9 / 11 ...
 ------ 10 / 11 ...
 ------ 11 / 11 ...
 ------ 1 / 11 ...
 ------ 2 / 11 ...
 ------ 3 / 11 ...
 ------ 4 / 11 ...
 ------ 5 / 11 ...
 ------ 6 / 11 ...
 ------ 7 / 11 ...
 ------ 8 / 11 ...
 ------ 9 / 11 ...
 ------ 10 / 11 ...
 ------ 11 / 11 ...
(17, 28)

Profiling for Stage (17, 28) with bs(2)
 ------ 1 / 11 ...
 ------ 2 / 11 ...
 ------ 3 / 11 ...
 ------ 4 / 11 ...
 ------ 5 / 11 ...
 ------ 6 / 11 ...
 ------ 7 / 11 ...
 ------ 8 / 11 ...
 ------ 9 / 11 ...
 ------ 10 / 11 ...
 ------ 11 / 11 ...
 ------ 1 / 11 ...
 ------ 2 / 11 ...
 ------ 3 / 11 ...
 ------ 4 / 11 ...
 ------ 5 / 11 ...
 ------ 6 / 11 ...
 ------ 7 / 11 ...
 ------ 8 / 11 ...
 ------ 9 / 11 ...
 ------ 10 / 11 ...
 ------ 11 / 11 ...
96.0
156.0
102.0
66.0
98.0
111.0
68.0
95.0
68.0
106.0
102.0
101.0
101.0
102.0
101.0
101.0
101.0
102.0
101.0
102.0
594.0
585.0
592.0
614.0
602.0
575.0
595.0
576.0
614.0
596.0
1487.0
1508.0
1466.0
1467.0
1499.0
1508.0
1508.0
1502.0
1488.0
1506.0
2205.0
2284.0
2202.0
2163.0
2162.0
2313.0
2245.0
2183.0
2166.0
2168.0
5757.0
5755.0
5755.0
5734.0
5735.0
5810.0
5925.0
5783.0
5799.0
5841.0
5847.0
5792.0
5827.0
5781.0
5823.0
5794.0
5785.0
5767.0
5802.0
5784.0
252725.0
252086.0
77348.0
77652.0
77848.0
77645.0
77627.0
77608.0
77609.0
77554.0
[193, 202, 1188, 2987, 4418, 11578, 11600, 225140]

Mean FP TimeList
[[10937, 673, 19097], [6176, 19892, 7799], [10949, 9981, 3903], [11161, 5105, 3904], [8878, 5112, 1952], [13259, 2810, 1957], [12181, 2774, 497], [10923, 758, 7]]

Mean BP TimeList
[[37332, 20234, 372], [20178, 29617, 15581], [32276, 14847, 7795], [35145, 9917, 3905], [28357, 7838, 3945], [39119, 5209, 1967], [28406, 3419, 1956], [35342, 767, 495]]

Mean DPOH TimeList
[193, 202, 1188, 2987, 4418, 11578, 11600, 225140]

FP TimeList
[[10937, 38989], [6176, 17780], [10949, 9008], [11161, 9016], [8878, 4762], [13259, 4731], [12181, 1255], [10923, 767]]

BP TimeList
[[35342, 3914], [28406, 7165], [39119, 9805], [28357, 13862], [35145, 18752], [32276, 37412], [20178, 35815], [37332, 372]]

Time Chart for FP
[10937]
[10937, 38989]
[10937, 38989, 6176]
[10937, 38989, 6176, 17780]
[10937, 38989, 6176, 17780, 10949]
[10937, 38989, 6176, 17780, 10949, 9008]
[10937, 38989, 6176, 17780, 10949, 9008, 11161]
[10937, 38989, 6176, 17780, 10949, 9008, 11161, 9016]
[6176, 17780, 10949, 9008, 11161, 9016, 8878]
[6176, 17780, 10949, 9008, 11161, 9016, 8878, 4762]
[10949, 9008, 11161, 9016, 8878, 4762, 13259]
[10949, 9008, 11161, 9016, 8878, 4762, 13259, 4731]
[11161, 9016, 8878, 4762, 13259, 4731, 12181]
[11161, 9016, 8878, 4762, 13259, 4731, 12181, 1255]
[8878, 4762, 13259, 4731, 12181, 1255, 10923]
[8878, 4762, 13259, 4731, 12181, 1255, 10923, 767]
[13259, 4731, 12181, 1255, 10923, 767]
[13259, 4731, 12181, 1255, 10923, 767]
[12181, 1255, 10923, 767]
[12181, 1255, 10923, 767]
[10923, 767]
[10923, 767]

FP for each step:  [10937, 38989, 38989, 38989, 38989, 38989, 38989, 38989, 17780, 17780, 13259, 13259, 13259, 13259, 13259, 13259, 13259, 13259, 12181, 12181, 10923, 10923]

Time Chart for BP
[767, 35342]
[35342, 3914]
[35342, 3914, 28406]
[35342, 3914, 28406, 7165]
[35342, 3914, 28406, 7165, 39119]
[35342, 3914, 28406, 7165, 39119, 9805]
[35342, 3914, 28406, 7165, 39119, 9805, 28357]
[35342, 3914, 28406, 7165, 39119, 9805, 28357, 13862]
[28406, 7165, 39119, 9805, 28357, 13862, 35145]
[28406, 7165, 39119, 9805, 28357, 13862, 35145, 18752]
[39119, 9805, 28357, 13862, 35145, 18752, 32276]
[39119, 9805, 28357, 13862, 35145, 18752, 32276, 37412]
[28357, 13862, 35145, 18752, 32276, 37412, 20178]
[28357, 13862, 35145, 18752, 32276, 37412, 20178, 35815]
[35145, 18752, 32276, 37412, 20178, 35815, 37332]
[35145, 18752, 32276, 37412, 20178, 35815, 37332, 372]
[32276, 37412, 20178, 35815, 37332, 372]
[32276, 37412, 20178, 35815, 37332, 372]
[20178, 35815, 37332, 372]
[20178, 35815, 37332, 372]
[37332, 372]
[37332, 372]

BP for each step:  [35342, 35342, 35342, 35342, 39119, 39119, 39119, 39119, 39119, 39119, 39119, 39119, 37412, 37412, 37412, 37412, 37412, 37412, 37332, 37332, 37332, 37332]
Time without overhead: 1.29982 s

Total Time: 1.29982 s
