========== Stats ==========
iters 10
batchSize 16
numMicro 2
machine 4
log_dir _timeline/vgg_3mp
file .txt
model vgg
===========================
Number of Stages: 1
(0, 28)

Profiling for Stage (0, 28) with bs(4)
 ------ 1 / 11 ...
 ------ 2 / 11 ...
 ------ 3 / 11 ...
 ------ 4 / 11 ...
 ------ 5 / 11 ...
 ------ 6 / 11 ...
 ------ 7 / 11 ...
 ------ 8 / 11 ...
 ------ 9 / 11 ...
 ------ 10 / 11 ...
 ------ 11 / 11 ...
 ------ 1 / 11 ...
 ------ 2 / 11 ...
 ------ 3 / 11 ...
 ------ 4 / 11 ...
 ------ 5 / 11 ...
 ------ 6 / 11 ...
 ------ 7 / 11 ...
 ------ 8 / 11 ...
 ------ 9 / 11 ...
 ------ 10 / 11 ...
 ------ 11 / 11 ...
334941.0
254869.0
93813.0
93277.0
93777.0
93957.0
93136.0
93695.0
363803.0
93864.0
[321826]

Mean FP TimeList
[[150733, 1171, 10]]

Mean BP TimeList
[[415059, 1151, 737]]

Mean DPOH TimeList
[321826]

FP TimeList
[[150733, 1151]]

BP TimeList
[[415059, 737]]

Time Chart for FP
[150733]
[150733, 1151]

FP for each step:  [150733, 150733]

Time Chart for BP
[1151, 415059]
[415059, 737]

BP for each step:  [415059, 415059]
Time without overhead: 1.131584 s

Total Time: 1.45341 s
