========== Stats ==========
iters 10
batchSize 16
numMicro 4
machine 4
log_dir _timeline/vgg_3mp
file .txt
model vgg
===========================
Number of Stages: 1
(0, 28)

Profiling for Stage (0, 28) with bs(2)
 ------ 1 / 11 ...
 ------ 2 / 11 ...
 ------ 3 / 11 ...
 ------ 4 / 11 ...
 ------ 5 / 11 ...
 ------ 6 / 11 ...
 ------ 7 / 11 ...
 ------ 8 / 11 ...
 ------ 9 / 11 ...
 ------ 10 / 11 ...
 ------ 11 / 11 ...
 ------ 1 / 11 ...
 ------ 2 / 11 ...
 ------ 3 / 11 ...
 ------ 4 / 11 ...
 ------ 5 / 11 ...
 ------ 6 / 11 ...
 ------ 7 / 11 ...
 ------ 8 / 11 ...
 ------ 9 / 11 ...
 ------ 10 / 11 ...
 ------ 11 / 11 ...
305654.0
551882.0
93971.0
93753.0
93138.0
93863.0
93909.0
93929.0
93498.0
93296.0
[321378]

Mean FP TimeList
[[76934, 603, 9]]

Mean BP TimeList
[[227554, 627, 376]]

Mean DPOH TimeList
[321378]

FP TimeList
[[76934, 627]]

BP TimeList
[[227554, 376]]

Time Chart for FP
[76934]
[76934, 627]
[76934, 627]
[76934, 627]

FP for each step:  [76934, 76934, 76934, 76934]

Time Chart for BP
[627, 227554]
[227554, 376]
[227554, 376]
[227554, 376]

BP for each step:  [227554, 227554, 227554, 227554]
Time without overhead: 1.217952 s

Total Time: 1.53933 s
