========== Stats ==========
iters 10
batchSize 64
numMicro 8
machine 4
log_dir _timeline/vgg_3mp
file .txt
model vgg
===========================
Number of Stages: 1
(0, 28)

Profiling for Stage (0, 28) with bs(2)
 ------ 1 / 11 ...
 ------ 2 / 11 ...
 ------ 3 / 11 ...
 ------ 4 / 11 ...
 ------ 5 / 11 ...
 ------ 6 / 11 ...
 ------ 7 / 11 ...
 ------ 8 / 11 ...
 ------ 9 / 11 ...
 ------ 10 / 11 ...
 ------ 11 / 11 ...
 ------ 1 / 11 ...
 ------ 2 / 11 ...
 ------ 3 / 11 ...
 ------ 4 / 11 ...
 ------ 5 / 11 ...
 ------ 6 / 11 ...
 ------ 7 / 11 ...
 ------ 8 / 11 ...
 ------ 9 / 11 ...
 ------ 10 / 11 ...
 ------ 11 / 11 ...
352573.0
253260.0
93902.0
93949.0
94093.0
93987.0
93952.0
357601.0
93711.0
93462.0
[324098]

Mean FP TimeList
[[78061, 562, 8]]

Mean BP TimeList
[[229778, 757, 375]]

Mean DPOH TimeList
[324098]

FP TimeList
[[78061, 757]]

BP TimeList
[[229778, 375]]

Time Chart for FP
[78061]
[78061, 757]
[78061, 757]
[78061, 757]
[78061, 757]
[78061, 757]
[78061, 757]
[78061, 757]

FP for each step:  [78061, 78061, 78061, 78061, 78061, 78061, 78061, 78061]

Time Chart for BP
[757, 229778]
[229778, 375]
[229778, 375]
[229778, 375]
[229778, 375]
[229778, 375]
[229778, 375]
[229778, 375]

BP for each step:  [229778, 229778, 229778, 229778, 229778, 229778, 229778, 229778]
Time without overhead: 2.462712 s

Total Time: 2.78681 s
