========== Stats ==========
iters 10
batchSize 128
numMicro 4
machine 4
log_dir _timeline/vgg_3mp
file .txt
model vgg
===========================
Number of Stages: 1
(0, 28)

Profiling for Stage (0, 28) with bs(4)
 ------ 1 / 11 ...
 ------ 2 / 11 ...
 ------ 3 / 11 ...
 ------ 4 / 11 ...
 ------ 5 / 11 ...
 ------ 6 / 11 ...
 ------ 7 / 11 ...
 ------ 8 / 11 ...
 ------ 9 / 11 ...
 ------ 10 / 11 ...
 ------ 11 / 11 ...
 ------ 1 / 11 ...
 ------ 2 / 11 ...
 ------ 3 / 11 ...
 ------ 4 / 11 ...
 ------ 5 / 11 ...
 ------ 6 / 11 ...
 ------ 7 / 11 ...
 ------ 8 / 11 ...
 ------ 9 / 11 ...
 ------ 10 / 11 ...
 ------ 11 / 11 ...
296960.0
389161.0
94137.0
93303.0
94050.0
94154.0
93822.0
93901.0
93265.0
93412.0
[287233]

Mean FP TimeList
[[154858, 1083, 8]]

Mean BP TimeList
[[424358, 1289, 741]]

Mean DPOH TimeList
[287233]

FP TimeList
[[154858, 1289]]

BP TimeList
[[424358, 741]]

Time Chart for FP
[154858]
[154858, 1289]
[154858, 1289]
[154858, 1289]

FP for each step:  [154858, 154858, 154858, 154858]

Time Chart for BP
[1289, 424358]
[424358, 741]
[424358, 741]
[424358, 741]

BP for each step:  [424358, 424358, 424358, 424358]
Time without overhead: 2.316864 s

Total Time: 2.604097 s
