========== Stats ==========
iters 10
batchSize 64
numMicro 4
machine 4
log_dir _timeline/vgg_3mp
file .txt
model vgg
===========================
Number of Stages: 2
(0, 6)

Profiling for Stage (0, 6) with bs(8)
 ------ 1 / 11 ...
 ------ 2 / 11 ...
 ------ 3 / 11 ...
 ------ 4 / 11 ...
 ------ 5 / 11 ...
 ------ 6 / 11 ...
 ------ 7 / 11 ...
 ------ 8 / 11 ...
 ------ 9 / 11 ...
 ------ 10 / 11 ...
 ------ 11 / 11 ...
 ------ 1 / 11 ...
 ------ 2 / 11 ...
 ------ 3 / 11 ...
 ------ 4 / 11 ...
 ------ 5 / 11 ...
 ------ 6 / 11 ...
 ------ 7 / 11 ...
 ------ 8 / 11 ...
 ------ 9 / 11 ...
 ------ 10 / 11 ...
 ------ 11 / 11 ...
(6, 28)

Profiling for Stage (6, 28) with bs(8)
 ------ 1 / 11 ...
 ------ 2 / 11 ...
 ------ 3 / 11 ...
 ------ 4 / 11 ...
 ------ 5 / 11 ...
 ------ 6 / 11 ...
 ------ 7 / 11 ...
 ------ 8 / 11 ...
 ------ 9 / 11 ...
 ------ 10 / 11 ...
 ------ 11 / 11 ...
 ------ 1 / 11 ...
 ------ 2 / 11 ...
 ------ 3 / 11 ...
 ------ 4 / 11 ...
 ------ 5 / 11 ...
 ------ 6 / 11 ...
 ------ 7 / 11 ...
 ------ 8 / 11 ...
 ------ 9 / 11 ...
 ------ 10 / 11 ...
 ------ 11 / 11 ...
573.0
555.0
548.0
514.0
531.0
493.0
500.0
494.0
505.0
509.0
298650.0
257857.0
361838.0
93667.0
93561.0
93730.0
93404.0
93419.0
93485.0
93684.0
[1044, 314659]

Mean FP TimeList
[[93273, 2045, 7822], [187268, 10011, 11]]

Mean BP TimeList
[[249966, 11833, 1478], [497048, 10173, 7816]]

Mean DPOH TimeList
[1044, 314659]

FP TimeList
[[93273, 35666], [187268, 10173]]

BP TimeList
[[497048, 27465, 497048, 27465], [249966, 1478]]

Time Chart for FP
[93273]
[93273, 35666]
[93273, 35666, 187268]
[93273, 35666, 187268, 10173]
[187268, 10173]
[187268, 10173]

FP for each step:  [93273, 93273, 187268, 187268, 187268, 187268]

Time Chart for BP
[10173, 497048]
[497048, 27465]
[497048, 27465, 249966]
[497048, 27465, 249966, 1478]
[249966, 1478]
[249966, 1478]

BP for each step:  [497048, 497048, 497048, 497048, 249966, 249966]
Time without overhead: 3.423742 s

Total Time: 3.739445 s
