========== Stats ==========
iters 10
batchSize 32
numMicro 16
machine 4
log_dir _timeline/vggh
file ./_parth/partition_4_vgg_32_16.txt
model vgg
===========================
Number of Stages: 4
(0, 4)

Profiling for Stage (0, 4) with bs(2)
 ------ 1 / 11 ...
 ------ 2 / 11 ...
 ------ 3 / 11 ...
 ------ 4 / 11 ...
 ------ 5 / 11 ...
 ------ 6 / 11 ...
 ------ 7 / 11 ...
 ------ 8 / 11 ...
 ------ 9 / 11 ...
 ------ 10 / 11 ...
 ------ 11 / 11 ...
 ------ 1 / 11 ...
 ------ 2 / 11 ...
 ------ 3 / 11 ...
 ------ 4 / 11 ...
 ------ 5 / 11 ...
 ------ 6 / 11 ...
 ------ 7 / 11 ...
 ------ 8 / 11 ...
 ------ 9 / 11 ...
 ------ 10 / 11 ...
 ------ 11 / 11 ...
(4, 9)

Profiling for Stage (4, 9) with bs(2)
 ------ 1 / 11 ...
 ------ 2 / 11 ...
 ------ 3 / 11 ...
 ------ 4 / 11 ...
 ------ 5 / 11 ...
 ------ 6 / 11 ...
 ------ 7 / 11 ...
 ------ 8 / 11 ...
 ------ 9 / 11 ...
 ------ 10 / 11 ...
 ------ 11 / 11 ...
 ------ 1 / 11 ...
 ------ 2 / 11 ...
 ------ 3 / 11 ...
 ------ 4 / 11 ...
 ------ 5 / 11 ...
 ------ 6 / 11 ...
 ------ 7 / 11 ...
 ------ 8 / 11 ...
 ------ 9 / 11 ...
 ------ 10 / 11 ...
 ------ 11 / 11 ...
(9, 14)

Profiling for Stage (9, 14) with bs(2)
 ------ 1 / 11 ...
 ------ 2 / 11 ...
 ------ 3 / 11 ...
 ------ 4 / 11 ...
 ------ 5 / 11 ...
 ------ 6 / 11 ...
 ------ 7 / 11 ...
 ------ 8 / 11 ...
 ------ 9 / 11 ...
 ------ 10 / 11 ...
 ------ 11 / 11 ...
 ------ 1 / 11 ...
 ------ 2 / 11 ...
 ------ 3 / 11 ...
 ------ 4 / 11 ...
 ------ 5 / 11 ...
 ------ 6 / 11 ...
 ------ 7 / 11 ...
 ------ 8 / 11 ...
 ------ 9 / 11 ...
 ------ 10 / 11 ...
 ------ 11 / 11 ...
(14, 28)

Profiling for Stage (14, 28) with bs(2)
 ------ 1 / 11 ...
 ------ 2 / 11 ...
 ------ 3 / 11 ...
 ------ 4 / 11 ...
 ------ 5 / 11 ...
 ------ 6 / 11 ...
 ------ 7 / 11 ...
 ------ 8 / 11 ...
 ------ 9 / 11 ...
 ------ 10 / 11 ...
 ------ 11 / 11 ...
 ------ 1 / 11 ...
 ------ 2 / 11 ...
 ------ 3 / 11 ...
 ------ 4 / 11 ...
 ------ 5 / 11 ...
 ------ 6 / 11 ...
 ------ 7 / 11 ...
 ------ 8 / 11 ...
 ------ 9 / 11 ...
 ------ 10 / 11 ...
 ------ 11 / 11 ...
170.0
168.0
158.0
158.0
162.0
161.0
200.0
192.0
165.0
191.0
2415.0
2085.0
2213.0
2109.0
2226.0
2134.0
2211.0
2063.0
2221.0
2224.0
8005.0
8033.0
48053.0
8055.0
8005.0
8095.0
8087.0
8060.0
8058.0
8070.0
258681.0
258937.0
83476.0
83287.0
83341.0
83331.0
83407.0
83231.0
83207.0
83330.0
[345, 4380, 24104, 236845]

Mean FP TimeList
[[13904, 628, 8786], [23657, 9998, 3903], [21261, 5092, 1961], [17077, 2655, 9]]

Mean BP TimeList
[[47282, 10391, 372], [59069, 14879, 7795], [64288, 7529, 3900], [61635, 2685, 1958]]

Mean DPOH TimeList
[345, 4380, 24104, 236845]

FP TimeList
[[13904, 18784], [23657, 8995], [21261, 4616], [17077, 2685]]

BP TimeList
[[61635, 9487], [64288, 18779], [59069, 18186], [47282, 372]]

Time Chart for FP
[13904]
[13904, 18784]
[13904, 18784, 23657]
[13904, 18784, 23657, 8995]
[13904, 18784, 23657, 8995, 21261]
[13904, 18784, 23657, 8995, 21261, 4616]
[13904, 18784, 23657, 8995, 21261, 4616, 17077]
[13904, 18784, 23657, 8995, 21261, 4616, 17077, 2685]
[13904, 18784, 23657, 8995, 21261, 4616, 17077, 2685]
[13904, 18784, 23657, 8995, 21261, 4616, 17077, 2685]
[13904, 18784, 23657, 8995, 21261, 4616, 17077, 2685]
[13904, 18784, 23657, 8995, 21261, 4616, 17077, 2685]
[13904, 18784, 23657, 8995, 21261, 4616, 17077, 2685]
[13904, 18784, 23657, 8995, 21261, 4616, 17077, 2685]
[13904, 18784, 23657, 8995, 21261, 4616, 17077, 2685]
[13904, 18784, 23657, 8995, 21261, 4616, 17077, 2685]
[23657, 8995, 21261, 4616, 17077, 2685]
[23657, 8995, 21261, 4616, 17077, 2685]
[21261, 4616, 17077, 2685]
[21261, 4616, 17077, 2685]
[17077, 2685]
[17077, 2685]

FP for each step:  [13904, 18784, 23657, 23657, 23657, 23657, 23657, 23657, 23657, 23657, 23657, 23657, 23657, 23657, 23657, 23657, 23657, 23657, 21261, 21261, 17077, 17077]

Time Chart for BP
[2685, 61635]
[61635, 9487]
[61635, 9487, 64288]
[61635, 9487, 64288, 18779]
[61635, 9487, 64288, 18779, 59069]
[61635, 9487, 64288, 18779, 59069, 18186]
[61635, 9487, 64288, 18779, 59069, 18186, 47282]
[61635, 9487, 64288, 18779, 59069, 18186, 47282, 372]
[61635, 9487, 64288, 18779, 59069, 18186, 47282, 372]
[61635, 9487, 64288, 18779, 59069, 18186, 47282, 372]
[61635, 9487, 64288, 18779, 59069, 18186, 47282, 372]
[61635, 9487, 64288, 18779, 59069, 18186, 47282, 372]
[61635, 9487, 64288, 18779, 59069, 18186, 47282, 372]
[61635, 9487, 64288, 18779, 59069, 18186, 47282, 372]
[61635, 9487, 64288, 18779, 59069, 18186, 47282, 372]
[61635, 9487, 64288, 18779, 59069, 18186, 47282, 372]
[64288, 18779, 59069, 18186, 47282, 372]
[64288, 18779, 59069, 18186, 47282, 372]
[59069, 18186, 47282, 372]
[59069, 18186, 47282, 372]
[47282, 372]
[47282, 372]

BP for each step:  [61635, 61635, 64288, 64288, 64288, 64288, 64288, 64288, 64288, 64288, 64288, 64288, 64288, 64288, 64288, 64288, 64288, 64288, 59069, 59069, 47282, 47282]
Time without overhead: 1.852456 s

Total Time: 1.852456 s
