========== Stats ==========
iters 10
batchSize 32
numMicro 4
machine 4
log_dir _timeline/vggh
file ./_parth/partition_2_vgg_32_4.txt
model vgg
===========================
Number of Stages: 2
(0, 8)

Profiling for Stage (0, 8) with bs(8)
 ------ 1 / 11 ...
 ------ 2 / 11 ...
 ------ 3 / 11 ...
 ------ 4 / 11 ...
 ------ 5 / 11 ...
 ------ 6 / 11 ...
 ------ 7 / 11 ...
 ------ 8 / 11 ...
 ------ 9 / 11 ...
 ------ 10 / 11 ...
 ------ 11 / 11 ...
 ------ 1 / 11 ...
 ------ 2 / 11 ...
 ------ 3 / 11 ...
 ------ 4 / 11 ...
 ------ 5 / 11 ...
 ------ 6 / 11 ...
 ------ 7 / 11 ...
 ------ 8 / 11 ...
 ------ 9 / 11 ...
 ------ 10 / 11 ...
 ------ 11 / 11 ...
(8, 28)

Profiling for Stage (8, 28) with bs(8)
 ------ 1 / 11 ...
 ------ 2 / 11 ...
 ------ 3 / 11 ...
 ------ 4 / 11 ...
 ------ 5 / 11 ...
 ------ 6 / 11 ...
 ------ 7 / 11 ...
 ------ 8 / 11 ...
 ------ 9 / 11 ...
 ------ 10 / 11 ...
 ------ 11 / 11 ...
 ------ 1 / 11 ...
 ------ 2 / 11 ...
 ------ 3 / 11 ...
 ------ 4 / 11 ...
 ------ 5 / 11 ...
 ------ 6 / 11 ...
 ------ 7 / 11 ...
 ------ 8 / 11 ...
 ------ 9 / 11 ...
 ------ 10 / 11 ...
 ------ 11 / 11 ...
1571.0
1511.0
1539.0
1554.0
1663.0
1663.0
1590.0
1605.0
1584.0
1656.0
334635.0
423641.0
92161.0
91792.0
92167.0
91989.0
91727.0
91791.0
92219.0
92253.0
[3187, 298875]

Mean FP TimeList
[[123475, 2041, 15600], [150422, 19776, 9]]

Mean BP TimeList
[[345978, 21597, 1468], [404332, 19778, 15591]]

Mean DPOH TimeList
[3187, 298875]

FP TimeList
[[123475, 35376], [150422, 19778]]

BP TimeList
[[404332, 37188], [345978, 1468]]

Time Chart for FP
[123475]
[123475, 35376]
[123475, 35376, 150422]
[123475, 35376, 150422, 19778]
[150422, 19778]
[150422, 19778]

FP for each step:  [123475, 123475, 150422, 150422, 150422, 150422]

Time Chart for BP
[19778, 404332]
[404332, 37188]
[404332, 37188, 345978]
[404332, 37188, 345978, 1468]
[345978, 1468]
[345978, 1468]

BP for each step:  [404332, 404332, 404332, 404332, 345978, 345978]
Time without overhead: 3.157922 s

Total Time: 3.157922 s
