========== Stats ==========
iters 10
batchSize 64
numMicro 2
machine 4
log_dir _timeline/vgg_3mp
file .txt
model vgg
===========================
Number of Stages: 1
(0, 28)

Profiling for Stage (0, 28) with bs(16)
 ------ 1 / 11 ...
 ------ 2 / 11 ...
 ------ 3 / 11 ...
 ------ 4 / 11 ...
 ------ 5 / 11 ...
 ------ 6 / 11 ...
 ------ 7 / 11 ...
 ------ 8 / 11 ...
 ------ 9 / 11 ...
 ------ 10 / 11 ...
 ------ 11 / 11 ...
 ------ 1 / 11 ...
 ------ 2 / 11 ...
 ------ 3 / 11 ...
 ------ 4 / 11 ...
 ------ 5 / 11 ...
 ------ 6 / 11 ...
 ------ 7 / 11 ...
 ------ 8 / 11 ...
 ------ 9 / 11 ...
 ------ 10 / 11 ...
 ------ 11 / 11 ...
93164.0
93895.0
94110.0
94041.0
93984.0
94163.0
93935.0
93855.0
94011.0
94437.0
[187919]

Mean FP TimeList
[[355989, 3899, 12]]

Mean BP TimeList
[[1420958, 4045, 2952]]

Mean DPOH TimeList
[187919]

FP TimeList
[[355989, 4045]]

BP TimeList
[[1420958, 2952]]

Time Chart for FP
[355989]
[355989, 4045]

FP for each step:  [355989, 355989]

Time Chart for BP
[4045, 1420958]
[1420958, 2952]

BP for each step:  [1420958, 1420958]
Time without overhead: 3.553894 s

Total Time: 3.741813 s
