========== Stats ==========
iters 10
batchSize 16
numMicro 8
machine 4
log_dir _timeline/vgg_3mp
file .txt
model vgg
===========================
Number of Stages: 1
(0, 28)

Profiling for Stage (0, 28) with bs(1)
 ------ 1 / 11 ...
 ------ 2 / 11 ...
 ------ 3 / 11 ...
 ------ 4 / 11 ...
 ------ 5 / 11 ...
 ------ 6 / 11 ...
 ------ 7 / 11 ...
 ------ 8 / 11 ...
 ------ 9 / 11 ...
 ------ 10 / 11 ...
 ------ 11 / 11 ...
 ------ 1 / 11 ...
 ------ 2 / 11 ...
 ------ 3 / 11 ...
 ------ 4 / 11 ...
 ------ 5 / 11 ...
 ------ 6 / 11 ...
 ------ 7 / 11 ...
 ------ 8 / 11 ...
 ------ 9 / 11 ...
 ------ 10 / 11 ...
 ------ 11 / 11 ...
311115.0
618657.0
93705.0
93966.0
94148.0
94115.0
94138.0
93256.0
94074.0
94116.0
[336258]

Mean FP TimeList
[[40450, 402, 7]]

Mean BP TimeList
[[133540, 440, 190]]

Mean DPOH TimeList
[336258]

FP TimeList
[[40450, 440]]

BP TimeList
[[133540, 190]]

Time Chart for FP
[40450]
[40450, 440]
[40450, 440]
[40450, 440]
[40450, 440]
[40450, 440]
[40450, 440]
[40450, 440]

FP for each step:  [40450, 40450, 40450, 40450, 40450, 40450, 40450, 40450]

Time Chart for BP
[440, 133540]
[133540, 190]
[133540, 190]
[133540, 190]
[133540, 190]
[133540, 190]
[133540, 190]
[133540, 190]

BP for each step:  [133540, 133540, 133540, 133540, 133540, 133540, 133540, 133540]
Time without overhead: 1.39192 s

Total Time: 1.728178 s
