========== Stats ==========
iters 10
batchSize 16
numMicro 4
machine 4
log_dir _timeline/vggh
file ./_parth/partition_2_vgg_16_4.txt
model vgg
===========================
Number of Stages: 2
(0, 9)

Profiling for Stage (0, 9) with bs(4)
 ------ 1 / 11 ...
 ------ 2 / 11 ...
 ------ 3 / 11 ...
 ------ 4 / 11 ...
 ------ 5 / 11 ...
 ------ 6 / 11 ...
 ------ 7 / 11 ...
 ------ 8 / 11 ...
 ------ 9 / 11 ...
 ------ 10 / 11 ...
 ------ 11 / 11 ...
 ------ 1 / 11 ...
 ------ 2 / 11 ...
 ------ 3 / 11 ...
 ------ 4 / 11 ...
 ------ 5 / 11 ...
 ------ 6 / 11 ...
 ------ 7 / 11 ...
 ------ 8 / 11 ...
 ------ 9 / 11 ...
 ------ 10 / 11 ...
 ------ 11 / 11 ...
(9, 28)

Profiling for Stage (9, 28) with bs(4)
 ------ 1 / 11 ...
 ------ 2 / 11 ...
 ------ 3 / 11 ...
 ------ 4 / 11 ...
 ------ 5 / 11 ...
 ------ 6 / 11 ...
 ------ 7 / 11 ...
 ------ 8 / 11 ...
 ------ 9 / 11 ...
 ------ 10 / 11 ...
 ------ 11 / 11 ...
 ------ 1 / 11 ...
 ------ 2 / 11 ...
 ------ 3 / 11 ...
 ------ 4 / 11 ...
 ------ 5 / 11 ...
 ------ 6 / 11 ...
 ------ 7 / 11 ...
 ------ 8 / 11 ...
 ------ 9 / 11 ...
 ------ 10 / 11 ...
 ------ 11 / 11 ...
2278.0
2242.0
2292.0
2315.0
2563.0
2333.0
2310.0
2242.0
2230.0
2328.0
299540.0
263964.0
90909.0
91560.0
91491.0
91528.0
91885.0
91403.0
367343.0
91301.0
[4626, 314184]

Mean FP TimeList
[[72080, 1125, 7803], [78367, 9907, 9]]

Mean BP TimeList
[[203597, 10855, 741], [219258, 9957, 7801]]

Mean DPOH TimeList
[4626, 314184]

FP TimeList
[[72080, 17710], [78367, 9957]]

BP TimeList
[[219258, 18656], [203597, 741]]

Time Chart for FP
[72080]
[72080, 17710]
[72080, 17710, 78367]
[72080, 17710, 78367, 9957]
[78367, 9957]
[78367, 9957]

FP for each step:  [72080, 72080, 78367, 78367, 78367, 78367]

Time Chart for BP
[9957, 219258]
[219258, 18656]
[219258, 18656, 203597]
[219258, 18656, 203597, 741]
[203597, 741]
[203597, 741]

BP for each step:  [219258, 219258, 219258, 219258, 203597, 203597]
Time without overhead: 1.741854 s

Total Time: 1.741854 s
