========== Stats ==========
iters 10
batchSize 16
numMicro 16
machine 4
log_dir _timeline/vggh
file ./_parth/partition_4_vgg_16_16.txt
model vgg
===========================
Number of Stages: 4
(0, 4)

Profiling for Stage (0, 4) with bs(1)
 ------ 1 / 11 ...
 ------ 2 / 11 ...
 ------ 3 / 11 ...
 ------ 4 / 11 ...
 ------ 5 / 11 ...
 ------ 6 / 11 ...
 ------ 7 / 11 ...
 ------ 8 / 11 ...
 ------ 9 / 11 ...
 ------ 10 / 11 ...
 ------ 11 / 11 ...
 ------ 1 / 11 ...
 ------ 2 / 11 ...
 ------ 3 / 11 ...
 ------ 4 / 11 ...
 ------ 5 / 11 ...
 ------ 6 / 11 ...
 ------ 7 / 11 ...
 ------ 8 / 11 ...
 ------ 9 / 11 ...
 ------ 10 / 11 ...
 ------ 11 / 11 ...
(4, 9)

Profiling for Stage (4, 9) with bs(1)
 ------ 1 / 11 ...
 ------ 2 / 11 ...
 ------ 3 / 11 ...
 ------ 4 / 11 ...
 ------ 5 / 11 ...
 ------ 6 / 11 ...
 ------ 7 / 11 ...
 ------ 8 / 11 ...
 ------ 9 / 11 ...
 ------ 10 / 11 ...
 ------ 11 / 11 ...
 ------ 1 / 11 ...
 ------ 2 / 11 ...
 ------ 3 / 11 ...
 ------ 4 / 11 ...
 ------ 5 / 11 ...
 ------ 6 / 11 ...
 ------ 7 / 11 ...
 ------ 8 / 11 ...
 ------ 9 / 11 ...
 ------ 10 / 11 ...
 ------ 11 / 11 ...
(9, 14)

Profiling for Stage (9, 14) with bs(1)
 ------ 1 / 11 ...
 ------ 2 / 11 ...
 ------ 3 / 11 ...
 ------ 4 / 11 ...
 ------ 5 / 11 ...
 ------ 6 / 11 ...
 ------ 7 / 11 ...
 ------ 8 / 11 ...
 ------ 9 / 11 ...
 ------ 10 / 11 ...
 ------ 11 / 11 ...
 ------ 1 / 11 ...
 ------ 2 / 11 ...
 ------ 3 / 11 ...
 ------ 4 / 11 ...
 ------ 5 / 11 ...
 ------ 6 / 11 ...
 ------ 7 / 11 ...
 ------ 8 / 11 ...
 ------ 9 / 11 ...
 ------ 10 / 11 ...
 ------ 11 / 11 ...
(14, 28)

Profiling for Stage (14, 28) with bs(1)
 ------ 1 / 11 ...
 ------ 2 / 11 ...
 ------ 3 / 11 ...
 ------ 4 / 11 ...
 ------ 5 / 11 ...
 ------ 6 / 11 ...
 ------ 7 / 11 ...
 ------ 8 / 11 ...
 ------ 9 / 11 ...
 ------ 10 / 11 ...
 ------ 11 / 11 ...
 ------ 1 / 11 ...
 ------ 2 / 11 ...
 ------ 3 / 11 ...
 ------ 4 / 11 ...
 ------ 5 / 11 ...
 ------ 6 / 11 ...
 ------ 7 / 11 ...
 ------ 8 / 11 ...
 ------ 9 / 11 ...
 ------ 10 / 11 ...
 ------ 11 / 11 ...
215.0
199.0
197.0
196.0
170.0
198.0
294.0
188.0
188.0
182.0
2233.0
2180.0
2159.0
2235.0
2196.0
2146.0
2170.0
2246.0
2256.0
2238.0
8017.0
51176.0
7985.0
8049.0
8083.0
8022.0
7961.0
7994.0
7992.0
8030.0
247262.0
244178.0
83582.0
83247.0
83440.0
83349.0
83519.0
83617.0
83452.0
83569.0
[405, 4411, 24661, 231843]

Mean FP TimeList
[[7005, 397, 4412], [10353, 5106, 1956], [11696, 2689, 979], [10729, 1334, 6]]

Mean BP TimeList
[[22005, 5235, 190], [32052, 7469, 3907], [36377, 3868, 1956], [46564, 1401, 981]]

Mean DPOH TimeList
[405, 4411, 24661, 231843]

FP TimeList
[[7005, 9518], [10353, 4645], [11696, 2313], [10729, 1401]]

BP TimeList
[[46564, 4849], [36377, 9425], [32052, 9142], [22005, 190]]

Time Chart for FP
[7005]
[7005, 9518]
[7005, 9518, 10353]
[7005, 9518, 10353, 4645]
[7005, 9518, 10353, 4645, 11696]
[7005, 9518, 10353, 4645, 11696, 2313]
[7005, 9518, 10353, 4645, 11696, 2313, 10729]
[7005, 9518, 10353, 4645, 11696, 2313, 10729, 1401]
[7005, 9518, 10353, 4645, 11696, 2313, 10729, 1401]
[7005, 9518, 10353, 4645, 11696, 2313, 10729, 1401]
[7005, 9518, 10353, 4645, 11696, 2313, 10729, 1401]
[7005, 9518, 10353, 4645, 11696, 2313, 10729, 1401]
[7005, 9518, 10353, 4645, 11696, 2313, 10729, 1401]
[7005, 9518, 10353, 4645, 11696, 2313, 10729, 1401]
[7005, 9518, 10353, 4645, 11696, 2313, 10729, 1401]
[7005, 9518, 10353, 4645, 11696, 2313, 10729, 1401]
[10353, 4645, 11696, 2313, 10729, 1401]
[10353, 4645, 11696, 2313, 10729, 1401]
[11696, 2313, 10729, 1401]
[11696, 2313, 10729, 1401]
[10729, 1401]
[10729, 1401]

FP for each step:  [7005, 9518, 10353, 10353, 11696, 11696, 11696, 11696, 11696, 11696, 11696, 11696, 11696, 11696, 11696, 11696, 11696, 11696, 11696, 11696, 10729, 10729]

Time Chart for BP
[1401, 46564]
[46564, 4849]
[46564, 4849, 36377]
[46564, 4849, 36377, 9425]
[46564, 4849, 36377, 9425, 32052]
[46564, 4849, 36377, 9425, 32052, 9142]
[46564, 4849, 36377, 9425, 32052, 9142, 22005]
[46564, 4849, 36377, 9425, 32052, 9142, 22005, 190]
[46564, 4849, 36377, 9425, 32052, 9142, 22005, 190]
[46564, 4849, 36377, 9425, 32052, 9142, 22005, 190]
[46564, 4849, 36377, 9425, 32052, 9142, 22005, 190]
[46564, 4849, 36377, 9425, 32052, 9142, 22005, 190]
[46564, 4849, 36377, 9425, 32052, 9142, 22005, 190]
[46564, 4849, 36377, 9425, 32052, 9142, 22005, 190]
[46564, 4849, 36377, 9425, 32052, 9142, 22005, 190]
[46564, 4849, 36377, 9425, 32052, 9142, 22005, 190]
[36377, 9425, 32052, 9142, 22005, 190]
[36377, 9425, 32052, 9142, 22005, 190]
[32052, 9142, 22005, 190]
[32052, 9142, 22005, 190]
[22005, 190]
[22005, 190]

BP for each step:  [46564, 46564, 46564, 46564, 46564, 46564, 46564, 46564, 46564, 46564, 46564, 46564, 46564, 46564, 46564, 46564, 36377, 36377, 32052, 32052, 22005, 22005]
Time without overhead: 1.171715 s

Total Time: 1.171715 s
