========== Stats ==========
iters 10
batchSize 64
numMicro 8
machine 4
log_dir _timeline/vggh
file ./_parth/partition_4_vgg_64_8.txt
model vgg
===========================
Number of Stages: 4
(0, 4)

Profiling for Stage (0, 4) with bs(8)
 ------ 1 / 11 ...
 ------ 2 / 11 ...
 ------ 3 / 11 ...
 ------ 4 / 11 ...
 ------ 5 / 11 ...
 ------ 6 / 11 ...
 ------ 7 / 11 ...
 ------ 8 / 11 ...
 ------ 9 / 11 ...
 ------ 10 / 11 ...
 ------ 11 / 11 ...
 ------ 1 / 11 ...
 ------ 2 / 11 ...
 ------ 3 / 11 ...
 ------ 4 / 11 ...
 ------ 5 / 11 ...
 ------ 6 / 11 ...
 ------ 7 / 11 ...
 ------ 8 / 11 ...
 ------ 9 / 11 ...
 ------ 10 / 11 ...
 ------ 11 / 11 ...
(4, 8)

Profiling for Stage (4, 8) with bs(8)
 ------ 1 / 11 ...
 ------ 2 / 11 ...
 ------ 3 / 11 ...
 ------ 4 / 11 ...
 ------ 5 / 11 ...
 ------ 6 / 11 ...
 ------ 7 / 11 ...
 ------ 8 / 11 ...
 ------ 9 / 11 ...
 ------ 10 / 11 ...
 ------ 11 / 11 ...
 ------ 1 / 11 ...
 ------ 2 / 11 ...
 ------ 3 / 11 ...
 ------ 4 / 11 ...
 ------ 5 / 11 ...
 ------ 6 / 11 ...
 ------ 7 / 11 ...
 ------ 8 / 11 ...
 ------ 9 / 11 ...
 ------ 10 / 11 ...
 ------ 11 / 11 ...
(8, 13)

Profiling for Stage (8, 13) with bs(8)
 ------ 1 / 11 ...
 ------ 2 / 11 ...
 ------ 3 / 11 ...
 ------ 4 / 11 ...
 ------ 5 / 11 ...
 ------ 6 / 11 ...
 ------ 7 / 11 ...
 ------ 8 / 11 ...
 ------ 9 / 11 ...
 ------ 10 / 11 ...
 ------ 11 / 11 ...
 ------ 1 / 11 ...
 ------ 2 / 11 ...
 ------ 3 / 11 ...
 ------ 4 / 11 ...
 ------ 5 / 11 ...
 ------ 6 / 11 ...
 ------ 7 / 11 ...
 ------ 8 / 11 ...
 ------ 9 / 11 ...
 ------ 10 / 11 ...
 ------ 11 / 11 ...
(13, 28)

Profiling for Stage (13, 28) with bs(8)
 ------ 1 / 11 ...
 ------ 2 / 11 ...
 ------ 3 / 11 ...
 ------ 4 / 11 ...
 ------ 5 / 11 ...
 ------ 6 / 11 ...
 ------ 7 / 11 ...
 ------ 8 / 11 ...
 ------ 9 / 11 ...
 ------ 10 / 11 ...
 ------ 11 / 11 ...
 ------ 1 / 11 ...
 ------ 2 / 11 ...
 ------ 3 / 11 ...
 ------ 4 / 11 ...
 ------ 5 / 11 ...
 ------ 6 / 11 ...
 ------ 7 / 11 ...
 ------ 8 / 11 ...
 ------ 9 / 11 ...
 ------ 10 / 11 ...
 ------ 11 / 11 ...
210.0
181.0
172.0
181.0
182.0
181.0
190.0
159.0
182.0
215.0
1355.0
1276.0
1327.0
1396.0
1316.0
1373.0
1356.0
1316.0
1327.0
1355.0
5792.0
5839.0
5791.0
5889.0
5881.0
5820.0
5900.0
5911.0
5830.0
6013.0
247445.0
428858.0
86467.0
86333.0
86113.0
86560.0
86467.0
86485.0
86642.0
86380.0
[370, 2679, 11733, 273550]

Mean FP TimeList
[[58156, 2054, 34521], [67668, 39649, 15653], [82751, 19857, 7809], [69151, 9952, 11]]

Mean BP TimeList
[[178124, 40945, 1469], [183487, 59009, 31206], [211647, 29572, 15640], [193347, 9859, 7799]]

Mean DPOH TimeList
[370, 2679, 11733, 273550]

FP TimeList
[[58156, 74170], [67668, 35510], [82751, 17761], [69151, 9859]]

BP TimeList
[[193347, 37371], [211647, 74649], [183487, 72151], [178124, 1469]]

Time Chart for FP
[58156]
[58156, 74170]
[58156, 74170, 67668]
[58156, 74170, 67668, 35510]
[58156, 74170, 67668, 35510, 82751]
[58156, 74170, 67668, 35510, 82751, 17761]
[58156, 74170, 67668, 35510, 82751, 17761, 69151]
[58156, 74170, 67668, 35510, 82751, 17761, 69151, 9859]
[67668, 35510, 82751, 17761, 69151, 9859]
[67668, 35510, 82751, 17761, 69151, 9859]
[82751, 17761, 69151, 9859]
[82751, 17761, 69151, 9859]
[69151, 9859]
[69151, 9859]

FP for each step:  [58156, 74170, 74170, 74170, 82751, 82751, 82751, 82751, 82751, 82751, 82751, 82751, 69151, 69151]

Time Chart for BP
[9859, 193347]
[193347, 37371]
[193347, 37371, 211647]
[193347, 37371, 211647, 74649]
[193347, 37371, 211647, 74649, 183487]
[193347, 37371, 211647, 74649, 183487, 72151]
[193347, 37371, 211647, 74649, 183487, 72151, 178124]
[193347, 37371, 211647, 74649, 183487, 72151, 178124, 1469]
[211647, 74649, 183487, 72151, 178124, 1469]
[211647, 74649, 183487, 72151, 178124, 1469]
[183487, 72151, 178124, 1469]
[183487, 72151, 178124, 1469]
[178124, 1469]
[178124, 1469]

BP for each step:  [193347, 193347, 211647, 211647, 211647, 211647, 211647, 211647, 211647, 211647, 183487, 183487, 178124, 178124]
Time without overhead: 3.884068 s

Total Time: 3.884068 s
