========== Stats ==========
iters 10
batchSize 16
numMicro 8
machine 4
log_dir _timeline/vgg_3mp
file .txt
model vgg
===========================
Number of Stages: 1
(0, 28)

Profiling for Stage (0, 28) with bs(1)
 ------ 1 / 11 ...
 ------ 2 / 11 ...
 ------ 3 / 11 ...
 ------ 4 / 11 ...
 ------ 5 / 11 ...
 ------ 6 / 11 ...
 ------ 7 / 11 ...
 ------ 8 / 11 ...
 ------ 9 / 11 ...
 ------ 10 / 11 ...
 ------ 11 / 11 ...
 ------ 1 / 11 ...
 ------ 2 / 11 ...
 ------ 3 / 11 ...
 ------ 4 / 11 ...
 ------ 5 / 11 ...
 ------ 6 / 11 ...
 ------ 7 / 11 ...
 ------ 8 / 11 ...
 ------ 9 / 11 ...
 ------ 10 / 11 ...
 ------ 11 / 11 ...
409127.0
431848.0
93920.0
93804.0
94067.0
93933.0
94043.0
93332.0
93160.0
93849.0
[318216]

Mean FP TimeList
[[40853, 321, 7]]

Mean BP TimeList
[[133921, 388, 189]]

Mean DPOH TimeList
[318216]

FP TimeList
[[40853, 388]]

BP TimeList
[[133921, 189]]

Time Chart for FP
[40853]
[40853, 388]
[40853, 388]
[40853, 388]
[40853, 388]
[40853, 388]
[40853, 388]
[40853, 388]

FP for each step:  [40853, 40853, 40853, 40853, 40853, 40853, 40853, 40853]

Time Chart for BP
[388, 133921]
[133921, 189]
[133921, 189]
[133921, 189]
[133921, 189]
[133921, 189]
[133921, 189]
[133921, 189]

BP for each step:  [133921, 133921, 133921, 133921, 133921, 133921, 133921, 133921]
Time without overhead: 1.398192 s

Total Time: 1.716408 s
