========== Stats ==========
iters 10
batchSize 16
numMicro 16
machine 4
log_dir _timeline/vggh
file ./_parth/partition_2_vgg_16_16.txt
model vgg
===========================
Number of Stages: 2
(0, 9)

Profiling for Stage (0, 9) with bs(1)
 ------ 1 / 11 ...
 ------ 2 / 11 ...
 ------ 3 / 11 ...
 ------ 4 / 11 ...
 ------ 5 / 11 ...
 ------ 6 / 11 ...
 ------ 7 / 11 ...
 ------ 8 / 11 ...
 ------ 9 / 11 ...
 ------ 10 / 11 ...
 ------ 11 / 11 ...
 ------ 1 / 11 ...
 ------ 2 / 11 ...
 ------ 3 / 11 ...
 ------ 4 / 11 ...
 ------ 5 / 11 ...
 ------ 6 / 11 ...
 ------ 7 / 11 ...
 ------ 8 / 11 ...
 ------ 9 / 11 ...
 ------ 10 / 11 ...
 ------ 11 / 11 ...
(9, 28)

Profiling for Stage (9, 28) with bs(1)
 ------ 1 / 11 ...
 ------ 2 / 11 ...
 ------ 3 / 11 ...
 ------ 4 / 11 ...
 ------ 5 / 11 ...
 ------ 6 / 11 ...
 ------ 7 / 11 ...
 ------ 8 / 11 ...
 ------ 9 / 11 ...
 ------ 10 / 11 ...
 ------ 11 / 11 ...
 ------ 1 / 11 ...
 ------ 2 / 11 ...
 ------ 3 / 11 ...
 ------ 4 / 11 ...
 ------ 5 / 11 ...
 ------ 6 / 11 ...
 ------ 7 / 11 ...
 ------ 8 / 11 ...
 ------ 9 / 11 ...
 ------ 10 / 11 ...
 ------ 11 / 11 ...
2405.0
12621.0
2434.0
2457.0
2387.0
2410.0
2429.0
2470.0
2428.0
2368.0
312475.0
255290.0
91454.0
91232.0
363991.0
91535.0
91174.0
91458.0
91462.0
91034.0
[6881, 314221]

Mean FP TimeList
[[17419, 370, 1953], [22281, 2687, 7]]

Mean BP TimeList
[[49932, 2823, 189], [83036, 2726, 1965]]

Mean DPOH TimeList
[6881, 314221]

FP TimeList
[[17419, 4640], [22281, 2726]]

BP TimeList
[[83036, 4788], [49932, 189]]

Time Chart for FP
[17419]
[17419, 4640]
[17419, 4640, 22281]
[17419, 4640, 22281, 2726]
[17419, 4640, 22281, 2726]
[17419, 4640, 22281, 2726]
[17419, 4640, 22281, 2726]
[17419, 4640, 22281, 2726]
[17419, 4640, 22281, 2726]
[17419, 4640, 22281, 2726]
[17419, 4640, 22281, 2726]
[17419, 4640, 22281, 2726]
[17419, 4640, 22281, 2726]
[17419, 4640, 22281, 2726]
[17419, 4640, 22281, 2726]
[17419, 4640, 22281, 2726]
[22281, 2726]
[22281, 2726]

FP for each step:  [17419, 17419, 22281, 22281, 22281, 22281, 22281, 22281, 22281, 22281, 22281, 22281, 22281, 22281, 22281, 22281, 22281, 22281]

Time Chart for BP
[2726, 83036]
[83036, 4788]
[83036, 4788, 49932]
[83036, 4788, 49932, 189]
[83036, 4788, 49932, 189]
[83036, 4788, 49932, 189]
[83036, 4788, 49932, 189]
[83036, 4788, 49932, 189]
[83036, 4788, 49932, 189]
[83036, 4788, 49932, 189]
[83036, 4788, 49932, 189]
[83036, 4788, 49932, 189]
[83036, 4788, 49932, 189]
[83036, 4788, 49932, 189]
[83036, 4788, 49932, 189]
[83036, 4788, 49932, 189]
[49932, 189]
[49932, 189]

BP for each step:  [83036, 83036, 83036, 83036, 83036, 83036, 83036, 83036, 83036, 83036, 83036, 83036, 83036, 83036, 83036, 83036, 49932, 49932]
Time without overhead: 1.819774 s

Total Time: 1.819774 s
