========== Stats ==========
iters 10
batchSize 128
numMicro 16
machine 4
log_dir _timeline/vggh
file ./_parth/partition_2_vgg_128_16.txt
model vgg
===========================
Number of Stages: 2
(0, 8)

Profiling for Stage (0, 8) with bs(8)
 ------ 1 / 11 ...
 ------ 2 / 11 ...
 ------ 3 / 11 ...
 ------ 4 / 11 ...
 ------ 5 / 11 ...
 ------ 6 / 11 ...
 ------ 7 / 11 ...
 ------ 8 / 11 ...
 ------ 9 / 11 ...
 ------ 10 / 11 ...
 ------ 11 / 11 ...
 ------ 1 / 11 ...
 ------ 2 / 11 ...
 ------ 3 / 11 ...
 ------ 4 / 11 ...
 ------ 5 / 11 ...
 ------ 6 / 11 ...
 ------ 7 / 11 ...
 ------ 8 / 11 ...
 ------ 9 / 11 ...
 ------ 10 / 11 ...
 ------ 11 / 11 ...
(8, 28)

Profiling for Stage (8, 28) with bs(8)
 ------ 1 / 11 ...
 ------ 2 / 11 ...
 ------ 3 / 11 ...
 ------ 4 / 11 ...
 ------ 5 / 11 ...
 ------ 6 / 11 ...
 ------ 7 / 11 ...
 ------ 8 / 11 ...
 ------ 9 / 11 ...
 ------ 10 / 11 ...
 ------ 11 / 11 ...
 ------ 1 / 11 ...
 ------ 2 / 11 ...
 ------ 3 / 11 ...
 ------ 4 / 11 ...
 ------ 5 / 11 ...
 ------ 6 / 11 ...
 ------ 7 / 11 ...
 ------ 8 / 11 ...
 ------ 9 / 11 ...
 ------ 10 / 11 ...
 ------ 11 / 11 ...
1551.0
1568.0
1548.0
1599.0
1579.0
1576.0
1510.0
1548.0
1541.0
1570.0
253080.0
424665.0
92389.0
92018.0
92274.0
91718.0
92004.0
91792.0
92276.0
92187.0
[3118, 282880]

Mean FP TimeList
[[123188, 2017, 15605], [150779, 19639, 10]]

Mean BP TimeList
[[346297, 21435, 1469], [405142, 19667, 15576]]

Mean DPOH TimeList
[3118, 282880]

FP TimeList
[[123188, 35244], [150779, 19667]]

BP TimeList
[[405142, 37011], [346297, 1469]]

Time Chart for FP
[123188]
[123188, 35244]
[123188, 35244, 150779]
[123188, 35244, 150779, 19667]
[123188, 35244, 150779, 19667]
[123188, 35244, 150779, 19667]
[123188, 35244, 150779, 19667]
[123188, 35244, 150779, 19667]
[123188, 35244, 150779, 19667]
[123188, 35244, 150779, 19667]
[123188, 35244, 150779, 19667]
[123188, 35244, 150779, 19667]
[123188, 35244, 150779, 19667]
[123188, 35244, 150779, 19667]
[123188, 35244, 150779, 19667]
[123188, 35244, 150779, 19667]
[150779, 19667]
[150779, 19667]

FP for each step:  [123188, 123188, 150779, 150779, 150779, 150779, 150779, 150779, 150779, 150779, 150779, 150779, 150779, 150779, 150779, 150779, 150779, 150779]

Time Chart for BP
[19667, 405142]
[405142, 37011]
[405142, 37011, 346297]
[405142, 37011, 346297, 1469]
[405142, 37011, 346297, 1469]
[405142, 37011, 346297, 1469]
[405142, 37011, 346297, 1469]
[405142, 37011, 346297, 1469]
[405142, 37011, 346297, 1469]
[405142, 37011, 346297, 1469]
[405142, 37011, 346297, 1469]
[405142, 37011, 346297, 1469]
[405142, 37011, 346297, 1469]
[405142, 37011, 346297, 1469]
[405142, 37011, 346297, 1469]
[405142, 37011, 346297, 1469]
[346297, 1469]
[346297, 1469]

BP for each step:  [405142, 405142, 405142, 405142, 405142, 405142, 405142, 405142, 405142, 405142, 405142, 405142, 405142, 405142, 405142, 405142, 346297, 346297]
Time without overhead: 9.833706 s

Total Time: 9.833706 s
