========== Stats ==========
iters 10
batchSize 64
numMicro 8
machine 4
log_dir _timeline/vgg_3mp
file .txt
model vgg
===========================
Number of Stages: 1
(0, 28)

Profiling for Stage (0, 28) with bs(1)
 ------ 1 / 11 ...
 ------ 2 / 11 ...
 ------ 3 / 11 ...
 ------ 4 / 11 ...
 ------ 5 / 11 ...
 ------ 6 / 11 ...
 ------ 7 / 11 ...
 ------ 8 / 11 ...
 ------ 9 / 11 ...
 ------ 10 / 11 ...
 ------ 11 / 11 ...
 ------ 1 / 11 ...
 ------ 2 / 11 ...
 ------ 3 / 11 ...
 ------ 4 / 11 ...
 ------ 5 / 11 ...
 ------ 6 / 11 ...
 ------ 7 / 11 ...
 ------ 8 / 11 ...
 ------ 9 / 11 ...
 ------ 10 / 11 ...
 ------ 11 / 11 ...
377227.0
387621.0
93730.0
93770.0
93567.0
93831.0
93716.0
93562.0
93682.0
93303.0
[302801]

Mean FP TimeList
[[40775, 323, 7]]

Mean BP TimeList
[[133848, 402, 191]]

Mean DPOH TimeList
[302801]

FP TimeList
[[40775, 402]]

BP TimeList
[[133848, 191]]

Time Chart for FP
[40775]
[40775, 402]
[40775, 402]
[40775, 402]
[40775, 402]
[40775, 402]
[40775, 402]
[40775, 402]

FP for each step:  [40775, 40775, 40775, 40775, 40775, 40775, 40775, 40775]

Time Chart for BP
[402, 133848]
[133848, 191]
[133848, 191]
[133848, 191]
[133848, 191]
[133848, 191]
[133848, 191]
[133848, 191]

BP for each step:  [133848, 133848, 133848, 133848, 133848, 133848, 133848, 133848]
Time without overhead: 1.396984 s

Total Time: 1.699785 s
