========== Stats ==========
iters 10
batchSize 16
numMicro 8
machine 4
log_dir _timeline/vgg_3mp
file .txt
model vgg
===========================
Number of Stages: 1
(0, 28)

Profiling for Stage (0, 28) with bs(1)
 ------ 1 / 11 ...
 ------ 2 / 11 ...
 ------ 3 / 11 ...
 ------ 4 / 11 ...
 ------ 5 / 11 ...
 ------ 6 / 11 ...
 ------ 7 / 11 ...
 ------ 8 / 11 ...
 ------ 9 / 11 ...
 ------ 10 / 11 ...
 ------ 11 / 11 ...
 ------ 1 / 11 ...
 ------ 2 / 11 ...
 ------ 3 / 11 ...
 ------ 4 / 11 ...
 ------ 5 / 11 ...
 ------ 6 / 11 ...
 ------ 7 / 11 ...
 ------ 8 / 11 ...
 ------ 9 / 11 ...
 ------ 10 / 11 ...
 ------ 11 / 11 ...
330535.0
543233.0
93665.0
93892.0
94031.0
93168.0
93262.0
94095.0
93895.0
93347.0
[324624]

Mean FP TimeList
[[41163, 436, 7]]

Mean BP TimeList
[[134235, 509, 189]]

Mean DPOH TimeList
[324624]

FP TimeList
[[41163, 509]]

BP TimeList
[[134235, 189]]

Time Chart for FP
[41163]
[41163, 509]
[41163, 509]
[41163, 509]
[41163, 509]
[41163, 509]
[41163, 509]
[41163, 509]

FP for each step:  [41163, 41163, 41163, 41163, 41163, 41163, 41163, 41163]

Time Chart for BP
[509, 134235]
[134235, 189]
[134235, 189]
[134235, 189]
[134235, 189]
[134235, 189]
[134235, 189]
[134235, 189]

BP for each step:  [134235, 134235, 134235, 134235, 134235, 134235, 134235, 134235]
Time without overhead: 1.403184 s

Total Time: 1.727808 s
