========== Stats ==========
iters 10
batchSize 64
numMicro 4
machine 4
log_dir _timeline/vgg_3mp
file .txt
model vgg
===========================
Number of Stages: 2
(0, 7)

Profiling for Stage (0, 7) with bs(16)
 ------ 1 / 11 ...
 ------ 2 / 11 ...
 ------ 3 / 11 ...
 ------ 4 / 11 ...
 ------ 5 / 11 ...
 ------ 6 / 11 ...
 ------ 7 / 11 ...
 ------ 8 / 11 ...
 ------ 9 / 11 ...
 ------ 10 / 11 ...
 ------ 11 / 11 ...
 ------ 1 / 11 ...
 ------ 2 / 11 ...
 ------ 3 / 11 ...
 ------ 4 / 11 ...
 ------ 5 / 11 ...
 ------ 6 / 11 ...
 ------ 7 / 11 ...
 ------ 8 / 11 ...
 ------ 9 / 11 ...
 ------ 10 / 11 ...
 ------ 11 / 11 ...
(7, 28)

Profiling for Stage (7, 28) with bs(16)
 ------ 1 / 11 ...
 ------ 2 / 11 ...
 ------ 3 / 11 ...
 ------ 4 / 11 ...
 ------ 5 / 11 ...
 ------ 6 / 11 ...
 ------ 7 / 11 ...
 ------ 8 / 11 ...
 ------ 9 / 11 ...
 ------ 10 / 11 ...
 ------ 11 / 11 ...
 ------ 1 / 11 ...
 ------ 2 / 11 ...
 ------ 3 / 11 ...
 ------ 4 / 11 ...
 ------ 5 / 11 ...
 ------ 6 / 11 ...
 ------ 7 / 11 ...
 ------ 8 / 11 ...
 ------ 9 / 11 ...
 ------ 10 / 11 ...
 ------ 11 / 11 ...
799.0
811.0
806.0
788.0
789.0
796.0
808.0
820.0
789.0
760.0
256422.0
93064.0
93286.0
93155.0
93106.0
93065.0
93626.0
92932.0
93374.0
93318.0
[1593, 219069]

Mean FP TimeList
[[167789, 3901, 31186], [193854, 39614, 12]]

Mean BP TimeList
[[604247, 43234, 2938], [593398, 39751, 31207]]

Mean DPOH TimeList
[1593, 219069]

FP TimeList
[[167789, 70800], [193854, 39751]]

BP TimeList
[[593398, 74441], [604247, 2938]]

Time Chart for FP
[167789]
[167789, 70800]
[167789, 70800, 193854]
[167789, 70800, 193854, 39751]
[193854, 39751]
[193854, 39751]

FP for each step:  [167789, 167789, 193854, 193854, 193854, 193854]

Time Chart for BP
[39751, 593398]
[593398, 74441]
[593398, 74441, 604247]
[593398, 74441, 604247, 2938]
[604247, 2938]
[604247, 2938]

BP for each step:  [593398, 593398, 604247, 604247, 604247, 604247]
Time without overhead: 4.714778 s

Total Time: 4.714778 s
