========== Stats ==========
iters 10
batchSize 16
numMicro 4
machine 4
log_dir _timeline/vgg_3mp
file .txt
model vgg
===========================
Number of Stages: 2
(0, 9)

Profiling for Stage (0, 9) with bs(4)
 ------ 1 / 11 ...
 ------ 2 / 11 ...
 ------ 3 / 11 ...
 ------ 4 / 11 ...
 ------ 5 / 11 ...
 ------ 6 / 11 ...
 ------ 7 / 11 ...
 ------ 8 / 11 ...
 ------ 9 / 11 ...
 ------ 10 / 11 ...
 ------ 11 / 11 ...
 ------ 1 / 11 ...
 ------ 2 / 11 ...
 ------ 3 / 11 ...
 ------ 4 / 11 ...
 ------ 5 / 11 ...
 ------ 6 / 11 ...
 ------ 7 / 11 ...
 ------ 8 / 11 ...
 ------ 9 / 11 ...
 ------ 10 / 11 ...
 ------ 11 / 11 ...
(9, 28)

Profiling for Stage (9, 28) with bs(4)
 ------ 1 / 11 ...
 ------ 2 / 11 ...
 ------ 3 / 11 ...
 ------ 4 / 11 ...
 ------ 5 / 11 ...
 ------ 6 / 11 ...
 ------ 7 / 11 ...
 ------ 8 / 11 ...
 ------ 9 / 11 ...
 ------ 10 / 11 ...
 ------ 11 / 11 ...
 ------ 1 / 11 ...
 ------ 2 / 11 ...
 ------ 3 / 11 ...
 ------ 4 / 11 ...
 ------ 5 / 11 ...
 ------ 6 / 11 ...
 ------ 7 / 11 ...
 ------ 8 / 11 ...
 ------ 9 / 11 ...
 ------ 10 / 11 ...
 ------ 11 / 11 ...
2586.0
2403.0
2396.0
2449.0
2317.0
2430.0
2399.0
2412.0
2433.0
2387.0
298526.0
252843.0
375202.0
91392.0
91218.0
91526.0
91003.0
91583.0
91684.0
91701.0
[4842, 313335]

Mean FP TimeList
[[71288, 1109, 7809], [77456, 10055, 7]]

Mean BP TimeList
[[200711, 10924, 739], [217051, 9846, 7805]]

Mean DPOH TimeList
[4842, 313335]

FP TimeList
[[71288, 17864], [77456, 9846]]

BP TimeList
[[217051, 18729], [200711, 739]]

Time Chart for FP
[71288]
[71288, 17864]
[71288, 17864, 77456]
[71288, 17864, 77456, 9846]
[77456, 9846]
[77456, 9846]

FP for each step:  [71288, 71288, 77456, 77456, 77456, 77456]

Time Chart for BP
[9846, 217051]
[217051, 18729]
[217051, 18729, 200711]
[217051, 18729, 200711, 739]
[200711, 739]
[200711, 739]

BP for each step:  [217051, 217051, 217051, 217051, 200711, 200711]
Time without overhead: 1.722026 s

Total Time: 1.722026 s
