========== Stats ==========
iters 10
batchSize 16
numMicro 4
machine 4
log_dir _timeline/vggh
file ./_parth/partition_4_vgg_16_4.txt
model vgg
===========================
Number of Stages: 4
(0, 4)

Profiling for Stage (0, 4) with bs(4)
 ------ 1 / 11 ...
 ------ 2 / 11 ...
 ------ 3 / 11 ...
 ------ 4 / 11 ...
 ------ 5 / 11 ...
 ------ 6 / 11 ...
 ------ 7 / 11 ...
 ------ 8 / 11 ...
 ------ 9 / 11 ...
 ------ 10 / 11 ...
 ------ 11 / 11 ...
 ------ 1 / 11 ...
 ------ 2 / 11 ...
 ------ 3 / 11 ...
 ------ 4 / 11 ...
 ------ 5 / 11 ...
 ------ 6 / 11 ...
 ------ 7 / 11 ...
 ------ 8 / 11 ...
 ------ 9 / 11 ...
 ------ 10 / 11 ...
 ------ 11 / 11 ...
(4, 9)

Profiling for Stage (4, 9) with bs(4)
 ------ 1 / 11 ...
 ------ 2 / 11 ...
 ------ 3 / 11 ...
 ------ 4 / 11 ...
 ------ 5 / 11 ...
 ------ 6 / 11 ...
 ------ 7 / 11 ...
 ------ 8 / 11 ...
 ------ 9 / 11 ...
 ------ 10 / 11 ...
 ------ 11 / 11 ...
 ------ 1 / 11 ...
 ------ 2 / 11 ...
 ------ 3 / 11 ...
 ------ 4 / 11 ...
 ------ 5 / 11 ...
 ------ 6 / 11 ...
 ------ 7 / 11 ...
 ------ 8 / 11 ...
 ------ 9 / 11 ...
 ------ 10 / 11 ...
 ------ 11 / 11 ...
(9, 13)

Profiling for Stage (9, 13) with bs(4)
 ------ 1 / 11 ...
 ------ 2 / 11 ...
 ------ 3 / 11 ...
 ------ 4 / 11 ...
 ------ 5 / 11 ...
 ------ 6 / 11 ...
 ------ 7 / 11 ...
 ------ 8 / 11 ...
 ------ 9 / 11 ...
 ------ 10 / 11 ...
 ------ 11 / 11 ...
 ------ 1 / 11 ...
 ------ 2 / 11 ...
 ------ 3 / 11 ...
 ------ 4 / 11 ...
 ------ 5 / 11 ...
 ------ 6 / 11 ...
 ------ 7 / 11 ...
 ------ 8 / 11 ...
 ------ 9 / 11 ...
 ------ 10 / 11 ...
 ------ 11 / 11 ...
(13, 28)

Profiling for Stage (13, 28) with bs(4)
 ------ 1 / 11 ...
 ------ 2 / 11 ...
 ------ 3 / 11 ...
 ------ 4 / 11 ...
 ------ 5 / 11 ...
 ------ 6 / 11 ...
 ------ 7 / 11 ...
 ------ 8 / 11 ...
 ------ 9 / 11 ...
 ------ 10 / 11 ...
 ------ 11 / 11 ...
 ------ 1 / 11 ...
 ------ 2 / 11 ...
 ------ 3 / 11 ...
 ------ 4 / 11 ...
 ------ 5 / 11 ...
 ------ 6 / 11 ...
 ------ 7 / 11 ...
 ------ 8 / 11 ...
 ------ 9 / 11 ...
 ------ 10 / 11 ...
 ------ 11 / 11 ...
170.0
179.0
180.0
189.0
181.0
158.0
169.0
157.0
180.0
157.0
2118.0
2130.0
2107.0
2131.0
2106.0
2147.0
2117.0
2148.0
2137.0
2097.0
5128.0
5147.0
5096.0
5108.0
5139.0
5081.0
5090.0
5116.0
5069.0
5109.0
249463.0
246303.0
86114.0
86397.0
86390.0
86371.0
86137.0
86249.0
86225.0
86200.0
[344, 4247, 10216, 237169]

Mean FP TimeList
[[28321, 1125, 17566], [50792, 19658, 7796], [33496, 9881, 3903], [44145, 5060, 8]]

Mean BP TimeList
[[88186, 20651, 740], [121367, 29301, 15595], [85196, 14743, 7800], [131159, 5018, 3902]]

Mean DPOH TimeList
[344, 4247, 10216, 237169]

FP TimeList
[[28321, 37224], [50792, 17677], [33496, 8963], [44145, 5018]]

BP TimeList
[[131159, 18645], [85196, 37101], [121367, 36246], [88186, 740]]

Time Chart for FP
[28321]
[28321, 37224]
[28321, 37224, 50792]
[28321, 37224, 50792, 17677]
[50792, 17677, 33496]
[50792, 17677, 33496, 8963]
[33496, 8963, 44145]
[33496, 8963, 44145, 5018]
[44145, 5018]
[44145, 5018]

FP for each step:  [28321, 37224, 50792, 50792, 50792, 50792, 44145, 44145, 44145, 44145]

Time Chart for BP
[5018, 131159]
[131159, 18645]
[131159, 18645, 85196]
[131159, 18645, 85196, 37101]
[85196, 37101, 121367]
[85196, 37101, 121367, 36246]
[121367, 36246, 88186]
[121367, 36246, 88186, 740]
[88186, 740]
[88186, 740]

BP for each step:  [131159, 131159, 131159, 131159, 121367, 121367, 121367, 121367, 88186, 88186]
Time without overhead: 1.631769 s

Total Time: 1.631769 s
