========== Stats ==========
iters 10
batchSize 64
numMicro 16
machine 4
log_dir _timeline/vgg_3mp
file .txt
model vgg
===========================
Number of Stages: 2
(0, 9)

Profiling for Stage (0, 9) with bs(4)
 ------ 1 / 11 ...
 ------ 2 / 11 ...
 ------ 3 / 11 ...
 ------ 4 / 11 ...
 ------ 5 / 11 ...
 ------ 6 / 11 ...
 ------ 7 / 11 ...
 ------ 8 / 11 ...
 ------ 9 / 11 ...
 ------ 10 / 11 ...
 ------ 11 / 11 ...
 ------ 1 / 11 ...
 ------ 2 / 11 ...
 ------ 3 / 11 ...
 ------ 4 / 11 ...
 ------ 5 / 11 ...
 ------ 6 / 11 ...
 ------ 7 / 11 ...
 ------ 8 / 11 ...
 ------ 9 / 11 ...
 ------ 10 / 11 ...
 ------ 11 / 11 ...
(9, 28)

Profiling for Stage (9, 28) with bs(4)
 ------ 1 / 11 ...
 ------ 2 / 11 ...
 ------ 3 / 11 ...
 ------ 4 / 11 ...
 ------ 5 / 11 ...
 ------ 6 / 11 ...
 ------ 7 / 11 ...
 ------ 8 / 11 ...
 ------ 9 / 11 ...
 ------ 10 / 11 ...
 ------ 11 / 11 ...
 ------ 1 / 11 ...
 ------ 2 / 11 ...
 ------ 3 / 11 ...
 ------ 4 / 11 ...
 ------ 5 / 11 ...
 ------ 6 / 11 ...
 ------ 7 / 11 ...
 ------ 8 / 11 ...
 ------ 9 / 11 ...
 ------ 10 / 11 ...
 ------ 11 / 11 ...
2546.0
2489.0
2405.0
2382.0
2452.0
2379.0
2407.0
2441.0
2434.0
2362.0
380037.0
425474.0
91678.0
91644.0
91116.0
91509.0
91275.0
91492.0
91366.0
91585.0
[4859, 307435]

Mean FP TimeList
[[72505, 1126, 7809], [78633, 9908, 8]]

Mean BP TimeList
[[203488, 10938, 741], [220696, 10069, 7802]]

Mean DPOH TimeList
[4859, 307435]

FP TimeList
[[72505, 17717], [78633, 10069]]

BP TimeList
[[220696, 18740], [203488, 741]]

Time Chart for FP
[72505]
[72505, 17717]
[72505, 17717, 78633]
[72505, 17717, 78633, 10069]
[72505, 17717, 78633, 10069]
[72505, 17717, 78633, 10069]
[72505, 17717, 78633, 10069]
[72505, 17717, 78633, 10069]
[72505, 17717, 78633, 10069]
[72505, 17717, 78633, 10069]
[72505, 17717, 78633, 10069]
[72505, 17717, 78633, 10069]
[72505, 17717, 78633, 10069]
[72505, 17717, 78633, 10069]
[72505, 17717, 78633, 10069]
[72505, 17717, 78633, 10069]
[78633, 10069]
[78633, 10069]

FP for each step:  [72505, 72505, 78633, 78633, 78633, 78633, 78633, 78633, 78633, 78633, 78633, 78633, 78633, 78633, 78633, 78633, 78633, 78633]

Time Chart for BP
[10069, 220696]
[220696, 18740]
[220696, 18740, 203488]
[220696, 18740, 203488, 741]
[220696, 18740, 203488, 741]
[220696, 18740, 203488, 741]
[220696, 18740, 203488, 741]
[220696, 18740, 203488, 741]
[220696, 18740, 203488, 741]
[220696, 18740, 203488, 741]
[220696, 18740, 203488, 741]
[220696, 18740, 203488, 741]
[220696, 18740, 203488, 741]
[220696, 18740, 203488, 741]
[220696, 18740, 203488, 741]
[220696, 18740, 203488, 741]
[203488, 741]
[203488, 741]

BP for each step:  [220696, 220696, 220696, 220696, 220696, 220696, 220696, 220696, 220696, 220696, 220696, 220696, 220696, 220696, 220696, 220696, 203488, 203488]
Time without overhead: 5.34125 s

Total Time: 5.34125 s
