========== Stats ==========
iters 10
batchSize 32
numMicro 16
machine 4
log_dir _timeline/vgg_3mp
file .txt
model vgg
===========================
Number of Stages: 1
(0, 28)

Profiling for Stage (0, 28) with bs(1)
 ------ 1 / 11 ...
 ------ 2 / 11 ...
 ------ 3 / 11 ...
 ------ 4 / 11 ...
 ------ 5 / 11 ...
 ------ 6 / 11 ...
 ------ 7 / 11 ...
 ------ 8 / 11 ...
 ------ 9 / 11 ...
 ------ 10 / 11 ...
 ------ 11 / 11 ...
 ------ 1 / 11 ...
 ------ 2 / 11 ...
 ------ 3 / 11 ...
 ------ 4 / 11 ...
 ------ 5 / 11 ...
 ------ 6 / 11 ...
 ------ 7 / 11 ...
 ------ 8 / 11 ...
 ------ 9 / 11 ...
 ------ 10 / 11 ...
 ------ 11 / 11 ...
296107.0
565458.0
94084.0
94254.0
93894.0
94003.0
94138.0
93831.0
93866.0
94066.0
[322740]

Mean FP TimeList
[[40794, 392, 6]]

Mean BP TimeList
[[133987, 384, 189]]

Mean DPOH TimeList
[322740]

FP TimeList
[[40794, 384]]

BP TimeList
[[133987, 189]]

Time Chart for FP
[40794]
[40794, 384]
[40794, 384]
[40794, 384]
[40794, 384]
[40794, 384]
[40794, 384]
[40794, 384]
[40794, 384]
[40794, 384]
[40794, 384]
[40794, 384]
[40794, 384]
[40794, 384]
[40794, 384]
[40794, 384]

FP for each step:  [40794, 40794, 40794, 40794, 40794, 40794, 40794, 40794, 40794, 40794, 40794, 40794, 40794, 40794, 40794, 40794]

Time Chart for BP
[384, 133987]
[133987, 189]
[133987, 189]
[133987, 189]
[133987, 189]
[133987, 189]
[133987, 189]
[133987, 189]
[133987, 189]
[133987, 189]
[133987, 189]
[133987, 189]
[133987, 189]
[133987, 189]
[133987, 189]
[133987, 189]

BP for each step:  [133987, 133987, 133987, 133987, 133987, 133987, 133987, 133987, 133987, 133987, 133987, 133987, 133987, 133987, 133987, 133987]
Time without overhead: 2.796496 s

Total Time: 3.119236 s
