========== Stats ==========
iters 10
batchSize 128
numMicro 8
machine 4
log_dir _timeline/vgg_3mp
file .txt
model vgg
===========================
Number of Stages: 2
(0, 7)

Profiling for Stage (0, 7) with bs(16)
 ------ 1 / 11 ...
 ------ 2 / 11 ...
 ------ 3 / 11 ...
 ------ 4 / 11 ...
 ------ 5 / 11 ...
 ------ 6 / 11 ...
 ------ 7 / 11 ...
 ------ 8 / 11 ...
 ------ 9 / 11 ...
 ------ 10 / 11 ...
 ------ 11 / 11 ...
 ------ 1 / 11 ...
 ------ 2 / 11 ...
 ------ 3 / 11 ...
 ------ 4 / 11 ...
 ------ 5 / 11 ...
 ------ 6 / 11 ...
 ------ 7 / 11 ...
 ------ 8 / 11 ...
 ------ 9 / 11 ...
 ------ 10 / 11 ...
 ------ 11 / 11 ...
(7, 28)

Profiling for Stage (7, 28) with bs(16)
 ------ 1 / 11 ...
 ------ 2 / 11 ...
 ------ 3 / 11 ...
 ------ 4 / 11 ...
 ------ 5 / 11 ...
 ------ 6 / 11 ...
 ------ 7 / 11 ...
 ------ 8 / 11 ...
 ------ 9 / 11 ...
 ------ 10 / 11 ...
 ------ 11 / 11 ...
 ------ 1 / 11 ...
 ------ 2 / 11 ...
 ------ 3 / 11 ...
 ------ 4 / 11 ...
 ------ 5 / 11 ...
 ------ 6 / 11 ...
 ------ 7 / 11 ...
 ------ 8 / 11 ...
 ------ 9 / 11 ...
 ------ 10 / 11 ...
 ------ 11 / 11 ...
915.0
953.0
871.0
918.0
781.0
818.0
935.0
985.0
971.0
903.0
251215.0
92993.0
93186.0
93073.0
92862.0
93129.0
92685.0
93010.0
92881.0
92669.0
[1810, 217540]

Mean FP TimeList
[[168027, 3908, 31206], [194106, 39320, 12]]

Mean BP TimeList
[[606851, 43018, 2958], [593567, 39274, 31209]]

Mean DPOH TimeList
[1810, 217540]

FP TimeList
[[168027, 70526], [194106, 39274]]

BP TimeList
[[593567, 74227], [606851, 2958]]

Time Chart for FP
[168027]
[168027, 70526]
[168027, 70526, 194106]
[168027, 70526, 194106, 39274]
[168027, 70526, 194106, 39274]
[168027, 70526, 194106, 39274]
[168027, 70526, 194106, 39274]
[168027, 70526, 194106, 39274]
[194106, 39274]
[194106, 39274]

FP for each step:  [168027, 168027, 194106, 194106, 194106, 194106, 194106, 194106, 194106, 194106]

Time Chart for BP
[39274, 593567]
[593567, 74227]
[593567, 74227, 606851]
[593567, 74227, 606851, 2958]
[593567, 74227, 606851, 2958]
[593567, 74227, 606851, 2958]
[593567, 74227, 606851, 2958]
[593567, 74227, 606851, 2958]
[606851, 2958]
[606851, 2958]

BP for each step:  [593567, 593567, 606851, 606851, 606851, 606851, 606851, 606851, 606851, 606851]
Time without overhead: 7.930844 s

Total Time: 7.930844 s
