========== Stats ==========
iters 10
batchSize 16
numMicro 4
machine 4
log_dir _timeline/vgg_3mp
file .txt
model vgg
===========================
Number of Stages: 1
(0, 28)

Profiling for Stage (0, 28) with bs(1)
 ------ 1 / 11 ...
 ------ 2 / 11 ...
 ------ 3 / 11 ...
 ------ 4 / 11 ...
 ------ 5 / 11 ...
 ------ 6 / 11 ...
 ------ 7 / 11 ...
 ------ 8 / 11 ...
 ------ 9 / 11 ...
 ------ 10 / 11 ...
 ------ 11 / 11 ...
 ------ 1 / 11 ...
 ------ 2 / 11 ...
 ------ 3 / 11 ...
 ------ 4 / 11 ...
 ------ 5 / 11 ...
 ------ 6 / 11 ...
 ------ 7 / 11 ...
 ------ 8 / 11 ...
 ------ 9 / 11 ...
 ------ 10 / 11 ...
 ------ 11 / 11 ...
386961.0
436635.0
94027.0
93959.0
93266.0
94058.0
93571.0
93163.0
94147.0
94094.0
[314776]

Mean FP TimeList
[[40836, 308, 7]]

Mean BP TimeList
[[134313, 591, 189]]

Mean DPOH TimeList
[314776]

FP TimeList
[[40836, 591]]

BP TimeList
[[134313, 189]]

Time Chart for FP
[40836]
[40836, 591]
[40836, 591]
[40836, 591]

FP for each step:  [40836, 40836, 40836, 40836]

Time Chart for BP
[591, 134313]
[134313, 189]
[134313, 189]
[134313, 189]

BP for each step:  [134313, 134313, 134313, 134313]
Time without overhead: 0.700596 s

Total Time: 1.015372 s
