========== Stats ==========
iters 10
batchSize 64
numMicro 8
machine 4
log_dir _timeline/vggh
file ./_parth/partition_2_vgg_64_8.txt
model vgg
===========================
Number of Stages: 2
(0, 8)

Profiling for Stage (0, 8) with bs(8)
 ------ 1 / 11 ...
 ------ 2 / 11 ...
 ------ 3 / 11 ...
 ------ 4 / 11 ...
 ------ 5 / 11 ...
 ------ 6 / 11 ...
 ------ 7 / 11 ...
 ------ 8 / 11 ...
 ------ 9 / 11 ...
 ------ 10 / 11 ...
 ------ 11 / 11 ...
 ------ 1 / 11 ...
 ------ 2 / 11 ...
 ------ 3 / 11 ...
 ------ 4 / 11 ...
 ------ 5 / 11 ...
 ------ 6 / 11 ...
 ------ 7 / 11 ...
 ------ 8 / 11 ...
 ------ 9 / 11 ...
 ------ 10 / 11 ...
 ------ 11 / 11 ...
(8, 28)

Profiling for Stage (8, 28) with bs(8)
 ------ 1 / 11 ...
 ------ 2 / 11 ...
 ------ 3 / 11 ...
 ------ 4 / 11 ...
 ------ 5 / 11 ...
 ------ 6 / 11 ...
 ------ 7 / 11 ...
 ------ 8 / 11 ...
 ------ 9 / 11 ...
 ------ 10 / 11 ...
 ------ 11 / 11 ...
 ------ 1 / 11 ...
 ------ 2 / 11 ...
 ------ 3 / 11 ...
 ------ 4 / 11 ...
 ------ 5 / 11 ...
 ------ 6 / 11 ...
 ------ 7 / 11 ...
 ------ 8 / 11 ...
 ------ 9 / 11 ...
 ------ 10 / 11 ...
 ------ 11 / 11 ...
1429.0
1557.0
1508.0
1593.0
1579.0
1599.0
1523.0
1538.0
1509.0
1480.0
256195.0
368676.0
92317.0
92308.0
92363.0
92093.0
92248.0
92187.0
91895.0
92147.0
[3063, 272485]

Mean FP TimeList
[[124305, 2147, 15616], [150871, 19868, 9]]

Mean BP TimeList
[[351646, 20579, 1487], [405348, 19511, 15587]]

Mean DPOH TimeList
[3063, 272485]

FP TimeList
[[124305, 35484], [150871, 19511]]

BP TimeList
[[405348, 36166], [351646, 1487]]

Time Chart for FP
[124305]
[124305, 35484]
[124305, 35484, 150871]
[124305, 35484, 150871, 19511]
[124305, 35484, 150871, 19511]
[124305, 35484, 150871, 19511]
[124305, 35484, 150871, 19511]
[124305, 35484, 150871, 19511]
[150871, 19511]
[150871, 19511]

FP for each step:  [124305, 124305, 150871, 150871, 150871, 150871, 150871, 150871, 150871, 150871]

Time Chart for BP
[19511, 405348]
[405348, 36166]
[405348, 36166, 351646]
[405348, 36166, 351646, 1487]
[405348, 36166, 351646, 1487]
[405348, 36166, 351646, 1487]
[405348, 36166, 351646, 1487]
[405348, 36166, 351646, 1487]
[351646, 1487]
[351646, 1487]

BP for each step:  [405348, 405348, 405348, 405348, 405348, 405348, 405348, 405348, 351646, 351646]
Time without overhead: 5.401654 s

Total Time: 5.401654 s
