========== Stats ==========
iters 10
batchSize 32
numMicro 4
machine 4
log_dir _timeline/vgg_3mp
file .txt
model vgg
===========================
Number of Stages: 2
(0, 6)

Profiling for Stage (0, 6) with bs(2)
 ------ 1 / 11 ...
 ------ 2 / 11 ...
 ------ 3 / 11 ...
 ------ 4 / 11 ...
 ------ 5 / 11 ...
 ------ 6 / 11 ...
 ------ 7 / 11 ...
 ------ 8 / 11 ...
 ------ 9 / 11 ...
 ------ 10 / 11 ...
 ------ 11 / 11 ...
 ------ 1 / 11 ...
 ------ 2 / 11 ...
 ------ 3 / 11 ...
 ------ 4 / 11 ...
 ------ 5 / 11 ...
 ------ 6 / 11 ...
 ------ 7 / 11 ...
 ------ 8 / 11 ...
 ------ 9 / 11 ...
 ------ 10 / 11 ...
 ------ 11 / 11 ...
(6, 28)

Profiling for Stage (6, 28) with bs(1)
 ------ 1 / 11 ...
 ------ 2 / 11 ...
 ------ 3 / 11 ...
 ------ 4 / 11 ...
 ------ 5 / 11 ...
 ------ 6 / 11 ...
 ------ 7 / 11 ...
 ------ 8 / 11 ...
 ------ 9 / 11 ...
 ------ 10 / 11 ...
 ------ 11 / 11 ...
 ------ 1 / 11 ...
 ------ 2 / 11 ...
 ------ 3 / 11 ...
 ------ 4 / 11 ...
 ------ 5 / 11 ...
 ------ 6 / 11 ...
 ------ 7 / 11 ...
 ------ 8 / 11 ...
 ------ 9 / 11 ...
 ------ 10 / 11 ...
 ------ 11 / 11 ...
400.0
437.0
479.0
496.0
457.0
492.0
397.0
422.0
408.0
572.0
334199.0
251464.0
92956.0
93737.0
371448.0
93365.0
93341.0
93468.0
93403.0
93755.0
[912, 322227]

Mean FP TimeList
[[22031, 624, 1961], [29949, 1391, 6]]

Mean BP TimeList
[[59365, 3111, 372], [103007, 1452, 981]]

Mean DPOH TimeList
[912, 322227]

FP TimeList
[[22031, 12838], [29949, 1452]]

BP TimeList
[[103007, 8016, 103007, 8016, 103007, 8016], [59365, 372]]

Time Chart for FP
[22031]
[22031, 12838]
[22031, 12838, 29949]
[22031, 12838, 29949, 1452]
[29949, 1452]
[29949, 1452]

FP for each step:  [22031, 22031, 29949, 29949, 29949, 29949]

Time Chart for BP
[1452, 103007]
[103007, 8016]
[103007, 8016, 59365]
[103007, 8016, 59365, 372]
[59365, 372]
[59365, 372]

BP for each step:  [103007, 103007, 103007, 103007, 59365, 59365]
Time without overhead: 0.694616 s

Total Time: 1.017755 s
