========== Stats ==========
iters 10
batchSize 32
numMicro 16
machine 4
log_dir _timeline/vggh
file ./_parth/partition_2_vgg_32_16.txt
model vgg
===========================
Number of Stages: 2
(0, 9)

Profiling for Stage (0, 9) with bs(2)
 ------ 1 / 11 ...
 ------ 2 / 11 ...
 ------ 3 / 11 ...
 ------ 4 / 11 ...
 ------ 5 / 11 ...
 ------ 6 / 11 ...
 ------ 7 / 11 ...
 ------ 8 / 11 ...
 ------ 9 / 11 ...
 ------ 10 / 11 ...
 ------ 11 / 11 ...
 ------ 1 / 11 ...
 ------ 2 / 11 ...
 ------ 3 / 11 ...
 ------ 4 / 11 ...
 ------ 5 / 11 ...
 ------ 6 / 11 ...
 ------ 7 / 11 ...
 ------ 8 / 11 ...
 ------ 9 / 11 ...
 ------ 10 / 11 ...
 ------ 11 / 11 ...
(9, 28)

Profiling for Stage (9, 28) with bs(2)
 ------ 1 / 11 ...
 ------ 2 / 11 ...
 ------ 3 / 11 ...
 ------ 4 / 11 ...
 ------ 5 / 11 ...
 ------ 6 / 11 ...
 ------ 7 / 11 ...
 ------ 8 / 11 ...
 ------ 9 / 11 ...
 ------ 10 / 11 ...
 ------ 11 / 11 ...
 ------ 1 / 11 ...
 ------ 2 / 11 ...
 ------ 3 / 11 ...
 ------ 4 / 11 ...
 ------ 5 / 11 ...
 ------ 6 / 11 ...
 ------ 7 / 11 ...
 ------ 8 / 11 ...
 ------ 9 / 11 ...
 ------ 10 / 11 ...
 ------ 11 / 11 ...
2242.0
2333.0
2229.0
2312.0
2304.0
2242.0
2211.0
2209.0
2307.0
2339.0
297173.0
263777.0
91492.0
367743.0
91722.0
91199.0
91551.0
91698.0
91455.0
91495.0
[4545, 313861]

Mean FP TimeList
[[34862, 653, 3911], [40235, 5071, 8]]

Mean BP TimeList
[[100991, 5468, 370], [127264, 5075, 3900]]

Mean DPOH TimeList
[4545, 313861]

FP TimeList
[[34862, 8982], [40235, 5075]]

BP TimeList
[[127264, 9368], [100991, 370]]

Time Chart for FP
[34862]
[34862, 8982]
[34862, 8982, 40235]
[34862, 8982, 40235, 5075]
[34862, 8982, 40235, 5075]
[34862, 8982, 40235, 5075]
[34862, 8982, 40235, 5075]
[34862, 8982, 40235, 5075]
[34862, 8982, 40235, 5075]
[34862, 8982, 40235, 5075]
[34862, 8982, 40235, 5075]
[34862, 8982, 40235, 5075]
[34862, 8982, 40235, 5075]
[34862, 8982, 40235, 5075]
[34862, 8982, 40235, 5075]
[34862, 8982, 40235, 5075]
[40235, 5075]
[40235, 5075]

FP for each step:  [34862, 34862, 40235, 40235, 40235, 40235, 40235, 40235, 40235, 40235, 40235, 40235, 40235, 40235, 40235, 40235, 40235, 40235]

Time Chart for BP
[5075, 127264]
[127264, 9368]
[127264, 9368, 100991]
[127264, 9368, 100991, 370]
[127264, 9368, 100991, 370]
[127264, 9368, 100991, 370]
[127264, 9368, 100991, 370]
[127264, 9368, 100991, 370]
[127264, 9368, 100991, 370]
[127264, 9368, 100991, 370]
[127264, 9368, 100991, 370]
[127264, 9368, 100991, 370]
[127264, 9368, 100991, 370]
[127264, 9368, 100991, 370]
[127264, 9368, 100991, 370]
[127264, 9368, 100991, 370]
[100991, 370]
[100991, 370]

BP for each step:  [127264, 127264, 127264, 127264, 127264, 127264, 127264, 127264, 127264, 127264, 127264, 127264, 127264, 127264, 127264, 127264, 100991, 100991]
Time without overhead: 2.95169 s

Total Time: 2.95169 s
