========== Stats ==========
iters 10
batchSize 32
numMicro 4
machine 4
log_dir _timeline/vgg_3mp
file .txt
model vgg
===========================
Number of Stages: 1
(0, 28)

Profiling for Stage (0, 28) with bs(1)
 ------ 1 / 11 ...
 ------ 2 / 11 ...
 ------ 3 / 11 ...
 ------ 4 / 11 ...
 ------ 5 / 11 ...
 ------ 6 / 11 ...
 ------ 7 / 11 ...
 ------ 8 / 11 ...
 ------ 9 / 11 ...
 ------ 10 / 11 ...
 ------ 11 / 11 ...
 ------ 1 / 11 ...
 ------ 2 / 11 ...
 ------ 3 / 11 ...
 ------ 4 / 11 ...
 ------ 5 / 11 ...
 ------ 6 / 11 ...
 ------ 7 / 11 ...
 ------ 8 / 11 ...
 ------ 9 / 11 ...
 ------ 10 / 11 ...
 ------ 11 / 11 ...
335469.0
271413.0
93740.0
93157.0
93437.0
365784.0
94009.0
94002.0
93675.0
93830.0
[325703]

Mean FP TimeList
[[40776, 323, 8]]

Mean BP TimeList
[[134249, 469, 190]]

Mean DPOH TimeList
[325703]

FP TimeList
[[40776, 469]]

BP TimeList
[[134249, 190]]

Time Chart for FP
[40776]
[40776, 469]
[40776, 469]
[40776, 469]

FP for each step:  [40776, 40776, 40776, 40776]

Time Chart for BP
[469, 134249]
[134249, 190]
[134249, 190]
[134249, 190]

BP for each step:  [134249, 134249, 134249, 134249]
Time without overhead: 0.7001 s

Total Time: 1.025803 s
