========== Stats ==========
iters 10
batchSize 32
numMicro 2
machine 4
log_dir _timeline/vgg_3mp
file .txt
model vgg
===========================
Number of Stages: 2
(0, 7)

Profiling for Stage (0, 7) with bs(16)
 ------ 1 / 11 ...
 ------ 2 / 11 ...
 ------ 3 / 11 ...
 ------ 4 / 11 ...
 ------ 5 / 11 ...
 ------ 6 / 11 ...
 ------ 7 / 11 ...
 ------ 8 / 11 ...
 ------ 9 / 11 ...
 ------ 10 / 11 ...
 ------ 11 / 11 ...
 ------ 1 / 11 ...
 ------ 2 / 11 ...
 ------ 3 / 11 ...
 ------ 4 / 11 ...
 ------ 5 / 11 ...
 ------ 6 / 11 ...
 ------ 7 / 11 ...
 ------ 8 / 11 ...
 ------ 9 / 11 ...
 ------ 10 / 11 ...
 ------ 11 / 11 ...
(7, 28)

Profiling for Stage (7, 28) with bs(16)
 ------ 1 / 11 ...
 ------ 2 / 11 ...
 ------ 3 / 11 ...
 ------ 4 / 11 ...
 ------ 5 / 11 ...
 ------ 6 / 11 ...
 ------ 7 / 11 ...
 ------ 8 / 11 ...
 ------ 9 / 11 ...
 ------ 10 / 11 ...
 ------ 11 / 11 ...
 ------ 1 / 11 ...
 ------ 2 / 11 ...
 ------ 3 / 11 ...
 ------ 4 / 11 ...
 ------ 5 / 11 ...
 ------ 6 / 11 ...
 ------ 7 / 11 ...
 ------ 8 / 11 ...
 ------ 9 / 11 ...
 ------ 10 / 11 ...
 ------ 11 / 11 ...
772.0
762.0
770.0
779.0
802.0
770.0
749.0
802.0
740.0
768.0
270073.0
92952.0
93230.0
93086.0
93123.0
92512.0
92654.0
92509.0
92877.0
93061.0
[1542, 221215]

Mean FP TimeList
[[166240, 3938, 31219], [192290, 39335, 13]]

Mean BP TimeList
[[596307, 43059, 2939], [590222, 39337, 31220]]

Mean DPOH TimeList
[1542, 221215]

FP TimeList
[[166240, 70554], [192290, 39337]]

BP TimeList
[[590222, 74279], [596307, 2939]]

Time Chart for FP
[166240]
[166240, 70554]
[192290]
[192290, 39337]

FP for each step:  [166240, 166240, 192290, 192290]

Time Chart for BP
[39337, 590222]
[590222, 74279]
[596307]
[596307, 2939]

BP for each step:  [590222, 590222, 596307, 596307]
Time without overhead: 3.090118 s

Total Time: 3.090118 s
