========== Stats ==========
iters 10
batchSize 128
numMicro 2
machine 4
log_dir _timeline/vgg_3mp
file .txt
model vgg
===========================
Number of Stages: 1
(0, 28)

Profiling for Stage (0, 28) with bs(8)
 ------ 1 / 11 ...
 ------ 2 / 11 ...
 ------ 3 / 11 ...
 ------ 4 / 11 ...
 ------ 5 / 11 ...
 ------ 6 / 11 ...
 ------ 7 / 11 ...
 ------ 8 / 11 ...
 ------ 9 / 11 ...
 ------ 10 / 11 ...
 ------ 11 / 11 ...
 ------ 1 / 11 ...
 ------ 2 / 11 ...
 ------ 3 / 11 ...
 ------ 4 / 11 ...
 ------ 5 / 11 ...
 ------ 6 / 11 ...
 ------ 7 / 11 ...
 ------ 8 / 11 ...
 ------ 9 / 11 ...
 ------ 10 / 11 ...
 ------ 11 / 11 ...
385990.0
394556.0
93680.0
93806.0
93444.0
94069.0
93120.0
93126.0
93883.0
93667.0
[305868]

Mean FP TimeList
[[274105, 2005, 10]]

Mean BP TimeList
[[746907, 2069, 1468]]

Mean DPOH TimeList
[305868]

FP TimeList
[[274105, 2069]]

BP TimeList
[[746907, 1468]]

Time Chart for FP
[274105]
[274105, 2069]

FP for each step:  [274105, 274105]

Time Chart for BP
[2069, 746907]
[746907, 1468]

BP for each step:  [746907, 746907]
Time without overhead: 2.042024 s

Total Time: 2.347892 s
