========== Stats ==========
iters 10
batchSize 64
numMicro 4
machine 4
log_dir _timeline/vggh
file ./_parth/partition_4_vgg_64_4.txt
model vgg
===========================
Number of Stages: 4
(0, 2)

Profiling for Stage (0, 2) with bs(16)
 ------ 1 / 11 ...
 ------ 2 / 11 ...
 ------ 3 / 11 ...
 ------ 4 / 11 ...
 ------ 5 / 11 ...
 ------ 6 / 11 ...
 ------ 7 / 11 ...
 ------ 8 / 11 ...
 ------ 9 / 11 ...
 ------ 10 / 11 ...
 ------ 11 / 11 ...
 ------ 1 / 11 ...
 ------ 2 / 11 ...
 ------ 3 / 11 ...
 ------ 4 / 11 ...
 ------ 5 / 11 ...
 ------ 6 / 11 ...
 ------ 7 / 11 ...
 ------ 8 / 11 ...
 ------ 9 / 11 ...
 ------ 10 / 11 ...
 ------ 11 / 11 ...
(2, 7)

Profiling for Stage (2, 7) with bs(16)
 ------ 1 / 11 ...
 ------ 2 / 11 ...
 ------ 3 / 11 ...
 ------ 4 / 11 ...
 ------ 5 / 11 ...
 ------ 6 / 11 ...
 ------ 7 / 11 ...
 ------ 8 / 11 ...
 ------ 9 / 11 ...
 ------ 10 / 11 ...
 ------ 11 / 11 ...
 ------ 1 / 11 ...
 ------ 2 / 11 ...
 ------ 3 / 11 ...
 ------ 4 / 11 ...
 ------ 5 / 11 ...
 ------ 6 / 11 ...
 ------ 7 / 11 ...
 ------ 8 / 11 ...
 ------ 9 / 11 ...
 ------ 10 / 11 ...
 ------ 11 / 11 ...
(7, 12)

Profiling for Stage (7, 12) with bs(16)
 ------ 1 / 11 ...
 ------ 2 / 11 ...
 ------ 3 / 11 ...
 ------ 4 / 11 ...
 ------ 5 / 11 ...
 ------ 6 / 11 ...
 ------ 7 / 11 ...
 ------ 8 / 11 ...
 ------ 9 / 11 ...
 ------ 10 / 11 ...
 ------ 11 / 11 ...
 ------ 1 / 11 ...
 ------ 2 / 11 ...
 ------ 3 / 11 ...
 ------ 4 / 11 ...
 ------ 5 / 11 ...
 ------ 6 / 11 ...
 ------ 7 / 11 ...
 ------ 8 / 11 ...
 ------ 9 / 11 ...
 ------ 10 / 11 ...
 ------ 11 / 11 ...
(12, 28)

Profiling for Stage (12, 28) with bs(16)
 ------ 1 / 11 ...
 ------ 2 / 11 ...
 ------ 3 / 11 ...
 ------ 4 / 11 ...
 ------ 5 / 11 ...
 ------ 6 / 11 ...
 ------ 7 / 11 ...
 ------ 8 / 11 ...
 ------ 9 / 11 ...
 ------ 10 / 11 ...
 ------ 11 / 11 ...
 ------ 1 / 11 ...
 ------ 2 / 11 ...
 ------ 3 / 11 ...
 ------ 4 / 11 ...
 ------ 5 / 11 ...
 ------ 6 / 11 ...
 ------ 7 / 11 ...
 ------ 8 / 11 ...
 ------ 9 / 11 ...
 ------ 10 / 11 ...
 ------ 11 / 11 ...
111.0
101.0
107.0
87.0
101.0
85.0
104.0
126.0
98.0
122.0
711.0
802.0
712.0
721.0
712.0
683.0
713.0
650.0
741.0
650.0
3733.0
3772.0
3912.0
3791.0
3821.0
3647.0
3733.0
3720.0
3719.0
3781.0
88709.0
88684.0
89159.0
89686.0
88964.0
89796.0
89409.0
89228.0
89174.0
89195.0
[208, 1419, 7525, 178400]

Mean FP TimeList
[[96664, 4006, 153029], [98915, 156521, 31298], [100339, 38936, 15614], [99697, 19900, 13]]

Mean BP TimeList
[[307210, 160345, 2953], [361068, 196027, 125148], [291857, 58720, 31231], [314021, 19965, 15605]]

Mean DPOH TimeList
[208, 1419, 7525, 178400]

FP TimeList
[[96664, 309550], [98915, 70234], [100339, 35514], [99697, 19965]]

BP TimeList
[[314021, 74325], [291857, 227258], [361068, 285493], [307210, 2953]]

Time Chart for FP
[96664]
[96664, 309550]
[96664, 309550, 98915]
[96664, 309550, 98915, 70234]
[98915, 70234, 100339]
[98915, 70234, 100339, 35514]
[100339, 35514, 99697]
[100339, 35514, 99697, 19965]
[99697, 19965]
[99697, 19965]

FP for each step:  [96664, 309550, 309550, 309550, 100339, 100339, 100339, 100339, 99697, 99697]

Time Chart for BP
[19965, 314021]
[314021, 74325]
[314021, 74325, 291857]
[314021, 74325, 291857, 227258]
[291857, 227258, 361068]
[291857, 227258, 361068, 285493]
[361068, 285493, 307210]
[361068, 285493, 307210, 2953]
[307210, 2953]
[307210, 2953]

BP for each step:  [314021, 314021, 314021, 314021, 361068, 361068, 361068, 361068, 307210, 307210]
Time without overhead: 4.94084 s

Total Time: 4.94084 s
