========== Stats ==========
iters 10
batchSize 32
numMicro 16
machine 4
log_dir _timeline/vggh
file ./_parth/partition_8_vgg_32_16.txt
model vgg
===========================
Number of Stages: 8
(0, 2)

Profiling for Stage (0, 2) with bs(2)
 ------ 1 / 11 ...
 ------ 2 / 11 ...
 ------ 3 / 11 ...
 ------ 4 / 11 ...
 ------ 5 / 11 ...
 ------ 6 / 11 ...
 ------ 7 / 11 ...
 ------ 8 / 11 ...
 ------ 9 / 11 ...
 ------ 10 / 11 ...
 ------ 11 / 11 ...
 ------ 1 / 11 ...
 ------ 2 / 11 ...
 ------ 3 / 11 ...
 ------ 4 / 11 ...
 ------ 5 / 11 ...
 ------ 6 / 11 ...
 ------ 7 / 11 ...
 ------ 8 / 11 ...
 ------ 9 / 11 ...
 ------ 10 / 11 ...
 ------ 11 / 11 ...
(2, 4)

Profiling for Stage (2, 4) with bs(2)
 ------ 1 / 11 ...
 ------ 2 / 11 ...
 ------ 3 / 11 ...
 ------ 4 / 11 ...
 ------ 5 / 11 ...
 ------ 6 / 11 ...
 ------ 7 / 11 ...
 ------ 8 / 11 ...
 ------ 9 / 11 ...
 ------ 10 / 11 ...
 ------ 11 / 11 ...
 ------ 1 / 11 ...
 ------ 2 / 11 ...
 ------ 3 / 11 ...
 ------ 4 / 11 ...
 ------ 5 / 11 ...
 ------ 6 / 11 ...
 ------ 7 / 11 ...
 ------ 8 / 11 ...
 ------ 9 / 11 ...
 ------ 10 / 11 ...
 ------ 11 / 11 ...
(4, 7)

Profiling for Stage (4, 7) with bs(2)
 ------ 1 / 11 ...
 ------ 2 / 11 ...
 ------ 3 / 11 ...
 ------ 4 / 11 ...
 ------ 5 / 11 ...
 ------ 6 / 11 ...
 ------ 7 / 11 ...
 ------ 8 / 11 ...
 ------ 9 / 11 ...
 ------ 10 / 11 ...
 ------ 11 / 11 ...
 ------ 1 / 11 ...
 ------ 2 / 11 ...
 ------ 3 / 11 ...
 ------ 4 / 11 ...
 ------ 5 / 11 ...
 ------ 6 / 11 ...
 ------ 7 / 11 ...
 ------ 8 / 11 ...
 ------ 9 / 11 ...
 ------ 10 / 11 ...
 ------ 11 / 11 ...
(7, 9)

Profiling for Stage (7, 9) with bs(2)
 ------ 1 / 11 ...
 ------ 2 / 11 ...
 ------ 3 / 11 ...
 ------ 4 / 11 ...
 ------ 5 / 11 ...
 ------ 6 / 11 ...
 ------ 7 / 11 ...
 ------ 8 / 11 ...
 ------ 9 / 11 ...
 ------ 10 / 11 ...
 ------ 11 / 11 ...
 ------ 1 / 11 ...
 ------ 2 / 11 ...
 ------ 3 / 11 ...
 ------ 4 / 11 ...
 ------ 5 / 11 ...
 ------ 6 / 11 ...
 ------ 7 / 11 ...
 ------ 8 / 11 ...
 ------ 9 / 11 ...
 ------ 10 / 11 ...
 ------ 11 / 11 ...
(9, 12)

Profiling for Stage (9, 12) with bs(2)
 ------ 1 / 11 ...
 ------ 2 / 11 ...
 ------ 3 / 11 ...
 ------ 4 / 11 ...
 ------ 5 / 11 ...
 ------ 6 / 11 ...
 ------ 7 / 11 ...
 ------ 8 / 11 ...
 ------ 9 / 11 ...
 ------ 10 / 11 ...
 ------ 11 / 11 ...
 ------ 1 / 11 ...
 ------ 2 / 11 ...
 ------ 3 / 11 ...
 ------ 4 / 11 ...
 ------ 5 / 11 ...
 ------ 6 / 11 ...
 ------ 7 / 11 ...
 ------ 8 / 11 ...
 ------ 9 / 11 ...
 ------ 10 / 11 ...
 ------ 11 / 11 ...
(12, 14)

Profiling for Stage (12, 14) with bs(2)
 ------ 1 / 11 ...
 ------ 2 / 11 ...
 ------ 3 / 11 ...
 ------ 4 / 11 ...
 ------ 5 / 11 ...
 ------ 6 / 11 ...
 ------ 7 / 11 ...
 ------ 8 / 11 ...
 ------ 9 / 11 ...
 ------ 10 / 11 ...
 ------ 11 / 11 ...
 ------ 1 / 11 ...
 ------ 2 / 11 ...
 ------ 3 / 11 ...
 ------ 4 / 11 ...
 ------ 5 / 11 ...
 ------ 6 / 11 ...
 ------ 7 / 11 ...
 ------ 8 / 11 ...
 ------ 9 / 11 ...
 ------ 10 / 11 ...
 ------ 11 / 11 ...
(14, 17)

Profiling for Stage (14, 17) with bs(2)
 ------ 1 / 11 ...
 ------ 2 / 11 ...
 ------ 3 / 11 ...
 ------ 4 / 11 ...
 ------ 5 / 11 ...
 ------ 6 / 11 ...
 ------ 7 / 11 ...
 ------ 8 / 11 ...
 ------ 9 / 11 ...
 ------ 10 / 11 ...
 ------ 11 / 11 ...
 ------ 1 / 11 ...
 ------ 2 / 11 ...
 ------ 3 / 11 ...
 ------ 4 / 11 ...
 ------ 5 / 11 ...
 ------ 6 / 11 ...
 ------ 7 / 11 ...
 ------ 8 / 11 ...
 ------ 9 / 11 ...
 ------ 10 / 11 ...
 ------ 11 / 11 ...
(17, 28)

Profiling for Stage (17, 28) with bs(2)
 ------ 1 / 11 ...
 ------ 2 / 11 ...
 ------ 3 / 11 ...
 ------ 4 / 11 ...
 ------ 5 / 11 ...
 ------ 6 / 11 ...
 ------ 7 / 11 ...
 ------ 8 / 11 ...
 ------ 9 / 11 ...
 ------ 10 / 11 ...
 ------ 11 / 11 ...
 ------ 1 / 11 ...
 ------ 2 / 11 ...
 ------ 3 / 11 ...
 ------ 4 / 11 ...
 ------ 5 / 11 ...
 ------ 6 / 11 ...
 ------ 7 / 11 ...
 ------ 8 / 11 ...
 ------ 9 / 11 ...
 ------ 10 / 11 ...
 ------ 11 / 11 ...
99.0
66.0
114.0
115.0
117.0
84.0
118.0
104.0
105.0
103.0
102.0
178.0
103.0
102.0
102.0
101.0
102.0
102.0
103.0
102.0
604.0
601.0
602.0
615.0
613.0
595.0
606.0
597.0
576.0
607.0
1476.0
1485.0
1503.0
1499.0
1494.0
1506.0
1506.0
1447.0
1496.0
1505.0
2255.0
2221.0
2222.0
2211.0
2223.0
2259.0
2200.0
2220.0
2216.0
2211.0
5827.0
5797.0
5843.0
5803.0
5832.0
5842.0
5832.0
5792.0
5802.0
5847.0
5775.0
5776.0
5783.0
5825.0
5754.0
5811.0
5794.0
5802.0
5831.0
5811.0
253486.0
253033.0
77528.0
77597.0
77507.0
77524.0
77506.0
77468.0
77538.0
77556.0
[205, 219, 1203, 2983, 4447, 11643, 11592, 225348]

Mean FP TimeList
[[10911, 673, 19117], [6258, 19955, 7795], [10626, 10052, 3902], [11182, 5162, 3906], [10759, 5176, 1955], [13957, 2705, 1957], [11685, 2707, 499], [9590, 712, 7]]

Mean BP TimeList
[[37281, 20314, 372], [20164, 29704, 15600], [32175, 14905, 7804], [35340, 10011, 3907], [27347, 7538, 3903], [36407, 5126, 1956], [27562, 3242, 1956], [35531, 727, 494]]

Mean DPOH TimeList
[205, 219, 1203, 2983, 4447, 11643, 11592, 225348]

FP TimeList
[[10911, 39072], [6258, 17847], [10626, 9064], [11182, 9082], [10759, 4660], [13957, 4664], [11685, 1211], [9590, 727]]

BP TimeList
[[35531, 3736], [27562, 7082], [36407, 9494], [27347, 13914], [35340, 18812], [32175, 37508], [20164, 35914], [37281, 372]]

Time Chart for FP
[10911]
[10911, 39072]
[10911, 39072, 6258]
[10911, 39072, 6258, 17847]
[10911, 39072, 6258, 17847, 10626]
[10911, 39072, 6258, 17847, 10626, 9064]
[10911, 39072, 6258, 17847, 10626, 9064, 11182]
[10911, 39072, 6258, 17847, 10626, 9064, 11182, 9082]
[10911, 39072, 6258, 17847, 10626, 9064, 11182, 9082, 10759]
[10911, 39072, 6258, 17847, 10626, 9064, 11182, 9082, 10759, 4660]
[10911, 39072, 6258, 17847, 10626, 9064, 11182, 9082, 10759, 4660, 13957]
[10911, 39072, 6258, 17847, 10626, 9064, 11182, 9082, 10759, 4660, 13957, 4664]
[10911, 39072, 6258, 17847, 10626, 9064, 11182, 9082, 10759, 4660, 13957, 4664, 11685]
[10911, 39072, 6258, 17847, 10626, 9064, 11182, 9082, 10759, 4660, 13957, 4664, 11685, 1211]
[10911, 39072, 6258, 17847, 10626, 9064, 11182, 9082, 10759, 4660, 13957, 4664, 11685, 1211, 9590]
[10911, 39072, 6258, 17847, 10626, 9064, 11182, 9082, 10759, 4660, 13957, 4664, 11685, 1211, 9590, 727]
[6258, 17847, 10626, 9064, 11182, 9082, 10759, 4660, 13957, 4664, 11685, 1211, 9590, 727]
[6258, 17847, 10626, 9064, 11182, 9082, 10759, 4660, 13957, 4664, 11685, 1211, 9590, 727]
[10626, 9064, 11182, 9082, 10759, 4660, 13957, 4664, 11685, 1211, 9590, 727]
[10626, 9064, 11182, 9082, 10759, 4660, 13957, 4664, 11685, 1211, 9590, 727]
[11182, 9082, 10759, 4660, 13957, 4664, 11685, 1211, 9590, 727]
[11182, 9082, 10759, 4660, 13957, 4664, 11685, 1211, 9590, 727]
[10759, 4660, 13957, 4664, 11685, 1211, 9590, 727]
[10759, 4660, 13957, 4664, 11685, 1211, 9590, 727]
[13957, 4664, 11685, 1211, 9590, 727]
[13957, 4664, 11685, 1211, 9590, 727]
[11685, 1211, 9590, 727]
[11685, 1211, 9590, 727]
[9590, 727]
[9590, 727]

FP for each step:  [10911, 39072, 39072, 39072, 39072, 39072, 39072, 39072, 39072, 39072, 39072, 39072, 39072, 39072, 39072, 39072, 17847, 17847, 13957, 13957, 13957, 13957, 13957, 13957, 13957, 13957, 11685, 11685, 9590, 9590]

Time Chart for BP
[727, 35531]
[35531, 3736]
[35531, 3736, 27562]
[35531, 3736, 27562, 7082]
[35531, 3736, 27562, 7082, 36407]
[35531, 3736, 27562, 7082, 36407, 9494]
[35531, 3736, 27562, 7082, 36407, 9494, 27347]
[35531, 3736, 27562, 7082, 36407, 9494, 27347, 13914]
[35531, 3736, 27562, 7082, 36407, 9494, 27347, 13914, 35340]
[35531, 3736, 27562, 7082, 36407, 9494, 27347, 13914, 35340, 18812]
[35531, 3736, 27562, 7082, 36407, 9494, 27347, 13914, 35340, 18812, 32175]
[35531, 3736, 27562, 7082, 36407, 9494, 27347, 13914, 35340, 18812, 32175, 37508]
[35531, 3736, 27562, 7082, 36407, 9494, 27347, 13914, 35340, 18812, 32175, 37508, 20164]
[35531, 3736, 27562, 7082, 36407, 9494, 27347, 13914, 35340, 18812, 32175, 37508, 20164, 35914]
[35531, 3736, 27562, 7082, 36407, 9494, 27347, 13914, 35340, 18812, 32175, 37508, 20164, 35914, 37281]
[35531, 3736, 27562, 7082, 36407, 9494, 27347, 13914, 35340, 18812, 32175, 37508, 20164, 35914, 37281, 372]
[27562, 7082, 36407, 9494, 27347, 13914, 35340, 18812, 32175, 37508, 20164, 35914, 37281, 372]
[27562, 7082, 36407, 9494, 27347, 13914, 35340, 18812, 32175, 37508, 20164, 35914, 37281, 372]
[36407, 9494, 27347, 13914, 35340, 18812, 32175, 37508, 20164, 35914, 37281, 372]
[36407, 9494, 27347, 13914, 35340, 18812, 32175, 37508, 20164, 35914, 37281, 372]
[27347, 13914, 35340, 18812, 32175, 37508, 20164, 35914, 37281, 372]
[27347, 13914, 35340, 18812, 32175, 37508, 20164, 35914, 37281, 372]
[35340, 18812, 32175, 37508, 20164, 35914, 37281, 372]
[35340, 18812, 32175, 37508, 20164, 35914, 37281, 372]
[32175, 37508, 20164, 35914, 37281, 372]
[32175, 37508, 20164, 35914, 37281, 372]
[20164, 35914, 37281, 372]
[20164, 35914, 37281, 372]
[37281, 372]
[37281, 372]

BP for each step:  [35531, 35531, 35531, 35531, 36407, 36407, 36407, 36407, 36407, 36407, 36407, 37508, 37508, 37508, 37508, 37508, 37508, 37508, 37508, 37508, 37508, 37508, 37508, 37508, 37508, 37508, 37281, 37281, 37281, 37281]
Time without overhead: 1.895608 s

Total Time: 1.895608 s
