========== Stats ==========
iters 10
batchSize 32
numMicro 8
machine 4
log_dir _timeline/vgg_3mp
file .txt
model vgg
===========================
Number of Stages: 2
(12, 28)

Profiling for Stage (12, 28) with bs(1)
 ------ 1 / 11 ...
 ------ 2 / 11 ...
 ------ 3 / 11 ...
 ------ 4 / 11 ...
 ------ 5 / 11 ...
 ------ 6 / 11 ...
 ------ 7 / 11 ...
 ------ 8 / 11 ...
 ------ 9 / 11 ...
 ------ 10 / 11 ...
 ------ 11 / 11 ...
 ------ 1 / 11 ...
 ------ 2 / 11 ...
 ------ 3 / 11 ...
 ------ 4 / 11 ...
 ------ 5 / 11 ...
 ------ 6 / 11 ...
 ------ 7 / 11 ...
 ------ 8 / 11 ...
 ------ 9 / 11 ...
 ------ 10 / 11 ...
 ------ 11 / 11 ...
(0, 12)

Profiling for Stage (0, 12) with bs(1)
 ------ 1 / 11 ...
 ------ 2 / 11 ...
 ------ 3 / 11 ...
 ------ 4 / 11 ...
 ------ 5 / 11 ...
 ------ 6 / 11 ...
 ------ 7 / 11 ...
 ------ 8 / 11 ...
 ------ 9 / 11 ...
 ------ 10 / 11 ...
 ------ 11 / 11 ...
 ------ 1 / 11 ...
 ------ 2 / 11 ...
 ------ 3 / 11 ...
 ------ 4 / 11 ...
 ------ 5 / 11 ...
 ------ 6 / 11 ...
 ------ 7 / 11 ...
 ------ 8 / 11 ...
 ------ 9 / 11 ...
 ------ 10 / 11 ...
 ------ 11 / 11 ...
4727.0
4548.0
4568.0
4585.0
4532.0
4533.0
4549.0
4507.0
4540.0
4498.0
199014.0
396245.0
89314.0
89253.0
89153.0
89394.0
89634.0
89182.0
89582.0
89353.0
[9117, 262024]

Mean FP TimeList
[[22357, 397, 980], [18493, 1347, 6]]

Mean BP TimeList
[[63977, 1605, 190], [68350, 1336, 984]]

Mean DPOH TimeList
[9117, 262024]

FP TimeList
[[22357, 8941], [18493, 1336]]

BP TimeList
[[68350, 4557, 68350, 4557, 68350, 4557, 68350, 4557, 68350, 4557], [63977, 190]]

Time Chart for FP
[22357]
[22357, 8941]
[22357, 8941, 18493]
[22357, 8941, 18493, 1336]
[22357, 8941, 18493, 1336]
[22357, 8941, 18493, 1336]
[22357, 8941, 18493, 1336]
[22357, 8941, 18493, 1336]
[18493, 1336]
[18493, 1336]

FP for each step:  [22357, 22357, 22357, 22357, 22357, 22357, 22357, 22357, 18493, 18493]

Time Chart for BP
[1336, 68350]
[68350, 4557]
[68350, 4557, 63977]
[68350, 4557, 63977, 190]
[68350, 4557, 63977, 190]
[68350, 4557, 63977, 190]
[68350, 4557, 63977, 190]
[68350, 4557, 63977, 190]
[63977, 190]
[63977, 190]

BP for each step:  [68350, 68350, 68350, 68350, 68350, 68350, 68350, 68350, 63977, 63977]
Time without overhead: 0.890596 s

Total Time: 1.161737 s
