========== Stats ==========
iters 10
batchSize 16
numMicro 2
machine 4
log_dir _timeline/vgg_3mp
file .txt
model vgg
===========================
Number of Stages: 1
(0, 28)

Profiling for Stage (0, 28) with bs(2)
 ------ 1 / 11 ...
 ------ 2 / 11 ...
 ------ 3 / 11 ...
 ------ 4 / 11 ...
 ------ 5 / 11 ...
 ------ 6 / 11 ...
 ------ 7 / 11 ...
 ------ 8 / 11 ...
 ------ 9 / 11 ...
 ------ 10 / 11 ...
 ------ 11 / 11 ...
 ------ 1 / 11 ...
 ------ 2 / 11 ...
 ------ 3 / 11 ...
 ------ 4 / 11 ...
 ------ 5 / 11 ...
 ------ 6 / 11 ...
 ------ 7 / 11 ...
 ------ 8 / 11 ...
 ------ 9 / 11 ...
 ------ 10 / 11 ...
 ------ 11 / 11 ...
308108.0
443940.0
94100.0
93755.0
93346.0
94081.0
94006.0
93894.0
93735.0
94047.0
[300602]

Mean FP TimeList
[[78000, 587, 9]]

Mean BP TimeList
[[229431, 637, 373]]

Mean DPOH TimeList
[300602]

FP TimeList
[[78000, 637]]

BP TimeList
[[229431, 373]]

Time Chart for FP
[78000]
[78000, 637]

FP for each step:  [78000, 78000]

Time Chart for BP
[637, 229431]
[229431, 373]

BP for each step:  [229431, 229431]
Time without overhead: 0.614862 s

Total Time: 0.915464 s
