========== Stats ==========
iters 10
batchSize 128
numMicro 16
machine 4
log_dir _timeline/vgg_3mp
file .txt
model vgg
===========================
Number of Stages: 1
(0, 28)

Profiling for Stage (0, 28) with bs(4)
 ------ 1 / 11 ...
 ------ 2 / 11 ...
 ------ 3 / 11 ...
 ------ 4 / 11 ...
 ------ 5 / 11 ...
 ------ 6 / 11 ...
 ------ 7 / 11 ...
 ------ 8 / 11 ...
 ------ 9 / 11 ...
 ------ 10 / 11 ...
 ------ 11 / 11 ...
 ------ 1 / 11 ...
 ------ 2 / 11 ...
 ------ 3 / 11 ...
 ------ 4 / 11 ...
 ------ 5 / 11 ...
 ------ 6 / 11 ...
 ------ 7 / 11 ...
 ------ 8 / 11 ...
 ------ 9 / 11 ...
 ------ 10 / 11 ...
 ------ 11 / 11 ...
336861.0
252013.0
93852.0
372878.0
93962.0
93882.0
93691.0
94057.0
94171.0
93875.0
[323848]

Mean FP TimeList
[[153680, 1114, 8]]

Mean BP TimeList
[[421795, 1133, 737]]

Mean DPOH TimeList
[323848]

FP TimeList
[[153680, 1133]]

BP TimeList
[[421795, 737]]

Time Chart for FP
[153680]
[153680, 1133]
[153680, 1133]
[153680, 1133]
[153680, 1133]
[153680, 1133]
[153680, 1133]
[153680, 1133]
[153680, 1133]
[153680, 1133]
[153680, 1133]
[153680, 1133]
[153680, 1133]
[153680, 1133]
[153680, 1133]
[153680, 1133]

FP for each step:  [153680, 153680, 153680, 153680, 153680, 153680, 153680, 153680, 153680, 153680, 153680, 153680, 153680, 153680, 153680, 153680]

Time Chart for BP
[1133, 421795]
[421795, 737]
[421795, 737]
[421795, 737]
[421795, 737]
[421795, 737]
[421795, 737]
[421795, 737]
[421795, 737]
[421795, 737]
[421795, 737]
[421795, 737]
[421795, 737]
[421795, 737]
[421795, 737]
[421795, 737]

BP for each step:  [421795, 421795, 421795, 421795, 421795, 421795, 421795, 421795, 421795, 421795, 421795, 421795, 421795, 421795, 421795, 421795]
Time without overhead: 9.2076 s

Total Time: 9.531448 s
