========== Stats ==========
iters 10
batchSize 64
numMicro 16
machine 4
log_dir _timeline/vgg_3mp
file .txt
model vgg
===========================
Number of Stages: 1
(0, 28)

Profiling for Stage (0, 28) with bs(1)
 ------ 1 / 11 ...
 ------ 2 / 11 ...
 ------ 3 / 11 ...
 ------ 4 / 11 ...
 ------ 5 / 11 ...
 ------ 6 / 11 ...
 ------ 7 / 11 ...
 ------ 8 / 11 ...
 ------ 9 / 11 ...
 ------ 10 / 11 ...
 ------ 11 / 11 ...
 ------ 1 / 11 ...
 ------ 2 / 11 ...
 ------ 3 / 11 ...
 ------ 4 / 11 ...
 ------ 5 / 11 ...
 ------ 6 / 11 ...
 ------ 7 / 11 ...
 ------ 8 / 11 ...
 ------ 9 / 11 ...
 ------ 10 / 11 ...
 ------ 11 / 11 ...
317122.0
552969.0
93897.0
93877.0
93770.0
93790.0
93697.0
93880.0
93888.0
93892.0
[324156]

Mean FP TimeList
[[40595, 394, 8]]

Mean BP TimeList
[[133750, 451, 190]]

Mean DPOH TimeList
[324156]

FP TimeList
[[40595, 451]]

BP TimeList
[[133750, 190]]

Time Chart for FP
[40595]
[40595, 451]
[40595, 451]
[40595, 451]
[40595, 451]
[40595, 451]
[40595, 451]
[40595, 451]
[40595, 451]
[40595, 451]
[40595, 451]
[40595, 451]
[40595, 451]
[40595, 451]
[40595, 451]
[40595, 451]

FP for each step:  [40595, 40595, 40595, 40595, 40595, 40595, 40595, 40595, 40595, 40595, 40595, 40595, 40595, 40595, 40595, 40595]

Time Chart for BP
[451, 133750]
[133750, 190]
[133750, 190]
[133750, 190]
[133750, 190]
[133750, 190]
[133750, 190]
[133750, 190]
[133750, 190]
[133750, 190]
[133750, 190]
[133750, 190]
[133750, 190]
[133750, 190]
[133750, 190]
[133750, 190]

BP for each step:  [133750, 133750, 133750, 133750, 133750, 133750, 133750, 133750, 133750, 133750, 133750, 133750, 133750, 133750, 133750, 133750]
Time without overhead: 2.78952 s

Total Time: 3.113676 s
