========== Stats ==========
iters 10
batchSize 32
numMicro 2
machine 4
log_dir _timeline/vggh
file ./_parth/partition_2_vgg_32_2.txt
model vgg
===========================
Number of Stages: 2
(0, 7)

Profiling for Stage (0, 7) with bs(16)
 ------ 1 / 11 ...
 ------ 2 / 11 ...
 ------ 3 / 11 ...
 ------ 4 / 11 ...
 ------ 5 / 11 ...
 ------ 6 / 11 ...
 ------ 7 / 11 ...
 ------ 8 / 11 ...
 ------ 9 / 11 ...
 ------ 10 / 11 ...
 ------ 11 / 11 ...
 ------ 1 / 11 ...
 ------ 2 / 11 ...
 ------ 3 / 11 ...
 ------ 4 / 11 ...
 ------ 5 / 11 ...
 ------ 6 / 11 ...
 ------ 7 / 11 ...
 ------ 8 / 11 ...
 ------ 9 / 11 ...
 ------ 10 / 11 ...
 ------ 11 / 11 ...
(7, 28)

Profiling for Stage (7, 28) with bs(16)
 ------ 1 / 11 ...
 ------ 2 / 11 ...
 ------ 3 / 11 ...
 ------ 4 / 11 ...
 ------ 5 / 11 ...
 ------ 6 / 11 ...
 ------ 7 / 11 ...
 ------ 8 / 11 ...
 ------ 9 / 11 ...
 ------ 10 / 11 ...
 ------ 11 / 11 ...
 ------ 1 / 11 ...
 ------ 2 / 11 ...
 ------ 3 / 11 ...
 ------ 4 / 11 ...
 ------ 5 / 11 ...
 ------ 6 / 11 ...
 ------ 7 / 11 ...
 ------ 8 / 11 ...
 ------ 9 / 11 ...
 ------ 10 / 11 ...
 ------ 11 / 11 ...
831.0
739.0
895.0
807.0
821.0
831.0
852.0
848.0
829.0
827.0
262374.0
93129.0
92947.0
92739.0
92789.0
93140.0
92827.0
92580.0
92525.0
92943.0
[1656, 219598]

Mean FP TimeList
[[167231, 3885, 31175], [194019, 39363, 12]]

Mean BP TimeList
[[604588, 42994, 2932], [593512, 39151, 31185]]

Mean DPOH TimeList
[1656, 219598]

FP TimeList
[[167231, 70538], [194019, 39151]]

BP TimeList
[[593512, 74179], [604588, 2932]]

Time Chart for FP
[167231]
[167231, 70538]
[194019]
[194019, 39151]

FP for each step:  [167231, 167231, 194019, 194019]

Time Chart for BP
[39151, 593512]
[593512, 74179]
[604588]
[604588, 2932]

BP for each step:  [593512, 593512, 604588, 604588]
Time without overhead: 3.1187 s

Total Time: 3.1187 s
