========== Stats ==========
iters 10
batchSize 32
numMicro 4
machine 4
log_dir _timeline/vgg_3mp
file .txt
model vgg
===========================
Number of Stages: 3
(0, 3)

Profiling for Stage (0, 3) with bs(8)
 ------ 1 / 11 ...
 ------ 2 / 11 ...
 ------ 3 / 11 ...
 ------ 4 / 11 ...
 ------ 5 / 11 ...
 ------ 6 / 11 ...
 ------ 7 / 11 ...
 ------ 8 / 11 ...
 ------ 9 / 11 ...
 ------ 10 / 11 ...
 ------ 11 / 11 ...
 ------ 1 / 11 ...
 ------ 2 / 11 ...
 ------ 3 / 11 ...
 ------ 4 / 11 ...
 ------ 5 / 11 ...
 ------ 6 / 11 ...
 ------ 7 / 11 ...
 ------ 8 / 11 ...
 ------ 9 / 11 ...
 ------ 10 / 11 ...
 ------ 11 / 11 ...
(13, 28)

Profiling for Stage (13, 28) with bs(8)
 ------ 1 / 11 ...
 ------ 2 / 11 ...
 ------ 3 / 11 ...
 ------ 4 / 11 ...
 ------ 5 / 11 ...
 ------ 6 / 11 ...
 ------ 7 / 11 ...
 ------ 8 / 11 ...
 ------ 9 / 11 ...
 ------ 10 / 11 ...
 ------ 11 / 11 ...
 ------ 1 / 11 ...
 ------ 2 / 11 ...
 ------ 3 / 11 ...
 ------ 4 / 11 ...
 ------ 5 / 11 ...
 ------ 6 / 11 ...
 ------ 7 / 11 ...
 ------ 8 / 11 ...
 ------ 9 / 11 ...
 ------ 10 / 11 ...
 ------ 11 / 11 ...
(3, 13)

Profiling for Stage (3, 13) with bs(4)
 ------ 1 / 11 ...
 ------ 2 / 11 ...
 ------ 3 / 11 ...
 ------ 4 / 11 ...
 ------ 5 / 11 ...
 ------ 6 / 11 ...
 ------ 7 / 11 ...
 ------ 8 / 11 ...
 ------ 9 / 11 ...
 ------ 10 / 11 ...
 ------ 11 / 11 ...
 ------ 1 / 11 ...
 ------ 2 / 11 ...
 ------ 3 / 11 ...
 ------ 4 / 11 ...
 ------ 5 / 11 ...
 ------ 6 / 11 ...
 ------ 7 / 11 ...
 ------ 8 / 11 ...
 ------ 9 / 11 ...
 ------ 10 / 11 ...
 ------ 11 / 11 ...
112.0
124.0
95.0
65.0
99.0
65.0
89.0
112.0
92.0
67.0
7492.0
7324.0
7396.0
7262.0
7362.0
7478.0
7327.0
7243.0
7433.0
7237.0
260917.0
86288.0
86397.0
86704.0
86482.0
86387.0
86131.0
86442.0
86537.0
86536.0
[184, 14710, 207764]

Mean FP TimeList
[[55385, 2073, 15615], [84445, 9908, 3907], [70512, 9876, 11]]

Mean BP TimeList
[[129675, 21614, 1472], [226481, 14792, 7803], [193594, 9920, 7815]]

Mean DPOH TimeList
[184, 14710, 207764]

FP TimeList
[[55385, 35431], [84445, 17690], [70512, 9920]]

BP TimeList
[[193594, 22607, 193594, 22607], [226481, 37220], [129675, 1472]]

Time Chart for FP
[55385]
[55385, 35431]
[55385, 35431, 84445]
[55385, 35431, 84445, 17690]
[84445, 17690, 70512]
[84445, 17690, 70512, 9920]
[70512, 9920]
[70512, 9920]

FP for each step:  [55385, 55385, 84445, 84445, 84445, 84445, 70512, 70512]

Time Chart for BP
[9920, 193594]
[193594, 22607]
[193594, 22607, 226481]
[193594, 22607, 226481, 37220]
[226481, 37220, 129675]
[226481, 37220, 129675, 1472]
[129675, 1472]
[129675, 1472]

BP for each step:  [193594, 193594, 226481, 226481, 226481, 226481, 129675, 129675]
Time without overhead: 2.142036 s

Total Time: 2.156746 s
