========== Stats ==========
iters 10
batchSize 32
numMicro 4
machine 4
log_dir _timeline/vggh
file ./_parth/partition_8_vgg_32_4.txt
model vgg
===========================
Number of Stages: 8
(0, 2)

Profiling for Stage (0, 2) with bs(8)
 ------ 1 / 11 ...
 ------ 2 / 11 ...
 ------ 3 / 11 ...
 ------ 4 / 11 ...
 ------ 5 / 11 ...
 ------ 6 / 11 ...
 ------ 7 / 11 ...
 ------ 8 / 11 ...
 ------ 9 / 11 ...
 ------ 10 / 11 ...
 ------ 11 / 11 ...
 ------ 1 / 11 ...
 ------ 2 / 11 ...
 ------ 3 / 11 ...
 ------ 4 / 11 ...
 ------ 5 / 11 ...
 ------ 6 / 11 ...
 ------ 7 / 11 ...
 ------ 8 / 11 ...
 ------ 9 / 11 ...
 ------ 10 / 11 ...
 ------ 11 / 11 ...
(2, 4)

Profiling for Stage (2, 4) with bs(8)
 ------ 1 / 11 ...
 ------ 2 / 11 ...
 ------ 3 / 11 ...
 ------ 4 / 11 ...
 ------ 5 / 11 ...
 ------ 6 / 11 ...
 ------ 7 / 11 ...
 ------ 8 / 11 ...
 ------ 9 / 11 ...
 ------ 10 / 11 ...
 ------ 11 / 11 ...
 ------ 1 / 11 ...
 ------ 2 / 11 ...
 ------ 3 / 11 ...
 ------ 4 / 11 ...
 ------ 5 / 11 ...
 ------ 6 / 11 ...
 ------ 7 / 11 ...
 ------ 8 / 11 ...
 ------ 9 / 11 ...
 ------ 10 / 11 ...
 ------ 11 / 11 ...
(4, 6)

Profiling for Stage (4, 6) with bs(8)
 ------ 1 / 11 ...
 ------ 2 / 11 ...
 ------ 3 / 11 ...
 ------ 4 / 11 ...
 ------ 5 / 11 ...
 ------ 6 / 11 ...
 ------ 7 / 11 ...
 ------ 8 / 11 ...
 ------ 9 / 11 ...
 ------ 10 / 11 ...
 ------ 11 / 11 ...
 ------ 1 / 11 ...
 ------ 2 / 11 ...
 ------ 3 / 11 ...
 ------ 4 / 11 ...
 ------ 5 / 11 ...
 ------ 6 / 11 ...
 ------ 7 / 11 ...
 ------ 8 / 11 ...
 ------ 9 / 11 ...
 ------ 10 / 11 ...
 ------ 11 / 11 ...
(6, 8)

Profiling for Stage (6, 8) with bs(8)
 ------ 1 / 11 ...
 ------ 2 / 11 ...
 ------ 3 / 11 ...
 ------ 4 / 11 ...
 ------ 5 / 11 ...
 ------ 6 / 11 ...
 ------ 7 / 11 ...
 ------ 8 / 11 ...
 ------ 9 / 11 ...
 ------ 10 / 11 ...
 ------ 11 / 11 ...
 ------ 1 / 11 ...
 ------ 2 / 11 ...
 ------ 3 / 11 ...
 ------ 4 / 11 ...
 ------ 5 / 11 ...
 ------ 6 / 11 ...
 ------ 7 / 11 ...
 ------ 8 / 11 ...
 ------ 9 / 11 ...
 ------ 10 / 11 ...
 ------ 11 / 11 ...
(8, 10)

Profiling for Stage (8, 10) with bs(8)
 ------ 1 / 11 ...
 ------ 2 / 11 ...
 ------ 3 / 11 ...
 ------ 4 / 11 ...
 ------ 5 / 11 ...
 ------ 6 / 11 ...
 ------ 7 / 11 ...
 ------ 8 / 11 ...
 ------ 9 / 11 ...
 ------ 10 / 11 ...
 ------ 11 / 11 ...
 ------ 1 / 11 ...
 ------ 2 / 11 ...
 ------ 3 / 11 ...
 ------ 4 / 11 ...
 ------ 5 / 11 ...
 ------ 6 / 11 ...
 ------ 7 / 11 ...
 ------ 8 / 11 ...
 ------ 9 / 11 ...
 ------ 10 / 11 ...
 ------ 11 / 11 ...
(10, 13)

Profiling for Stage (10, 13) with bs(8)
 ------ 1 / 11 ...
 ------ 2 / 11 ...
 ------ 3 / 11 ...
 ------ 4 / 11 ...
 ------ 5 / 11 ...
 ------ 6 / 11 ...
 ------ 7 / 11 ...
 ------ 8 / 11 ...
 ------ 9 / 11 ...
 ------ 10 / 11 ...
 ------ 11 / 11 ...
 ------ 1 / 11 ...
 ------ 2 / 11 ...
 ------ 3 / 11 ...
 ------ 4 / 11 ...
 ------ 5 / 11 ...
 ------ 6 / 11 ...
 ------ 7 / 11 ...
 ------ 8 / 11 ...
 ------ 9 / 11 ...
 ------ 10 / 11 ...
 ------ 11 / 11 ...
(13, 15)

Profiling for Stage (13, 15) with bs(8)
 ------ 1 / 11 ...
 ------ 2 / 11 ...
 ------ 3 / 11 ...
 ------ 4 / 11 ...
 ------ 5 / 11 ...
 ------ 6 / 11 ...
 ------ 7 / 11 ...
 ------ 8 / 11 ...
 ------ 9 / 11 ...
 ------ 10 / 11 ...
 ------ 11 / 11 ...
 ------ 1 / 11 ...
 ------ 2 / 11 ...
 ------ 3 / 11 ...
 ------ 4 / 11 ...
 ------ 5 / 11 ...
 ------ 6 / 11 ...
 ------ 7 / 11 ...
 ------ 8 / 11 ...
 ------ 9 / 11 ...
 ------ 10 / 11 ...
 ------ 11 / 11 ...
(15, 28)

Profiling for Stage (15, 28) with bs(8)
 ------ 1 / 11 ...
 ------ 2 / 11 ...
 ------ 3 / 11 ...
 ------ 4 / 11 ...
 ------ 5 / 11 ...
 ------ 6 / 11 ...
 ------ 7 / 11 ...
 ------ 8 / 11 ...
 ------ 9 / 11 ...
 ------ 10 / 11 ...
 ------ 11 / 11 ...
 ------ 1 / 11 ...
 ------ 2 / 11 ...
 ------ 3 / 11 ...
 ------ 4 / 11 ...
 ------ 5 / 11 ...
 ------ 6 / 11 ...
 ------ 7 / 11 ...
 ------ 8 / 11 ...
 ------ 9 / 11 ...
 ------ 10 / 11 ...
 ------ 11 / 11 ...
115.0
95.0
98.0
96.0
100.0
109.0
164.0
103.0
115.0
103.0
100.0
102.0
101.0
102.0
101.0
125.0
101.0
101.0
101.0
121.0
199.0
191.0
201.0
190.0
190.0
191.0
189.0
191.0
191.0
190.0
1139.0
1129.0
1172.0
1119.0
1158.0
1129.0
1130.0
1128.0
1141.0
1161.0
1489.0
1500.0
1467.0
1522.0
1447.0
1487.0
1528.0
1502.0
1467.0
1487.0
4347.0
4374.0
4399.0
4375.0
4399.0
4366.0
4366.0
4345.0
4408.0
4386.0
5808.0
5794.0
5788.0
5815.0
5803.0
5844.0
5828.0
5774.0
5775.0
5815.0
80810.0
447455.0
80580.0
80613.0
80505.0
80576.0
80575.0
80605.0
80540.0
80375.0
[219, 211, 384, 2281, 2979, 8753, 11608, 234526]

Mean FP TimeList
[[44663, 2072, 76108], [25911, 77995, 31160], [40976, 39331, 7821], [40271, 9916, 15584], [50316, 19661, 15599], [38058, 19726, 7796], [47955, 9886, 7800], [28470, 9856, 9]]

Mean BP TimeList
[[150539, 79306, 1471], [82546, 116912, 62326], [81849, 48614, 31183], [97313, 29265, 7802], [124521, 38908, 15596], [89727, 29220, 15593], [110505, 19490, 7799], [83363, 9962, 7812]]

Mean DPOH TimeList
[219, 211, 384, 2281, 2979, 8753, 11608, 234526]

FP TimeList
[[44663, 154103], [25911, 70491], [40976, 17737], [40271, 35245], [50316, 35325], [38058, 17682], [47955, 17656], [28470, 9962]]

BP TimeList
[[83363, 27302], [110505, 37019], [89727, 54501], [124521, 44861], [97313, 56416], [81849, 148095], [82546, 141632], [150539, 1471]]

Time Chart for FP
[44663]
[44663, 154103]
[44663, 154103, 25911]
[44663, 154103, 25911, 70491]
[25911, 70491, 40976]
[25911, 70491, 40976, 17737]
[40976, 17737, 40271]
[40976, 17737, 40271, 35245]
[40271, 35245, 50316]
[40271, 35245, 50316, 35325]
[50316, 35325, 38058]
[50316, 35325, 38058, 17682]
[38058, 17682, 47955]
[38058, 17682, 47955, 17656]
[47955, 17656, 28470]
[47955, 17656, 28470, 9962]
[28470, 9962]
[28470, 9962]

FP for each step:  [44663, 154103, 154103, 154103, 70491, 70491, 40976, 40976, 50316, 50316, 50316, 50316, 47955, 47955, 47955, 47955, 28470, 28470]

Time Chart for BP
[9962, 83363]
[83363, 27302]
[83363, 27302, 110505]
[83363, 27302, 110505, 37019]
[110505, 37019, 89727]
[110505, 37019, 89727, 54501]
[89727, 54501, 124521]
[89727, 54501, 124521, 44861]
[124521, 44861, 97313]
[124521, 44861, 97313, 56416]
[97313, 56416, 81849]
[97313, 56416, 81849, 148095]
[81849, 148095, 82546]
[81849, 148095, 82546, 141632]
[82546, 141632, 150539]
[82546, 141632, 150539, 1471]
[150539, 1471]
[150539, 1471]

BP for each step:  [83363, 83363, 110505, 110505, 110505, 110505, 124521, 124521, 124521, 124521, 97313, 148095, 148095, 148095, 150539, 150539, 150539, 150539]
Time without overhead: 3.430514 s

Total Time: 3.430514 s
