========== Stats ==========
iters 10
batchSize 16
numMicro 16
machine 4
log_dir _timeline/vgg_3mp
file .txt
model vgg
===========================
Number of Stages: 1
(0, 28)

Profiling for Stage (0, 28) with bs(1)
 ------ 1 / 11 ...
 ------ 2 / 11 ...
 ------ 3 / 11 ...
 ------ 4 / 11 ...
 ------ 5 / 11 ...
 ------ 6 / 11 ...
 ------ 7 / 11 ...
 ------ 8 / 11 ...
 ------ 9 / 11 ...
 ------ 10 / 11 ...
 ------ 11 / 11 ...
 ------ 1 / 11 ...
 ------ 2 / 11 ...
 ------ 3 / 11 ...
 ------ 4 / 11 ...
 ------ 5 / 11 ...
 ------ 6 / 11 ...
 ------ 7 / 11 ...
 ------ 8 / 11 ...
 ------ 9 / 11 ...
 ------ 10 / 11 ...
 ------ 11 / 11 ...
349538.0
259477.0
93462.0
363755.0
94098.0
93620.0
93861.0
93170.0
93481.0
93626.0
[325617]

Mean FP TimeList
[[40733, 392, 6]]

Mean BP TimeList
[[134137, 393, 190]]

Mean DPOH TimeList
[325617]

FP TimeList
[[40733, 393]]

BP TimeList
[[134137, 190]]

Time Chart for FP
[40733]
[40733, 393]
[40733, 393]
[40733, 393]
[40733, 393]
[40733, 393]
[40733, 393]
[40733, 393]
[40733, 393]
[40733, 393]
[40733, 393]
[40733, 393]
[40733, 393]
[40733, 393]
[40733, 393]
[40733, 393]

FP for each step:  [40733, 40733, 40733, 40733, 40733, 40733, 40733, 40733, 40733, 40733, 40733, 40733, 40733, 40733, 40733, 40733]

Time Chart for BP
[393, 134137]
[134137, 190]
[134137, 190]
[134137, 190]
[134137, 190]
[134137, 190]
[134137, 190]
[134137, 190]
[134137, 190]
[134137, 190]
[134137, 190]
[134137, 190]
[134137, 190]
[134137, 190]
[134137, 190]
[134137, 190]

BP for each step:  [134137, 134137, 134137, 134137, 134137, 134137, 134137, 134137, 134137, 134137, 134137, 134137, 134137, 134137, 134137, 134137]
Time without overhead: 2.79792 s

Total Time: 3.123537 s
