========== Stats ==========
iters 10
batchSize 64
numMicro 8
machine 4
log_dir _timeline/vgg_3mp
file .txt
model vgg
===========================
Number of Stages: 2
(0, 6)

Profiling for Stage (0, 6) with bs(2)
 ------ 1 / 11 ...
 ------ 2 / 11 ...
 ------ 3 / 11 ...
 ------ 4 / 11 ...
 ------ 5 / 11 ...
 ------ 6 / 11 ...
 ------ 7 / 11 ...
 ------ 8 / 11 ...
 ------ 9 / 11 ...
 ------ 10 / 11 ...
 ------ 11 / 11 ...
 ------ 1 / 11 ...
 ------ 2 / 11 ...
 ------ 3 / 11 ...
 ------ 4 / 11 ...
 ------ 5 / 11 ...
 ------ 6 / 11 ...
 ------ 7 / 11 ...
 ------ 8 / 11 ...
 ------ 9 / 11 ...
 ------ 10 / 11 ...
 ------ 11 / 11 ...
(6, 28)

Profiling for Stage (6, 28) with bs(1)
 ------ 1 / 11 ...
 ------ 2 / 11 ...
 ------ 3 / 11 ...
 ------ 4 / 11 ...
 ------ 5 / 11 ...
 ------ 6 / 11 ...
 ------ 7 / 11 ...
 ------ 8 / 11 ...
 ------ 9 / 11 ...
 ------ 10 / 11 ...
 ------ 11 / 11 ...
 ------ 1 / 11 ...
 ------ 2 / 11 ...
 ------ 3 / 11 ...
 ------ 4 / 11 ...
 ------ 5 / 11 ...
 ------ 6 / 11 ...
 ------ 7 / 11 ...
 ------ 8 / 11 ...
 ------ 9 / 11 ...
 ------ 10 / 11 ...
 ------ 11 / 11 ...
384.0
411.0
405.0
403.0
383.0
382.0
395.0
377.0
402.0
372.0
331022.0
262559.0
93617.0
93483.0
363796.0
92767.0
93809.0
93475.0
93508.0
92826.0
[782, 322172]

Mean FP TimeList
[[21809, 654, 1955], [30141, 1415, 6]]

Mean BP TimeList
[[59185, 3100, 376], [102873, 1399, 985]]

Mean DPOH TimeList
[782, 322172]

FP TimeList
[[21809, 12940], [30141, 1399]]

BP TimeList
[[102873, 8025, 102873, 8025, 102873, 8025], [59185, 376]]

Time Chart for FP
[21809]
[21809, 12940]
[21809, 12940, 30141]
[21809, 12940, 30141, 1399]
[21809, 12940, 30141, 1399]
[21809, 12940, 30141, 1399]
[21809, 12940, 30141, 1399]
[21809, 12940, 30141, 1399]
[30141, 1399]
[30141, 1399]

FP for each step:  [21809, 21809, 30141, 30141, 30141, 30141, 30141, 30141, 30141, 30141]

Time Chart for BP
[1399, 102873]
[102873, 8025]
[102873, 8025, 59185]
[102873, 8025, 59185, 376]
[102873, 8025, 59185, 376]
[102873, 8025, 59185, 376]
[102873, 8025, 59185, 376]
[102873, 8025, 59185, 376]
[59185, 376]
[59185, 376]

BP for each step:  [102873, 102873, 102873, 102873, 102873, 102873, 102873, 102873, 59185, 59185]
Time without overhead: 1.2261 s

Total Time: 1.549054 s
