========== Stats ==========
iters 10
batchSize 128
numMicro 8
machine 4
log_dir _timeline/vgg_3mp
file .txt
model vgg
===========================
Number of Stages: 4
(11, 14)

Profiling for Stage (11, 14) with bs(16)
 ------ 1 / 11 ...
 ------ 2 / 11 ...
 ------ 3 / 11 ...
 ------ 4 / 11 ...
 ------ 5 / 11 ...
 ------ 6 / 11 ...
 ------ 7 / 11 ...
 ------ 8 / 11 ...
 ------ 9 / 11 ...
 ------ 10 / 11 ...
 ------ 11 / 11 ...
 ------ 1 / 11 ...
 ------ 2 / 11 ...
 ------ 3 / 11 ...
 ------ 4 / 11 ...
 ------ 5 / 11 ...
 ------ 6 / 11 ...
 ------ 7 / 11 ...
 ------ 8 / 11 ...
 ------ 9 / 11 ...
 ------ 10 / 11 ...
 ------ 11 / 11 ...
(14, 28)

Profiling for Stage (14, 28) with bs(16)
 ------ 1 / 11 ...
 ------ 2 / 11 ...
 ------ 3 / 11 ...
 ------ 4 / 11 ...
 ------ 5 / 11 ...
 ------ 6 / 11 ...
 ------ 7 / 11 ...
 ------ 8 / 11 ...
 ------ 9 / 11 ...
 ------ 10 / 11 ...
 ------ 11 / 11 ...
 ------ 1 / 11 ...
 ------ 2 / 11 ...
 ------ 3 / 11 ...
 ------ 4 / 11 ...
 ------ 5 / 11 ...
 ------ 6 / 11 ...
 ------ 7 / 11 ...
 ------ 8 / 11 ...
 ------ 9 / 11 ...
 ------ 10 / 11 ...
 ------ 11 / 11 ...
(6, 11)

Profiling for Stage (6, 11) with bs(8)
 ------ 1 / 11 ...
 ------ 2 / 11 ...
 ------ 3 / 11 ...
 ------ 4 / 11 ...
 ------ 5 / 11 ...
 ------ 6 / 11 ...
 ------ 7 / 11 ...
 ------ 8 / 11 ...
 ------ 9 / 11 ...
 ------ 10 / 11 ...
 ------ 11 / 11 ...
 ------ 1 / 11 ...
 ------ 2 / 11 ...
 ------ 3 / 11 ...
 ------ 4 / 11 ...
 ------ 5 / 11 ...
 ------ 6 / 11 ...
 ------ 7 / 11 ...
 ------ 8 / 11 ...
 ------ 9 / 11 ...
 ------ 10 / 11 ...
 ------ 11 / 11 ...
(0, 6)

Profiling for Stage (0, 6) with bs(4)
 ------ 1 / 11 ...
 ------ 2 / 11 ...
 ------ 3 / 11 ...
 ------ 4 / 11 ...
 ------ 5 / 11 ...
 ------ 6 / 11 ...
 ------ 7 / 11 ...
 ------ 8 / 11 ...
 ------ 9 / 11 ...
 ------ 10 / 11 ...
 ------ 11 / 11 ...
 ------ 1 / 11 ...
 ------ 2 / 11 ...
 ------ 3 / 11 ...
 ------ 4 / 11 ...
 ------ 5 / 11 ...
 ------ 6 / 11 ...
 ------ 7 / 11 ...
 ------ 8 / 11 ...
 ------ 9 / 11 ...
 ------ 10 / 11 ...
 ------ 11 / 11 ...
354.0
382.0
364.0
378.0
384.0
383.0
373.0
361.0
371.0
411.0
2729.0
2730.0
2741.0
2777.0
2752.0
2739.0
2774.0
2699.0
2769.0
2725.0
7276.0
7312.0
7288.0
7266.0
7313.0
7313.0
7256.0
7174.0
7187.0
7174.0
83340.0
83576.0
83460.0
83221.0
83757.0
83332.0
83618.0
83625.0
83506.0
83638.0
[752, 5487, 14511, 167014]

Mean FP TimeList
[[45050, 1118, 3904], [85554, 9960, 3906], [58867, 10029, 15662], [58185, 19681, 13]]

Mean BP TimeList
[[122061, 5962, 739], [214653, 14803, 7798], [182810, 29751, 7806], [168349, 19675, 16938]]

Mean DPOH TimeList
[752, 5487, 14511, 167014]

FP TimeList
[[45050, 35536], [85554, 17841], [58867, 35343], [58185, 19675]]

BP TimeList
[[168349, 46689], [182810, 22609, 182810, 22609], [214653, 21558, 214653, 21558, 214653, 21558, 214653, 21558], [122061, 739]]

Time Chart for FP
[45050]
[45050, 35536]
[45050, 35536, 85554]
[45050, 35536, 85554, 17841]
[45050, 35536, 85554, 17841, 58867]
[45050, 35536, 85554, 17841, 58867, 35343]
[45050, 35536, 85554, 17841, 58867, 35343, 58185]
[45050, 35536, 85554, 17841, 58867, 35343, 58185, 19675]
[85554, 17841, 58867, 35343, 58185, 19675]
[85554, 17841, 58867, 35343, 58185, 19675]
[58867, 35343, 58185, 19675]
[58867, 35343, 58185, 19675]
[58185, 19675]
[58185, 19675]

FP for each step:  [45050, 45050, 85554, 85554, 85554, 85554, 85554, 85554, 85554, 85554, 58867, 58867, 58185, 58185]

Time Chart for BP
[19675, 168349]
[168349, 46689]
[168349, 46689, 182810]
[168349, 46689, 182810, 22609]
[168349, 46689, 182810, 22609, 214653]
[168349, 46689, 182810, 22609, 214653, 21558]
[168349, 46689, 182810, 22609, 214653, 21558, 122061]
[168349, 46689, 182810, 22609, 214653, 21558, 122061, 739]
[182810, 22609, 214653, 21558, 122061, 739]
[182810, 22609, 214653, 21558, 122061, 739]
[214653, 21558, 122061, 739]
[214653, 21558, 122061, 739]
[122061, 739]
[122061, 739]

BP for each step:  [168349, 168349, 182810, 182810, 214653, 214653, 214653, 214653, 214653, 214653, 214653, 214653, 122061, 122061]
Time without overhead: 3.6723 s

Total Time: 3.678539 s
