========== Stats ==========
iters 10
batchSize 32
numMicro 2
machine 4
log_dir _timeline/vgg_3mp
file .txt
model vgg
===========================
Number of Stages: 4
(11, 14)

Profiling for Stage (11, 14) with bs(16)
 ------ 1 / 11 ...
 ------ 2 / 11 ...
 ------ 3 / 11 ...
 ------ 4 / 11 ...
 ------ 5 / 11 ...
 ------ 6 / 11 ...
 ------ 7 / 11 ...
 ------ 8 / 11 ...
 ------ 9 / 11 ...
 ------ 10 / 11 ...
 ------ 11 / 11 ...
 ------ 1 / 11 ...
 ------ 2 / 11 ...
 ------ 3 / 11 ...
 ------ 4 / 11 ...
 ------ 5 / 11 ...
 ------ 6 / 11 ...
 ------ 7 / 11 ...
 ------ 8 / 11 ...
 ------ 9 / 11 ...
 ------ 10 / 11 ...
 ------ 11 / 11 ...
(14, 28)

Profiling for Stage (14, 28) with bs(16)
 ------ 1 / 11 ...
 ------ 2 / 11 ...
 ------ 3 / 11 ...
 ------ 4 / 11 ...
 ------ 5 / 11 ...
 ------ 6 / 11 ...
 ------ 7 / 11 ...
 ------ 8 / 11 ...
 ------ 9 / 11 ...
 ------ 10 / 11 ...
 ------ 11 / 11 ...
 ------ 1 / 11 ...
 ------ 2 / 11 ...
 ------ 3 / 11 ...
 ------ 4 / 11 ...
 ------ 5 / 11 ...
 ------ 6 / 11 ...
 ------ 7 / 11 ...
 ------ 8 / 11 ...
 ------ 9 / 11 ...
 ------ 10 / 11 ...
 ------ 11 / 11 ...
(6, 11)

Profiling for Stage (6, 11) with bs(8)
 ------ 1 / 11 ...
 ------ 2 / 11 ...
 ------ 3 / 11 ...
 ------ 4 / 11 ...
 ------ 5 / 11 ...
 ------ 6 / 11 ...
 ------ 7 / 11 ...
 ------ 8 / 11 ...
 ------ 9 / 11 ...
 ------ 10 / 11 ...
 ------ 11 / 11 ...
 ------ 1 / 11 ...
 ------ 2 / 11 ...
 ------ 3 / 11 ...
 ------ 4 / 11 ...
 ------ 5 / 11 ...
 ------ 6 / 11 ...
 ------ 7 / 11 ...
 ------ 8 / 11 ...
 ------ 9 / 11 ...
 ------ 10 / 11 ...
 ------ 11 / 11 ...
(0, 6)

Profiling for Stage (0, 6) with bs(4)
 ------ 1 / 11 ...
 ------ 2 / 11 ...
 ------ 3 / 11 ...
 ------ 4 / 11 ...
 ------ 5 / 11 ...
 ------ 6 / 11 ...
 ------ 7 / 11 ...
 ------ 8 / 11 ...
 ------ 9 / 11 ...
 ------ 10 / 11 ...
 ------ 11 / 11 ...
 ------ 1 / 11 ...
 ------ 2 / 11 ...
 ------ 3 / 11 ...
 ------ 4 / 11 ...
 ------ 5 / 11 ...
 ------ 6 / 11 ...
 ------ 7 / 11 ...
 ------ 8 / 11 ...
 ------ 9 / 11 ...
 ------ 10 / 11 ...
 ------ 11 / 11 ...
396.0
414.0
365.0
354.0
414.0
364.0
343.0
414.0
400.0
405.0
2792.0
2638.0
2700.0
2743.0
2764.0
2803.0
2824.0
2709.0
2860.0
2631.0
7293.0
7318.0
7264.0
7293.0
7255.0
7312.0
7207.0
7293.0
7294.0
7272.0
256130.0
259834.0
83555.0
83679.0
83284.0
83498.0
83492.0
83380.0
83669.0
83725.0
[773, 5492, 14560, 236849]

Mean FP TimeList
[[45000, 1122, 3905], [85087, 9943, 3900], [58401, 10049, 15617], [57319, 19814, 12]]

Mean BP TimeList
[[122228, 5979, 737], [214719, 14810, 7814], [181639, 29623, 7818], [168236, 19702, 15613]]

Mean DPOH TimeList
[773, 5492, 14560, 236849]

FP TimeList
[[45000, 35506], [85087, 17849], [58401, 35431], [57319, 19702]]

BP TimeList
[[168236, 45236], [181639, 22628, 181639, 22628], [214719, 21607, 214719, 21607, 214719, 21607, 214719, 21607], [122228, 737]]

Time Chart for FP
[45000]
[45000, 35506]
[85087]
[85087, 17849]
[58401]
[58401, 35431]
[57319]
[57319, 19702]

FP for each step:  [45000, 45000, 85087, 85087, 58401, 58401, 57319, 57319]

Time Chart for BP
[19702, 168236]
[168236, 45236]
[181639]
[181639, 22628]
[214719]
[214719, 21607]
[122228]
[122228, 737]

BP for each step:  [168236, 168236, 181639, 181639, 214719, 214719, 122228, 122228]
Time without overhead: 1.865258 s

Total Time: 1.871523 s
