========== Stats ==========
iters 10
batchSize 32
numMicro 8
machine 4
log_dir _timeline/vggh
file ./_parth/partition_4_vgg_32_8.txt
model vgg
===========================
Number of Stages: 4
(0, 4)

Profiling for Stage (0, 4) with bs(4)
 ------ 1 / 11 ...
 ------ 2 / 11 ...
 ------ 3 / 11 ...
 ------ 4 / 11 ...
 ------ 5 / 11 ...
 ------ 6 / 11 ...
 ------ 7 / 11 ...
 ------ 8 / 11 ...
 ------ 9 / 11 ...
 ------ 10 / 11 ...
 ------ 11 / 11 ...
 ------ 1 / 11 ...
 ------ 2 / 11 ...
 ------ 3 / 11 ...
 ------ 4 / 11 ...
 ------ 5 / 11 ...
 ------ 6 / 11 ...
 ------ 7 / 11 ...
 ------ 8 / 11 ...
 ------ 9 / 11 ...
 ------ 10 / 11 ...
 ------ 11 / 11 ...
(4, 9)

Profiling for Stage (4, 9) with bs(4)
 ------ 1 / 11 ...
 ------ 2 / 11 ...
 ------ 3 / 11 ...
 ------ 4 / 11 ...
 ------ 5 / 11 ...
 ------ 6 / 11 ...
 ------ 7 / 11 ...
 ------ 8 / 11 ...
 ------ 9 / 11 ...
 ------ 10 / 11 ...
 ------ 11 / 11 ...
 ------ 1 / 11 ...
 ------ 2 / 11 ...
 ------ 3 / 11 ...
 ------ 4 / 11 ...
 ------ 5 / 11 ...
 ------ 6 / 11 ...
 ------ 7 / 11 ...
 ------ 8 / 11 ...
 ------ 9 / 11 ...
 ------ 10 / 11 ...
 ------ 11 / 11 ...
(9, 13)

Profiling for Stage (9, 13) with bs(4)
 ------ 1 / 11 ...
 ------ 2 / 11 ...
 ------ 3 / 11 ...
 ------ 4 / 11 ...
 ------ 5 / 11 ...
 ------ 6 / 11 ...
 ------ 7 / 11 ...
 ------ 8 / 11 ...
 ------ 9 / 11 ...
 ------ 10 / 11 ...
 ------ 11 / 11 ...
 ------ 1 / 11 ...
 ------ 2 / 11 ...
 ------ 3 / 11 ...
 ------ 4 / 11 ...
 ------ 5 / 11 ...
 ------ 6 / 11 ...
 ------ 7 / 11 ...
 ------ 8 / 11 ...
 ------ 9 / 11 ...
 ------ 10 / 11 ...
 ------ 11 / 11 ...
(13, 28)

Profiling for Stage (13, 28) with bs(4)
 ------ 1 / 11 ...
 ------ 2 / 11 ...
 ------ 3 / 11 ...
 ------ 4 / 11 ...
 ------ 5 / 11 ...
 ------ 6 / 11 ...
 ------ 7 / 11 ...
 ------ 8 / 11 ...
 ------ 9 / 11 ...
 ------ 10 / 11 ...
 ------ 11 / 11 ...
 ------ 1 / 11 ...
 ------ 2 / 11 ...
 ------ 3 / 11 ...
 ------ 4 / 11 ...
 ------ 5 / 11 ...
 ------ 6 / 11 ...
 ------ 7 / 11 ...
 ------ 8 / 11 ...
 ------ 9 / 11 ...
 ------ 10 / 11 ...
 ------ 11 / 11 ...
181.0
169.0
171.0
179.0
181.0
192.0
180.0
158.0
158.0
158.0
2137.0
2077.0
2225.0
2057.0
2115.0
2148.0
2078.0
2115.0
2057.0
2068.0
5128.0
5127.0
5126.0
5087.0
5128.0
5159.0
5118.0
5129.0
5108.0
5235.0
93520.0
248229.0
86422.0
86249.0
86214.0
86440.0
86141.0
86426.0
86214.0
86545.0
[345, 4215, 10269, 206480]

Mean FP TimeList
[[28212, 1154, 17405], [50086, 19856, 7796], [34482, 9925, 3909], [49277, 5026, 7]]

Mean BP TimeList
[[87851, 20643, 739], [122899, 27617, 15608], [85687, 14888, 7805], [130031, 5198, 3898]]

Mean DPOH TimeList
[345, 4215, 10269, 206480]

FP TimeList
[[28212, 37261], [50086, 17721], [34482, 8935], [49277, 5198]]

BP TimeList
[[130031, 18786], [85687, 35422], [122899, 36251], [87851, 739]]

Time Chart for FP
[28212]
[28212, 37261]
[28212, 37261, 50086]
[28212, 37261, 50086, 17721]
[28212, 37261, 50086, 17721, 34482]
[28212, 37261, 50086, 17721, 34482, 8935]
[28212, 37261, 50086, 17721, 34482, 8935, 49277]
[28212, 37261, 50086, 17721, 34482, 8935, 49277, 5198]
[50086, 17721, 34482, 8935, 49277, 5198]
[50086, 17721, 34482, 8935, 49277, 5198]
[34482, 8935, 49277, 5198]
[34482, 8935, 49277, 5198]
[49277, 5198]
[49277, 5198]

FP for each step:  [28212, 37261, 50086, 50086, 50086, 50086, 50086, 50086, 50086, 50086, 49277, 49277, 49277, 49277]

Time Chart for BP
[5198, 130031]
[130031, 18786]
[130031, 18786, 85687]
[130031, 18786, 85687, 35422]
[130031, 18786, 85687, 35422, 122899]
[130031, 18786, 85687, 35422, 122899, 36251]
[130031, 18786, 85687, 35422, 122899, 36251, 87851]
[130031, 18786, 85687, 35422, 122899, 36251, 87851, 739]
[85687, 35422, 122899, 36251, 87851, 739]
[85687, 35422, 122899, 36251, 87851, 739]
[122899, 36251, 87851, 739]
[122899, 36251, 87851, 739]
[87851, 739]
[87851, 739]

BP for each step:  [130031, 130031, 130031, 130031, 130031, 130031, 130031, 130031, 122899, 122899, 122899, 122899, 87851, 87851]
Time without overhead: 2.370815 s

Total Time: 2.370815 s
