========== Stats ==========
iters 10
batchSize 128
numMicro 16
machine 4
log_dir _timeline/vgg_3mp
file .txt
model vgg
===========================
Number of Stages: 3
(0, 3)

Profiling for Stage (0, 3) with bs(8)
 ------ 1 / 11 ...
 ------ 2 / 11 ...
 ------ 3 / 11 ...
 ------ 4 / 11 ...
 ------ 5 / 11 ...
 ------ 6 / 11 ...
 ------ 7 / 11 ...
 ------ 8 / 11 ...
 ------ 9 / 11 ...
 ------ 10 / 11 ...
 ------ 11 / 11 ...
 ------ 1 / 11 ...
 ------ 2 / 11 ...
 ------ 3 / 11 ...
 ------ 4 / 11 ...
 ------ 5 / 11 ...
 ------ 6 / 11 ...
 ------ 7 / 11 ...
 ------ 8 / 11 ...
 ------ 9 / 11 ...
 ------ 10 / 11 ...
 ------ 11 / 11 ...
(13, 28)

Profiling for Stage (13, 28) with bs(8)
 ------ 1 / 11 ...
 ------ 2 / 11 ...
 ------ 3 / 11 ...
 ------ 4 / 11 ...
 ------ 5 / 11 ...
 ------ 6 / 11 ...
 ------ 7 / 11 ...
 ------ 8 / 11 ...
 ------ 9 / 11 ...
 ------ 10 / 11 ...
 ------ 11 / 11 ...
 ------ 1 / 11 ...
 ------ 2 / 11 ...
 ------ 3 / 11 ...
 ------ 4 / 11 ...
 ------ 5 / 11 ...
 ------ 6 / 11 ...
 ------ 7 / 11 ...
 ------ 8 / 11 ...
 ------ 9 / 11 ...
 ------ 10 / 11 ...
 ------ 11 / 11 ...
(3, 13)

Profiling for Stage (3, 13) with bs(4)
 ------ 1 / 11 ...
 ------ 2 / 11 ...
 ------ 3 / 11 ...
 ------ 4 / 11 ...
 ------ 5 / 11 ...
 ------ 6 / 11 ...
 ------ 7 / 11 ...
 ------ 8 / 11 ...
 ------ 9 / 11 ...
 ------ 10 / 11 ...
 ------ 11 / 11 ...
 ------ 1 / 11 ...
 ------ 2 / 11 ...
 ------ 3 / 11 ...
 ------ 4 / 11 ...
 ------ 5 / 11 ...
 ------ 6 / 11 ...
 ------ 7 / 11 ...
 ------ 8 / 11 ...
 ------ 9 / 11 ...
 ------ 10 / 11 ...
 ------ 11 / 11 ...
96.0
93.0
98.0
89.0
96.0
88.0
104.0
94.0
93.0
91.0
7413.0
7514.0
7329.0
7464.0
7598.0
7435.0
7542.0
7475.0
7491.0
7417.0
245147.0
249905.0
86456.0
86529.0
86323.0
86460.0
369018.0
86665.0
86128.0
86563.0
[188, 14935, 293838]

Mean FP TimeList
[[55497, 2088, 15608], [85026, 9936, 3913], [69997, 9915, 10]]

Mean BP TimeList
[[130000, 21556, 1467], [227418, 14920, 7811], [195341, 9904, 7808]]

Mean DPOH TimeList
[188, 14935, 293838]

FP TimeList
[[55497, 35480], [85026, 17741], [69997, 9904]]

BP TimeList
[[195341, 22728, 195341, 22728], [227418, 37178], [130000, 1467]]

Time Chart for FP
[55497]
[55497, 35480]
[55497, 35480, 85026]
[55497, 35480, 85026, 17741]
[55497, 35480, 85026, 17741, 69997]
[55497, 35480, 85026, 17741, 69997, 9904]
[55497, 35480, 85026, 17741, 69997, 9904]
[55497, 35480, 85026, 17741, 69997, 9904]
[55497, 35480, 85026, 17741, 69997, 9904]
[55497, 35480, 85026, 17741, 69997, 9904]
[55497, 35480, 85026, 17741, 69997, 9904]
[55497, 35480, 85026, 17741, 69997, 9904]
[55497, 35480, 85026, 17741, 69997, 9904]
[55497, 35480, 85026, 17741, 69997, 9904]
[55497, 35480, 85026, 17741, 69997, 9904]
[55497, 35480, 85026, 17741, 69997, 9904]
[85026, 17741, 69997, 9904]
[85026, 17741, 69997, 9904]
[69997, 9904]
[69997, 9904]

FP for each step:  [55497, 55497, 85026, 85026, 85026, 85026, 85026, 85026, 85026, 85026, 85026, 85026, 85026, 85026, 85026, 85026, 85026, 85026, 69997, 69997]

Time Chart for BP
[9904, 195341]
[195341, 22728]
[195341, 22728, 227418]
[195341, 22728, 227418, 37178]
[195341, 22728, 227418, 37178, 130000]
[195341, 22728, 227418, 37178, 130000, 1467]
[195341, 22728, 227418, 37178, 130000, 1467]
[195341, 22728, 227418, 37178, 130000, 1467]
[195341, 22728, 227418, 37178, 130000, 1467]
[195341, 22728, 227418, 37178, 130000, 1467]
[195341, 22728, 227418, 37178, 130000, 1467]
[195341, 22728, 227418, 37178, 130000, 1467]
[195341, 22728, 227418, 37178, 130000, 1467]
[195341, 22728, 227418, 37178, 130000, 1467]
[195341, 22728, 227418, 37178, 130000, 1467]
[195341, 22728, 227418, 37178, 130000, 1467]
[227418, 37178, 130000, 1467]
[227418, 37178, 130000, 1467]
[130000, 1467]
[130000, 1467]

BP for each step:  [195341, 195341, 227418, 227418, 227418, 227418, 227418, 227418, 227418, 227418, 227418, 227418, 227418, 227418, 227418, 227418, 227418, 227418, 130000, 130000]
Time without overhead: 5.900774 s

Total Time: 5.915709 s
