========== Stats ==========
iters 10
batchSize 16
numMicro 2
machine 4
log_dir _timeline/vgg_3mp
file .txt
model vgg
===========================
Number of Stages: 2
(0, 6)

Profiling for Stage (0, 6) with bs(2)
 ------ 1 / 11 ...
 ------ 2 / 11 ...
 ------ 3 / 11 ...
 ------ 4 / 11 ...
 ------ 5 / 11 ...
 ------ 6 / 11 ...
 ------ 7 / 11 ...
 ------ 8 / 11 ...
 ------ 9 / 11 ...
 ------ 10 / 11 ...
 ------ 11 / 11 ...
 ------ 1 / 11 ...
 ------ 2 / 11 ...
 ------ 3 / 11 ...
 ------ 4 / 11 ...
 ------ 5 / 11 ...
 ------ 6 / 11 ...
 ------ 7 / 11 ...
 ------ 8 / 11 ...
 ------ 9 / 11 ...
 ------ 10 / 11 ...
 ------ 11 / 11 ...
(6, 28)

Profiling for Stage (6, 28) with bs(1)
 ------ 1 / 11 ...
 ------ 2 / 11 ...
 ------ 3 / 11 ...
 ------ 4 / 11 ...
 ------ 5 / 11 ...
 ------ 6 / 11 ...
 ------ 7 / 11 ...
 ------ 8 / 11 ...
 ------ 9 / 11 ...
 ------ 10 / 11 ...
 ------ 11 / 11 ...
 ------ 1 / 11 ...
 ------ 2 / 11 ...
 ------ 3 / 11 ...
 ------ 4 / 11 ...
 ------ 5 / 11 ...
 ------ 6 / 11 ...
 ------ 7 / 11 ...
 ------ 8 / 11 ...
 ------ 9 / 11 ...
 ------ 10 / 11 ...
 ------ 11 / 11 ...
448.0
617.0
451.0
494.0
517.0
483.0
434.0
387.0
453.0
436.0
334019.0
250979.0
93399.0
365943.0
93519.0
93507.0
93486.0
93606.0
93527.0
93151.0
[944, 321027]

Mean FP TimeList
[[21899, 625, 1957], [30322, 1415, 8]]

Mean BP TimeList
[[59358, 3146, 371], [103452, 1593, 988]]

Mean DPOH TimeList
[944, 321027]

FP TimeList
[[21899, 12946], [30322, 1593]]

BP TimeList
[[103452, 8086, 103452, 8086, 103452, 8086], [59358, 371]]

Time Chart for FP
[21899]
[21899, 12946]
[30322]
[30322, 1593]

FP for each step:  [21899, 21899, 30322, 30322]

Time Chart for BP
[1593, 103452]
[103452, 8086]
[59358]
[59358, 371]

BP for each step:  [103452, 103452, 59358, 59358]
Time without overhead: 0.430062 s

Total Time: 0.752033 s
