========== Stats ==========
iters 10
batchSize 16
numMicro 2
machine 4
log_dir _timeline/vggh
file ./_parth/partition_8_vgg_16_2.txt
model vgg
===========================
Number of Stages: 8
(0, 2)

Profiling for Stage (0, 2) with bs(8)
 ------ 1 / 11 ...
 ------ 2 / 11 ...
 ------ 3 / 11 ...
 ------ 4 / 11 ...
 ------ 5 / 11 ...
 ------ 6 / 11 ...
 ------ 7 / 11 ...
 ------ 8 / 11 ...
 ------ 9 / 11 ...
 ------ 10 / 11 ...
 ------ 11 / 11 ...
 ------ 1 / 11 ...
 ------ 2 / 11 ...
 ------ 3 / 11 ...
 ------ 4 / 11 ...
 ------ 5 / 11 ...
 ------ 6 / 11 ...
 ------ 7 / 11 ...
 ------ 8 / 11 ...
 ------ 9 / 11 ...
 ------ 10 / 11 ...
 ------ 11 / 11 ...
(2, 4)

Profiling for Stage (2, 4) with bs(8)
 ------ 1 / 11 ...
 ------ 2 / 11 ...
 ------ 3 / 11 ...
 ------ 4 / 11 ...
 ------ 5 / 11 ...
 ------ 6 / 11 ...
 ------ 7 / 11 ...
 ------ 8 / 11 ...
 ------ 9 / 11 ...
 ------ 10 / 11 ...
 ------ 11 / 11 ...
 ------ 1 / 11 ...
 ------ 2 / 11 ...
 ------ 3 / 11 ...
 ------ 4 / 11 ...
 ------ 5 / 11 ...
 ------ 6 / 11 ...
 ------ 7 / 11 ...
 ------ 8 / 11 ...
 ------ 9 / 11 ...
 ------ 10 / 11 ...
 ------ 11 / 11 ...
(4, 6)

Profiling for Stage (4, 6) with bs(8)
 ------ 1 / 11 ...
 ------ 2 / 11 ...
 ------ 3 / 11 ...
 ------ 4 / 11 ...
 ------ 5 / 11 ...
 ------ 6 / 11 ...
 ------ 7 / 11 ...
 ------ 8 / 11 ...
 ------ 9 / 11 ...
 ------ 10 / 11 ...
 ------ 11 / 11 ...
 ------ 1 / 11 ...
 ------ 2 / 11 ...
 ------ 3 / 11 ...
 ------ 4 / 11 ...
 ------ 5 / 11 ...
 ------ 6 / 11 ...
 ------ 7 / 11 ...
 ------ 8 / 11 ...
 ------ 9 / 11 ...
 ------ 10 / 11 ...
 ------ 11 / 11 ...
(6, 8)

Profiling for Stage (6, 8) with bs(8)
 ------ 1 / 11 ...
 ------ 2 / 11 ...
 ------ 3 / 11 ...
 ------ 4 / 11 ...
 ------ 5 / 11 ...
 ------ 6 / 11 ...
 ------ 7 / 11 ...
 ------ 8 / 11 ...
 ------ 9 / 11 ...
 ------ 10 / 11 ...
 ------ 11 / 11 ...
 ------ 1 / 11 ...
 ------ 2 / 11 ...
 ------ 3 / 11 ...
 ------ 4 / 11 ...
 ------ 5 / 11 ...
 ------ 6 / 11 ...
 ------ 7 / 11 ...
 ------ 8 / 11 ...
 ------ 9 / 11 ...
 ------ 10 / 11 ...
 ------ 11 / 11 ...
(8, 10)

Profiling for Stage (8, 10) with bs(8)
 ------ 1 / 11 ...
 ------ 2 / 11 ...
 ------ 3 / 11 ...
 ------ 4 / 11 ...
 ------ 5 / 11 ...
 ------ 6 / 11 ...
 ------ 7 / 11 ...
 ------ 8 / 11 ...
 ------ 9 / 11 ...
 ------ 10 / 11 ...
 ------ 11 / 11 ...
 ------ 1 / 11 ...
 ------ 2 / 11 ...
 ------ 3 / 11 ...
 ------ 4 / 11 ...
 ------ 5 / 11 ...
 ------ 6 / 11 ...
 ------ 7 / 11 ...
 ------ 8 / 11 ...
 ------ 9 / 11 ...
 ------ 10 / 11 ...
 ------ 11 / 11 ...
(10, 13)

Profiling for Stage (10, 13) with bs(8)
 ------ 1 / 11 ...
 ------ 2 / 11 ...
 ------ 3 / 11 ...
 ------ 4 / 11 ...
 ------ 5 / 11 ...
 ------ 6 / 11 ...
 ------ 7 / 11 ...
 ------ 8 / 11 ...
 ------ 9 / 11 ...
 ------ 10 / 11 ...
 ------ 11 / 11 ...
 ------ 1 / 11 ...
 ------ 2 / 11 ...
 ------ 3 / 11 ...
 ------ 4 / 11 ...
 ------ 5 / 11 ...
 ------ 6 / 11 ...
 ------ 7 / 11 ...
 ------ 8 / 11 ...
 ------ 9 / 11 ...
 ------ 10 / 11 ...
 ------ 11 / 11 ...
(13, 15)

Profiling for Stage (13, 15) with bs(8)
 ------ 1 / 11 ...
 ------ 2 / 11 ...
 ------ 3 / 11 ...
 ------ 4 / 11 ...
 ------ 5 / 11 ...
 ------ 6 / 11 ...
 ------ 7 / 11 ...
 ------ 8 / 11 ...
 ------ 9 / 11 ...
 ------ 10 / 11 ...
 ------ 11 / 11 ...
 ------ 1 / 11 ...
 ------ 2 / 11 ...
 ------ 3 / 11 ...
 ------ 4 / 11 ...
 ------ 5 / 11 ...
 ------ 6 / 11 ...
 ------ 7 / 11 ...
 ------ 8 / 11 ...
 ------ 9 / 11 ...
 ------ 10 / 11 ...
 ------ 11 / 11 ...
(15, 28)

Profiling for Stage (15, 28) with bs(8)
 ------ 1 / 11 ...
 ------ 2 / 11 ...
 ------ 3 / 11 ...
 ------ 4 / 11 ...
 ------ 5 / 11 ...
 ------ 6 / 11 ...
 ------ 7 / 11 ...
 ------ 8 / 11 ...
 ------ 9 / 11 ...
 ------ 10 / 11 ...
 ------ 11 / 11 ...
 ------ 1 / 11 ...
 ------ 2 / 11 ...
 ------ 3 / 11 ...
 ------ 4 / 11 ...
 ------ 5 / 11 ...
 ------ 6 / 11 ...
 ------ 7 / 11 ...
 ------ 8 / 11 ...
 ------ 9 / 11 ...
 ------ 10 / 11 ...
 ------ 11 / 11 ...
95.0
97.0
154.0
101.0
98.0
94.0
96.0
100.0
143.0
106.0
101.0
103.0
102.0
103.0
102.0
111.0
101.0
101.0
101.0
102.0
200.0
193.0
192.0
192.0
200.0
190.0
190.0
191.0
215.0
192.0
1091.0
1111.0
1149.0
1145.0
1133.0
1111.0
1128.0
1130.0
1138.0
1129.0
1487.0
1487.0
1515.0
1469.0
1468.0
1516.0
1502.0
1468.0
1491.0
1496.0
4357.0
4374.0
4392.0
4390.0
4309.0
4327.0
4366.0
4327.0
4367.0
4339.0
5828.0
5760.0
5786.0
5778.0
5795.0
5846.0
5848.0
5852.0
5859.0
5865.0
80765.0
374709.0
80445.0
80581.0
80496.0
80496.0
80517.0
80341.0
80341.0
80557.0
[216, 205, 391, 2253, 2979, 8709, 11643, 219849]

Mean FP TimeList
[[44692, 2075, 76134], [26860, 78766, 31306], [39343, 39447, 7812], [42311, 10186, 15629], [54206, 19945, 15616], [40055, 19978, 7867], [48102, 10017, 7796], [28838, 9923, 9]]

Mean BP TimeList
[[152202, 79727, 1470], [81735, 117398, 62323], [84955, 49503, 31283], [99686, 29699, 7813], [125717, 39526, 15622], [91466, 29848, 15643], [111459, 19770, 7831], [82287, 9920, 7801]]

Mean DPOH TimeList
[216, 205, 391, 2253, 2979, 8709, 11643, 219849]

FP TimeList
[[44692, 154900], [26860, 70753], [39343, 17998], [42311, 35574], [54206, 35594], [40055, 17884], [48102, 17719], [28838, 9920]]

BP TimeList
[[82287, 27571], [111459, 37679], [91466, 55169], [125717, 45321], [99686, 57316], [84955, 148681], [81735, 142050], [152202, 1470]]

Time Chart for FP
[44692]
[44692, 154900]
[26860]
[26860, 70753]
[39343]
[39343, 17998]
[42311]
[42311, 35574]
[54206]
[54206, 35594]
[40055]
[40055, 17884]
[48102]
[48102, 17719]
[28838]
[28838, 9920]

FP for each step:  [44692, 154900, 26860, 70753, 39343, 39343, 42311, 42311, 54206, 54206, 40055, 40055, 48102, 48102, 28838, 28838]

Time Chart for BP
[9920, 82287]
[82287, 27571]
[111459]
[111459, 37679]
[91466]
[91466, 55169]
[125717]
[125717, 45321]
[99686]
[99686, 57316]
[84955]
[84955, 148681]
[81735]
[81735, 142050]
[152202]
[152202, 1470]

BP for each step:  [82287, 82287, 111459, 111459, 91466, 91466, 125717, 125717, 99686, 99686, 84955, 148681, 81735, 142050, 152202, 152202]
Time without overhead: 2.58597 s

Total Time: 2.58597 s
