========== Stats ==========
iters 10
batchSize 128
numMicro 16
machine 4
log_dir _timeline/vggh
file ./_parth/partition_8_vgg_128_16.txt
model vgg
===========================
Number of Stages: 8
(0, 2)

Profiling for Stage (0, 2) with bs(8)
 ------ 1 / 11 ...
 ------ 2 / 11 ...
 ------ 3 / 11 ...
 ------ 4 / 11 ...
 ------ 5 / 11 ...
 ------ 6 / 11 ...
 ------ 7 / 11 ...
 ------ 8 / 11 ...
 ------ 9 / 11 ...
 ------ 10 / 11 ...
 ------ 11 / 11 ...
 ------ 1 / 11 ...
 ------ 2 / 11 ...
 ------ 3 / 11 ...
 ------ 4 / 11 ...
 ------ 5 / 11 ...
 ------ 6 / 11 ...
 ------ 7 / 11 ...
 ------ 8 / 11 ...
 ------ 9 / 11 ...
 ------ 10 / 11 ...
 ------ 11 / 11 ...
(2, 4)

Profiling for Stage (2, 4) with bs(8)
 ------ 1 / 11 ...
 ------ 2 / 11 ...
 ------ 3 / 11 ...
 ------ 4 / 11 ...
 ------ 5 / 11 ...
 ------ 6 / 11 ...
 ------ 7 / 11 ...
 ------ 8 / 11 ...
 ------ 9 / 11 ...
 ------ 10 / 11 ...
 ------ 11 / 11 ...
 ------ 1 / 11 ...
 ------ 2 / 11 ...
 ------ 3 / 11 ...
 ------ 4 / 11 ...
 ------ 5 / 11 ...
 ------ 6 / 11 ...
 ------ 7 / 11 ...
 ------ 8 / 11 ...
 ------ 9 / 11 ...
 ------ 10 / 11 ...
 ------ 11 / 11 ...
(4, 6)

Profiling for Stage (4, 6) with bs(8)
 ------ 1 / 11 ...
 ------ 2 / 11 ...
 ------ 3 / 11 ...
 ------ 4 / 11 ...
 ------ 5 / 11 ...
 ------ 6 / 11 ...
 ------ 7 / 11 ...
 ------ 8 / 11 ...
 ------ 9 / 11 ...
 ------ 10 / 11 ...
 ------ 11 / 11 ...
 ------ 1 / 11 ...
 ------ 2 / 11 ...
 ------ 3 / 11 ...
 ------ 4 / 11 ...
 ------ 5 / 11 ...
 ------ 6 / 11 ...
 ------ 7 / 11 ...
 ------ 8 / 11 ...
 ------ 9 / 11 ...
 ------ 10 / 11 ...
 ------ 11 / 11 ...
(6, 8)

Profiling for Stage (6, 8) with bs(8)
 ------ 1 / 11 ...
 ------ 2 / 11 ...
 ------ 3 / 11 ...
 ------ 4 / 11 ...
 ------ 5 / 11 ...
 ------ 6 / 11 ...
 ------ 7 / 11 ...
 ------ 8 / 11 ...
 ------ 9 / 11 ...
 ------ 10 / 11 ...
 ------ 11 / 11 ...
 ------ 1 / 11 ...
 ------ 2 / 11 ...
 ------ 3 / 11 ...
 ------ 4 / 11 ...
 ------ 5 / 11 ...
 ------ 6 / 11 ...
 ------ 7 / 11 ...
 ------ 8 / 11 ...
 ------ 9 / 11 ...
 ------ 10 / 11 ...
 ------ 11 / 11 ...
(8, 10)

Profiling for Stage (8, 10) with bs(8)
 ------ 1 / 11 ...
 ------ 2 / 11 ...
 ------ 3 / 11 ...
 ------ 4 / 11 ...
 ------ 5 / 11 ...
 ------ 6 / 11 ...
 ------ 7 / 11 ...
 ------ 8 / 11 ...
 ------ 9 / 11 ...
 ------ 10 / 11 ...
 ------ 11 / 11 ...
 ------ 1 / 11 ...
 ------ 2 / 11 ...
 ------ 3 / 11 ...
 ------ 4 / 11 ...
 ------ 5 / 11 ...
 ------ 6 / 11 ...
 ------ 7 / 11 ...
 ------ 8 / 11 ...
 ------ 9 / 11 ...
 ------ 10 / 11 ...
 ------ 11 / 11 ...
(10, 13)

Profiling for Stage (10, 13) with bs(8)
 ------ 1 / 11 ...
 ------ 2 / 11 ...
 ------ 3 / 11 ...
 ------ 4 / 11 ...
 ------ 5 / 11 ...
 ------ 6 / 11 ...
 ------ 7 / 11 ...
 ------ 8 / 11 ...
 ------ 9 / 11 ...
 ------ 10 / 11 ...
 ------ 11 / 11 ...
 ------ 1 / 11 ...
 ------ 2 / 11 ...
 ------ 3 / 11 ...
 ------ 4 / 11 ...
 ------ 5 / 11 ...
 ------ 6 / 11 ...
 ------ 7 / 11 ...
 ------ 8 / 11 ...
 ------ 9 / 11 ...
 ------ 10 / 11 ...
 ------ 11 / 11 ...
(13, 15)

Profiling for Stage (13, 15) with bs(8)
 ------ 1 / 11 ...
 ------ 2 / 11 ...
 ------ 3 / 11 ...
 ------ 4 / 11 ...
 ------ 5 / 11 ...
 ------ 6 / 11 ...
 ------ 7 / 11 ...
 ------ 8 / 11 ...
 ------ 9 / 11 ...
 ------ 10 / 11 ...
 ------ 11 / 11 ...
 ------ 1 / 11 ...
 ------ 2 / 11 ...
 ------ 3 / 11 ...
 ------ 4 / 11 ...
 ------ 5 / 11 ...
 ------ 6 / 11 ...
 ------ 7 / 11 ...
 ------ 8 / 11 ...
 ------ 9 / 11 ...
 ------ 10 / 11 ...
 ------ 11 / 11 ...
(15, 28)

Profiling for Stage (15, 28) with bs(8)
 ------ 1 / 11 ...
 ------ 2 / 11 ...
 ------ 3 / 11 ...
 ------ 4 / 11 ...
 ------ 5 / 11 ...
 ------ 6 / 11 ...
 ------ 7 / 11 ...
 ------ 8 / 11 ...
 ------ 9 / 11 ...
 ------ 10 / 11 ...
 ------ 11 / 11 ...
 ------ 1 / 11 ...
 ------ 2 / 11 ...
 ------ 3 / 11 ...
 ------ 4 / 11 ...
 ------ 5 / 11 ...
 ------ 6 / 11 ...
 ------ 7 / 11 ...
 ------ 8 / 11 ...
 ------ 9 / 11 ...
 ------ 10 / 11 ...
 ------ 11 / 11 ...
96.0
98.0
104.0
95.0
100.0
95.0
99.0
103.0
194.0
98.0
110.0
103.0
111.0
102.0
101.0
103.0
103.0
102.0
103.0
102.0
198.0
190.0
190.0
189.0
209.0
189.0
190.0
191.0
202.0
200.0
1141.0
1129.0
1142.0
1120.0
1150.0
1138.0
1130.0
1137.0
1130.0
1140.0
1547.0
1478.0
1458.0
1487.0
1476.0
1488.0
1506.0
1488.0
1487.0
1500.0
4377.0
4365.0
4408.0
4385.0
4366.0
4345.0
4375.0
4385.0
4395.0
4365.0
5787.0
5756.0
5769.0
5816.0
5818.0
5808.0
5803.0
5794.0
5782.0
5795.0
80460.0
423225.0
80698.0
80561.0
80478.0
80618.0
80445.0
80514.0
80727.0
80448.0
[216, 208, 389, 2271, 2983, 8753, 11585, 229634]

Mean FP TimeList
[[44638, 2068, 75867], [25946, 78192, 31162], [40155, 39224, 7804], [40187, 10010, 15587], [46952, 19647, 15608], [38197, 19685, 7791], [48397, 9975, 7800], [28810, 9970, 9]]

Mean BP TimeList
[[149708, 79965, 1470], [83274, 117442, 62354], [81913, 49069, 31184], [97436, 29546, 7810], [124290, 39154, 15592], [89722, 29348, 15597], [109748, 19696, 7808], [82274, 9978, 7802]]

Mean DPOH TimeList
[216, 208, 389, 2271, 2983, 8753, 11585, 229634]

FP TimeList
[[44638, 154059], [25946, 70386], [40155, 17814], [40187, 35234], [46952, 35293], [38197, 17766], [48397, 17770], [28810, 9978]]

BP TimeList
[[82274, 27498], [109748, 37156], [89722, 54751], [124290, 45138], [97436, 56879], [81913, 148626], [83274, 142319], [149708, 1470]]

Time Chart for FP
[44638]
[44638, 154059]
[44638, 154059, 25946]
[44638, 154059, 25946, 70386]
[44638, 154059, 25946, 70386, 40155]
[44638, 154059, 25946, 70386, 40155, 17814]
[44638, 154059, 25946, 70386, 40155, 17814, 40187]
[44638, 154059, 25946, 70386, 40155, 17814, 40187, 35234]
[44638, 154059, 25946, 70386, 40155, 17814, 40187, 35234, 46952]
[44638, 154059, 25946, 70386, 40155, 17814, 40187, 35234, 46952, 35293]
[44638, 154059, 25946, 70386, 40155, 17814, 40187, 35234, 46952, 35293, 38197]
[44638, 154059, 25946, 70386, 40155, 17814, 40187, 35234, 46952, 35293, 38197, 17766]
[44638, 154059, 25946, 70386, 40155, 17814, 40187, 35234, 46952, 35293, 38197, 17766, 48397]
[44638, 154059, 25946, 70386, 40155, 17814, 40187, 35234, 46952, 35293, 38197, 17766, 48397, 17770]
[44638, 154059, 25946, 70386, 40155, 17814, 40187, 35234, 46952, 35293, 38197, 17766, 48397, 17770, 28810]
[44638, 154059, 25946, 70386, 40155, 17814, 40187, 35234, 46952, 35293, 38197, 17766, 48397, 17770, 28810, 9978]
[25946, 70386, 40155, 17814, 40187, 35234, 46952, 35293, 38197, 17766, 48397, 17770, 28810, 9978]
[25946, 70386, 40155, 17814, 40187, 35234, 46952, 35293, 38197, 17766, 48397, 17770, 28810, 9978]
[40155, 17814, 40187, 35234, 46952, 35293, 38197, 17766, 48397, 17770, 28810, 9978]
[40155, 17814, 40187, 35234, 46952, 35293, 38197, 17766, 48397, 17770, 28810, 9978]
[40187, 35234, 46952, 35293, 38197, 17766, 48397, 17770, 28810, 9978]
[40187, 35234, 46952, 35293, 38197, 17766, 48397, 17770, 28810, 9978]
[46952, 35293, 38197, 17766, 48397, 17770, 28810, 9978]
[46952, 35293, 38197, 17766, 48397, 17770, 28810, 9978]
[38197, 17766, 48397, 17770, 28810, 9978]
[38197, 17766, 48397, 17770, 28810, 9978]
[48397, 17770, 28810, 9978]
[48397, 17770, 28810, 9978]
[28810, 9978]
[28810, 9978]

FP for each step:  [44638, 154059, 154059, 154059, 154059, 154059, 154059, 154059, 154059, 154059, 154059, 154059, 154059, 154059, 154059, 154059, 70386, 70386, 48397, 48397, 48397, 48397, 48397, 48397, 48397, 48397, 48397, 48397, 28810, 28810]

Time Chart for BP
[9978, 82274]
[82274, 27498]
[82274, 27498, 109748]
[82274, 27498, 109748, 37156]
[82274, 27498, 109748, 37156, 89722]
[82274, 27498, 109748, 37156, 89722, 54751]
[82274, 27498, 109748, 37156, 89722, 54751, 124290]
[82274, 27498, 109748, 37156, 89722, 54751, 124290, 45138]
[82274, 27498, 109748, 37156, 89722, 54751, 124290, 45138, 97436]
[82274, 27498, 109748, 37156, 89722, 54751, 124290, 45138, 97436, 56879]
[82274, 27498, 109748, 37156, 89722, 54751, 124290, 45138, 97436, 56879, 81913]
[82274, 27498, 109748, 37156, 89722, 54751, 124290, 45138, 97436, 56879, 81913, 148626]
[82274, 27498, 109748, 37156, 89722, 54751, 124290, 45138, 97436, 56879, 81913, 148626, 83274]
[82274, 27498, 109748, 37156, 89722, 54751, 124290, 45138, 97436, 56879, 81913, 148626, 83274, 142319]
[82274, 27498, 109748, 37156, 89722, 54751, 124290, 45138, 97436, 56879, 81913, 148626, 83274, 142319, 149708]
[82274, 27498, 109748, 37156, 89722, 54751, 124290, 45138, 97436, 56879, 81913, 148626, 83274, 142319, 149708, 1470]
[109748, 37156, 89722, 54751, 124290, 45138, 97436, 56879, 81913, 148626, 83274, 142319, 149708, 1470]
[109748, 37156, 89722, 54751, 124290, 45138, 97436, 56879, 81913, 148626, 83274, 142319, 149708, 1470]
[89722, 54751, 124290, 45138, 97436, 56879, 81913, 148626, 83274, 142319, 149708, 1470]
[89722, 54751, 124290, 45138, 97436, 56879, 81913, 148626, 83274, 142319, 149708, 1470]
[124290, 45138, 97436, 56879, 81913, 148626, 83274, 142319, 149708, 1470]
[124290, 45138, 97436, 56879, 81913, 148626, 83274, 142319, 149708, 1470]
[97436, 56879, 81913, 148626, 83274, 142319, 149708, 1470]
[97436, 56879, 81913, 148626, 83274, 142319, 149708, 1470]
[81913, 148626, 83274, 142319, 149708, 1470]
[81913, 148626, 83274, 142319, 149708, 1470]
[83274, 142319, 149708, 1470]
[83274, 142319, 149708, 1470]
[149708, 1470]
[149708, 1470]

BP for each step:  [82274, 82274, 109748, 109748, 109748, 109748, 124290, 124290, 124290, 124290, 124290, 148626, 148626, 148626, 149708, 149708, 149708, 149708, 149708, 149708, 149708, 149708, 149708, 149708, 149708, 149708, 149708, 149708, 149708, 149708]
Time without overhead: 7.104081 s

Total Time: 7.104081 s
