========== Stats ==========
iters 10
batchSize 16
numMicro 8
machine 4
log_dir _timeline/vggh
file ./_parth/partition_4_vgg_16_8.txt
model vgg
===========================
Number of Stages: 4
(0, 4)

Profiling for Stage (0, 4) with bs(2)
 ------ 1 / 11 ...
 ------ 2 / 11 ...
 ------ 3 / 11 ...
 ------ 4 / 11 ...
 ------ 5 / 11 ...
 ------ 6 / 11 ...
 ------ 7 / 11 ...
 ------ 8 / 11 ...
 ------ 9 / 11 ...
 ------ 10 / 11 ...
 ------ 11 / 11 ...
 ------ 1 / 11 ...
 ------ 2 / 11 ...
 ------ 3 / 11 ...
 ------ 4 / 11 ...
 ------ 5 / 11 ...
 ------ 6 / 11 ...
 ------ 7 / 11 ...
 ------ 8 / 11 ...
 ------ 9 / 11 ...
 ------ 10 / 11 ...
 ------ 11 / 11 ...
(4, 9)

Profiling for Stage (4, 9) with bs(2)
 ------ 1 / 11 ...
 ------ 2 / 11 ...
 ------ 3 / 11 ...
 ------ 4 / 11 ...
 ------ 5 / 11 ...
 ------ 6 / 11 ...
 ------ 7 / 11 ...
 ------ 8 / 11 ...
 ------ 9 / 11 ...
 ------ 10 / 11 ...
 ------ 11 / 11 ...
 ------ 1 / 11 ...
 ------ 2 / 11 ...
 ------ 3 / 11 ...
 ------ 4 / 11 ...
 ------ 5 / 11 ...
 ------ 6 / 11 ...
 ------ 7 / 11 ...
 ------ 8 / 11 ...
 ------ 9 / 11 ...
 ------ 10 / 11 ...
 ------ 11 / 11 ...
(9, 14)

Profiling for Stage (9, 14) with bs(2)
 ------ 1 / 11 ...
 ------ 2 / 11 ...
 ------ 3 / 11 ...
 ------ 4 / 11 ...
 ------ 5 / 11 ...
 ------ 6 / 11 ...
 ------ 7 / 11 ...
 ------ 8 / 11 ...
 ------ 9 / 11 ...
 ------ 10 / 11 ...
 ------ 11 / 11 ...
 ------ 1 / 11 ...
 ------ 2 / 11 ...
 ------ 3 / 11 ...
 ------ 4 / 11 ...
 ------ 5 / 11 ...
 ------ 6 / 11 ...
 ------ 7 / 11 ...
 ------ 8 / 11 ...
 ------ 9 / 11 ...
 ------ 10 / 11 ...
 ------ 11 / 11 ...
(14, 28)

Profiling for Stage (14, 28) with bs(2)
 ------ 1 / 11 ...
 ------ 2 / 11 ...
 ------ 3 / 11 ...
 ------ 4 / 11 ...
 ------ 5 / 11 ...
 ------ 6 / 11 ...
 ------ 7 / 11 ...
 ------ 8 / 11 ...
 ------ 9 / 11 ...
 ------ 10 / 11 ...
 ------ 11 / 11 ...
 ------ 1 / 11 ...
 ------ 2 / 11 ...
 ------ 3 / 11 ...
 ------ 4 / 11 ...
 ------ 5 / 11 ...
 ------ 6 / 11 ...
 ------ 7 / 11 ...
 ------ 8 / 11 ...
 ------ 9 / 11 ...
 ------ 10 / 11 ...
 ------ 11 / 11 ...
256.0
158.0
169.0
157.0
213.0
200.0
172.0
191.0
160.0
182.0
2139.0
2157.0
2124.0
2137.0
2150.0
2149.0
2076.0
2138.0
2116.0
2075.0
8026.0
50169.0
8083.0
8122.0
8043.0
7951.0
8069.0
8115.0
8093.0
8021.0
258935.0
258131.0
83455.0
83421.0
83442.0
83543.0
83506.0
83680.0
83533.0
83399.0
[371, 4252, 24538, 237009]

Mean FP TimeList
[[13969, 616, 8781], [23664, 9898, 3907], [22642, 5062, 1955], [17178, 2627, 6]]

Mean BP TimeList
[[47978, 10277, 371], [59527, 14754, 7798], [64185, 7421, 3906], [61999, 2668, 1953]]

Mean DPOH TimeList
[371, 4252, 24538, 237009]

FP TimeList
[[13969, 18679], [23664, 8969], [22642, 4582], [17178, 2668]]

BP TimeList
[[61999, 9374], [64185, 18660], [59527, 18075], [47978, 371]]

Time Chart for FP
[13969]
[13969, 18679]
[13969, 18679, 23664]
[13969, 18679, 23664, 8969]
[13969, 18679, 23664, 8969, 22642]
[13969, 18679, 23664, 8969, 22642, 4582]
[13969, 18679, 23664, 8969, 22642, 4582, 17178]
[13969, 18679, 23664, 8969, 22642, 4582, 17178, 2668]
[23664, 8969, 22642, 4582, 17178, 2668]
[23664, 8969, 22642, 4582, 17178, 2668]
[22642, 4582, 17178, 2668]
[22642, 4582, 17178, 2668]
[17178, 2668]
[17178, 2668]

FP for each step:  [13969, 18679, 23664, 23664, 23664, 23664, 23664, 23664, 23664, 23664, 22642, 22642, 17178, 17178]

Time Chart for BP
[2668, 61999]
[61999, 9374]
[61999, 9374, 64185]
[61999, 9374, 64185, 18660]
[61999, 9374, 64185, 18660, 59527]
[61999, 9374, 64185, 18660, 59527, 18075]
[61999, 9374, 64185, 18660, 59527, 18075, 47978]
[61999, 9374, 64185, 18660, 59527, 18075, 47978, 371]
[64185, 18660, 59527, 18075, 47978, 371]
[64185, 18660, 59527, 18075, 47978, 371]
[59527, 18075, 47978, 371]
[59527, 18075, 47978, 371]
[47978, 371]
[47978, 371]

BP for each step:  [61999, 61999, 64185, 64185, 64185, 64185, 64185, 64185, 64185, 64185, 59527, 59527, 47978, 47978]
Time without overhead: 1.154088 s

Total Time: 1.154088 s
