========== Stats ==========
iters 10
batchSize 16
numMicro 8
machine 4
log_dir _timeline/vgg_3mp
file .txt
model vgg
===========================
Number of Stages: 1
(0, 28)

Profiling for Stage (0, 28) with bs(1)
 ------ 1 / 11 ...
 ------ 2 / 11 ...
 ------ 3 / 11 ...
 ------ 4 / 11 ...
 ------ 5 / 11 ...
 ------ 6 / 11 ...
 ------ 7 / 11 ...
 ------ 8 / 11 ...
 ------ 9 / 11 ...
 ------ 10 / 11 ...
 ------ 11 / 11 ...
 ------ 1 / 11 ...
 ------ 2 / 11 ...
 ------ 3 / 11 ...
 ------ 4 / 11 ...
 ------ 5 / 11 ...
 ------ 6 / 11 ...
 ------ 7 / 11 ...
 ------ 8 / 11 ...
 ------ 9 / 11 ...
 ------ 10 / 11 ...
 ------ 11 / 11 ...
307470.0
574739.0
93933.0
93137.0
94144.0
93704.0
94185.0
93347.0
93863.0
94047.0
[326513]

Mean FP TimeList
[[40818, 405, 7]]

Mean BP TimeList
[[134124, 406, 190]]

Mean DPOH TimeList
[326513]

FP TimeList
[[40818, 406]]

BP TimeList
[[134124, 190]]

Time Chart for FP
[40818]
[40818, 406]
[40818, 406]
[40818, 406]
[40818, 406]
[40818, 406]
[40818, 406]
[40818, 406]

FP for each step:  [40818, 40818, 40818, 40818, 40818, 40818, 40818, 40818]

Time Chart for BP
[406, 134124]
[134124, 190]
[134124, 190]
[134124, 190]
[134124, 190]
[134124, 190]
[134124, 190]
[134124, 190]

BP for each step:  [134124, 134124, 134124, 134124, 134124, 134124, 134124, 134124]
Time without overhead: 1.399536 s

Total Time: 1.726049 s
