========== Stats ==========
iters 10
batchSize 16
numMicro 2
machine 4
log_dir _timeline/vgg_3mp
file .txt
model vgg
===========================
Number of Stages: 1
(0, 28)

Profiling for Stage (0, 28) with bs(1)
 ------ 1 / 11 ...
 ------ 2 / 11 ...
 ------ 3 / 11 ...
 ------ 4 / 11 ...
 ------ 5 / 11 ...
 ------ 6 / 11 ...
 ------ 7 / 11 ...
 ------ 8 / 11 ...
 ------ 9 / 11 ...
 ------ 10 / 11 ...
 ------ 11 / 11 ...
 ------ 1 / 11 ...
 ------ 2 / 11 ...
 ------ 3 / 11 ...
 ------ 4 / 11 ...
 ------ 5 / 11 ...
 ------ 6 / 11 ...
 ------ 7 / 11 ...
 ------ 8 / 11 ...
 ------ 9 / 11 ...
 ------ 10 / 11 ...
 ------ 11 / 11 ...
313889.0
558230.0
94169.0
93896.0
93329.0
93700.0
93582.0
94079.0
93193.0
93812.0
[324375]

Mean FP TimeList
[[40745, 379, 7]]

Mean BP TimeList
[[134614, 303, 190]]

Mean DPOH TimeList
[324375]

FP TimeList
[[40745, 303]]

BP TimeList
[[134614, 190]]

Time Chart for FP
[40745]
[40745, 303]

FP for each step:  [40745, 40745]

Time Chart for BP
[303, 134614]
[134614, 190]

BP for each step:  [134614, 134614]
Time without overhead: 0.350718 s

Total Time: 0.675093 s
