========== Stats ==========
iters 10
batchSize 128
numMicro 8
machine 4
log_dir _timeline/vggh
file ./_parth/partition_2_vgg_128_8.txt
model vgg
===========================
Number of Stages: 2
(0, 7)

Profiling for Stage (0, 7) with bs(16)
 ------ 1 / 11 ...
 ------ 2 / 11 ...
 ------ 3 / 11 ...
 ------ 4 / 11 ...
 ------ 5 / 11 ...
 ------ 6 / 11 ...
 ------ 7 / 11 ...
 ------ 8 / 11 ...
 ------ 9 / 11 ...
 ------ 10 / 11 ...
 ------ 11 / 11 ...
 ------ 1 / 11 ...
 ------ 2 / 11 ...
 ------ 3 / 11 ...
 ------ 4 / 11 ...
 ------ 5 / 11 ...
 ------ 6 / 11 ...
 ------ 7 / 11 ...
 ------ 8 / 11 ...
 ------ 9 / 11 ...
 ------ 10 / 11 ...
 ------ 11 / 11 ...
(7, 28)

Profiling for Stage (7, 28) with bs(16)
 ------ 1 / 11 ...
 ------ 2 / 11 ...
 ------ 3 / 11 ...
 ------ 4 / 11 ...
 ------ 5 / 11 ...
 ------ 6 / 11 ...
 ------ 7 / 11 ...
 ------ 8 / 11 ...
 ------ 9 / 11 ...
 ------ 10 / 11 ...
 ------ 11 / 11 ...
 ------ 1 / 11 ...
 ------ 2 / 11 ...
 ------ 3 / 11 ...
 ------ 4 / 11 ...
 ------ 5 / 11 ...
 ------ 6 / 11 ...
 ------ 7 / 11 ...
 ------ 8 / 11 ...
 ------ 9 / 11 ...
 ------ 10 / 11 ...
 ------ 11 / 11 ...
768.0
789.0
759.0
768.0
791.0
807.0
758.0
788.0
771.0
760.0
247449.0
92492.0
92597.0
92554.0
92817.0
92997.0
92812.0
92683.0
92840.0
92987.0
[1551, 216445]

Mean FP TimeList
[[167384, 3877, 31190], [194688, 38821, 12]]

Mean BP TimeList
[[606534, 42665, 2928], [596055, 39000, 31172]]

Mean DPOH TimeList
[1551, 216445]

FP TimeList
[[167384, 70011], [194688, 39000]]

BP TimeList
[[596055, 73837], [606534, 2928]]

Time Chart for FP
[167384]
[167384, 70011]
[167384, 70011, 194688]
[167384, 70011, 194688, 39000]
[167384, 70011, 194688, 39000]
[167384, 70011, 194688, 39000]
[167384, 70011, 194688, 39000]
[167384, 70011, 194688, 39000]
[194688, 39000]
[194688, 39000]

FP for each step:  [167384, 167384, 194688, 194688, 194688, 194688, 194688, 194688, 194688, 194688]

Time Chart for BP
[39000, 596055]
[596055, 73837]
[596055, 73837, 606534]
[596055, 73837, 606534, 2928]
[596055, 73837, 606534, 2928]
[596055, 73837, 606534, 2928]
[596055, 73837, 606534, 2928]
[596055, 73837, 606534, 2928]
[606534, 2928]
[606534, 2928]

BP for each step:  [596055, 596055, 606534, 606534, 606534, 606534, 606534, 606534, 606534, 606534]
Time without overhead: 7.936654 s

Total Time: 7.936654 s
