========== Stats ==========
iters 10
batchSize 128
numMicro 8
machine 4
log_dir _timeline/vggh
file ./_parth/partition_4_vgg_128_8.txt
model vgg
===========================
Number of Stages: 4
(0, 2)

Profiling for Stage (0, 2) with bs(16)
 ------ 1 / 11 ...
 ------ 2 / 11 ...
 ------ 3 / 11 ...
 ------ 4 / 11 ...
 ------ 5 / 11 ...
 ------ 6 / 11 ...
 ------ 7 / 11 ...
 ------ 8 / 11 ...
 ------ 9 / 11 ...
 ------ 10 / 11 ...
 ------ 11 / 11 ...
 ------ 1 / 11 ...
 ------ 2 / 11 ...
 ------ 3 / 11 ...
 ------ 4 / 11 ...
 ------ 5 / 11 ...
 ------ 6 / 11 ...
 ------ 7 / 11 ...
 ------ 8 / 11 ...
 ------ 9 / 11 ...
 ------ 10 / 11 ...
 ------ 11 / 11 ...
(2, 7)

Profiling for Stage (2, 7) with bs(16)
 ------ 1 / 11 ...
 ------ 2 / 11 ...
 ------ 3 / 11 ...
 ------ 4 / 11 ...
 ------ 5 / 11 ...
 ------ 6 / 11 ...
 ------ 7 / 11 ...
 ------ 8 / 11 ...
 ------ 9 / 11 ...
 ------ 10 / 11 ...
 ------ 11 / 11 ...
 ------ 1 / 11 ...
 ------ 2 / 11 ...
 ------ 3 / 11 ...
 ------ 4 / 11 ...
 ------ 5 / 11 ...
 ------ 6 / 11 ...
 ------ 7 / 11 ...
 ------ 8 / 11 ...
 ------ 9 / 11 ...
 ------ 10 / 11 ...
 ------ 11 / 11 ...
(7, 12)

Profiling for Stage (7, 12) with bs(16)
 ------ 1 / 11 ...
 ------ 2 / 11 ...
 ------ 3 / 11 ...
 ------ 4 / 11 ...
 ------ 5 / 11 ...
 ------ 6 / 11 ...
 ------ 7 / 11 ...
 ------ 8 / 11 ...
 ------ 9 / 11 ...
 ------ 10 / 11 ...
 ------ 11 / 11 ...
 ------ 1 / 11 ...
 ------ 2 / 11 ...
 ------ 3 / 11 ...
 ------ 4 / 11 ...
 ------ 5 / 11 ...
 ------ 6 / 11 ...
 ------ 7 / 11 ...
 ------ 8 / 11 ...
 ------ 9 / 11 ...
 ------ 10 / 11 ...
 ------ 11 / 11 ...
(12, 28)

Profiling for Stage (12, 28) with bs(16)
 ------ 1 / 11 ...
 ------ 2 / 11 ...
 ------ 3 / 11 ...
 ------ 4 / 11 ...
 ------ 5 / 11 ...
 ------ 6 / 11 ...
 ------ 7 / 11 ...
 ------ 8 / 11 ...
 ------ 9 / 11 ...
 ------ 10 / 11 ...
 ------ 11 / 11 ...
 ------ 1 / 11 ...
 ------ 2 / 11 ...
 ------ 3 / 11 ...
 ------ 4 / 11 ...
 ------ 5 / 11 ...
 ------ 6 / 11 ...
 ------ 7 / 11 ...
 ------ 8 / 11 ...
 ------ 9 / 11 ...
 ------ 10 / 11 ...
 ------ 11 / 11 ...
112.0
94.0
116.0
109.0
112.0
92.0
109.0
100.0
102.0
111.0
711.0
692.0
723.0
712.0
691.0
739.0
723.0
701.0
681.0
701.0
3727.0
3714.0
3725.0
3704.0
3730.0
3755.0
3668.0
3665.0
3739.0
3724.0
89048.0
88961.0
89013.0
89138.0
88862.0
89130.0
89002.0
89125.0
89170.0
89011.0
[211, 1414, 7430, 178092]

Mean FP TimeList
[[94186, 3916, 152668], [93119, 156432, 31174], [94623, 39288, 15588], [98187, 19645, 11]]

Mean BP TimeList
[[298672, 159384, 2930], [353912, 194434, 124675], [285456, 58462, 31188], [308442, 19665, 15583]]

Mean DPOH TimeList
[211, 1414, 7430, 178092]

FP TimeList
[[94186, 309100], [93119, 70462], [94623, 35233], [98187, 19665]]

BP TimeList
[[308442, 74045], [285456, 225622], [353912, 284059], [298672, 2930]]

Time Chart for FP
[94186]
[94186, 309100]
[94186, 309100, 93119]
[94186, 309100, 93119, 70462]
[94186, 309100, 93119, 70462, 94623]
[94186, 309100, 93119, 70462, 94623, 35233]
[94186, 309100, 93119, 70462, 94623, 35233, 98187]
[94186, 309100, 93119, 70462, 94623, 35233, 98187, 19665]
[93119, 70462, 94623, 35233, 98187, 19665]
[93119, 70462, 94623, 35233, 98187, 19665]
[94623, 35233, 98187, 19665]
[94623, 35233, 98187, 19665]
[98187, 19665]
[98187, 19665]

FP for each step:  [94186, 309100, 309100, 309100, 309100, 309100, 309100, 309100, 98187, 98187, 98187, 98187, 98187, 98187]

Time Chart for BP
[19665, 308442]
[308442, 74045]
[308442, 74045, 285456]
[308442, 74045, 285456, 225622]
[308442, 74045, 285456, 225622, 353912]
[308442, 74045, 285456, 225622, 353912, 284059]
[308442, 74045, 285456, 225622, 353912, 284059, 298672]
[308442, 74045, 285456, 225622, 353912, 284059, 298672, 2930]
[285456, 225622, 353912, 284059, 298672, 2930]
[285456, 225622, 353912, 284059, 298672, 2930]
[353912, 284059, 298672, 2930]
[353912, 284059, 298672, 2930]
[298672, 2930]
[298672, 2930]

BP for each step:  [308442, 308442, 308442, 308442, 353912, 353912, 353912, 353912, 353912, 353912, 353912, 353912, 298672, 298672]
Time without overhead: 7.509416 s

Total Time: 7.509416 s
