========== Stats ==========
iters 10
batchSize 32
numMicro 2
machine 4
log_dir _timeline/vgg_3mp
file .txt
model vgg
===========================
Number of Stages: 2
(0, 6)

Profiling for Stage (0, 6) with bs(8)
 ------ 1 / 11 ...
 ------ 2 / 11 ...
 ------ 3 / 11 ...
 ------ 4 / 11 ...
 ------ 5 / 11 ...
 ------ 6 / 11 ...
 ------ 7 / 11 ...
 ------ 8 / 11 ...
 ------ 9 / 11 ...
 ------ 10 / 11 ...
 ------ 11 / 11 ...
 ------ 1 / 11 ...
 ------ 2 / 11 ...
 ------ 3 / 11 ...
 ------ 4 / 11 ...
 ------ 5 / 11 ...
 ------ 6 / 11 ...
 ------ 7 / 11 ...
 ------ 8 / 11 ...
 ------ 9 / 11 ...
 ------ 10 / 11 ...
 ------ 11 / 11 ...
(6, 28)

Profiling for Stage (6, 28) with bs(8)
 ------ 1 / 11 ...
 ------ 2 / 11 ...
 ------ 3 / 11 ...
 ------ 4 / 11 ...
 ------ 5 / 11 ...
 ------ 6 / 11 ...
 ------ 7 / 11 ...
 ------ 8 / 11 ...
 ------ 9 / 11 ...
 ------ 10 / 11 ...
 ------ 11 / 11 ...
 ------ 1 / 11 ...
 ------ 2 / 11 ...
 ------ 3 / 11 ...
 ------ 4 / 11 ...
 ------ 5 / 11 ...
 ------ 6 / 11 ...
 ------ 7 / 11 ...
 ------ 8 / 11 ...
 ------ 9 / 11 ...
 ------ 10 / 11 ...
 ------ 11 / 11 ...
345.0
450.0
413.0
435.0
405.0
425.0
427.0
397.0
405.0
404.0
310038.0
545934.0
93144.0
93591.0
93403.0
93545.0
93178.0
93207.0
93176.0
93388.0
[821, 320520]

Mean FP TimeList
[[93046, 2074, 7803], [186508, 9818, 11]]

Mean BP TimeList
[[248993, 11823, 1466], [495368, 9856, 7814]]

Mean DPOH TimeList
[821, 320520]

FP TimeList
[[93046, 35242], [186508, 9856]]

BP TimeList
[[495368, 27451, 495368, 27451], [248993, 1466]]

Time Chart for FP
[93046]
[93046, 35242]
[186508]
[186508, 9856]

FP for each step:  [93046, 93046, 186508, 186508]

Time Chart for BP
[9856, 495368]
[495368, 27451]
[248993]
[248993, 1466]

BP for each step:  [495368, 495368, 248993, 248993]
Time without overhead: 2.04783 s

Total Time: 2.369171 s
