========== Stats ==========
iters 10
batchSize 32
numMicro 8
machine 4
log_dir _timeline/vggh
file ./_parth/partition_2_vgg_32_8.txt
model vgg
===========================
Number of Stages: 2
(0, 9)

Profiling for Stage (0, 9) with bs(4)
 ------ 1 / 11 ...
 ------ 2 / 11 ...
 ------ 3 / 11 ...
 ------ 4 / 11 ...
 ------ 5 / 11 ...
 ------ 6 / 11 ...
 ------ 7 / 11 ...
 ------ 8 / 11 ...
 ------ 9 / 11 ...
 ------ 10 / 11 ...
 ------ 11 / 11 ...
 ------ 1 / 11 ...
 ------ 2 / 11 ...
 ------ 3 / 11 ...
 ------ 4 / 11 ...
 ------ 5 / 11 ...
 ------ 6 / 11 ...
 ------ 7 / 11 ...
 ------ 8 / 11 ...
 ------ 9 / 11 ...
 ------ 10 / 11 ...
 ------ 11 / 11 ...
(9, 28)

Profiling for Stage (9, 28) with bs(4)
 ------ 1 / 11 ...
 ------ 2 / 11 ...
 ------ 3 / 11 ...
 ------ 4 / 11 ...
 ------ 5 / 11 ...
 ------ 6 / 11 ...
 ------ 7 / 11 ...
 ------ 8 / 11 ...
 ------ 9 / 11 ...
 ------ 10 / 11 ...
 ------ 11 / 11 ...
 ------ 1 / 11 ...
 ------ 2 / 11 ...
 ------ 3 / 11 ...
 ------ 4 / 11 ...
 ------ 5 / 11 ...
 ------ 6 / 11 ...
 ------ 7 / 11 ...
 ------ 8 / 11 ...
 ------ 9 / 11 ...
 ------ 10 / 11 ...
 ------ 11 / 11 ...
2434.0
2300.0
2348.0
2285.0
2520.0
2413.0
2331.0
2380.0
2408.0
2381.0
370211.0
369236.0
91320.0
91496.0
91599.0
92045.0
91248.0
91530.0
91581.0
91743.0
[4760, 294401]

Mean FP TimeList
[[72498, 1108, 7809], [78897, 9923, 9]]

Mean BP TimeList
[[204574, 10349, 739], [220569, 9941, 7801]]

Mean DPOH TimeList
[4760, 294401]

FP TimeList
[[72498, 17732], [78897, 9941]]

BP TimeList
[[220569, 18150], [204574, 739]]

Time Chart for FP
[72498]
[72498, 17732]
[72498, 17732, 78897]
[72498, 17732, 78897, 9941]
[72498, 17732, 78897, 9941]
[72498, 17732, 78897, 9941]
[72498, 17732, 78897, 9941]
[72498, 17732, 78897, 9941]
[78897, 9941]
[78897, 9941]

FP for each step:  [72498, 72498, 78897, 78897, 78897, 78897, 78897, 78897, 78897, 78897]

Time Chart for BP
[9941, 220569]
[220569, 18150]
[220569, 18150, 204574]
[220569, 18150, 204574, 739]
[220569, 18150, 204574, 739]
[220569, 18150, 204574, 739]
[220569, 18150, 204574, 739]
[220569, 18150, 204574, 739]
[204574, 739]
[204574, 739]

BP for each step:  [220569, 220569, 220569, 220569, 220569, 220569, 220569, 220569, 204574, 204574]
Time without overhead: 2.949872 s

Total Time: 2.949872 s
