========== Stats ==========
iters 10
batchSize 16
numMicro 16
machine 4
log_dir _timeline/vgg_3mp
file .txt
model vgg
===========================
Number of Stages: 1
(0, 28)

Profiling for Stage (0, 28) with bs(1)
 ------ 1 / 11 ...
 ------ 2 / 11 ...
 ------ 3 / 11 ...
 ------ 4 / 11 ...
 ------ 5 / 11 ...
 ------ 6 / 11 ...
 ------ 7 / 11 ...
 ------ 8 / 11 ...
 ------ 9 / 11 ...
 ------ 10 / 11 ...
 ------ 11 / 11 ...
 ------ 1 / 11 ...
 ------ 2 / 11 ...
 ------ 3 / 11 ...
 ------ 4 / 11 ...
 ------ 5 / 11 ...
 ------ 6 / 11 ...
 ------ 7 / 11 ...
 ------ 8 / 11 ...
 ------ 9 / 11 ...
 ------ 10 / 11 ...
 ------ 11 / 11 ...
306473.0
379077.0
93528.0
93506.0
93803.0
93925.0
93706.0
93484.0
93680.0
93865.0
[287009]

Mean FP TimeList
[[40894, 376, 7]]

Mean BP TimeList
[[133918, 445, 190]]

Mean DPOH TimeList
[287009]

FP TimeList
[[40894, 445]]

BP TimeList
[[133918, 190]]

Time Chart for FP
[40894]
[40894, 445]
[40894, 445]
[40894, 445]
[40894, 445]
[40894, 445]
[40894, 445]
[40894, 445]
[40894, 445]
[40894, 445]
[40894, 445]
[40894, 445]
[40894, 445]
[40894, 445]
[40894, 445]
[40894, 445]

FP for each step:  [40894, 40894, 40894, 40894, 40894, 40894, 40894, 40894, 40894, 40894, 40894, 40894, 40894, 40894, 40894, 40894]

Time Chart for BP
[445, 133918]
[133918, 190]
[133918, 190]
[133918, 190]
[133918, 190]
[133918, 190]
[133918, 190]
[133918, 190]
[133918, 190]
[133918, 190]
[133918, 190]
[133918, 190]
[133918, 190]
[133918, 190]
[133918, 190]
[133918, 190]

BP for each step:  [133918, 133918, 133918, 133918, 133918, 133918, 133918, 133918, 133918, 133918, 133918, 133918, 133918, 133918, 133918, 133918]
Time without overhead: 2.796992 s

Total Time: 3.084001 s
