========== Stats ==========
iters 10
batchSize 128
numMicro 2
machine 4
log_dir _timeline/vgg_3mp
file .txt
model vgg
===========================
Number of Stages: 1
(0, 28)

Profiling for Stage (0, 28) with bs(16)
 ------ 1 / 11 ...
 ------ 2 / 11 ...
 ------ 3 / 11 ...
 ------ 4 / 11 ...
 ------ 5 / 11 ...
 ------ 6 / 11 ...
 ------ 7 / 11 ...
 ------ 8 / 11 ...
 ------ 9 / 11 ...
 ------ 10 / 11 ...
 ------ 11 / 11 ...
 ------ 1 / 11 ...
 ------ 2 / 11 ...
 ------ 3 / 11 ...
 ------ 4 / 11 ...
 ------ 5 / 11 ...
 ------ 6 / 11 ...
 ------ 7 / 11 ...
 ------ 8 / 11 ...
 ------ 9 / 11 ...
 ------ 10 / 11 ...
 ------ 11 / 11 ...
93752.0
93929.0
93737.0
93964.0
93826.0
93216.0
93693.0
94092.0
93905.0
94074.0
[187637]

Mean FP TimeList
[[357152, 4081, 12]]

Mean BP TimeList
[[1278993, 3861, 2927]]

Mean DPOH TimeList
[187637]

FP TimeList
[[357152, 3861]]

BP TimeList
[[1278993, 2927]]

Time Chart for FP
[357152]
[357152, 3861]

FP for each step:  [357152, 357152]

Time Chart for BP
[3861, 1278993]
[1278993, 2927]

BP for each step:  [1278993, 1278993]
Time without overhead: 3.27229 s

Total Time: 3.459927 s
