========== Stats ==========
iters 10
batchSize 32
numMicro 4
machine 4
log_dir _timeline/vgg_3mp
file .txt
model vgg
===========================
Number of Stages: 1
(0, 28)

Profiling for Stage (0, 28) with bs(2)
 ------ 1 / 11 ...
 ------ 2 / 11 ...
 ------ 3 / 11 ...
 ------ 4 / 11 ...
 ------ 5 / 11 ...
 ------ 6 / 11 ...
 ------ 7 / 11 ...
 ------ 8 / 11 ...
 ------ 9 / 11 ...
 ------ 10 / 11 ...
 ------ 11 / 11 ...
 ------ 1 / 11 ...
 ------ 2 / 11 ...
 ------ 3 / 11 ...
 ------ 4 / 11 ...
 ------ 5 / 11 ...
 ------ 6 / 11 ...
 ------ 7 / 11 ...
 ------ 8 / 11 ...
 ------ 9 / 11 ...
 ------ 10 / 11 ...
 ------ 11 / 11 ...
337533.0
259251.0
94942.0
94261.0
93468.0
94194.0
93772.0
93924.0
93850.0
365551.0
[324149]

Mean FP TimeList
[[78123, 622, 7]]

Mean BP TimeList
[[229455, 641, 372]]

Mean DPOH TimeList
[324149]

FP TimeList
[[78123, 641]]

BP TimeList
[[229455, 372]]

Time Chart for FP
[78123]
[78123, 641]
[78123, 641]
[78123, 641]

FP for each step:  [78123, 78123, 78123, 78123]

Time Chart for BP
[641, 229455]
[229455, 372]
[229455, 372]
[229455, 372]

BP for each step:  [229455, 229455, 229455, 229455]
Time without overhead: 1.230312 s

Total Time: 1.554461 s
