========== Stats ==========
iters 10
batchSize 32
numMicro 8
machine 4
log_dir _timeline/vgg_3mp
file .txt
model vgg
===========================
Number of Stages: 2
(0, 9)

Profiling for Stage (0, 9) with bs(4)
 ------ 1 / 11 ...
 ------ 2 / 11 ...
 ------ 3 / 11 ...
 ------ 4 / 11 ...
 ------ 5 / 11 ...
 ------ 6 / 11 ...
 ------ 7 / 11 ...
 ------ 8 / 11 ...
 ------ 9 / 11 ...
 ------ 10 / 11 ...
 ------ 11 / 11 ...
 ------ 1 / 11 ...
 ------ 2 / 11 ...
 ------ 3 / 11 ...
 ------ 4 / 11 ...
 ------ 5 / 11 ...
 ------ 6 / 11 ...
 ------ 7 / 11 ...
 ------ 8 / 11 ...
 ------ 9 / 11 ...
 ------ 10 / 11 ...
 ------ 11 / 11 ...
(9, 28)

Profiling for Stage (9, 28) with bs(4)
 ------ 1 / 11 ...
 ------ 2 / 11 ...
 ------ 3 / 11 ...
 ------ 4 / 11 ...
 ------ 5 / 11 ...
 ------ 6 / 11 ...
 ------ 7 / 11 ...
 ------ 8 / 11 ...
 ------ 9 / 11 ...
 ------ 10 / 11 ...
 ------ 11 / 11 ...
 ------ 1 / 11 ...
 ------ 2 / 11 ...
 ------ 3 / 11 ...
 ------ 4 / 11 ...
 ------ 5 / 11 ...
 ------ 6 / 11 ...
 ------ 7 / 11 ...
 ------ 8 / 11 ...
 ------ 9 / 11 ...
 ------ 10 / 11 ...
 ------ 11 / 11 ...
2311.0
2372.0
2279.0
2315.0
2306.0
2222.0
2260.0
2307.0
2281.0
2282.0
298187.0
255364.0
367307.0
91680.0
91587.0
91208.0
91592.0
91222.0
91856.0
91562.0
[4587, 312313]

Mean FP TimeList
[[72270, 1122, 7808], [78735, 9980, 8]]

Mean BP TimeList
[[203197, 10985, 739], [218589, 10001, 7815]]

Mean DPOH TimeList
[4587, 312313]

FP TimeList
[[72270, 17788], [78735, 10001]]

BP TimeList
[[218589, 18800], [203197, 739]]

Time Chart for FP
[72270]
[72270, 17788]
[72270, 17788, 78735]
[72270, 17788, 78735, 10001]
[72270, 17788, 78735, 10001]
[72270, 17788, 78735, 10001]
[72270, 17788, 78735, 10001]
[72270, 17788, 78735, 10001]
[78735, 10001]
[78735, 10001]

FP for each step:  [72270, 72270, 78735, 78735, 78735, 78735, 78735, 78735, 78735, 78735]

Time Chart for BP
[10001, 218589]
[218589, 18800]
[218589, 18800, 203197]
[218589, 18800, 203197, 739]
[218589, 18800, 203197, 739]
[218589, 18800, 203197, 739]
[218589, 18800, 203197, 739]
[218589, 18800, 203197, 739]
[203197, 739]
[203197, 739]

BP for each step:  [218589, 218589, 218589, 218589, 218589, 218589, 218589, 218589, 203197, 203197]
Time without overhead: 2.929526 s

Total Time: 2.929526 s
