========== Stats ==========
iters 10
batchSize 16
numMicro 8
machine 4
log_dir _timeline/vgg_3mp
file .txt
model vgg
===========================
Number of Stages: 1
(0, 28)

Profiling for Stage (0, 28) with bs(1)
 ------ 1 / 11 ...
 ------ 2 / 11 ...
 ------ 3 / 11 ...
 ------ 4 / 11 ...
 ------ 5 / 11 ...
 ------ 6 / 11 ...
 ------ 7 / 11 ...
 ------ 8 / 11 ...
 ------ 9 / 11 ...
 ------ 10 / 11 ...
 ------ 11 / 11 ...
 ------ 1 / 11 ...
 ------ 2 / 11 ...
 ------ 3 / 11 ...
 ------ 4 / 11 ...
 ------ 5 / 11 ...
 ------ 6 / 11 ...
 ------ 7 / 11 ...
 ------ 8 / 11 ...
 ------ 9 / 11 ...
 ------ 10 / 11 ...
 ------ 11 / 11 ...
328716.0
257786.0
94271.0
93958.0
93120.0
93624.0
93766.0
93078.0
93872.0
372059.0
[322850]

Mean FP TimeList
[[40502, 389, 6]]

Mean BP TimeList
[[133547, 574, 192]]

Mean DPOH TimeList
[322850]

FP TimeList
[[40502, 574]]

BP TimeList
[[133547, 192]]

Time Chart for FP
[40502]
[40502, 574]
[40502, 574]
[40502, 574]
[40502, 574]
[40502, 574]
[40502, 574]
[40502, 574]

FP for each step:  [40502, 40502, 40502, 40502, 40502, 40502, 40502, 40502]

Time Chart for BP
[574, 133547]
[133547, 192]
[133547, 192]
[133547, 192]
[133547, 192]
[133547, 192]
[133547, 192]
[133547, 192]

BP for each step:  [133547, 133547, 133547, 133547, 133547, 133547, 133547, 133547]
Time without overhead: 1.392392 s

Total Time: 1.715242 s
