========== Stats ==========
iters 10
batchSize 32
numMicro 8
machine 4
log_dir _timeline/vggh
file ./_parth/partition_8_vgg_32_8.txt
model vgg
===========================
Number of Stages: 8
(0, 2)

Profiling for Stage (0, 2) with bs(4)
 ------ 1 / 11 ...
 ------ 2 / 11 ...
 ------ 3 / 11 ...
 ------ 4 / 11 ...
 ------ 5 / 11 ...
 ------ 6 / 11 ...
 ------ 7 / 11 ...
 ------ 8 / 11 ...
 ------ 9 / 11 ...
 ------ 10 / 11 ...
 ------ 11 / 11 ...
 ------ 1 / 11 ...
 ------ 2 / 11 ...
 ------ 3 / 11 ...
 ------ 4 / 11 ...
 ------ 5 / 11 ...
 ------ 6 / 11 ...
 ------ 7 / 11 ...
 ------ 8 / 11 ...
 ------ 9 / 11 ...
 ------ 10 / 11 ...
 ------ 11 / 11 ...
(2, 4)

Profiling for Stage (2, 4) with bs(4)
 ------ 1 / 11 ...
 ------ 2 / 11 ...
 ------ 3 / 11 ...
 ------ 4 / 11 ...
 ------ 5 / 11 ...
 ------ 6 / 11 ...
 ------ 7 / 11 ...
 ------ 8 / 11 ...
 ------ 9 / 11 ...
 ------ 10 / 11 ...
 ------ 11 / 11 ...
 ------ 1 / 11 ...
 ------ 2 / 11 ...
 ------ 3 / 11 ...
 ------ 4 / 11 ...
 ------ 5 / 11 ...
 ------ 6 / 11 ...
 ------ 7 / 11 ...
 ------ 8 / 11 ...
 ------ 9 / 11 ...
 ------ 10 / 11 ...
 ------ 11 / 11 ...
(4, 7)

Profiling for Stage (4, 7) with bs(4)
 ------ 1 / 11 ...
 ------ 2 / 11 ...
 ------ 3 / 11 ...
 ------ 4 / 11 ...
 ------ 5 / 11 ...
 ------ 6 / 11 ...
 ------ 7 / 11 ...
 ------ 8 / 11 ...
 ------ 9 / 11 ...
 ------ 10 / 11 ...
 ------ 11 / 11 ...
 ------ 1 / 11 ...
 ------ 2 / 11 ...
 ------ 3 / 11 ...
 ------ 4 / 11 ...
 ------ 5 / 11 ...
 ------ 6 / 11 ...
 ------ 7 / 11 ...
 ------ 8 / 11 ...
 ------ 9 / 11 ...
 ------ 10 / 11 ...
 ------ 11 / 11 ...
(7, 9)

Profiling for Stage (7, 9) with bs(4)
 ------ 1 / 11 ...
 ------ 2 / 11 ...
 ------ 3 / 11 ...
 ------ 4 / 11 ...
 ------ 5 / 11 ...
 ------ 6 / 11 ...
 ------ 7 / 11 ...
 ------ 8 / 11 ...
 ------ 9 / 11 ...
 ------ 10 / 11 ...
 ------ 11 / 11 ...
 ------ 1 / 11 ...
 ------ 2 / 11 ...
 ------ 3 / 11 ...
 ------ 4 / 11 ...
 ------ 5 / 11 ...
 ------ 6 / 11 ...
 ------ 7 / 11 ...
 ------ 8 / 11 ...
 ------ 9 / 11 ...
 ------ 10 / 11 ...
 ------ 11 / 11 ...
(9, 12)

Profiling for Stage (9, 12) with bs(4)
 ------ 1 / 11 ...
 ------ 2 / 11 ...
 ------ 3 / 11 ...
 ------ 4 / 11 ...
 ------ 5 / 11 ...
 ------ 6 / 11 ...
 ------ 7 / 11 ...
 ------ 8 / 11 ...
 ------ 9 / 11 ...
 ------ 10 / 11 ...
 ------ 11 / 11 ...
 ------ 1 / 11 ...
 ------ 2 / 11 ...
 ------ 3 / 11 ...
 ------ 4 / 11 ...
 ------ 5 / 11 ...
 ------ 6 / 11 ...
 ------ 7 / 11 ...
 ------ 8 / 11 ...
 ------ 9 / 11 ...
 ------ 10 / 11 ...
 ------ 11 / 11 ...
(12, 14)

Profiling for Stage (12, 14) with bs(4)
 ------ 1 / 11 ...
 ------ 2 / 11 ...
 ------ 3 / 11 ...
 ------ 4 / 11 ...
 ------ 5 / 11 ...
 ------ 6 / 11 ...
 ------ 7 / 11 ...
 ------ 8 / 11 ...
 ------ 9 / 11 ...
 ------ 10 / 11 ...
 ------ 11 / 11 ...
 ------ 1 / 11 ...
 ------ 2 / 11 ...
 ------ 3 / 11 ...
 ------ 4 / 11 ...
 ------ 5 / 11 ...
 ------ 6 / 11 ...
 ------ 7 / 11 ...
 ------ 8 / 11 ...
 ------ 9 / 11 ...
 ------ 10 / 11 ...
 ------ 11 / 11 ...
(14, 16)

Profiling for Stage (14, 16) with bs(4)
 ------ 1 / 11 ...
 ------ 2 / 11 ...
 ------ 3 / 11 ...
 ------ 4 / 11 ...
 ------ 5 / 11 ...
 ------ 6 / 11 ...
 ------ 7 / 11 ...
 ------ 8 / 11 ...
 ------ 9 / 11 ...
 ------ 10 / 11 ...
 ------ 11 / 11 ...
 ------ 1 / 11 ...
 ------ 2 / 11 ...
 ------ 3 / 11 ...
 ------ 4 / 11 ...
 ------ 5 / 11 ...
 ------ 6 / 11 ...
 ------ 7 / 11 ...
 ------ 8 / 11 ...
 ------ 9 / 11 ...
 ------ 10 / 11 ...
 ------ 11 / 11 ...
(16, 28)

Profiling for Stage (16, 28) with bs(4)
 ------ 1 / 11 ...
 ------ 2 / 11 ...
 ------ 3 / 11 ...
 ------ 4 / 11 ...
 ------ 5 / 11 ...
 ------ 6 / 11 ...
 ------ 7 / 11 ...
 ------ 8 / 11 ...
 ------ 9 / 11 ...
 ------ 10 / 11 ...
 ------ 11 / 11 ...
 ------ 1 / 11 ...
 ------ 2 / 11 ...
 ------ 3 / 11 ...
 ------ 4 / 11 ...
 ------ 5 / 11 ...
 ------ 6 / 11 ...
 ------ 7 / 11 ...
 ------ 8 / 11 ...
 ------ 9 / 11 ...
 ------ 10 / 11 ...
 ------ 11 / 11 ...
116.0
119.0
98.0
104.0
99.0
123.0
110.0
94.0
99.0
110.0
102.0
103.0
102.0
102.0
103.0
103.0
102.0
101.0
102.0
112.0
555.0
566.0
594.0
615.0
555.0
603.0
594.0
575.0
578.0
583.0
1509.0
1504.0
1500.0
1486.0
1486.0
1486.0
1509.0
1516.0
1486.0
1505.0
2182.0
2232.0
2241.0
2226.0
2205.0
2225.0
2205.0
2211.0
2213.0
2212.0
5837.0
5816.0
5793.0
5815.0
5835.0
5795.0
5816.0
5797.0
5854.0
5797.0
2870.0
2889.0
2926.0
2869.0
2898.0
2912.0
2887.0
2879.0
2928.0
2887.0
80381.0
80383.0
80551.0
80578.0
80495.0
80486.0
80534.0
80426.0
80576.0
80468.0
[214, 206, 1163, 2997, 4430, 11631, 5789, 160975]

Mean FP TimeList
[[22050, 1125, 38078], [12722, 39223, 15592], [23123, 19862, 7821], [26067, 10173, 7802], [20304, 10039, 3898], [25043, 5068, 3905], [13837, 5148, 982], [18092, 1324, 8]]

Mean BP TimeList
[[70530, 40173, 738], [37279, 58574, 31180], [60786, 29871, 15628], [64354, 19759, 7797], [55332, 14844, 7804], [67399, 9954, 3904], [42677, 6297, 3903], [58906, 1468, 989]]

Mean DPOH TimeList
[214, 206, 1163, 2997, 4430, 11631, 5789, 160975]

FP TimeList
[[22050, 77301], [12722, 35454], [23123, 17994], [26067, 17841], [20304, 8966], [25043, 9053], [13837, 2306], [18092, 1468]]

BP TimeList
[[58906, 7286], [42677, 13857], [67399, 18748], [55332, 27563], [64354, 37668], [60786, 74202], [37279, 71353], [70530, 738]]

Time Chart for FP
[22050]
[22050, 77301]
[22050, 77301, 12722]
[22050, 77301, 12722, 35454]
[22050, 77301, 12722, 35454, 23123]
[22050, 77301, 12722, 35454, 23123, 17994]
[22050, 77301, 12722, 35454, 23123, 17994, 26067]
[22050, 77301, 12722, 35454, 23123, 17994, 26067, 17841]
[12722, 35454, 23123, 17994, 26067, 17841, 20304]
[12722, 35454, 23123, 17994, 26067, 17841, 20304, 8966]
[23123, 17994, 26067, 17841, 20304, 8966, 25043]
[23123, 17994, 26067, 17841, 20304, 8966, 25043, 9053]
[26067, 17841, 20304, 8966, 25043, 9053, 13837]
[26067, 17841, 20304, 8966, 25043, 9053, 13837, 2306]
[20304, 8966, 25043, 9053, 13837, 2306, 18092]
[20304, 8966, 25043, 9053, 13837, 2306, 18092, 1468]
[25043, 9053, 13837, 2306, 18092, 1468]
[25043, 9053, 13837, 2306, 18092, 1468]
[13837, 2306, 18092, 1468]
[13837, 2306, 18092, 1468]
[18092, 1468]
[18092, 1468]

FP for each step:  [22050, 77301, 77301, 77301, 77301, 77301, 77301, 77301, 35454, 35454, 26067, 26067, 26067, 26067, 25043, 25043, 25043, 25043, 18092, 18092, 18092, 18092]

Time Chart for BP
[1468, 58906]
[58906, 7286]
[58906, 7286, 42677]
[58906, 7286, 42677, 13857]
[58906, 7286, 42677, 13857, 67399]
[58906, 7286, 42677, 13857, 67399, 18748]
[58906, 7286, 42677, 13857, 67399, 18748, 55332]
[58906, 7286, 42677, 13857, 67399, 18748, 55332, 27563]
[42677, 13857, 67399, 18748, 55332, 27563, 64354]
[42677, 13857, 67399, 18748, 55332, 27563, 64354, 37668]
[67399, 18748, 55332, 27563, 64354, 37668, 60786]
[67399, 18748, 55332, 27563, 64354, 37668, 60786, 74202]
[55332, 27563, 64354, 37668, 60786, 74202, 37279]
[55332, 27563, 64354, 37668, 60786, 74202, 37279, 71353]
[64354, 37668, 60786, 74202, 37279, 71353, 70530]
[64354, 37668, 60786, 74202, 37279, 71353, 70530, 738]
[60786, 74202, 37279, 71353, 70530, 738]
[60786, 74202, 37279, 71353, 70530, 738]
[37279, 71353, 70530, 738]
[37279, 71353, 70530, 738]
[70530, 738]
[70530, 738]

BP for each step:  [58906, 58906, 58906, 58906, 67399, 67399, 67399, 67399, 67399, 67399, 67399, 74202, 74202, 74202, 74202, 74202, 74202, 74202, 71353, 71353, 70530, 70530]
Time without overhead: 2.42147 s

Total Time: 2.42147 s
