========== Stats ==========
iters 10
batchSize 32
numMicro 16
machine 4
log_dir _timeline/vgg_3mp
file .txt
model vgg
===========================
Number of Stages: 1
(0, 28)

Profiling for Stage (0, 28) with bs(1)
 ------ 1 / 11 ...
 ------ 2 / 11 ...
 ------ 3 / 11 ...
 ------ 4 / 11 ...
 ------ 5 / 11 ...
 ------ 6 / 11 ...
 ------ 7 / 11 ...
 ------ 8 / 11 ...
 ------ 9 / 11 ...
 ------ 10 / 11 ...
 ------ 11 / 11 ...
 ------ 1 / 11 ...
 ------ 2 / 11 ...
 ------ 3 / 11 ...
 ------ 4 / 11 ...
 ------ 5 / 11 ...
 ------ 6 / 11 ...
 ------ 7 / 11 ...
 ------ 8 / 11 ...
 ------ 9 / 11 ...
 ------ 10 / 11 ...
 ------ 11 / 11 ...
384906.0
444883.0
94138.0
93177.0
93816.0
93555.0
93620.0
94036.0
93735.0
93810.0
[315935]

Mean FP TimeList
[[40844, 320, 7]]

Mean BP TimeList
[[133999, 391, 190]]

Mean DPOH TimeList
[315935]

FP TimeList
[[40844, 391]]

BP TimeList
[[133999, 190]]

Time Chart for FP
[40844]
[40844, 391]
[40844, 391]
[40844, 391]
[40844, 391]
[40844, 391]
[40844, 391]
[40844, 391]
[40844, 391]
[40844, 391]
[40844, 391]
[40844, 391]
[40844, 391]
[40844, 391]
[40844, 391]
[40844, 391]

FP for each step:  [40844, 40844, 40844, 40844, 40844, 40844, 40844, 40844, 40844, 40844, 40844, 40844, 40844, 40844, 40844, 40844]

Time Chart for BP
[391, 133999]
[133999, 190]
[133999, 190]
[133999, 190]
[133999, 190]
[133999, 190]
[133999, 190]
[133999, 190]
[133999, 190]
[133999, 190]
[133999, 190]
[133999, 190]
[133999, 190]
[133999, 190]
[133999, 190]
[133999, 190]

BP for each step:  [133999, 133999, 133999, 133999, 133999, 133999, 133999, 133999, 133999, 133999, 133999, 133999, 133999, 133999, 133999, 133999]
Time without overhead: 2.797488 s

Total Time: 3.113423 s
