========== Stats ==========
iters 10
batchSize 32
numMicro 16
machine 4
log_dir _timeline/vgg_3mp
file .txt
model vgg
===========================
Number of Stages: 1
(0, 28)

Profiling for Stage (0, 28) with bs(1)
 ------ 1 / 11 ...
 ------ 2 / 11 ...
 ------ 3 / 11 ...
 ------ 4 / 11 ...
 ------ 5 / 11 ...
 ------ 6 / 11 ...
 ------ 7 / 11 ...
 ------ 8 / 11 ...
 ------ 9 / 11 ...
 ------ 10 / 11 ...
 ------ 11 / 11 ...
 ------ 1 / 11 ...
 ------ 2 / 11 ...
 ------ 3 / 11 ...
 ------ 4 / 11 ...
 ------ 5 / 11 ...
 ------ 6 / 11 ...
 ------ 7 / 11 ...
 ------ 8 / 11 ...
 ------ 9 / 11 ...
 ------ 10 / 11 ...
 ------ 11 / 11 ...
327692.0
257460.0
93893.0
363781.0
93312.0
93734.0
93655.0
93554.0
93851.0
93964.0
[320979]

Mean FP TimeList
[[41117, 315, 7]]

Mean BP TimeList
[[134133, 426, 191]]

Mean DPOH TimeList
[320979]

FP TimeList
[[41117, 426]]

BP TimeList
[[134133, 191]]

Time Chart for FP
[41117]
[41117, 426]
[41117, 426]
[41117, 426]
[41117, 426]
[41117, 426]
[41117, 426]
[41117, 426]
[41117, 426]
[41117, 426]
[41117, 426]
[41117, 426]
[41117, 426]
[41117, 426]
[41117, 426]
[41117, 426]

FP for each step:  [41117, 41117, 41117, 41117, 41117, 41117, 41117, 41117, 41117, 41117, 41117, 41117, 41117, 41117, 41117, 41117]

Time Chart for BP
[426, 134133]
[134133, 191]
[134133, 191]
[134133, 191]
[134133, 191]
[134133, 191]
[134133, 191]
[134133, 191]
[134133, 191]
[134133, 191]
[134133, 191]
[134133, 191]
[134133, 191]
[134133, 191]
[134133, 191]
[134133, 191]

BP for each step:  [134133, 134133, 134133, 134133, 134133, 134133, 134133, 134133, 134133, 134133, 134133, 134133, 134133, 134133, 134133, 134133]
Time without overhead: 2.804 s

Total Time: 3.124979 s
