========== Stats ==========
iters 10
batchSize 64
numMicro 8
machine 4
log_dir _timeline/vggh
file ./_parth/partition_8_vgg_64_8.txt
model vgg
===========================
Number of Stages: 8
(0, 2)

Profiling for Stage (0, 2) with bs(8)
 ------ 1 / 11 ...
 ------ 2 / 11 ...
 ------ 3 / 11 ...
 ------ 4 / 11 ...
 ------ 5 / 11 ...
 ------ 6 / 11 ...
 ------ 7 / 11 ...
 ------ 8 / 11 ...
 ------ 9 / 11 ...
 ------ 10 / 11 ...
 ------ 11 / 11 ...
 ------ 1 / 11 ...
 ------ 2 / 11 ...
 ------ 3 / 11 ...
 ------ 4 / 11 ...
 ------ 5 / 11 ...
 ------ 6 / 11 ...
 ------ 7 / 11 ...
 ------ 8 / 11 ...
 ------ 9 / 11 ...
 ------ 10 / 11 ...
 ------ 11 / 11 ...
(2, 4)

Profiling for Stage (2, 4) with bs(8)
 ------ 1 / 11 ...
 ------ 2 / 11 ...
 ------ 3 / 11 ...
 ------ 4 / 11 ...
 ------ 5 / 11 ...
 ------ 6 / 11 ...
 ------ 7 / 11 ...
 ------ 8 / 11 ...
 ------ 9 / 11 ...
 ------ 10 / 11 ...
 ------ 11 / 11 ...
 ------ 1 / 11 ...
 ------ 2 / 11 ...
 ------ 3 / 11 ...
 ------ 4 / 11 ...
 ------ 5 / 11 ...
 ------ 6 / 11 ...
 ------ 7 / 11 ...
 ------ 8 / 11 ...
 ------ 9 / 11 ...
 ------ 10 / 11 ...
 ------ 11 / 11 ...
(4, 6)

Profiling for Stage (4, 6) with bs(8)
 ------ 1 / 11 ...
 ------ 2 / 11 ...
 ------ 3 / 11 ...
 ------ 4 / 11 ...
 ------ 5 / 11 ...
 ------ 6 / 11 ...
 ------ 7 / 11 ...
 ------ 8 / 11 ...
 ------ 9 / 11 ...
 ------ 10 / 11 ...
 ------ 11 / 11 ...
 ------ 1 / 11 ...
 ------ 2 / 11 ...
 ------ 3 / 11 ...
 ------ 4 / 11 ...
 ------ 5 / 11 ...
 ------ 6 / 11 ...
 ------ 7 / 11 ...
 ------ 8 / 11 ...
 ------ 9 / 11 ...
 ------ 10 / 11 ...
 ------ 11 / 11 ...
(6, 8)

Profiling for Stage (6, 8) with bs(8)
 ------ 1 / 11 ...
 ------ 2 / 11 ...
 ------ 3 / 11 ...
 ------ 4 / 11 ...
 ------ 5 / 11 ...
 ------ 6 / 11 ...
 ------ 7 / 11 ...
 ------ 8 / 11 ...
 ------ 9 / 11 ...
 ------ 10 / 11 ...
 ------ 11 / 11 ...
 ------ 1 / 11 ...
 ------ 2 / 11 ...
 ------ 3 / 11 ...
 ------ 4 / 11 ...
 ------ 5 / 11 ...
 ------ 6 / 11 ...
 ------ 7 / 11 ...
 ------ 8 / 11 ...
 ------ 9 / 11 ...
 ------ 10 / 11 ...
 ------ 11 / 11 ...
(8, 10)

Profiling for Stage (8, 10) with bs(8)
 ------ 1 / 11 ...
 ------ 2 / 11 ...
 ------ 3 / 11 ...
 ------ 4 / 11 ...
 ------ 5 / 11 ...
 ------ 6 / 11 ...
 ------ 7 / 11 ...
 ------ 8 / 11 ...
 ------ 9 / 11 ...
 ------ 10 / 11 ...
 ------ 11 / 11 ...
 ------ 1 / 11 ...
 ------ 2 / 11 ...
 ------ 3 / 11 ...
 ------ 4 / 11 ...
 ------ 5 / 11 ...
 ------ 6 / 11 ...
 ------ 7 / 11 ...
 ------ 8 / 11 ...
 ------ 9 / 11 ...
 ------ 10 / 11 ...
 ------ 11 / 11 ...
(10, 13)

Profiling for Stage (10, 13) with bs(8)
 ------ 1 / 11 ...
 ------ 2 / 11 ...
 ------ 3 / 11 ...
 ------ 4 / 11 ...
 ------ 5 / 11 ...
 ------ 6 / 11 ...
 ------ 7 / 11 ...
 ------ 8 / 11 ...
 ------ 9 / 11 ...
 ------ 10 / 11 ...
 ------ 11 / 11 ...
 ------ 1 / 11 ...
 ------ 2 / 11 ...
 ------ 3 / 11 ...
 ------ 4 / 11 ...
 ------ 5 / 11 ...
 ------ 6 / 11 ...
 ------ 7 / 11 ...
 ------ 8 / 11 ...
 ------ 9 / 11 ...
 ------ 10 / 11 ...
 ------ 11 / 11 ...
(13, 15)

Profiling for Stage (13, 15) with bs(8)
 ------ 1 / 11 ...
 ------ 2 / 11 ...
 ------ 3 / 11 ...
 ------ 4 / 11 ...
 ------ 5 / 11 ...
 ------ 6 / 11 ...
 ------ 7 / 11 ...
 ------ 8 / 11 ...
 ------ 9 / 11 ...
 ------ 10 / 11 ...
 ------ 11 / 11 ...
 ------ 1 / 11 ...
 ------ 2 / 11 ...
 ------ 3 / 11 ...
 ------ 4 / 11 ...
 ------ 5 / 11 ...
 ------ 6 / 11 ...
 ------ 7 / 11 ...
 ------ 8 / 11 ...
 ------ 9 / 11 ...
 ------ 10 / 11 ...
 ------ 11 / 11 ...
(15, 28)

Profiling for Stage (15, 28) with bs(8)
 ------ 1 / 11 ...
 ------ 2 / 11 ...
 ------ 3 / 11 ...
 ------ 4 / 11 ...
 ------ 5 / 11 ...
 ------ 6 / 11 ...
 ------ 7 / 11 ...
 ------ 8 / 11 ...
 ------ 9 / 11 ...
 ------ 10 / 11 ...
 ------ 11 / 11 ...
 ------ 1 / 11 ...
 ------ 2 / 11 ...
 ------ 3 / 11 ...
 ------ 4 / 11 ...
 ------ 5 / 11 ...
 ------ 6 / 11 ...
 ------ 7 / 11 ...
 ------ 8 / 11 ...
 ------ 9 / 11 ...
 ------ 10 / 11 ...
 ------ 11 / 11 ...
100.0
95.0
97.0
116.0
118.0
111.0
115.0
106.0
104.0
112.0
115.0
101.0
103.0
101.0
101.0
101.0
102.0
102.0
102.0
103.0
200.0
191.0
190.0
199.0
189.0
189.0
234.0
189.0
190.0
190.0
1131.0
1159.0
1130.0
1110.0
1089.0
1164.0
1142.0
1129.0
1147.0
1129.0
1487.0
1499.0
1520.0
1487.0
1487.0
1521.0
1518.0
1487.0
1480.0
1501.0
4347.0
4367.0
4347.0
4366.0
4346.0
4346.0
4338.0
4387.0
4327.0
4337.0
5765.0
5815.0
5814.0
5827.0
5835.0
5846.0
5818.0
5795.0
5829.0
5763.0
80568.0
377020.0
80648.0
80518.0
80652.0
80390.0
80802.0
80490.0
80555.0
80593.0
[214, 206, 392, 2266, 2997, 8701, 11621, 220447]

Mean FP TimeList
[[44669, 2083, 75633], [25955, 77824, 31178], [39548, 38999, 7804], [39795, 9946, 15578], [49553, 19589, 15587], [38160, 19562, 7808], [47030, 9904, 7802], [28502, 9813, 10]]

Mean BP TimeList
[[151392, 79294, 1474], [83542, 116624, 62347], [81750, 48872, 31209], [98067, 29184, 7800], [123697, 38998, 15591], [89812, 29176, 15590], [109980, 19567, 7797], [82301, 9867, 7794]]

Mean DPOH TimeList
[214, 206, 392, 2266, 2997, 8701, 11621, 220447]

FP TimeList
[[44669, 153457], [25955, 70177], [39548, 17750], [39795, 35167], [49553, 35149], [38160, 17712], [47030, 17615], [28502, 9867]]

BP TimeList
[[82301, 27361], [109980, 36973], [89812, 54588], [123697, 44775], [98067, 56672], [81750, 147833], [83542, 141641], [151392, 1474]]

Time Chart for FP
[44669]
[44669, 153457]
[44669, 153457, 25955]
[44669, 153457, 25955, 70177]
[44669, 153457, 25955, 70177, 39548]
[44669, 153457, 25955, 70177, 39548, 17750]
[44669, 153457, 25955, 70177, 39548, 17750, 39795]
[44669, 153457, 25955, 70177, 39548, 17750, 39795, 35167]
[25955, 70177, 39548, 17750, 39795, 35167, 49553]
[25955, 70177, 39548, 17750, 39795, 35167, 49553, 35149]
[39548, 17750, 39795, 35167, 49553, 35149, 38160]
[39548, 17750, 39795, 35167, 49553, 35149, 38160, 17712]
[39795, 35167, 49553, 35149, 38160, 17712, 47030]
[39795, 35167, 49553, 35149, 38160, 17712, 47030, 17615]
[49553, 35149, 38160, 17712, 47030, 17615, 28502]
[49553, 35149, 38160, 17712, 47030, 17615, 28502, 9867]
[38160, 17712, 47030, 17615, 28502, 9867]
[38160, 17712, 47030, 17615, 28502, 9867]
[47030, 17615, 28502, 9867]
[47030, 17615, 28502, 9867]
[28502, 9867]
[28502, 9867]

FP for each step:  [44669, 153457, 153457, 153457, 153457, 153457, 153457, 153457, 70177, 70177, 49553, 49553, 49553, 49553, 49553, 49553, 47030, 47030, 47030, 47030, 28502, 28502]

Time Chart for BP
[9867, 82301]
[82301, 27361]
[82301, 27361, 109980]
[82301, 27361, 109980, 36973]
[82301, 27361, 109980, 36973, 89812]
[82301, 27361, 109980, 36973, 89812, 54588]
[82301, 27361, 109980, 36973, 89812, 54588, 123697]
[82301, 27361, 109980, 36973, 89812, 54588, 123697, 44775]
[109980, 36973, 89812, 54588, 123697, 44775, 98067]
[109980, 36973, 89812, 54588, 123697, 44775, 98067, 56672]
[89812, 54588, 123697, 44775, 98067, 56672, 81750]
[89812, 54588, 123697, 44775, 98067, 56672, 81750, 147833]
[123697, 44775, 98067, 56672, 81750, 147833, 83542]
[123697, 44775, 98067, 56672, 81750, 147833, 83542, 141641]
[98067, 56672, 81750, 147833, 83542, 141641, 151392]
[98067, 56672, 81750, 147833, 83542, 141641, 151392, 1474]
[81750, 147833, 83542, 141641, 151392, 1474]
[81750, 147833, 83542, 141641, 151392, 1474]
[83542, 141641, 151392, 1474]
[83542, 141641, 151392, 1474]
[151392, 1474]
[151392, 1474]

BP for each step:  [82301, 82301, 109980, 109980, 109980, 109980, 123697, 123697, 123697, 123697, 123697, 147833, 147833, 147833, 151392, 151392, 151392, 151392, 151392, 151392, 151392, 151392]
Time without overhead: 4.679306 s

Total Time: 4.679306 s
