========== Stats ==========
iters 10
batchSize 128
numMicro 16
machine 4
log_dir _timeline/vgg_3mp
file .txt
model vgg
===========================
Number of Stages: 2
(0, 6)

Profiling for Stage (0, 6) with bs(2)
 ------ 1 / 11 ...
 ------ 2 / 11 ...
 ------ 3 / 11 ...
 ------ 4 / 11 ...
 ------ 5 / 11 ...
 ------ 6 / 11 ...
 ------ 7 / 11 ...
 ------ 8 / 11 ...
 ------ 9 / 11 ...
 ------ 10 / 11 ...
 ------ 11 / 11 ...
 ------ 1 / 11 ...
 ------ 2 / 11 ...
 ------ 3 / 11 ...
 ------ 4 / 11 ...
 ------ 5 / 11 ...
 ------ 6 / 11 ...
 ------ 7 / 11 ...
 ------ 8 / 11 ...
 ------ 9 / 11 ...
 ------ 10 / 11 ...
 ------ 11 / 11 ...
(6, 28)

Profiling for Stage (6, 28) with bs(1)
 ------ 1 / 11 ...
 ------ 2 / 11 ...
 ------ 3 / 11 ...
 ------ 4 / 11 ...
 ------ 5 / 11 ...
 ------ 6 / 11 ...
 ------ 7 / 11 ...
 ------ 8 / 11 ...
 ------ 9 / 11 ...
 ------ 10 / 11 ...
 ------ 11 / 11 ...
 ------ 1 / 11 ...
 ------ 2 / 11 ...
 ------ 3 / 11 ...
 ------ 4 / 11 ...
 ------ 5 / 11 ...
 ------ 6 / 11 ...
 ------ 7 / 11 ...
 ------ 8 / 11 ...
 ------ 9 / 11 ...
 ------ 10 / 11 ...
 ------ 11 / 11 ...
371.0
443.0
363.0
525.0
390.0
391.0
404.0
373.0
402.0
373.0
326030.0
549982.0
93219.0
93261.0
92787.0
93542.0
93671.0
93507.0
93409.0
93286.0
[807, 324538]

Mean FP TimeList
[[21983, 608, 1965], [30515, 1388, 8]]

Mean BP TimeList
[[59328, 3186, 376], [103221, 1376, 980]]

Mean DPOH TimeList
[807, 324538]

FP TimeList
[[21983, 12835], [30515, 1376]]

BP TimeList
[[103221, 8086, 103221, 8086, 103221, 8086], [59328, 376]]

Time Chart for FP
[21983]
[21983, 12835]
[21983, 12835, 30515]
[21983, 12835, 30515, 1376]
[21983, 12835, 30515, 1376]
[21983, 12835, 30515, 1376]
[21983, 12835, 30515, 1376]
[21983, 12835, 30515, 1376]
[21983, 12835, 30515, 1376]
[21983, 12835, 30515, 1376]
[21983, 12835, 30515, 1376]
[21983, 12835, 30515, 1376]
[21983, 12835, 30515, 1376]
[21983, 12835, 30515, 1376]
[21983, 12835, 30515, 1376]
[21983, 12835, 30515, 1376]
[30515, 1376]
[30515, 1376]

FP for each step:  [21983, 21983, 30515, 30515, 30515, 30515, 30515, 30515, 30515, 30515, 30515, 30515, 30515, 30515, 30515, 30515, 30515, 30515]

Time Chart for BP
[1376, 103221]
[103221, 8086]
[103221, 8086, 59328]
[103221, 8086, 59328, 376]
[103221, 8086, 59328, 376]
[103221, 8086, 59328, 376]
[103221, 8086, 59328, 376]
[103221, 8086, 59328, 376]
[103221, 8086, 59328, 376]
[103221, 8086, 59328, 376]
[103221, 8086, 59328, 376]
[103221, 8086, 59328, 376]
[103221, 8086, 59328, 376]
[103221, 8086, 59328, 376]
[103221, 8086, 59328, 376]
[103221, 8086, 59328, 376]
[59328, 376]
[59328, 376]

BP for each step:  [103221, 103221, 103221, 103221, 103221, 103221, 103221, 103221, 103221, 103221, 103221, 103221, 103221, 103221, 103221, 103221, 59328, 59328]
Time without overhead: 2.302398 s

Total Time: 2.627743 s
