========== Stats ==========
iters 10
batchSize 128
numMicro 8
machine 4
log_dir _timeline/vggh
file ./_parth/partition_8_vgg_128_8.txt
model vgg
===========================
Number of Stages: 8
(0, 1)

Profiling for Stage (0, 1) with bs(16)
 ------ 1 / 11 ...
 ------ 2 / 11 ...
 ------ 3 / 11 ...
 ------ 4 / 11 ...
 ------ 5 / 11 ...
 ------ 6 / 11 ...
 ------ 7 / 11 ...
 ------ 8 / 11 ...
 ------ 9 / 11 ...
 ------ 10 / 11 ...
 ------ 11 / 11 ...
 ------ 1 / 11 ...
 ------ 2 / 11 ...
 ------ 3 / 11 ...
 ------ 4 / 11 ...
 ------ 5 / 11 ...
 ------ 6 / 11 ...
 ------ 7 / 11 ...
 ------ 8 / 11 ...
 ------ 9 / 11 ...
 ------ 10 / 11 ...
 ------ 11 / 11 ...
(1, 2)

Profiling for Stage (1, 2) with bs(16)
 ------ 1 / 11 ...
 ------ 2 / 11 ...
 ------ 3 / 11 ...
 ------ 4 / 11 ...
 ------ 5 / 11 ...
 ------ 6 / 11 ...
 ------ 7 / 11 ...
 ------ 8 / 11 ...
 ------ 9 / 11 ...
 ------ 10 / 11 ...
 ------ 11 / 11 ...
 ------ 1 / 11 ...
 ------ 2 / 11 ...
 ------ 3 / 11 ...
 ------ 4 / 11 ...
 ------ 5 / 11 ...
 ------ 6 / 11 ...
 ------ 7 / 11 ...
 ------ 8 / 11 ...
 ------ 9 / 11 ...
 ------ 10 / 11 ...
 ------ 11 / 11 ...
(2, 4)

Profiling for Stage (2, 4) with bs(16)
 ------ 1 / 11 ...
 ------ 2 / 11 ...
 ------ 3 / 11 ...
 ------ 4 / 11 ...
 ------ 5 / 11 ...
 ------ 6 / 11 ...
 ------ 7 / 11 ...
 ------ 8 / 11 ...
 ------ 9 / 11 ...
 ------ 10 / 11 ...
 ------ 11 / 11 ...
 ------ 1 / 11 ...
 ------ 2 / 11 ...
 ------ 3 / 11 ...
 ------ 4 / 11 ...
 ------ 5 / 11 ...
 ------ 6 / 11 ...
 ------ 7 / 11 ...
 ------ 8 / 11 ...
 ------ 9 / 11 ...
 ------ 10 / 11 ...
 ------ 11 / 11 ...
(4, 6)

Profiling for Stage (4, 6) with bs(16)
 ------ 1 / 11 ...
 ------ 2 / 11 ...
 ------ 3 / 11 ...
 ------ 4 / 11 ...
 ------ 5 / 11 ...
 ------ 6 / 11 ...
 ------ 7 / 11 ...
 ------ 8 / 11 ...
 ------ 9 / 11 ...
 ------ 10 / 11 ...
 ------ 11 / 11 ...
 ------ 1 / 11 ...
 ------ 2 / 11 ...
 ------ 3 / 11 ...
 ------ 4 / 11 ...
 ------ 5 / 11 ...
 ------ 6 / 11 ...
 ------ 7 / 11 ...
 ------ 8 / 11 ...
 ------ 9 / 11 ...
 ------ 10 / 11 ...
 ------ 11 / 11 ...
(6, 9)

Profiling for Stage (6, 9) with bs(16)
 ------ 1 / 11 ...
 ------ 2 / 11 ...
 ------ 3 / 11 ...
 ------ 4 / 11 ...
 ------ 5 / 11 ...
 ------ 6 / 11 ...
 ------ 7 / 11 ...
 ------ 8 / 11 ...
 ------ 9 / 11 ...
 ------ 10 / 11 ...
 ------ 11 / 11 ...
 ------ 1 / 11 ...
 ------ 2 / 11 ...
 ------ 3 / 11 ...
 ------ 4 / 11 ...
 ------ 5 / 11 ...
 ------ 6 / 11 ...
 ------ 7 / 11 ...
 ------ 8 / 11 ...
 ------ 9 / 11 ...
 ------ 10 / 11 ...
 ------ 11 / 11 ...
(9, 12)

Profiling for Stage (9, 12) with bs(16)
 ------ 1 / 11 ...
 ------ 2 / 11 ...
 ------ 3 / 11 ...
 ------ 4 / 11 ...
 ------ 5 / 11 ...
 ------ 6 / 11 ...
 ------ 7 / 11 ...
 ------ 8 / 11 ...
 ------ 9 / 11 ...
 ------ 10 / 11 ...
 ------ 11 / 11 ...
 ------ 1 / 11 ...
 ------ 2 / 11 ...
 ------ 3 / 11 ...
 ------ 4 / 11 ...
 ------ 5 / 11 ...
 ------ 6 / 11 ...
 ------ 7 / 11 ...
 ------ 8 / 11 ...
 ------ 9 / 11 ...
 ------ 10 / 11 ...
 ------ 11 / 11 ...
(12, 14)

Profiling for Stage (12, 14) with bs(16)
 ------ 1 / 11 ...
 ------ 2 / 11 ...
 ------ 3 / 11 ...
 ------ 4 / 11 ...
 ------ 5 / 11 ...
 ------ 6 / 11 ...
 ------ 7 / 11 ...
 ------ 8 / 11 ...
 ------ 9 / 11 ...
 ------ 10 / 11 ...
 ------ 11 / 11 ...
 ------ 1 / 11 ...
 ------ 2 / 11 ...
 ------ 3 / 11 ...
 ------ 4 / 11 ...
 ------ 5 / 11 ...
 ------ 6 / 11 ...
 ------ 7 / 11 ...
 ------ 8 / 11 ...
 ------ 9 / 11 ...
 ------ 10 / 11 ...
 ------ 11 / 11 ...
(14, 28)

Profiling for Stage (14, 28) with bs(16)
 ------ 1 / 11 ...
 ------ 2 / 11 ...
 ------ 3 / 11 ...
 ------ 4 / 11 ...
 ------ 5 / 11 ...
 ------ 6 / 11 ...
 ------ 7 / 11 ...
 ------ 8 / 11 ...
 ------ 9 / 11 ...
 ------ 10 / 11 ...
 ------ 11 / 11 ...
 ------ 1 / 11 ...
 ------ 2 / 11 ...
 ------ 3 / 11 ...
 ------ 4 / 11 ...
 ------ 5 / 11 ...
 ------ 6 / 11 ...
 ------ 7 / 11 ...
 ------ 8 / 11 ...
 ------ 9 / 11 ...
 ------ 10 / 11 ...
 ------ 11 / 11 ...
57.0
60.0
60.0
68.0
72.0
59.0
59.0
61.0
59.0
67.0
76.0
57.0
56.0
57.0
56.0
56.0
56.0
57.0
57.0
56.0
114.0
102.0
113.0
101.0
101.0
101.0
111.0
103.0
100.0
101.0
201.0
190.0
202.0
191.0
191.0
202.0
190.0
192.0
190.0
191.0
1865.0
1861.0
1852.0
1852.0
1933.0
1843.0
1852.0
1852.0
1853.0
1883.0
2193.0
2182.0
2216.0
2221.0
2235.0
2201.0
2203.0
2216.0
2203.0
2233.0
5814.0
5794.0
5796.0
5798.0
5756.0
5847.0
5737.0
5794.0
5796.0
5804.0
83270.0
83524.0
83425.0
83400.0
83425.0
83792.0
83182.0
83372.0
83260.0
83396.0
[124, 116, 209, 388, 3729, 4420, 11587, 166809]

Mean FP TimeList
[[29765, 3891, 157394], [85690, 157536, 124719], [41317, 156768, 62336], [62779, 78871, 15591], [71728, 19991, 31231], [44840, 40128, 15717], [46434, 19696, 15593], [58979, 19849, 13]]

Mean BP TimeList
[[92204, 160484, 2930], [268596, 314084, 124691], [142663, 234806, 124668], [147216, 98805, 62453], [221950, 59508, 15656], [129428, 59335, 31216], [140962, 39293, 15603], [167270, 19795, 15600]]

Mean DPOH TimeList
[124, 116, 209, 388, 3729, 4420, 11587, 166809]

FP TimeList
[[29765, 314930], [85690, 281487], [41317, 141207], [62779, 35582], [71728, 71359], [44840, 35413], [46434, 35442], [58979, 19795]]

BP TimeList
[[167270, 54893], [140962, 74938], [129428, 90724], [221950, 114461], [147216, 297259], [142663, 438752], [268596, 285175], [92204, 2930]]

Time Chart for FP
[29765]
[29765, 314930]
[29765, 314930, 85690]
[29765, 314930, 85690, 281487]
[29765, 314930, 85690, 281487, 41317]
[29765, 314930, 85690, 281487, 41317, 141207]
[29765, 314930, 85690, 281487, 41317, 141207, 62779]
[29765, 314930, 85690, 281487, 41317, 141207, 62779, 35582]
[85690, 281487, 41317, 141207, 62779, 35582, 71728]
[85690, 281487, 41317, 141207, 62779, 35582, 71728, 71359]
[41317, 141207, 62779, 35582, 71728, 71359, 44840]
[41317, 141207, 62779, 35582, 71728, 71359, 44840, 35413]
[62779, 35582, 71728, 71359, 44840, 35413, 46434]
[62779, 35582, 71728, 71359, 44840, 35413, 46434, 35442]
[71728, 71359, 44840, 35413, 46434, 35442, 58979]
[71728, 71359, 44840, 35413, 46434, 35442, 58979, 19795]
[44840, 35413, 46434, 35442, 58979, 19795]
[44840, 35413, 46434, 35442, 58979, 19795]
[46434, 35442, 58979, 19795]
[46434, 35442, 58979, 19795]
[58979, 19795]
[58979, 19795]

FP for each step:  [29765, 314930, 314930, 314930, 314930, 314930, 314930, 314930, 281487, 281487, 141207, 141207, 71728, 71728, 71728, 71728, 58979, 58979, 58979, 58979, 58979, 58979]

Time Chart for BP
[19795, 167270]
[167270, 54893]
[167270, 54893, 140962]
[167270, 54893, 140962, 74938]
[167270, 54893, 140962, 74938, 129428]
[167270, 54893, 140962, 74938, 129428, 90724]
[167270, 54893, 140962, 74938, 129428, 90724, 221950]
[167270, 54893, 140962, 74938, 129428, 90724, 221950, 114461]
[140962, 74938, 129428, 90724, 221950, 114461, 147216]
[140962, 74938, 129428, 90724, 221950, 114461, 147216, 297259]
[129428, 90724, 221950, 114461, 147216, 297259, 142663]
[129428, 90724, 221950, 114461, 147216, 297259, 142663, 438752]
[221950, 114461, 147216, 297259, 142663, 438752, 268596]
[221950, 114461, 147216, 297259, 142663, 438752, 268596, 285175]
[147216, 297259, 142663, 438752, 268596, 285175, 92204]
[147216, 297259, 142663, 438752, 268596, 285175, 92204, 2930]
[142663, 438752, 268596, 285175, 92204, 2930]
[142663, 438752, 268596, 285175, 92204, 2930]
[268596, 285175, 92204, 2930]
[268596, 285175, 92204, 2930]
[92204, 2930]
[92204, 2930]

BP for each step:  [167270, 167270, 167270, 167270, 167270, 167270, 221950, 221950, 221950, 297259, 297259, 438752, 438752, 438752, 438752, 438752, 438752, 438752, 285175, 285175, 92204, 92204]
Time without overhead: 9.810459 s

Total Time: 9.810459 s
