========== Stats ==========
iters 10
batchSize 16
numMicro 16
machine 4
log_dir _timeline/vggh
file ./_parth/partition_8_vgg_16_16.txt
model vgg
===========================
Number of Stages: 8
(0, 2)

Profiling for Stage (0, 2) with bs(1)
 ------ 1 / 11 ...
 ------ 2 / 11 ...
 ------ 3 / 11 ...
 ------ 4 / 11 ...
 ------ 5 / 11 ...
 ------ 6 / 11 ...
 ------ 7 / 11 ...
 ------ 8 / 11 ...
 ------ 9 / 11 ...
 ------ 10 / 11 ...
 ------ 11 / 11 ...
 ------ 1 / 11 ...
 ------ 2 / 11 ...
 ------ 3 / 11 ...
 ------ 4 / 11 ...
 ------ 5 / 11 ...
 ------ 6 / 11 ...
 ------ 7 / 11 ...
 ------ 8 / 11 ...
 ------ 9 / 11 ...
 ------ 10 / 11 ...
 ------ 11 / 11 ...
(2, 4)

Profiling for Stage (2, 4) with bs(1)
 ------ 1 / 11 ...
 ------ 2 / 11 ...
 ------ 3 / 11 ...
 ------ 4 / 11 ...
 ------ 5 / 11 ...
 ------ 6 / 11 ...
 ------ 7 / 11 ...
 ------ 8 / 11 ...
 ------ 9 / 11 ...
 ------ 10 / 11 ...
 ------ 11 / 11 ...
 ------ 1 / 11 ...
 ------ 2 / 11 ...
 ------ 3 / 11 ...
 ------ 4 / 11 ...
 ------ 5 / 11 ...
 ------ 6 / 11 ...
 ------ 7 / 11 ...
 ------ 8 / 11 ...
 ------ 9 / 11 ...
 ------ 10 / 11 ...
 ------ 11 / 11 ...
(4, 7)

Profiling for Stage (4, 7) with bs(1)
 ------ 1 / 11 ...
 ------ 2 / 11 ...
 ------ 3 / 11 ...
 ------ 4 / 11 ...
 ------ 5 / 11 ...
 ------ 6 / 11 ...
 ------ 7 / 11 ...
 ------ 8 / 11 ...
 ------ 9 / 11 ...
 ------ 10 / 11 ...
 ------ 11 / 11 ...
 ------ 1 / 11 ...
 ------ 2 / 11 ...
 ------ 3 / 11 ...
 ------ 4 / 11 ...
 ------ 5 / 11 ...
 ------ 6 / 11 ...
 ------ 7 / 11 ...
 ------ 8 / 11 ...
 ------ 9 / 11 ...
 ------ 10 / 11 ...
 ------ 11 / 11 ...
(7, 9)

Profiling for Stage (7, 9) with bs(1)
 ------ 1 / 11 ...
 ------ 2 / 11 ...
 ------ 3 / 11 ...
 ------ 4 / 11 ...
 ------ 5 / 11 ...
 ------ 6 / 11 ...
 ------ 7 / 11 ...
 ------ 8 / 11 ...
 ------ 9 / 11 ...
 ------ 10 / 11 ...
 ------ 11 / 11 ...
 ------ 1 / 11 ...
 ------ 2 / 11 ...
 ------ 3 / 11 ...
 ------ 4 / 11 ...
 ------ 5 / 11 ...
 ------ 6 / 11 ...
 ------ 7 / 11 ...
 ------ 8 / 11 ...
 ------ 9 / 11 ...
 ------ 10 / 11 ...
 ------ 11 / 11 ...
(9, 12)

Profiling for Stage (9, 12) with bs(1)
 ------ 1 / 11 ...
 ------ 2 / 11 ...
 ------ 3 / 11 ...
 ------ 4 / 11 ...
 ------ 5 / 11 ...
 ------ 6 / 11 ...
 ------ 7 / 11 ...
 ------ 8 / 11 ...
 ------ 9 / 11 ...
 ------ 10 / 11 ...
 ------ 11 / 11 ...
 ------ 1 / 11 ...
 ------ 2 / 11 ...
 ------ 3 / 11 ...
 ------ 4 / 11 ...
 ------ 5 / 11 ...
 ------ 6 / 11 ...
 ------ 7 / 11 ...
 ------ 8 / 11 ...
 ------ 9 / 11 ...
 ------ 10 / 11 ...
 ------ 11 / 11 ...
(12, 14)

Profiling for Stage (12, 14) with bs(1)
 ------ 1 / 11 ...
 ------ 2 / 11 ...
 ------ 3 / 11 ...
 ------ 4 / 11 ...
 ------ 5 / 11 ...
 ------ 6 / 11 ...
 ------ 7 / 11 ...
 ------ 8 / 11 ...
 ------ 9 / 11 ...
 ------ 10 / 11 ...
 ------ 11 / 11 ...
 ------ 1 / 11 ...
 ------ 2 / 11 ...
 ------ 3 / 11 ...
 ------ 4 / 11 ...
 ------ 5 / 11 ...
 ------ 6 / 11 ...
 ------ 7 / 11 ...
 ------ 8 / 11 ...
 ------ 9 / 11 ...
 ------ 10 / 11 ...
 ------ 11 / 11 ...
(14, 17)

Profiling for Stage (14, 17) with bs(1)
 ------ 1 / 11 ...
 ------ 2 / 11 ...
 ------ 3 / 11 ...
 ------ 4 / 11 ...
 ------ 5 / 11 ...
 ------ 6 / 11 ...
 ------ 7 / 11 ...
 ------ 8 / 11 ...
 ------ 9 / 11 ...
 ------ 10 / 11 ...
 ------ 11 / 11 ...
 ------ 1 / 11 ...
 ------ 2 / 11 ...
 ------ 3 / 11 ...
 ------ 4 / 11 ...
 ------ 5 / 11 ...
 ------ 6 / 11 ...
 ------ 7 / 11 ...
 ------ 8 / 11 ...
 ------ 9 / 11 ...
 ------ 10 / 11 ...
 ------ 11 / 11 ...
(17, 28)

Profiling for Stage (17, 28) with bs(1)
 ------ 1 / 11 ...
 ------ 2 / 11 ...
 ------ 3 / 11 ...
 ------ 4 / 11 ...
 ------ 5 / 11 ...
 ------ 6 / 11 ...
 ------ 7 / 11 ...
 ------ 8 / 11 ...
 ------ 9 / 11 ...
 ------ 10 / 11 ...
 ------ 11 / 11 ...
 ------ 1 / 11 ...
 ------ 2 / 11 ...
 ------ 3 / 11 ...
 ------ 4 / 11 ...
 ------ 5 / 11 ...
 ------ 6 / 11 ...
 ------ 7 / 11 ...
 ------ 8 / 11 ...
 ------ 9 / 11 ...
 ------ 10 / 11 ...
 ------ 11 / 11 ...
98.0
143.0
64.0
112.0
101.0
212.0
101.0
79.0
99.0
67.0
101.0
109.0
100.0
122.0
110.0
109.0
105.0
128.0
123.0
100.0
598.0
616.0
615.0
601.0
601.0
615.0
609.0
597.0
607.0
613.0
1521.0
1502.0
1547.0
1565.0
1509.0
1505.0
1465.0
1557.0
1502.0
1512.0
2202.0
2232.0
2218.0
2228.0
2223.0
2218.0
2241.0
2210.0
2231.0
2189.0
5793.0
5792.0
5812.0
5854.0
5803.0
5791.0
5792.0
5826.0
5752.0
5862.0
5817.0
5842.0
5812.0
5814.0
5813.0
5790.0
5802.0
5794.0
5803.0
5822.0
77454.0
77486.0
77427.0
77607.0
77380.0
77209.0
77337.0
77549.0
77599.0
77592.0
[215, 221, 1214, 3037, 4438, 11615, 11621, 154928]

Mean FP TimeList
[[5491, 379, 9575], [2936, 10021, 3903], [4772, 5111, 1955], [5780, 2717, 1970], [6315, 2698, 981], [7295, 1445, 979], [4873, 1449, 249], [5858, 382, 7]]

Mean BP TimeList
[[18110, 10130, 189], [10036, 14823, 7800], [14909, 7481, 3899], [16153, 5049, 1953], [13877, 3822, 1953], [22409, 2662, 984], [18098, 1712, 982], [28189, 400, 251]]

Mean DPOH TimeList
[215, 221, 1214, 3037, 4438, 11615, 11621, 154928]

FP TimeList
[[5491, 19596], [2936, 9014], [4772, 4672], [5780, 4668], [6315, 2426], [7295, 2428], [4873, 631], [5858, 400]]

BP TimeList
[[28189, 1963], [18098, 3644], [22409, 4806], [13877, 7002], [16153, 9434], [14909, 18722], [10036, 17930], [18110, 189]]

Time Chart for FP
[5491]
[5491, 19596]
[5491, 19596, 2936]
[5491, 19596, 2936, 9014]
[5491, 19596, 2936, 9014, 4772]
[5491, 19596, 2936, 9014, 4772, 4672]
[5491, 19596, 2936, 9014, 4772, 4672, 5780]
[5491, 19596, 2936, 9014, 4772, 4672, 5780, 4668]
[5491, 19596, 2936, 9014, 4772, 4672, 5780, 4668, 6315]
[5491, 19596, 2936, 9014, 4772, 4672, 5780, 4668, 6315, 2426]
[5491, 19596, 2936, 9014, 4772, 4672, 5780, 4668, 6315, 2426, 7295]
[5491, 19596, 2936, 9014, 4772, 4672, 5780, 4668, 6315, 2426, 7295, 2428]
[5491, 19596, 2936, 9014, 4772, 4672, 5780, 4668, 6315, 2426, 7295, 2428, 4873]
[5491, 19596, 2936, 9014, 4772, 4672, 5780, 4668, 6315, 2426, 7295, 2428, 4873, 631]
[5491, 19596, 2936, 9014, 4772, 4672, 5780, 4668, 6315, 2426, 7295, 2428, 4873, 631, 5858]
[5491, 19596, 2936, 9014, 4772, 4672, 5780, 4668, 6315, 2426, 7295, 2428, 4873, 631, 5858, 400]
[2936, 9014, 4772, 4672, 5780, 4668, 6315, 2426, 7295, 2428, 4873, 631, 5858, 400]
[2936, 9014, 4772, 4672, 5780, 4668, 6315, 2426, 7295, 2428, 4873, 631, 5858, 400]
[4772, 4672, 5780, 4668, 6315, 2426, 7295, 2428, 4873, 631, 5858, 400]
[4772, 4672, 5780, 4668, 6315, 2426, 7295, 2428, 4873, 631, 5858, 400]
[5780, 4668, 6315, 2426, 7295, 2428, 4873, 631, 5858, 400]
[5780, 4668, 6315, 2426, 7295, 2428, 4873, 631, 5858, 400]
[6315, 2426, 7295, 2428, 4873, 631, 5858, 400]
[6315, 2426, 7295, 2428, 4873, 631, 5858, 400]
[7295, 2428, 4873, 631, 5858, 400]
[7295, 2428, 4873, 631, 5858, 400]
[4873, 631, 5858, 400]
[4873, 631, 5858, 400]
[5858, 400]
[5858, 400]

FP for each step:  [5491, 19596, 19596, 19596, 19596, 19596, 19596, 19596, 19596, 19596, 19596, 19596, 19596, 19596, 19596, 19596, 9014, 9014, 7295, 7295, 7295, 7295, 7295, 7295, 7295, 7295, 5858, 5858, 5858, 5858]

Time Chart for BP
[400, 28189]
[28189, 1963]
[28189, 1963, 18098]
[28189, 1963, 18098, 3644]
[28189, 1963, 18098, 3644, 22409]
[28189, 1963, 18098, 3644, 22409, 4806]
[28189, 1963, 18098, 3644, 22409, 4806, 13877]
[28189, 1963, 18098, 3644, 22409, 4806, 13877, 7002]
[28189, 1963, 18098, 3644, 22409, 4806, 13877, 7002, 16153]
[28189, 1963, 18098, 3644, 22409, 4806, 13877, 7002, 16153, 9434]
[28189, 1963, 18098, 3644, 22409, 4806, 13877, 7002, 16153, 9434, 14909]
[28189, 1963, 18098, 3644, 22409, 4806, 13877, 7002, 16153, 9434, 14909, 18722]
[28189, 1963, 18098, 3644, 22409, 4806, 13877, 7002, 16153, 9434, 14909, 18722, 10036]
[28189, 1963, 18098, 3644, 22409, 4806, 13877, 7002, 16153, 9434, 14909, 18722, 10036, 17930]
[28189, 1963, 18098, 3644, 22409, 4806, 13877, 7002, 16153, 9434, 14909, 18722, 10036, 17930, 18110]
[28189, 1963, 18098, 3644, 22409, 4806, 13877, 7002, 16153, 9434, 14909, 18722, 10036, 17930, 18110, 189]
[18098, 3644, 22409, 4806, 13877, 7002, 16153, 9434, 14909, 18722, 10036, 17930, 18110, 189]
[18098, 3644, 22409, 4806, 13877, 7002, 16153, 9434, 14909, 18722, 10036, 17930, 18110, 189]
[22409, 4806, 13877, 7002, 16153, 9434, 14909, 18722, 10036, 17930, 18110, 189]
[22409, 4806, 13877, 7002, 16153, 9434, 14909, 18722, 10036, 17930, 18110, 189]
[13877, 7002, 16153, 9434, 14909, 18722, 10036, 17930, 18110, 189]
[13877, 7002, 16153, 9434, 14909, 18722, 10036, 17930, 18110, 189]
[16153, 9434, 14909, 18722, 10036, 17930, 18110, 189]
[16153, 9434, 14909, 18722, 10036, 17930, 18110, 189]
[14909, 18722, 10036, 17930, 18110, 189]
[14909, 18722, 10036, 17930, 18110, 189]
[10036, 17930, 18110, 189]
[10036, 17930, 18110, 189]
[18110, 189]
[18110, 189]

BP for each step:  [28189, 28189, 28189, 28189, 28189, 28189, 28189, 28189, 28189, 28189, 28189, 28189, 28189, 28189, 28189, 28189, 22409, 22409, 22409, 22409, 18722, 18722, 18722, 18722, 18722, 18722, 18110, 18110, 18110, 18110]
Time without overhead: 1.124683 s

Total Time: 1.124683 s
