========== Stats ==========
iters 10
batchSize 16
numMicro 4
machine 4
log_dir _timeline/vgg_3mp
file .txt
model vgg
===========================
Number of Stages: 1
(0, 28)

Profiling for Stage (0, 28) with bs(1)
 ------ 1 / 11 ...
 ------ 2 / 11 ...
 ------ 3 / 11 ...
 ------ 4 / 11 ...
 ------ 5 / 11 ...
 ------ 6 / 11 ...
 ------ 7 / 11 ...
 ------ 8 / 11 ...
 ------ 9 / 11 ...
 ------ 10 / 11 ...
 ------ 11 / 11 ...
 ------ 1 / 11 ...
 ------ 2 / 11 ...
 ------ 3 / 11 ...
 ------ 4 / 11 ...
 ------ 5 / 11 ...
 ------ 6 / 11 ...
 ------ 7 / 11 ...
 ------ 8 / 11 ...
 ------ 9 / 11 ...
 ------ 10 / 11 ...
 ------ 11 / 11 ...
347671.0
253427.0
94133.0
94127.0
93839.0
94010.0
93850.0
93872.0
378244.0
94077.0
[327450]

Mean FP TimeList
[[40780, 354, 7]]

Mean BP TimeList
[[133993, 320, 189]]

Mean DPOH TimeList
[327450]

FP TimeList
[[40780, 320]]

BP TimeList
[[133993, 189]]

Time Chart for FP
[40780]
[40780, 320]
[40780, 320]
[40780, 320]

FP for each step:  [40780, 40780, 40780, 40780]

Time Chart for BP
[320, 133993]
[133993, 189]
[133993, 189]
[133993, 189]

BP for each step:  [133993, 133993, 133993, 133993]
Time without overhead: 0.699092 s

Total Time: 1.026542 s
