========== Stats ==========
iters 10
batchSize 128
numMicro 8
machine 4
log_dir _timeline/vgg_3mp
file .txt
model vgg
===========================
Number of Stages: 2
(0, 6)

Profiling for Stage (0, 6) with bs(8)
 ------ 1 / 11 ...
 ------ 2 / 11 ...
 ------ 3 / 11 ...
 ------ 4 / 11 ...
 ------ 5 / 11 ...
 ------ 6 / 11 ...
 ------ 7 / 11 ...
 ------ 8 / 11 ...
 ------ 9 / 11 ...
 ------ 10 / 11 ...
 ------ 11 / 11 ...
 ------ 1 / 11 ...
 ------ 2 / 11 ...
 ------ 3 / 11 ...
 ------ 4 / 11 ...
 ------ 5 / 11 ...
 ------ 6 / 11 ...
 ------ 7 / 11 ...
 ------ 8 / 11 ...
 ------ 9 / 11 ...
 ------ 10 / 11 ...
 ------ 11 / 11 ...
(6, 28)

Profiling for Stage (6, 28) with bs(8)
 ------ 1 / 11 ...
 ------ 2 / 11 ...
 ------ 3 / 11 ...
 ------ 4 / 11 ...
 ------ 5 / 11 ...
 ------ 6 / 11 ...
 ------ 7 / 11 ...
 ------ 8 / 11 ...
 ------ 9 / 11 ...
 ------ 10 / 11 ...
 ------ 11 / 11 ...
 ------ 1 / 11 ...
 ------ 2 / 11 ...
 ------ 3 / 11 ...
 ------ 4 / 11 ...
 ------ 5 / 11 ...
 ------ 6 / 11 ...
 ------ 7 / 11 ...
 ------ 8 / 11 ...
 ------ 9 / 11 ...
 ------ 10 / 11 ...
 ------ 11 / 11 ...
498.0
454.0
508.0
459.0
478.0
499.0
500.0
489.0
489.0
488.0
257815.0
549139.0
93650.0
93286.0
93707.0
93444.0
92955.0
93758.0
93328.0
92744.0
[972, 310765]

Mean FP TimeList
[[93617, 2125, 7810], [187513, 9948, 12]]

Mean BP TimeList
[[250472, 11863, 1468], [498816, 9998, 7798]]

Mean DPOH TimeList
[972, 310765]

FP TimeList
[[93617, 35516], [187513, 9998]]

BP TimeList
[[498816, 27459, 498816, 27459], [250472, 1468]]

Time Chart for FP
[93617]
[93617, 35516]
[93617, 35516, 187513]
[93617, 35516, 187513, 9998]
[93617, 35516, 187513, 9998]
[93617, 35516, 187513, 9998]
[93617, 35516, 187513, 9998]
[93617, 35516, 187513, 9998]
[187513, 9998]
[187513, 9998]

FP for each step:  [93617, 93617, 187513, 187513, 187513, 187513, 187513, 187513, 187513, 187513]

Time Chart for BP
[9998, 498816]
[498816, 27459]
[498816, 27459, 250472]
[498816, 27459, 250472, 1468]
[498816, 27459, 250472, 1468]
[498816, 27459, 250472, 1468]
[498816, 27459, 250472, 1468]
[498816, 27459, 250472, 1468]
[250472, 1468]
[250472, 1468]

BP for each step:  [498816, 498816, 498816, 498816, 498816, 498816, 498816, 498816, 250472, 250472]
Time without overhead: 6.17881 s

Total Time: 6.490547 s
