========== Stats ==========
iters 10
batchSize 128
numMicro 4
machine 4
log_dir _timeline/vgg_3mp
file .txt
model vgg
===========================
Number of Stages: 1
(0, 28)

Profiling for Stage (0, 28) with bs(8)
 ------ 1 / 11 ...
 ------ 2 / 11 ...
 ------ 3 / 11 ...
 ------ 4 / 11 ...
 ------ 5 / 11 ...
 ------ 6 / 11 ...
 ------ 7 / 11 ...
 ------ 8 / 11 ...
 ------ 9 / 11 ...
 ------ 10 / 11 ...
 ------ 11 / 11 ...
 ------ 1 / 11 ...
 ------ 2 / 11 ...
 ------ 3 / 11 ...
 ------ 4 / 11 ...
 ------ 5 / 11 ...
 ------ 6 / 11 ...
 ------ 7 / 11 ...
 ------ 8 / 11 ...
 ------ 9 / 11 ...
 ------ 10 / 11 ...
 ------ 11 / 11 ...
316495.0
258245.0
93733.0
369850.0
93797.0
93844.0
93227.0
93859.0
93658.0
93575.0
[320056]

Mean FP TimeList
[[274901, 2090, 8]]

Mean BP TimeList
[[749302, 2075, 1470]]

Mean DPOH TimeList
[320056]

FP TimeList
[[274901, 2075]]

BP TimeList
[[749302, 1470]]

Time Chart for FP
[274901]
[274901, 2075]
[274901, 2075]
[274901, 2075]

FP for each step:  [274901, 274901, 274901, 274901]

Time Chart for BP
[2075, 749302]
[749302, 1470]
[749302, 1470]
[749302, 1470]

BP for each step:  [749302, 749302, 749302, 749302]
Time without overhead: 4.096812 s

Total Time: 4.416868 s
