========== Stats ==========
iters 10
batchSize 128
numMicro 16
machine 4
log_dir _timeline/vggh
file ./_parth/partition_4_vgg_128_16.txt
model vgg
===========================
Number of Stages: 4
(0, 4)

Profiling for Stage (0, 4) with bs(8)
 ------ 1 / 11 ...
 ------ 2 / 11 ...
 ------ 3 / 11 ...
 ------ 4 / 11 ...
 ------ 5 / 11 ...
 ------ 6 / 11 ...
 ------ 7 / 11 ...
 ------ 8 / 11 ...
 ------ 9 / 11 ...
 ------ 10 / 11 ...
 ------ 11 / 11 ...
 ------ 1 / 11 ...
 ------ 2 / 11 ...
 ------ 3 / 11 ...
 ------ 4 / 11 ...
 ------ 5 / 11 ...
 ------ 6 / 11 ...
 ------ 7 / 11 ...
 ------ 8 / 11 ...
 ------ 9 / 11 ...
 ------ 10 / 11 ...
 ------ 11 / 11 ...
(4, 8)

Profiling for Stage (4, 8) with bs(8)
 ------ 1 / 11 ...
 ------ 2 / 11 ...
 ------ 3 / 11 ...
 ------ 4 / 11 ...
 ------ 5 / 11 ...
 ------ 6 / 11 ...
 ------ 7 / 11 ...
 ------ 8 / 11 ...
 ------ 9 / 11 ...
 ------ 10 / 11 ...
 ------ 11 / 11 ...
 ------ 1 / 11 ...
 ------ 2 / 11 ...
 ------ 3 / 11 ...
 ------ 4 / 11 ...
 ------ 5 / 11 ...
 ------ 6 / 11 ...
 ------ 7 / 11 ...
 ------ 8 / 11 ...
 ------ 9 / 11 ...
 ------ 10 / 11 ...
 ------ 11 / 11 ...
(8, 13)

Profiling for Stage (8, 13) with bs(8)
 ------ 1 / 11 ...
 ------ 2 / 11 ...
 ------ 3 / 11 ...
 ------ 4 / 11 ...
 ------ 5 / 11 ...
 ------ 6 / 11 ...
 ------ 7 / 11 ...
 ------ 8 / 11 ...
 ------ 9 / 11 ...
 ------ 10 / 11 ...
 ------ 11 / 11 ...
 ------ 1 / 11 ...
 ------ 2 / 11 ...
 ------ 3 / 11 ...
 ------ 4 / 11 ...
 ------ 5 / 11 ...
 ------ 6 / 11 ...
 ------ 7 / 11 ...
 ------ 8 / 11 ...
 ------ 9 / 11 ...
 ------ 10 / 11 ...
 ------ 11 / 11 ...
(13, 28)

Profiling for Stage (13, 28) with bs(8)
 ------ 1 / 11 ...
 ------ 2 / 11 ...
 ------ 3 / 11 ...
 ------ 4 / 11 ...
 ------ 5 / 11 ...
 ------ 6 / 11 ...
 ------ 7 / 11 ...
 ------ 8 / 11 ...
 ------ 9 / 11 ...
 ------ 10 / 11 ...
 ------ 11 / 11 ...
 ------ 1 / 11 ...
 ------ 2 / 11 ...
 ------ 3 / 11 ...
 ------ 4 / 11 ...
 ------ 5 / 11 ...
 ------ 6 / 11 ...
 ------ 7 / 11 ...
 ------ 8 / 11 ...
 ------ 9 / 11 ...
 ------ 10 / 11 ...
 ------ 11 / 11 ...
181.0
184.0
193.0
160.0
181.0
182.0
181.0
170.0
182.0
180.0
1368.0
1356.0
1366.0
1350.0
1355.0
1377.0
1337.0
1287.0
1366.0
1336.0
5890.0
5847.0
5810.0
5869.0
5928.0
5869.0
5869.0
5838.0
5855.0
5875.0
252673.0
435973.0
86466.0
86373.0
86287.0
86170.0
86278.0
86458.0
85879.0
86173.0
[358, 2699, 11730, 275746]

Mean FP TimeList
[[58225, 2066, 34606], [68233, 39003, 15595], [79501, 19734, 7802], [71875, 9876, 10]]

Mean BP TimeList
[[179325, 40731, 1467], [178632, 58349, 31176], [209237, 29408, 15590], [193345, 10035, 7803]]

Mean DPOH TimeList
[358, 2699, 11730, 275746]

FP TimeList
[[58225, 73609], [68233, 35329], [79501, 17678], [71875, 10035]]

BP TimeList
[[193345, 37211], [209237, 73939], [178632, 71907], [179325, 1467]]

Time Chart for FP
[58225]
[58225, 73609]
[58225, 73609, 68233]
[58225, 73609, 68233, 35329]
[58225, 73609, 68233, 35329, 79501]
[58225, 73609, 68233, 35329, 79501, 17678]
[58225, 73609, 68233, 35329, 79501, 17678, 71875]
[58225, 73609, 68233, 35329, 79501, 17678, 71875, 10035]
[58225, 73609, 68233, 35329, 79501, 17678, 71875, 10035]
[58225, 73609, 68233, 35329, 79501, 17678, 71875, 10035]
[58225, 73609, 68233, 35329, 79501, 17678, 71875, 10035]
[58225, 73609, 68233, 35329, 79501, 17678, 71875, 10035]
[58225, 73609, 68233, 35329, 79501, 17678, 71875, 10035]
[58225, 73609, 68233, 35329, 79501, 17678, 71875, 10035]
[58225, 73609, 68233, 35329, 79501, 17678, 71875, 10035]
[58225, 73609, 68233, 35329, 79501, 17678, 71875, 10035]
[68233, 35329, 79501, 17678, 71875, 10035]
[68233, 35329, 79501, 17678, 71875, 10035]
[79501, 17678, 71875, 10035]
[79501, 17678, 71875, 10035]
[71875, 10035]
[71875, 10035]

FP for each step:  [58225, 73609, 73609, 73609, 79501, 79501, 79501, 79501, 79501, 79501, 79501, 79501, 79501, 79501, 79501, 79501, 79501, 79501, 79501, 79501, 71875, 71875]

Time Chart for BP
[10035, 193345]
[193345, 37211]
[193345, 37211, 209237]
[193345, 37211, 209237, 73939]
[193345, 37211, 209237, 73939, 178632]
[193345, 37211, 209237, 73939, 178632, 71907]
[193345, 37211, 209237, 73939, 178632, 71907, 179325]
[193345, 37211, 209237, 73939, 178632, 71907, 179325, 1467]
[193345, 37211, 209237, 73939, 178632, 71907, 179325, 1467]
[193345, 37211, 209237, 73939, 178632, 71907, 179325, 1467]
[193345, 37211, 209237, 73939, 178632, 71907, 179325, 1467]
[193345, 37211, 209237, 73939, 178632, 71907, 179325, 1467]
[193345, 37211, 209237, 73939, 178632, 71907, 179325, 1467]
[193345, 37211, 209237, 73939, 178632, 71907, 179325, 1467]
[193345, 37211, 209237, 73939, 178632, 71907, 179325, 1467]
[193345, 37211, 209237, 73939, 178632, 71907, 179325, 1467]
[209237, 73939, 178632, 71907, 179325, 1467]
[209237, 73939, 178632, 71907, 179325, 1467]
[178632, 71907, 179325, 1467]
[178632, 71907, 179325, 1467]
[179325, 1467]
[179325, 1467]

BP for each step:  [193345, 193345, 209237, 209237, 209237, 209237, 209237, 209237, 209237, 209237, 209237, 209237, 209237, 209237, 209237, 209237, 209237, 209237, 179325, 179325, 179325, 179325]
Time without overhead: 6.1466 s

Total Time: 6.1466 s
