========== Stats ==========
iters 10
batchSize 64
numMicro 16
machine 4
log_dir _timeline/vgg_3mp
file .txt
model vgg
===========================
Number of Stages: 2
(0, 9)

Profiling for Stage (0, 9) with bs(2)
 ------ 1 / 11 ...
 ------ 2 / 11 ...
 ------ 3 / 11 ...
 ------ 4 / 11 ...
 ------ 5 / 11 ...
 ------ 6 / 11 ...
 ------ 7 / 11 ...
 ------ 8 / 11 ...
 ------ 9 / 11 ...
 ------ 10 / 11 ...
 ------ 11 / 11 ...
 ------ 1 / 11 ...
 ------ 2 / 11 ...
 ------ 3 / 11 ...
 ------ 4 / 11 ...
 ------ 5 / 11 ...
 ------ 6 / 11 ...
 ------ 7 / 11 ...
 ------ 8 / 11 ...
 ------ 9 / 11 ...
 ------ 10 / 11 ...
 ------ 11 / 11 ...
(9, 28)

Profiling for Stage (9, 28) with bs(2)
 ------ 1 / 11 ...
 ------ 2 / 11 ...
 ------ 3 / 11 ...
 ------ 4 / 11 ...
 ------ 5 / 11 ...
 ------ 6 / 11 ...
 ------ 7 / 11 ...
 ------ 8 / 11 ...
 ------ 9 / 11 ...
 ------ 10 / 11 ...
 ------ 11 / 11 ...
 ------ 1 / 11 ...
 ------ 2 / 11 ...
 ------ 3 / 11 ...
 ------ 4 / 11 ...
 ------ 5 / 11 ...
 ------ 6 / 11 ...
 ------ 7 / 11 ...
 ------ 8 / 11 ...
 ------ 9 / 11 ...
 ------ 10 / 11 ...
 ------ 11 / 11 ...
2313.0
2323.0
2215.0
2272.0
2287.0
2311.0
2230.0
2421.0
2310.0
2242.0
317772.0
254665.0
91050.0
91551.0
91585.0
91306.0
91606.0
91615.0
91719.0
91499.0
[4584, 260873]

Mean FP TimeList
[[35464, 656, 3899], [40519, 5148, 9]]

Mean BP TimeList
[[102019, 5208, 372], [127231, 5097, 3902]]

Mean DPOH TimeList
[4584, 260873]

FP TimeList
[[35464, 18094], [40519, 5097]]

BP TimeList
[[127231, 13012, 127231, 13012], [102019, 372]]

Time Chart for FP
[35464]
[35464, 18094]
[35464, 18094, 40519]
[35464, 18094, 40519, 5097]
[35464, 18094, 40519, 5097]
[35464, 18094, 40519, 5097]
[35464, 18094, 40519, 5097]
[35464, 18094, 40519, 5097]
[35464, 18094, 40519, 5097]
[35464, 18094, 40519, 5097]
[35464, 18094, 40519, 5097]
[35464, 18094, 40519, 5097]
[35464, 18094, 40519, 5097]
[35464, 18094, 40519, 5097]
[35464, 18094, 40519, 5097]
[35464, 18094, 40519, 5097]
[40519, 5097]
[40519, 5097]

FP for each step:  [35464, 35464, 40519, 40519, 40519, 40519, 40519, 40519, 40519, 40519, 40519, 40519, 40519, 40519, 40519, 40519, 40519, 40519]

Time Chart for BP
[5097, 127231]
[127231, 13012]
[127231, 13012, 102019]
[127231, 13012, 102019, 372]
[127231, 13012, 102019, 372]
[127231, 13012, 102019, 372]
[127231, 13012, 102019, 372]
[127231, 13012, 102019, 372]
[127231, 13012, 102019, 372]
[127231, 13012, 102019, 372]
[127231, 13012, 102019, 372]
[127231, 13012, 102019, 372]
[127231, 13012, 102019, 372]
[127231, 13012, 102019, 372]
[127231, 13012, 102019, 372]
[127231, 13012, 102019, 372]
[102019, 372]
[102019, 372]

BP for each step:  [127231, 127231, 127231, 127231, 127231, 127231, 127231, 127231, 127231, 127231, 127231, 127231, 127231, 127231, 127231, 127231, 102019, 102019]
Time without overhead: 2.958966 s

Total Time: 3.224423 s
