========== Stats ==========
iters 10
batchSize 16
numMicro 4
machine 4
log_dir _timeline/vgg_3mp
file .txt
model vgg
===========================
Number of Stages: 2
(0, 9)

Profiling for Stage (0, 9) with bs(2)
 ------ 1 / 11 ...
 ------ 2 / 11 ...
 ------ 3 / 11 ...
 ------ 4 / 11 ...
 ------ 5 / 11 ...
 ------ 6 / 11 ...
 ------ 7 / 11 ...
 ------ 8 / 11 ...
 ------ 9 / 11 ...
 ------ 10 / 11 ...
 ------ 11 / 11 ...
 ------ 1 / 11 ...
 ------ 2 / 11 ...
 ------ 3 / 11 ...
 ------ 4 / 11 ...
 ------ 5 / 11 ...
 ------ 6 / 11 ...
 ------ 7 / 11 ...
 ------ 8 / 11 ...
 ------ 9 / 11 ...
 ------ 10 / 11 ...
 ------ 11 / 11 ...
(9, 28)

Profiling for Stage (9, 28) with bs(2)
 ------ 1 / 11 ...
 ------ 2 / 11 ...
 ------ 3 / 11 ...
 ------ 4 / 11 ...
 ------ 5 / 11 ...
 ------ 6 / 11 ...
 ------ 7 / 11 ...
 ------ 8 / 11 ...
 ------ 9 / 11 ...
 ------ 10 / 11 ...
 ------ 11 / 11 ...
 ------ 1 / 11 ...
 ------ 2 / 11 ...
 ------ 3 / 11 ...
 ------ 4 / 11 ...
 ------ 5 / 11 ...
 ------ 6 / 11 ...
 ------ 7 / 11 ...
 ------ 8 / 11 ...
 ------ 9 / 11 ...
 ------ 10 / 11 ...
 ------ 11 / 11 ...
2394.0
2481.0
2294.0
2310.0
2463.0
2364.0
2424.0
2427.0
2384.0
2278.0
321479.0
256692.0
91236.0
367343.0
91406.0
91645.0
91459.0
91739.0
91005.0
91637.0
[4763, 317128]

Mean FP TimeList
[[35294, 661, 3902], [40252, 5086, 7]]

Mean BP TimeList
[[101205, 5652, 372], [127227, 5176, 3905]]

Mean DPOH TimeList
[4763, 317128]

FP TimeList
[[35294, 17976], [40252, 5176]]

BP TimeList
[[127227, 13462, 127227, 13462], [101205, 372]]

Time Chart for FP
[35294]
[35294, 17976]
[35294, 17976, 40252]
[35294, 17976, 40252, 5176]
[40252, 5176]
[40252, 5176]

FP for each step:  [35294, 35294, 40252, 40252, 40252, 40252]

Time Chart for BP
[5176, 127227]
[127227, 13462]
[127227, 13462, 101205]
[127227, 13462, 101205, 372]
[101205, 372]
[101205, 372]

BP for each step:  [127227, 127227, 127227, 127227, 101205, 101205]
Time without overhead: 0.942914 s

Total Time: 1.264805 s
