========== Stats ==========
iters 10
batchSize 128
numMicro 16
machine 4
log_dir _timeline/vgg_3mp
file .txt
model vgg
===========================
Number of Stages: 1
(0, 28)

Profiling for Stage (0, 28) with bs(2)
 ------ 1 / 11 ...
 ------ 2 / 11 ...
 ------ 3 / 11 ...
 ------ 4 / 11 ...
 ------ 5 / 11 ...
 ------ 6 / 11 ...
 ------ 7 / 11 ...
 ------ 8 / 11 ...
 ------ 9 / 11 ...
 ------ 10 / 11 ...
 ------ 11 / 11 ...
 ------ 1 / 11 ...
 ------ 2 / 11 ...
 ------ 3 / 11 ...
 ------ 4 / 11 ...
 ------ 5 / 11 ...
 ------ 6 / 11 ...
 ------ 7 / 11 ...
 ------ 8 / 11 ...
 ------ 9 / 11 ...
 ------ 10 / 11 ...
 ------ 11 / 11 ...
383580.0
383253.0
93323.0
93922.0
93763.0
93725.0
93832.0
93845.0
93710.0
93642.0
[303319]

Mean FP TimeList
[[78180, 663, 8]]

Mean BP TimeList
[[230289, 943, 372]]

Mean DPOH TimeList
[303319]

FP TimeList
[[78180, 943]]

BP TimeList
[[230289, 372]]

Time Chart for FP
[78180]
[78180, 943]
[78180, 943]
[78180, 943]
[78180, 943]
[78180, 943]
[78180, 943]
[78180, 943]
[78180, 943]
[78180, 943]
[78180, 943]
[78180, 943]
[78180, 943]
[78180, 943]
[78180, 943]
[78180, 943]

FP for each step:  [78180, 78180, 78180, 78180, 78180, 78180, 78180, 78180, 78180, 78180, 78180, 78180, 78180, 78180, 78180, 78180]

Time Chart for BP
[943, 230289]
[230289, 372]
[230289, 372]
[230289, 372]
[230289, 372]
[230289, 372]
[230289, 372]
[230289, 372]
[230289, 372]
[230289, 372]
[230289, 372]
[230289, 372]
[230289, 372]
[230289, 372]
[230289, 372]
[230289, 372]

BP for each step:  [230289, 230289, 230289, 230289, 230289, 230289, 230289, 230289, 230289, 230289, 230289, 230289, 230289, 230289, 230289, 230289]
Time without overhead: 4.935504 s

Total Time: 5.238823 s
