========== Stats ==========
iters 10
batchSize 64
numMicro 2
machine 4
log_dir _timeline/vgg_3mp
file .txt
model vgg
===========================
Number of Stages: 1
(0, 28)

Profiling for Stage (0, 28) with bs(8)
 ------ 1 / 11 ...
 ------ 2 / 11 ...
 ------ 3 / 11 ...
 ------ 4 / 11 ...
 ------ 5 / 11 ...
 ------ 6 / 11 ...
 ------ 7 / 11 ...
 ------ 8 / 11 ...
 ------ 9 / 11 ...
 ------ 10 / 11 ...
 ------ 11 / 11 ...
 ------ 1 / 11 ...
 ------ 2 / 11 ...
 ------ 3 / 11 ...
 ------ 4 / 11 ...
 ------ 5 / 11 ...
 ------ 6 / 11 ...
 ------ 7 / 11 ...
 ------ 8 / 11 ...
 ------ 9 / 11 ...
 ------ 10 / 11 ...
 ------ 11 / 11 ...
330208.0
261754.0
93979.0
366624.0
93608.0
93307.0
93708.0
93736.0
93633.0
93570.0
[322825]

Mean FP TimeList
[[272727, 2223, 11]]

Mean BP TimeList
[[747338, 2340, 1471]]

Mean DPOH TimeList
[322825]

FP TimeList
[[272727, 2340]]

BP TimeList
[[747338, 1471]]

Time Chart for FP
[272727]
[272727, 2340]

FP for each step:  [272727, 272727]

Time Chart for BP
[2340, 747338]
[747338, 1471]

BP for each step:  [747338, 747338]
Time without overhead: 2.04013 s

Total Time: 2.362955 s
