========== Stats ==========
iters 10
batchSize 16
numMicro 16
machine 4
log_dir _timeline/vgg_3mp
file .txt
model vgg
===========================
Number of Stages: 1
(0, 28)

Profiling for Stage (0, 28) with bs(1)
 ------ 1 / 11 ...
 ------ 2 / 11 ...
 ------ 3 / 11 ...
 ------ 4 / 11 ...
 ------ 5 / 11 ...
 ------ 6 / 11 ...
 ------ 7 / 11 ...
 ------ 8 / 11 ...
 ------ 9 / 11 ...
 ------ 10 / 11 ...
 ------ 11 / 11 ...
 ------ 1 / 11 ...
 ------ 2 / 11 ...
 ------ 3 / 11 ...
 ------ 4 / 11 ...
 ------ 5 / 11 ...
 ------ 6 / 11 ...
 ------ 7 / 11 ...
 ------ 8 / 11 ...
 ------ 9 / 11 ...
 ------ 10 / 11 ...
 ------ 11 / 11 ...
378656.0
386889.0
93744.0
93489.0
93605.0
93753.0
93745.0
93614.0
93802.0
94076.0
[303074]

Mean FP TimeList
[[40556, 313, 6]]

Mean BP TimeList
[[133297, 403, 189]]

Mean DPOH TimeList
[303074]

FP TimeList
[[40556, 403]]

BP TimeList
[[133297, 189]]

Time Chart for FP
[40556]
[40556, 403]
[40556, 403]
[40556, 403]
[40556, 403]
[40556, 403]
[40556, 403]
[40556, 403]
[40556, 403]
[40556, 403]
[40556, 403]
[40556, 403]
[40556, 403]
[40556, 403]
[40556, 403]
[40556, 403]

FP for each step:  [40556, 40556, 40556, 40556, 40556, 40556, 40556, 40556, 40556, 40556, 40556, 40556, 40556, 40556, 40556, 40556]

Time Chart for BP
[403, 133297]
[133297, 189]
[133297, 189]
[133297, 189]
[133297, 189]
[133297, 189]
[133297, 189]
[133297, 189]
[133297, 189]
[133297, 189]
[133297, 189]
[133297, 189]
[133297, 189]
[133297, 189]
[133297, 189]
[133297, 189]

BP for each step:  [133297, 133297, 133297, 133297, 133297, 133297, 133297, 133297, 133297, 133297, 133297, 133297, 133297, 133297, 133297, 133297]
Time without overhead: 2.781648 s

Total Time: 3.084722 s
