========== Stats ==========
iters 10
batchSize 16
numMicro 8
machine 4
log_dir _timeline/vggh
file ./_parth/partition_2_vgg_16_8.txt
model vgg
===========================
Number of Stages: 2
(0, 9)

Profiling for Stage (0, 9) with bs(2)
 ------ 1 / 11 ...
 ------ 2 / 11 ...
 ------ 3 / 11 ...
 ------ 4 / 11 ...
 ------ 5 / 11 ...
 ------ 6 / 11 ...
 ------ 7 / 11 ...
 ------ 8 / 11 ...
 ------ 9 / 11 ...
 ------ 10 / 11 ...
 ------ 11 / 11 ...
 ------ 1 / 11 ...
 ------ 2 / 11 ...
 ------ 3 / 11 ...
 ------ 4 / 11 ...
 ------ 5 / 11 ...
 ------ 6 / 11 ...
 ------ 7 / 11 ...
 ------ 8 / 11 ...
 ------ 9 / 11 ...
 ------ 10 / 11 ...
 ------ 11 / 11 ...
(9, 28)

Profiling for Stage (9, 28) with bs(2)
 ------ 1 / 11 ...
 ------ 2 / 11 ...
 ------ 3 / 11 ...
 ------ 4 / 11 ...
 ------ 5 / 11 ...
 ------ 6 / 11 ...
 ------ 7 / 11 ...
 ------ 8 / 11 ...
 ------ 9 / 11 ...
 ------ 10 / 11 ...
 ------ 11 / 11 ...
 ------ 1 / 11 ...
 ------ 2 / 11 ...
 ------ 3 / 11 ...
 ------ 4 / 11 ...
 ------ 5 / 11 ...
 ------ 6 / 11 ...
 ------ 7 / 11 ...
 ------ 8 / 11 ...
 ------ 9 / 11 ...
 ------ 10 / 11 ...
 ------ 11 / 11 ...
2344.0
2333.0
2382.0
2343.0
2419.0
2318.0
2359.0
2387.0
2382.0
2390.0
295432.0
261159.0
91410.0
91034.0
91493.0
91433.0
91383.0
91527.0
91500.0
364259.0
[4731, 312126]

Mean FP TimeList
[[35099, 618, 3902], [39204, 5026, 9]]

Mean BP TimeList
[[101553, 5583, 373], [127201, 5127, 3901]]

Mean DPOH TimeList
[4731, 312126]

FP TimeList
[[35099, 8928], [39204, 5127]]

BP TimeList
[[127201, 9484], [101553, 373]]

Time Chart for FP
[35099]
[35099, 8928]
[35099, 8928, 39204]
[35099, 8928, 39204, 5127]
[35099, 8928, 39204, 5127]
[35099, 8928, 39204, 5127]
[35099, 8928, 39204, 5127]
[35099, 8928, 39204, 5127]
[39204, 5127]
[39204, 5127]

FP for each step:  [35099, 35099, 39204, 39204, 39204, 39204, 39204, 39204, 39204, 39204]

Time Chart for BP
[5127, 127201]
[127201, 9484]
[127201, 9484, 101553]
[127201, 9484, 101553, 373]
[127201, 9484, 101553, 373]
[127201, 9484, 101553, 373]
[127201, 9484, 101553, 373]
[127201, 9484, 101553, 373]
[101553, 373]
[101553, 373]

BP for each step:  [127201, 127201, 127201, 127201, 127201, 127201, 127201, 127201, 101553, 101553]
Time without overhead: 1.604544 s

Total Time: 1.604544 s
