========== Stats ==========
iters 10
batchSize 16
numMicro 2
machine 4
log_dir _timeline/vgg_3mp
file .txt
model vgg
===========================
Number of Stages: 3
(0, 3)

Profiling for Stage (0, 3) with bs(8)
 ------ 1 / 11 ...
 ------ 2 / 11 ...
 ------ 3 / 11 ...
 ------ 4 / 11 ...
 ------ 5 / 11 ...
 ------ 6 / 11 ...
 ------ 7 / 11 ...
 ------ 8 / 11 ...
 ------ 9 / 11 ...
 ------ 10 / 11 ...
 ------ 11 / 11 ...
 ------ 1 / 11 ...
 ------ 2 / 11 ...
 ------ 3 / 11 ...
 ------ 4 / 11 ...
 ------ 5 / 11 ...
 ------ 6 / 11 ...
 ------ 7 / 11 ...
 ------ 8 / 11 ...
 ------ 9 / 11 ...
 ------ 10 / 11 ...
 ------ 11 / 11 ...
(13, 28)

Profiling for Stage (13, 28) with bs(8)
 ------ 1 / 11 ...
 ------ 2 / 11 ...
 ------ 3 / 11 ...
 ------ 4 / 11 ...
 ------ 5 / 11 ...
 ------ 6 / 11 ...
 ------ 7 / 11 ...
 ------ 8 / 11 ...
 ------ 9 / 11 ...
 ------ 10 / 11 ...
 ------ 11 / 11 ...
 ------ 1 / 11 ...
 ------ 2 / 11 ...
 ------ 3 / 11 ...
 ------ 4 / 11 ...
 ------ 5 / 11 ...
 ------ 6 / 11 ...
 ------ 7 / 11 ...
 ------ 8 / 11 ...
 ------ 9 / 11 ...
 ------ 10 / 11 ...
 ------ 11 / 11 ...
(3, 13)

Profiling for Stage (3, 13) with bs(4)
 ------ 1 / 11 ...
 ------ 2 / 11 ...
 ------ 3 / 11 ...
 ------ 4 / 11 ...
 ------ 5 / 11 ...
 ------ 6 / 11 ...
 ------ 7 / 11 ...
 ------ 8 / 11 ...
 ------ 9 / 11 ...
 ------ 10 / 11 ...
 ------ 11 / 11 ...
 ------ 1 / 11 ...
 ------ 2 / 11 ...
 ------ 3 / 11 ...
 ------ 4 / 11 ...
 ------ 5 / 11 ...
 ------ 6 / 11 ...
 ------ 7 / 11 ...
 ------ 8 / 11 ...
 ------ 9 / 11 ...
 ------ 10 / 11 ...
 ------ 11 / 11 ...
101.0
97.0
107.0
89.0
99.0
91.0
96.0
90.0
96.0
74.0
7497.0
7512.0
7554.0
7561.0
7403.0
7577.0
7512.0
7502.0
7519.0
7387.0
91043.0
263884.0
86543.0
86777.0
86549.0
86547.0
86493.0
86049.0
86586.0
86774.0
[188, 15004, 209449]

Mean FP TimeList
[[55556, 2106, 15601], [84123, 10018, 3908], [71247, 9849, 10]]

Mean BP TimeList
[[129590, 21601, 1472], [226667, 14853, 7805], [194460, 9930, 7814]]

Mean DPOH TimeList
[188, 15004, 209449]

FP TimeList
[[55556, 35637], [84123, 17665], [71247, 9930]]

BP TimeList
[[194460, 22667, 194460, 22667], [226667, 37211], [129590, 1472]]

Time Chart for FP
[55556]
[55556, 35637]
[84123]
[84123, 17665]
[71247]
[71247, 9930]

FP for each step:  [55556, 55556, 84123, 84123, 71247, 71247]

Time Chart for BP
[9930, 194460]
[194460, 22667]
[226667]
[226667, 37211]
[129590]
[129590, 1472]

BP for each step:  [194460, 194460, 226667, 226667, 129590, 129590]
Time without overhead: 1.523286 s

Total Time: 1.53829 s
