========== Stats ==========
iters 10
batchSize 64
numMicro 8
machine 4
log_dir _timeline/vgg_3mp
file .txt
model vgg
===========================
Number of Stages: 1
(0, 28)

Profiling for Stage (0, 28) with bs(4)
 ------ 1 / 11 ...
 ------ 2 / 11 ...
 ------ 3 / 11 ...
 ------ 4 / 11 ...
 ------ 5 / 11 ...
 ------ 6 / 11 ...
 ------ 7 / 11 ...
 ------ 8 / 11 ...
 ------ 9 / 11 ...
 ------ 10 / 11 ...
 ------ 11 / 11 ...
 ------ 1 / 11 ...
 ------ 2 / 11 ...
 ------ 3 / 11 ...
 ------ 4 / 11 ...
 ------ 5 / 11 ...
 ------ 6 / 11 ...
 ------ 7 / 11 ...
 ------ 8 / 11 ...
 ------ 9 / 11 ...
 ------ 10 / 11 ...
 ------ 11 / 11 ...
306682.0
558163.0
93777.0
93002.0
93303.0
94050.0
93943.0
93713.0
93969.0
93838.0
[322888]

Mean FP TimeList
[[153689, 1127, 8]]

Mean BP TimeList
[[421866, 1142, 739]]

Mean DPOH TimeList
[322888]

FP TimeList
[[153689, 1142]]

BP TimeList
[[421866, 739]]

Time Chart for FP
[153689]
[153689, 1142]
[153689, 1142]
[153689, 1142]
[153689, 1142]
[153689, 1142]
[153689, 1142]
[153689, 1142]

FP for each step:  [153689, 153689, 153689, 153689, 153689, 153689, 153689, 153689]

Time Chart for BP
[1142, 421866]
[421866, 739]
[421866, 739]
[421866, 739]
[421866, 739]
[421866, 739]
[421866, 739]
[421866, 739]

BP for each step:  [421866, 421866, 421866, 421866, 421866, 421866, 421866, 421866]
Time without overhead: 4.60444 s

Total Time: 4.927328 s
