========== Stats ==========
iters 10
batchSize 32
numMicro 2
machine 4
log_dir _timeline/vggh
file ./_parth/partition_8_vgg_32_2.txt
model vgg
===========================
Number of Stages: 8
(0, 1)

Profiling for Stage (0, 1) with bs(16)
 ------ 1 / 11 ...
 ------ 2 / 11 ...
 ------ 3 / 11 ...
 ------ 4 / 11 ...
 ------ 5 / 11 ...
 ------ 6 / 11 ...
 ------ 7 / 11 ...
 ------ 8 / 11 ...
 ------ 9 / 11 ...
 ------ 10 / 11 ...
 ------ 11 / 11 ...
 ------ 1 / 11 ...
 ------ 2 / 11 ...
 ------ 3 / 11 ...
 ------ 4 / 11 ...
 ------ 5 / 11 ...
 ------ 6 / 11 ...
 ------ 7 / 11 ...
 ------ 8 / 11 ...
 ------ 9 / 11 ...
 ------ 10 / 11 ...
 ------ 11 / 11 ...
(1, 2)

Profiling for Stage (1, 2) with bs(16)
 ------ 1 / 11 ...
 ------ 2 / 11 ...
 ------ 3 / 11 ...
 ------ 4 / 11 ...
 ------ 5 / 11 ...
 ------ 6 / 11 ...
 ------ 7 / 11 ...
 ------ 8 / 11 ...
 ------ 9 / 11 ...
 ------ 10 / 11 ...
 ------ 11 / 11 ...
 ------ 1 / 11 ...
 ------ 2 / 11 ...
 ------ 3 / 11 ...
 ------ 4 / 11 ...
 ------ 5 / 11 ...
 ------ 6 / 11 ...
 ------ 7 / 11 ...
 ------ 8 / 11 ...
 ------ 9 / 11 ...
 ------ 10 / 11 ...
 ------ 11 / 11 ...
(2, 4)

Profiling for Stage (2, 4) with bs(16)
 ------ 1 / 11 ...
 ------ 2 / 11 ...
 ------ 3 / 11 ...
 ------ 4 / 11 ...
 ------ 5 / 11 ...
 ------ 6 / 11 ...
 ------ 7 / 11 ...
 ------ 8 / 11 ...
 ------ 9 / 11 ...
 ------ 10 / 11 ...
 ------ 11 / 11 ...
 ------ 1 / 11 ...
 ------ 2 / 11 ...
 ------ 3 / 11 ...
 ------ 4 / 11 ...
 ------ 5 / 11 ...
 ------ 6 / 11 ...
 ------ 7 / 11 ...
 ------ 8 / 11 ...
 ------ 9 / 11 ...
 ------ 10 / 11 ...
 ------ 11 / 11 ...
(4, 6)

Profiling for Stage (4, 6) with bs(16)
 ------ 1 / 11 ...
 ------ 2 / 11 ...
 ------ 3 / 11 ...
 ------ 4 / 11 ...
 ------ 5 / 11 ...
 ------ 6 / 11 ...
 ------ 7 / 11 ...
 ------ 8 / 11 ...
 ------ 9 / 11 ...
 ------ 10 / 11 ...
 ------ 11 / 11 ...
 ------ 1 / 11 ...
 ------ 2 / 11 ...
 ------ 3 / 11 ...
 ------ 4 / 11 ...
 ------ 5 / 11 ...
 ------ 6 / 11 ...
 ------ 7 / 11 ...
 ------ 8 / 11 ...
 ------ 9 / 11 ...
 ------ 10 / 11 ...
 ------ 11 / 11 ...
(6, 9)

Profiling for Stage (6, 9) with bs(16)
 ------ 1 / 11 ...
 ------ 2 / 11 ...
 ------ 3 / 11 ...
 ------ 4 / 11 ...
 ------ 5 / 11 ...
 ------ 6 / 11 ...
 ------ 7 / 11 ...
 ------ 8 / 11 ...
 ------ 9 / 11 ...
 ------ 10 / 11 ...
 ------ 11 / 11 ...
 ------ 1 / 11 ...
 ------ 2 / 11 ...
 ------ 3 / 11 ...
 ------ 4 / 11 ...
 ------ 5 / 11 ...
 ------ 6 / 11 ...
 ------ 7 / 11 ...
 ------ 8 / 11 ...
 ------ 9 / 11 ...
 ------ 10 / 11 ...
 ------ 11 / 11 ...
(9, 12)

Profiling for Stage (9, 12) with bs(16)
 ------ 1 / 11 ...
 ------ 2 / 11 ...
 ------ 3 / 11 ...
 ------ 4 / 11 ...
 ------ 5 / 11 ...
 ------ 6 / 11 ...
 ------ 7 / 11 ...
 ------ 8 / 11 ...
 ------ 9 / 11 ...
 ------ 10 / 11 ...
 ------ 11 / 11 ...
 ------ 1 / 11 ...
 ------ 2 / 11 ...
 ------ 3 / 11 ...
 ------ 4 / 11 ...
 ------ 5 / 11 ...
 ------ 6 / 11 ...
 ------ 7 / 11 ...
 ------ 8 / 11 ...
 ------ 9 / 11 ...
 ------ 10 / 11 ...
 ------ 11 / 11 ...
(12, 14)

Profiling for Stage (12, 14) with bs(16)
 ------ 1 / 11 ...
 ------ 2 / 11 ...
 ------ 3 / 11 ...
 ------ 4 / 11 ...
 ------ 5 / 11 ...
 ------ 6 / 11 ...
 ------ 7 / 11 ...
 ------ 8 / 11 ...
 ------ 9 / 11 ...
 ------ 10 / 11 ...
 ------ 11 / 11 ...
 ------ 1 / 11 ...
 ------ 2 / 11 ...
 ------ 3 / 11 ...
 ------ 4 / 11 ...
 ------ 5 / 11 ...
 ------ 6 / 11 ...
 ------ 7 / 11 ...
 ------ 8 / 11 ...
 ------ 9 / 11 ...
 ------ 10 / 11 ...
 ------ 11 / 11 ...
(14, 28)

Profiling for Stage (14, 28) with bs(16)
 ------ 1 / 11 ...
 ------ 2 / 11 ...
 ------ 3 / 11 ...
 ------ 4 / 11 ...
 ------ 5 / 11 ...
 ------ 6 / 11 ...
 ------ 7 / 11 ...
 ------ 8 / 11 ...
 ------ 9 / 11 ...
 ------ 10 / 11 ...
 ------ 11 / 11 ...
 ------ 1 / 11 ...
 ------ 2 / 11 ...
 ------ 3 / 11 ...
 ------ 4 / 11 ...
 ------ 5 / 11 ...
 ------ 6 / 11 ...
 ------ 7 / 11 ...
 ------ 8 / 11 ...
 ------ 9 / 11 ...
 ------ 10 / 11 ...
 ------ 11 / 11 ...
70.0
75.0
63.0
79.0
59.0
59.0
69.0
73.0
59.0
62.0
68.0
57.0
57.0
67.0
58.0
57.0
58.0
57.0
57.0
57.0
100.0
101.0
101.0
101.0
102.0
101.0
101.0
102.0
102.0
102.0
191.0
202.0
191.0
191.0
191.0
191.0
192.0
200.0
192.0
192.0
1851.0
1891.0
1893.0
1914.0
1891.0
1891.0
1955.0
1902.0
1892.0
1881.0
2202.0
2202.0
2222.0
2234.0
2243.0
2222.0
2223.0
2203.0
2223.0
2215.0
5837.0
5755.0
5797.0
5829.0
5776.0
5818.0
5788.0
5804.0
5876.0
5784.0
83318.0
83559.0
83451.0
83454.0
83446.0
83451.0
83230.0
83465.0
83437.0
83440.0
[133, 118, 202, 386, 3792, 4437, 11612, 166850]

Mean FP TimeList
[[29751, 3890, 157184], [84492, 156438, 124758], [40917, 155366, 62390], [62561, 78275, 15607], [71410, 19567, 31273], [42609, 39089, 15586], [47426, 19722, 15587], [58554, 19578, 11]]

Mean BP TimeList
[[92610, 159680, 2929], [268263, 312256, 124717], [142360, 233234, 124679], [146621, 97307, 62424], [215127, 58503, 15618], [127833, 58639, 31167], [140819, 39156, 15603], [166703, 19648, 15587]]

Mean DPOH TimeList
[133, 118, 202, 386, 3792, 4437, 11612, 166850]

FP TimeList
[[29751, 313622], [84492, 280124], [40917, 140665], [62561, 35174], [71410, 70362], [42609, 35308], [47426, 35165], [58554, 19648]]

BP TimeList
[[166703, 54743], [140819, 74242], [127833, 89670], [215127, 112925], [146621, 295658], [142360, 436935], [268263, 284397], [92610, 2929]]

Time Chart for FP
[29751]
[29751, 313622]
[84492]
[84492, 280124]
[40917]
[40917, 140665]
[62561]
[62561, 35174]
[71410]
[71410, 70362]
[42609]
[42609, 35308]
[47426]
[47426, 35165]
[58554]
[58554, 19648]

FP for each step:  [29751, 313622, 84492, 280124, 40917, 140665, 62561, 62561, 71410, 71410, 42609, 42609, 47426, 47426, 58554, 58554]

Time Chart for BP
[19648, 166703]
[166703, 54743]
[140819]
[140819, 74242]
[127833]
[127833, 89670]
[215127]
[215127, 112925]
[146621]
[146621, 295658]
[142360]
[142360, 436935]
[268263]
[268263, 284397]
[92610]
[92610, 2929]

BP for each step:  [166703, 166703, 140819, 140819, 127833, 127833, 215127, 215127, 146621, 295658, 142360, 436935, 268263, 284397, 92610, 92610]
Time without overhead: 4.515109 s

Total Time: 4.515109 s
