========== Stats ==========
iters 10
batchSize 128
numMicro 4
machine 4
log_dir _timeline/vgg_3mp
file .txt
model vgg
===========================
Number of Stages: 1
(0, 28)

Profiling for Stage (0, 28) with bs(16)
 ------ 1 / 11 ...
 ------ 2 / 11 ...
 ------ 3 / 11 ...
 ------ 4 / 11 ...
 ------ 5 / 11 ...
 ------ 6 / 11 ...
 ------ 7 / 11 ...
 ------ 8 / 11 ...
 ------ 9 / 11 ...
 ------ 10 / 11 ...
 ------ 11 / 11 ...
 ------ 1 / 11 ...
 ------ 2 / 11 ...
 ------ 3 / 11 ...
 ------ 4 / 11 ...
 ------ 5 / 11 ...
 ------ 6 / 11 ...
 ------ 7 / 11 ...
 ------ 8 / 11 ...
 ------ 9 / 11 ...
 ------ 10 / 11 ...
 ------ 11 / 11 ...
93959.0
93269.0
94061.0
94375.0
93071.0
93999.0
93918.0
93812.0
94026.0
93252.0
[187548]

Mean FP TimeList
[[358088, 3898, 12]]

Mean BP TimeList
[[1304560, 3988, 2928]]

Mean DPOH TimeList
[187548]

FP TimeList
[[358088, 3988]]

BP TimeList
[[1304560, 2928]]

Time Chart for FP
[358088]
[358088, 3988]
[358088, 3988]
[358088, 3988]

FP for each step:  [358088, 358088, 358088, 358088]

Time Chart for BP
[3988, 1304560]
[1304560, 2928]
[1304560, 2928]
[1304560, 2928]

BP for each step:  [1304560, 1304560, 1304560, 1304560]
Time without overhead: 6.650592 s

Total Time: 6.83814 s
