========== Stats ==========
iters 10
batchSize 16
numMicro 16
machine 4
log_dir _timeline/vgg_3mp
file .txt
model vgg
===========================
Number of Stages: 1
(0, 28)

Profiling for Stage (0, 28) with bs(1)
 ------ 1 / 11 ...
 ------ 2 / 11 ...
 ------ 3 / 11 ...
 ------ 4 / 11 ...
 ------ 5 / 11 ...
 ------ 6 / 11 ...
 ------ 7 / 11 ...
 ------ 8 / 11 ...
 ------ 9 / 11 ...
 ------ 10 / 11 ...
 ------ 11 / 11 ...
 ------ 1 / 11 ...
 ------ 2 / 11 ...
 ------ 3 / 11 ...
 ------ 4 / 11 ...
 ------ 5 / 11 ...
 ------ 6 / 11 ...
 ------ 7 / 11 ...
 ------ 8 / 11 ...
 ------ 9 / 11 ...
 ------ 10 / 11 ...
 ------ 11 / 11 ...
346513.0
255708.0
93145.0
93882.0
361045.0
93534.0
93859.0
93342.0
93714.0
93951.0
[323738]

Mean FP TimeList
[[40517, 492, 5]]

Mean BP TimeList
[[133452, 354, 190]]

Mean DPOH TimeList
[323738]

FP TimeList
[[40517, 354]]

BP TimeList
[[133452, 190]]

Time Chart for FP
[40517]
[40517, 354]
[40517, 354]
[40517, 354]
[40517, 354]
[40517, 354]
[40517, 354]
[40517, 354]
[40517, 354]
[40517, 354]
[40517, 354]
[40517, 354]
[40517, 354]
[40517, 354]
[40517, 354]
[40517, 354]

FP for each step:  [40517, 40517, 40517, 40517, 40517, 40517, 40517, 40517, 40517, 40517, 40517, 40517, 40517, 40517, 40517, 40517]

Time Chart for BP
[354, 133452]
[133452, 190]
[133452, 190]
[133452, 190]
[133452, 190]
[133452, 190]
[133452, 190]
[133452, 190]
[133452, 190]
[133452, 190]
[133452, 190]
[133452, 190]
[133452, 190]
[133452, 190]
[133452, 190]
[133452, 190]

BP for each step:  [133452, 133452, 133452, 133452, 133452, 133452, 133452, 133452, 133452, 133452, 133452, 133452, 133452, 133452, 133452, 133452]
Time without overhead: 2.783504 s

Total Time: 3.107242 s
