========== Stats ==========
iters 10
batchSize 128
numMicro 16
machine 4
log_dir _timeline/vgg_3mp
file .txt
model vgg
===========================
Number of Stages: 1
(0, 28)

Profiling for Stage (0, 28) with bs(1)
 ------ 1 / 11 ...
 ------ 2 / 11 ...
 ------ 3 / 11 ...
 ------ 4 / 11 ...
 ------ 5 / 11 ...
 ------ 6 / 11 ...
 ------ 7 / 11 ...
 ------ 8 / 11 ...
 ------ 9 / 11 ...
 ------ 10 / 11 ...
 ------ 11 / 11 ...
 ------ 1 / 11 ...
 ------ 2 / 11 ...
 ------ 3 / 11 ...
 ------ 4 / 11 ...
 ------ 5 / 11 ...
 ------ 6 / 11 ...
 ------ 7 / 11 ...
 ------ 8 / 11 ...
 ------ 9 / 11 ...
 ------ 10 / 11 ...
 ------ 11 / 11 ...
374221.0
392652.0
93512.0
93909.0
93747.0
94057.0
93406.0
93664.0
93408.0
93753.0
[303265]

Mean FP TimeList
[[40924, 312, 6]]

Mean BP TimeList
[[134191, 388, 190]]

Mean DPOH TimeList
[303265]

FP TimeList
[[40924, 388]]

BP TimeList
[[134191, 190]]

Time Chart for FP
[40924]
[40924, 388]
[40924, 388]
[40924, 388]
[40924, 388]
[40924, 388]
[40924, 388]
[40924, 388]
[40924, 388]
[40924, 388]
[40924, 388]
[40924, 388]
[40924, 388]
[40924, 388]
[40924, 388]
[40924, 388]

FP for each step:  [40924, 40924, 40924, 40924, 40924, 40924, 40924, 40924, 40924, 40924, 40924, 40924, 40924, 40924, 40924, 40924]

Time Chart for BP
[388, 134191]
[134191, 190]
[134191, 190]
[134191, 190]
[134191, 190]
[134191, 190]
[134191, 190]
[134191, 190]
[134191, 190]
[134191, 190]
[134191, 190]
[134191, 190]
[134191, 190]
[134191, 190]
[134191, 190]
[134191, 190]

BP for each step:  [134191, 134191, 134191, 134191, 134191, 134191, 134191, 134191, 134191, 134191, 134191, 134191, 134191, 134191, 134191, 134191]
Time without overhead: 2.80184 s

Total Time: 3.105105 s
