========== Stats ==========
iters 10
batchSize 16
numMicro 8
machine 4
log_dir _timeline/vgg_3mp
file .txt
model vgg
===========================
Number of Stages: 1
(0, 28)

Profiling for Stage (0, 28) with bs(1)
 ------ 1 / 11 ...
 ------ 2 / 11 ...
 ------ 3 / 11 ...
 ------ 4 / 11 ...
 ------ 5 / 11 ...
 ------ 6 / 11 ...
 ------ 7 / 11 ...
 ------ 8 / 11 ...
 ------ 9 / 11 ...
 ------ 10 / 11 ...
 ------ 11 / 11 ...
 ------ 1 / 11 ...
 ------ 2 / 11 ...
 ------ 3 / 11 ...
 ------ 4 / 11 ...
 ------ 5 / 11 ...
 ------ 6 / 11 ...
 ------ 7 / 11 ...
 ------ 8 / 11 ...
 ------ 9 / 11 ...
 ------ 10 / 11 ...
 ------ 11 / 11 ...
347406.0
258384.0
94454.0
93821.0
93996.0
93340.0
94249.0
93879.0
368543.0
93867.0
[326387]

Mean FP TimeList
[[40854, 383, 8]]

Mean BP TimeList
[[134020, 409, 189]]

Mean DPOH TimeList
[326387]

FP TimeList
[[40854, 409]]

BP TimeList
[[134020, 189]]

Time Chart for FP
[40854]
[40854, 409]
[40854, 409]
[40854, 409]
[40854, 409]
[40854, 409]
[40854, 409]
[40854, 409]

FP for each step:  [40854, 40854, 40854, 40854, 40854, 40854, 40854, 40854]

Time Chart for BP
[409, 134020]
[134020, 189]
[134020, 189]
[134020, 189]
[134020, 189]
[134020, 189]
[134020, 189]
[134020, 189]

BP for each step:  [134020, 134020, 134020, 134020, 134020, 134020, 134020, 134020]
Time without overhead: 1.398992 s

Total Time: 1.725379 s
