========== Stats ==========
iters 10
batchSize 64
numMicro 16
machine 4
log_dir _timeline/vggh
file ./_parth/partition_2_vgg_64_16.txt
model vgg
===========================
Number of Stages: 2
(0, 9)

Profiling for Stage (0, 9) with bs(4)
 ------ 1 / 11 ...
 ------ 2 / 11 ...
 ------ 3 / 11 ...
 ------ 4 / 11 ...
 ------ 5 / 11 ...
 ------ 6 / 11 ...
 ------ 7 / 11 ...
 ------ 8 / 11 ...
 ------ 9 / 11 ...
 ------ 10 / 11 ...
 ------ 11 / 11 ...
 ------ 1 / 11 ...
 ------ 2 / 11 ...
 ------ 3 / 11 ...
 ------ 4 / 11 ...
 ------ 5 / 11 ...
 ------ 6 / 11 ...
 ------ 7 / 11 ...
 ------ 8 / 11 ...
 ------ 9 / 11 ...
 ------ 10 / 11 ...
 ------ 11 / 11 ...
(9, 28)

Profiling for Stage (9, 28) with bs(4)
 ------ 1 / 11 ...
 ------ 2 / 11 ...
 ------ 3 / 11 ...
 ------ 4 / 11 ...
 ------ 5 / 11 ...
 ------ 6 / 11 ...
 ------ 7 / 11 ...
 ------ 8 / 11 ...
 ------ 9 / 11 ...
 ------ 10 / 11 ...
 ------ 11 / 11 ...
 ------ 1 / 11 ...
 ------ 2 / 11 ...
 ------ 3 / 11 ...
 ------ 4 / 11 ...
 ------ 5 / 11 ...
 ------ 6 / 11 ...
 ------ 7 / 11 ...
 ------ 8 / 11 ...
 ------ 9 / 11 ...
 ------ 10 / 11 ...
 ------ 11 / 11 ...
2182.0
2322.0
2301.0
2409.0
2362.0
2509.0
2332.0
2343.0
2365.0
2402.0
292707.0
258168.0
363903.0
91467.0
90929.0
91475.0
91490.0
91689.0
91267.0
91652.0
[4705, 310949]

Mean FP TimeList
[[72623, 1138, 7821], [78354, 10071, 8]]

Mean BP TimeList
[[206404, 11120, 739], [220249, 10035, 7800]]

Mean DPOH TimeList
[4705, 310949]

FP TimeList
[[72623, 17892], [78354, 10035]]

BP TimeList
[[220249, 18920], [206404, 739]]

Time Chart for FP
[72623]
[72623, 17892]
[72623, 17892, 78354]
[72623, 17892, 78354, 10035]
[72623, 17892, 78354, 10035]
[72623, 17892, 78354, 10035]
[72623, 17892, 78354, 10035]
[72623, 17892, 78354, 10035]
[72623, 17892, 78354, 10035]
[72623, 17892, 78354, 10035]
[72623, 17892, 78354, 10035]
[72623, 17892, 78354, 10035]
[72623, 17892, 78354, 10035]
[72623, 17892, 78354, 10035]
[72623, 17892, 78354, 10035]
[72623, 17892, 78354, 10035]
[78354, 10035]
[78354, 10035]

FP for each step:  [72623, 72623, 78354, 78354, 78354, 78354, 78354, 78354, 78354, 78354, 78354, 78354, 78354, 78354, 78354, 78354, 78354, 78354]

Time Chart for BP
[10035, 220249]
[220249, 18920]
[220249, 18920, 206404]
[220249, 18920, 206404, 739]
[220249, 18920, 206404, 739]
[220249, 18920, 206404, 739]
[220249, 18920, 206404, 739]
[220249, 18920, 206404, 739]
[220249, 18920, 206404, 739]
[220249, 18920, 206404, 739]
[220249, 18920, 206404, 739]
[220249, 18920, 206404, 739]
[220249, 18920, 206404, 739]
[220249, 18920, 206404, 739]
[220249, 18920, 206404, 739]
[220249, 18920, 206404, 739]
[206404, 739]
[206404, 739]

BP for each step:  [220249, 220249, 220249, 220249, 220249, 220249, 220249, 220249, 220249, 220249, 220249, 220249, 220249, 220249, 220249, 220249, 206404, 206404]
Time without overhead: 5.335702 s

Total Time: 5.335702 s
