========== Stats ==========
iters 10
batchSize 16
numMicro 16
machine 4
log_dir _timeline/vgg_3mp
file .txt
model vgg
===========================
Number of Stages: 1
(0, 28)

Profiling for Stage (0, 28) with bs(1)
 ------ 1 / 11 ...
 ------ 2 / 11 ...
 ------ 3 / 11 ...
 ------ 4 / 11 ...
 ------ 5 / 11 ...
 ------ 6 / 11 ...
 ------ 7 / 11 ...
 ------ 8 / 11 ...
 ------ 9 / 11 ...
 ------ 10 / 11 ...
 ------ 11 / 11 ...
 ------ 1 / 11 ...
 ------ 2 / 11 ...
 ------ 3 / 11 ...
 ------ 4 / 11 ...
 ------ 5 / 11 ...
 ------ 6 / 11 ...
 ------ 7 / 11 ...
 ------ 8 / 11 ...
 ------ 9 / 11 ...
 ------ 10 / 11 ...
 ------ 11 / 11 ...
396910.0
388653.0
93976.0
93900.0
93956.0
93939.0
93109.0
94140.0
93804.0
93284.0
[307134]

Mean FP TimeList
[[40736, 380, 7]]

Mean BP TimeList
[[134597, 399, 190]]

Mean DPOH TimeList
[307134]

FP TimeList
[[40736, 399]]

BP TimeList
[[134597, 190]]

Time Chart for FP
[40736]
[40736, 399]
[40736, 399]
[40736, 399]
[40736, 399]
[40736, 399]
[40736, 399]
[40736, 399]
[40736, 399]
[40736, 399]
[40736, 399]
[40736, 399]
[40736, 399]
[40736, 399]
[40736, 399]
[40736, 399]

FP for each step:  [40736, 40736, 40736, 40736, 40736, 40736, 40736, 40736, 40736, 40736, 40736, 40736, 40736, 40736, 40736, 40736]

Time Chart for BP
[399, 134597]
[134597, 190]
[134597, 190]
[134597, 190]
[134597, 190]
[134597, 190]
[134597, 190]
[134597, 190]
[134597, 190]
[134597, 190]
[134597, 190]
[134597, 190]
[134597, 190]
[134597, 190]
[134597, 190]
[134597, 190]

BP for each step:  [134597, 134597, 134597, 134597, 134597, 134597, 134597, 134597, 134597, 134597, 134597, 134597, 134597, 134597, 134597, 134597]
Time without overhead: 2.805328 s

Total Time: 3.112462 s
