========== Stats ==========
iters 10
batchSize 64
numMicro 4
machine 4
log_dir _timeline/vgg_3mp
file .txt
model vgg
===========================
Number of Stages: 4
(11, 14)

Profiling for Stage (11, 14) with bs(16)
 ------ 1 / 11 ...
 ------ 2 / 11 ...
 ------ 3 / 11 ...
 ------ 4 / 11 ...
 ------ 5 / 11 ...
 ------ 6 / 11 ...
 ------ 7 / 11 ...
 ------ 8 / 11 ...
 ------ 9 / 11 ...
 ------ 10 / 11 ...
 ------ 11 / 11 ...
 ------ 1 / 11 ...
 ------ 2 / 11 ...
 ------ 3 / 11 ...
 ------ 4 / 11 ...
 ------ 5 / 11 ...
 ------ 6 / 11 ...
 ------ 7 / 11 ...
 ------ 8 / 11 ...
 ------ 9 / 11 ...
 ------ 10 / 11 ...
 ------ 11 / 11 ...
(14, 28)

Profiling for Stage (14, 28) with bs(16)
 ------ 1 / 11 ...
 ------ 2 / 11 ...
 ------ 3 / 11 ...
 ------ 4 / 11 ...
 ------ 5 / 11 ...
 ------ 6 / 11 ...
 ------ 7 / 11 ...
 ------ 8 / 11 ...
 ------ 9 / 11 ...
 ------ 10 / 11 ...
 ------ 11 / 11 ...
 ------ 1 / 11 ...
 ------ 2 / 11 ...
 ------ 3 / 11 ...
 ------ 4 / 11 ...
 ------ 5 / 11 ...
 ------ 6 / 11 ...
 ------ 7 / 11 ...
 ------ 8 / 11 ...
 ------ 9 / 11 ...
 ------ 10 / 11 ...
 ------ 11 / 11 ...
(6, 11)

Profiling for Stage (6, 11) with bs(8)
 ------ 1 / 11 ...
 ------ 2 / 11 ...
 ------ 3 / 11 ...
 ------ 4 / 11 ...
 ------ 5 / 11 ...
 ------ 6 / 11 ...
 ------ 7 / 11 ...
 ------ 8 / 11 ...
 ------ 9 / 11 ...
 ------ 10 / 11 ...
 ------ 11 / 11 ...
 ------ 1 / 11 ...
 ------ 2 / 11 ...
 ------ 3 / 11 ...
 ------ 4 / 11 ...
 ------ 5 / 11 ...
 ------ 6 / 11 ...
 ------ 7 / 11 ...
 ------ 8 / 11 ...
 ------ 9 / 11 ...
 ------ 10 / 11 ...
 ------ 11 / 11 ...
(0, 6)

Profiling for Stage (0, 6) with bs(4)
 ------ 1 / 11 ...
 ------ 2 / 11 ...
 ------ 3 / 11 ...
 ------ 4 / 11 ...
 ------ 5 / 11 ...
 ------ 6 / 11 ...
 ------ 7 / 11 ...
 ------ 8 / 11 ...
 ------ 9 / 11 ...
 ------ 10 / 11 ...
 ------ 11 / 11 ...
 ------ 1 / 11 ...
 ------ 2 / 11 ...
 ------ 3 / 11 ...
 ------ 4 / 11 ...
 ------ 5 / 11 ...
 ------ 6 / 11 ...
 ------ 7 / 11 ...
 ------ 8 / 11 ...
 ------ 9 / 11 ...
 ------ 10 / 11 ...
 ------ 11 / 11 ...
374.0
482.0
383.0
405.0
368.0
396.0
386.0
354.0
386.0
386.0
2534.0
2614.0
2532.0
2642.0
2651.0
2603.0
2660.0
2605.0
2670.0
2610.0
7254.0
7312.0
7354.0
7312.0
7305.0
7255.0
7254.0
7337.0
7235.0
7255.0
247447.0
248287.0
83520.0
83642.0
83422.0
83301.0
83179.0
83405.0
83522.0
83292.0
[784, 5224, 14574, 232603]

Mean FP TimeList
[[44927, 1140, 3903], [85289, 9970, 3905], [58757, 10021, 15613], [57615, 19828, 13]]

Mean BP TimeList
[[121933, 5847, 737], [214642, 14898, 7808], [181414, 29664, 7795], [167998, 19867, 15613]]

Mean DPOH TimeList
[784, 5224, 14574, 232603]

FP TimeList
[[44927, 35552], [85289, 17831], [58757, 35441], [57615, 19867]]

BP TimeList
[[167998, 45277], [181414, 22693, 181414, 22693], [214642, 21463, 214642, 21463, 214642, 21463, 214642, 21463], [121933, 737]]

Time Chart for FP
[44927]
[44927, 35552]
[44927, 35552, 85289]
[44927, 35552, 85289, 17831]
[85289, 17831, 58757]
[85289, 17831, 58757, 35441]
[58757, 35441, 57615]
[58757, 35441, 57615, 19867]
[57615, 19867]
[57615, 19867]

FP for each step:  [44927, 44927, 85289, 85289, 85289, 85289, 58757, 58757, 57615, 57615]

Time Chart for BP
[19867, 167998]
[167998, 45277]
[167998, 45277, 181414]
[167998, 45277, 181414, 22693]
[181414, 22693, 214642]
[181414, 22693, 214642, 21463]
[214642, 21463, 121933]
[214642, 21463, 121933, 737]
[121933, 737]
[121933, 737]

BP for each step:  [167998, 167998, 181414, 181414, 214642, 214642, 214642, 214642, 121933, 121933]
Time without overhead: 2.465012 s

Total Time: 2.47102 s
