========== Stats ==========
iters 10
batchSize 64
numMicro 2
machine 4
log_dir _timeline/vgg_3mp
file .txt
model vgg
===========================
Number of Stages: 1
(0, 28)

Profiling for Stage (0, 28) with bs(4)
 ------ 1 / 11 ...
 ------ 2 / 11 ...
 ------ 3 / 11 ...
 ------ 4 / 11 ...
 ------ 5 / 11 ...
 ------ 6 / 11 ...
 ------ 7 / 11 ...
 ------ 8 / 11 ...
 ------ 9 / 11 ...
 ------ 10 / 11 ...
 ------ 11 / 11 ...
 ------ 1 / 11 ...
 ------ 2 / 11 ...
 ------ 3 / 11 ...
 ------ 4 / 11 ...
 ------ 5 / 11 ...
 ------ 6 / 11 ...
 ------ 7 / 11 ...
 ------ 8 / 11 ...
 ------ 9 / 11 ...
 ------ 10 / 11 ...
 ------ 11 / 11 ...
391978.0
388595.0
93979.0
93917.0
94086.0
94189.0
93595.0
94214.0
94029.0
93803.0
[306477]

Mean FP TimeList
[[154109, 1216, 9]]

Mean BP TimeList
[[422300, 1115, 738]]

Mean DPOH TimeList
[306477]

FP TimeList
[[154109, 1115]]

BP TimeList
[[422300, 738]]

Time Chart for FP
[154109]
[154109, 1115]

FP for each step:  [154109, 154109]

Time Chart for BP
[1115, 422300]
[422300, 738]

BP for each step:  [422300, 422300]
Time without overhead: 1.152818 s

Total Time: 1.459295 s
