========== Stats ==========
iters 10
batchSize 32
numMicro 16
machine 4
log_dir _timeline/vgg_3mp
file .txt
model vgg
===========================
Number of Stages: 1
(0, 28)

Profiling for Stage (0, 28) with bs(1)
 ------ 1 / 11 ...
 ------ 2 / 11 ...
 ------ 3 / 11 ...
 ------ 4 / 11 ...
 ------ 5 / 11 ...
 ------ 6 / 11 ...
 ------ 7 / 11 ...
 ------ 8 / 11 ...
 ------ 9 / 11 ...
 ------ 10 / 11 ...
 ------ 11 / 11 ...
 ------ 1 / 11 ...
 ------ 2 / 11 ...
 ------ 3 / 11 ...
 ------ 4 / 11 ...
 ------ 5 / 11 ...
 ------ 6 / 11 ...
 ------ 7 / 11 ...
 ------ 8 / 11 ...
 ------ 9 / 11 ...
 ------ 10 / 11 ...
 ------ 11 / 11 ...
310795.0
570744.0
93766.0
94117.0
93875.0
93900.0
94044.0
93967.0
93256.0
93902.0
[326473]

Mean FP TimeList
[[40790, 290, 7]]

Mean BP TimeList
[[133706, 413, 190]]

Mean DPOH TimeList
[326473]

FP TimeList
[[40790, 413]]

BP TimeList
[[133706, 190]]

Time Chart for FP
[40790]
[40790, 413]
[40790, 413]
[40790, 413]
[40790, 413]
[40790, 413]
[40790, 413]
[40790, 413]
[40790, 413]
[40790, 413]
[40790, 413]
[40790, 413]
[40790, 413]
[40790, 413]
[40790, 413]
[40790, 413]

FP for each step:  [40790, 40790, 40790, 40790, 40790, 40790, 40790, 40790, 40790, 40790, 40790, 40790, 40790, 40790, 40790, 40790]

Time Chart for BP
[413, 133706]
[133706, 190]
[133706, 190]
[133706, 190]
[133706, 190]
[133706, 190]
[133706, 190]
[133706, 190]
[133706, 190]
[133706, 190]
[133706, 190]
[133706, 190]
[133706, 190]
[133706, 190]
[133706, 190]
[133706, 190]

BP for each step:  [133706, 133706, 133706, 133706, 133706, 133706, 133706, 133706, 133706, 133706, 133706, 133706, 133706, 133706, 133706, 133706]
Time without overhead: 2.791936 s

Total Time: 3.118409 s
