========== Stats ==========
iters 10
batchSize 32
numMicro 2
machine 4
log_dir _timeline/vggh
file ./_parth/partition_4_vgg_32_2.txt
model vgg
===========================
Number of Stages: 4
(0, 2)

Profiling for Stage (0, 2) with bs(16)
 ------ 1 / 11 ...
 ------ 2 / 11 ...
 ------ 3 / 11 ...
 ------ 4 / 11 ...
 ------ 5 / 11 ...
 ------ 6 / 11 ...
 ------ 7 / 11 ...
 ------ 8 / 11 ...
 ------ 9 / 11 ...
 ------ 10 / 11 ...
 ------ 11 / 11 ...
 ------ 1 / 11 ...
 ------ 2 / 11 ...
 ------ 3 / 11 ...
 ------ 4 / 11 ...
 ------ 5 / 11 ...
 ------ 6 / 11 ...
 ------ 7 / 11 ...
 ------ 8 / 11 ...
 ------ 9 / 11 ...
 ------ 10 / 11 ...
 ------ 11 / 11 ...
(2, 7)

Profiling for Stage (2, 7) with bs(16)
 ------ 1 / 11 ...
 ------ 2 / 11 ...
 ------ 3 / 11 ...
 ------ 4 / 11 ...
 ------ 5 / 11 ...
 ------ 6 / 11 ...
 ------ 7 / 11 ...
 ------ 8 / 11 ...
 ------ 9 / 11 ...
 ------ 10 / 11 ...
 ------ 11 / 11 ...
 ------ 1 / 11 ...
 ------ 2 / 11 ...
 ------ 3 / 11 ...
 ------ 4 / 11 ...
 ------ 5 / 11 ...
 ------ 6 / 11 ...
 ------ 7 / 11 ...
 ------ 8 / 11 ...
 ------ 9 / 11 ...
 ------ 10 / 11 ...
 ------ 11 / 11 ...
(7, 12)

Profiling for Stage (7, 12) with bs(16)
 ------ 1 / 11 ...
 ------ 2 / 11 ...
 ------ 3 / 11 ...
 ------ 4 / 11 ...
 ------ 5 / 11 ...
 ------ 6 / 11 ...
 ------ 7 / 11 ...
 ------ 8 / 11 ...
 ------ 9 / 11 ...
 ------ 10 / 11 ...
 ------ 11 / 11 ...
 ------ 1 / 11 ...
 ------ 2 / 11 ...
 ------ 3 / 11 ...
 ------ 4 / 11 ...
 ------ 5 / 11 ...
 ------ 6 / 11 ...
 ------ 7 / 11 ...
 ------ 8 / 11 ...
 ------ 9 / 11 ...
 ------ 10 / 11 ...
 ------ 11 / 11 ...
(12, 28)

Profiling for Stage (12, 28) with bs(16)
 ------ 1 / 11 ...
 ------ 2 / 11 ...
 ------ 3 / 11 ...
 ------ 4 / 11 ...
 ------ 5 / 11 ...
 ------ 6 / 11 ...
 ------ 7 / 11 ...
 ------ 8 / 11 ...
 ------ 9 / 11 ...
 ------ 10 / 11 ...
 ------ 11 / 11 ...
 ------ 1 / 11 ...
 ------ 2 / 11 ...
 ------ 3 / 11 ...
 ------ 4 / 11 ...
 ------ 5 / 11 ...
 ------ 6 / 11 ...
 ------ 7 / 11 ...
 ------ 8 / 11 ...
 ------ 9 / 11 ...
 ------ 10 / 11 ...
 ------ 11 / 11 ...
99.0
99.0
104.0
99.0
107.0
99.0
99.0
106.0
130.0
107.0
711.0
711.0
712.0
651.0
692.0
683.0
713.0
681.0
713.0
713.0
3700.0
3724.0
3697.0
3725.0
3743.0
3733.0
3767.0
3769.0
3743.0
3736.0
89059.0
89070.0
89064.0
89221.0
89195.0
89354.0
89243.0
89115.0
89177.0
89372.0
[209, 1396, 7467, 178374]

Mean FP TimeList
[[93168, 3876, 150895], [95633, 156862, 31209], [94723, 39262, 15607], [97571, 19651, 12]]

Mean BP TimeList
[[300727, 158711, 2931], [352792, 194240, 124629], [285749, 58499, 31185], [308973, 19651, 15588]]

Mean DPOH TimeList
[209, 1396, 7467, 178374]

FP TimeList
[[93168, 307757], [95633, 70471], [94723, 35258], [97571, 19651]]

BP TimeList
[[308973, 74087], [285749, 225425], [352792, 283340], [300727, 2931]]

Time Chart for FP
[93168]
[93168, 307757]
[95633]
[95633, 70471]
[94723]
[94723, 35258]
[97571]
[97571, 19651]

FP for each step:  [93168, 307757, 95633, 95633, 94723, 94723, 97571, 97571]

Time Chart for BP
[19651, 308973]
[308973, 74087]
[285749]
[285749, 225425]
[352792]
[352792, 283340]
[300727]
[300727, 2931]

BP for each step:  [308973, 308973, 285749, 285749, 352792, 352792, 300727, 300727]
Time without overhead: 3.473261 s

Total Time: 3.473261 s
