========== Stats ==========
iters 10
batchSize 16
numMicro 4
machine 4
log_dir _timeline/vgg_3mp
file .txt
model vgg
===========================
Number of Stages: 2
(12, 28)

Profiling for Stage (12, 28) with bs(1)
 ------ 1 / 11 ...
 ------ 2 / 11 ...
 ------ 3 / 11 ...
 ------ 4 / 11 ...
 ------ 5 / 11 ...
 ------ 6 / 11 ...
 ------ 7 / 11 ...
 ------ 8 / 11 ...
 ------ 9 / 11 ...
 ------ 10 / 11 ...
 ------ 11 / 11 ...
 ------ 1 / 11 ...
 ------ 2 / 11 ...
 ------ 3 / 11 ...
 ------ 4 / 11 ...
 ------ 5 / 11 ...
 ------ 6 / 11 ...
 ------ 7 / 11 ...
 ------ 8 / 11 ...
 ------ 9 / 11 ...
 ------ 10 / 11 ...
 ------ 11 / 11 ...
(0, 12)

Profiling for Stage (0, 12) with bs(1)
 ------ 1 / 11 ...
 ------ 2 / 11 ...
 ------ 3 / 11 ...
 ------ 4 / 11 ...
 ------ 5 / 11 ...
 ------ 6 / 11 ...
 ------ 7 / 11 ...
 ------ 8 / 11 ...
 ------ 9 / 11 ...
 ------ 10 / 11 ...
 ------ 11 / 11 ...
 ------ 1 / 11 ...
 ------ 2 / 11 ...
 ------ 3 / 11 ...
 ------ 4 / 11 ...
 ------ 5 / 11 ...
 ------ 6 / 11 ...
 ------ 7 / 11 ...
 ------ 8 / 11 ...
 ------ 9 / 11 ...
 ------ 10 / 11 ...
 ------ 11 / 11 ...
4346.0
4454.0
4417.0
4582.0
4400.0
4529.0
4469.0
4550.0
4383.0
4490.0
298283.0
545303.0
89308.0
89361.0
88678.0
89652.0
89397.0
89718.0
89077.0
89182.0
[8924, 311591]

Mean FP TimeList
[[22116, 389, 983], [18769, 1316, 8]]

Mean BP TimeList
[[64161, 1564, 188], [68367, 1344, 983]]

Mean DPOH TimeList
[8924, 311591]

FP TimeList
[[22116, 8863], [18769, 1344]]

BP TimeList
[[68367, 4513, 68367, 4513, 68367, 4513, 68367, 4513, 68367, 4513], [64161, 188]]

Time Chart for FP
[22116]
[22116, 8863]
[22116, 8863, 18769]
[22116, 8863, 18769, 1344]
[18769, 1344]
[18769, 1344]

FP for each step:  [22116, 22116, 22116, 22116, 18769, 18769]

Time Chart for BP
[1344, 68367]
[68367, 4513]
[68367, 4513, 64161]
[68367, 4513, 64161, 188]
[64161, 188]
[64161, 188]

BP for each step:  [68367, 68367, 68367, 68367, 64161, 64161]
Time without overhead: 0.527792 s

Total Time: 0.848307 s
