========== Stats ==========
iters 10
batchSize 128
numMicro 4
machine 4
log_dir _timeline/vgg_3mp
file .txt
model vgg
===========================
Number of Stages: 1
(0, 28)

Profiling for Stage (0, 28) with bs(16)
 ------ 1 / 11 ...
 ------ 2 / 11 ...
 ------ 3 / 11 ...
 ------ 4 / 11 ...
 ------ 5 / 11 ...
 ------ 6 / 11 ...
 ------ 7 / 11 ...
 ------ 8 / 11 ...
 ------ 9 / 11 ...
 ------ 10 / 11 ...
 ------ 11 / 11 ...
 ------ 1 / 11 ...
 ------ 2 / 11 ...
 ------ 3 / 11 ...
 ------ 4 / 11 ...
 ------ 5 / 11 ...
 ------ 6 / 11 ...
 ------ 7 / 11 ...
 ------ 8 / 11 ...
 ------ 9 / 11 ...
 ------ 10 / 11 ...
 ------ 11 / 11 ...
93969.0
93429.0
93516.0
93825.0
93679.0
93181.0
93750.0
93365.0
93506.0
93171.0
[187078]

Mean FP TimeList
[[356237, 3902, 12]]

Mean BP TimeList
[[1276051, 4133, 2930]]

Mean DPOH TimeList
[187078]

FP TimeList
[[356237, 4133]]

BP TimeList
[[1276051, 2930]]

Time Chart for FP
[356237]
[356237, 4133]
[356237, 4133]
[356237, 4133]

FP for each step:  [356237, 356237, 356237, 356237]

Time Chart for BP
[4133, 1276051]
[1276051, 2930]
[1276051, 2930]
[1276051, 2930]

BP for each step:  [1276051, 1276051, 1276051, 1276051]
Time without overhead: 6.529152 s

Total Time: 6.71623 s
