========== Stats ==========
iters 10
batchSize 32
numMicro 4
machine 4
log_dir _timeline/vgg_3mp
file .txt
model vgg
===========================
Number of Stages: 1
(0, 28)

Profiling for Stage (0, 28) with bs(4)
 ------ 1 / 11 ...
 ------ 2 / 11 ...
 ------ 3 / 11 ...
 ------ 4 / 11 ...
 ------ 5 / 11 ...
 ------ 6 / 11 ...
 ------ 7 / 11 ...
 ------ 8 / 11 ...
 ------ 9 / 11 ...
 ------ 10 / 11 ...
 ------ 11 / 11 ...
 ------ 1 / 11 ...
 ------ 2 / 11 ...
 ------ 3 / 11 ...
 ------ 4 / 11 ...
 ------ 5 / 11 ...
 ------ 6 / 11 ...
 ------ 7 / 11 ...
 ------ 8 / 11 ...
 ------ 9 / 11 ...
 ------ 10 / 11 ...
 ------ 11 / 11 ...
193511.0
394656.0
93236.0
94090.0
94026.0
93322.0
93544.0
93914.0
93832.0
93725.0
[267571]

Mean FP TimeList
[[153188, 1052, 8]]

Mean BP TimeList
[[419554, 1148, 741]]

Mean DPOH TimeList
[267571]

FP TimeList
[[153188, 1148]]

BP TimeList
[[419554, 741]]

Time Chart for FP
[153188]
[153188, 1148]
[153188, 1148]
[153188, 1148]

FP for each step:  [153188, 153188, 153188, 153188]

Time Chart for BP
[1148, 419554]
[419554, 741]
[419554, 741]
[419554, 741]

BP for each step:  [419554, 419554, 419554, 419554]
Time without overhead: 2.290968 s

Total Time: 2.558539 s
