========== Stats ==========
iters 10
batchSize 32
numMicro 8
machine 4
log_dir _timeline/vgg_3mp
file .txt
model vgg
===========================
Number of Stages: 1
(0, 28)

Profiling for Stage (0, 28) with bs(1)
 ------ 1 / 11 ...
 ------ 2 / 11 ...
 ------ 3 / 11 ...
 ------ 4 / 11 ...
 ------ 5 / 11 ...
 ------ 6 / 11 ...
 ------ 7 / 11 ...
 ------ 8 / 11 ...
 ------ 9 / 11 ...
 ------ 10 / 11 ...
 ------ 11 / 11 ...
 ------ 1 / 11 ...
 ------ 2 / 11 ...
 ------ 3 / 11 ...
 ------ 4 / 11 ...
 ------ 5 / 11 ...
 ------ 6 / 11 ...
 ------ 7 / 11 ...
 ------ 8 / 11 ...
 ------ 9 / 11 ...
 ------ 10 / 11 ...
 ------ 11 / 11 ...
313139.0
550712.0
93753.0
93601.0
93701.0
93897.0
93577.0
93326.0
93784.0
93788.0
[322655]

Mean FP TimeList
[[40761, 302, 7]]

Mean BP TimeList
[[134157, 377, 190]]

Mean DPOH TimeList
[322655]

FP TimeList
[[40761, 377]]

BP TimeList
[[134157, 190]]

Time Chart for FP
[40761]
[40761, 377]
[40761, 377]
[40761, 377]
[40761, 377]
[40761, 377]
[40761, 377]
[40761, 377]

FP for each step:  [40761, 40761, 40761, 40761, 40761, 40761, 40761, 40761]

Time Chart for BP
[377, 134157]
[134157, 190]
[134157, 190]
[134157, 190]
[134157, 190]
[134157, 190]
[134157, 190]
[134157, 190]

BP for each step:  [134157, 134157, 134157, 134157, 134157, 134157, 134157, 134157]
Time without overhead: 1.399344 s

Total Time: 1.721999 s
