========== Stats ==========
iters 10
batchSize 64
numMicro 16
machine 4
log_dir _timeline/vgg_3mp
file .txt
model vgg
===========================
Number of Stages: 1
(0, 28)

Profiling for Stage (0, 28) with bs(2)
 ------ 1 / 11 ...
 ------ 2 / 11 ...
 ------ 3 / 11 ...
 ------ 4 / 11 ...
 ------ 5 / 11 ...
 ------ 6 / 11 ...
 ------ 7 / 11 ...
 ------ 8 / 11 ...
 ------ 9 / 11 ...
 ------ 10 / 11 ...
 ------ 11 / 11 ...
 ------ 1 / 11 ...
 ------ 2 / 11 ...
 ------ 3 / 11 ...
 ------ 4 / 11 ...
 ------ 5 / 11 ...
 ------ 6 / 11 ...
 ------ 7 / 11 ...
 ------ 8 / 11 ...
 ------ 9 / 11 ...
 ------ 10 / 11 ...
 ------ 11 / 11 ...
314088.0
382086.0
94249.0
94078.0
94150.0
93874.0
94039.0
93492.0
93954.0
94228.0
[289647]

Mean FP TimeList
[[78245, 639, 9]]

Mean BP TimeList
[[229878, 916, 373]]

Mean DPOH TimeList
[289647]

FP TimeList
[[78245, 916]]

BP TimeList
[[229878, 373]]

Time Chart for FP
[78245]
[78245, 916]
[78245, 916]
[78245, 916]
[78245, 916]
[78245, 916]
[78245, 916]
[78245, 916]
[78245, 916]
[78245, 916]
[78245, 916]
[78245, 916]
[78245, 916]
[78245, 916]
[78245, 916]
[78245, 916]

FP for each step:  [78245, 78245, 78245, 78245, 78245, 78245, 78245, 78245, 78245, 78245, 78245, 78245, 78245, 78245, 78245, 78245]

Time Chart for BP
[916, 229878]
[229878, 373]
[229878, 373]
[229878, 373]
[229878, 373]
[229878, 373]
[229878, 373]
[229878, 373]
[229878, 373]
[229878, 373]
[229878, 373]
[229878, 373]
[229878, 373]
[229878, 373]
[229878, 373]
[229878, 373]

BP for each step:  [229878, 229878, 229878, 229878, 229878, 229878, 229878, 229878, 229878, 229878, 229878, 229878, 229878, 229878, 229878, 229878]
Time without overhead: 4.929968 s

Total Time: 5.219615 s
