========== Stats ==========
iters 10
batchSize 64
numMicro 2
machine 4
log_dir _timeline/vgg_3mp
file .txt
model vgg
===========================
Number of Stages: 1
(0, 28)

Profiling for Stage (0, 28) with bs(16)
 ------ 1 / 11 ...
 ------ 2 / 11 ...
 ------ 3 / 11 ...
 ------ 4 / 11 ...
 ------ 5 / 11 ...
 ------ 6 / 11 ...
 ------ 7 / 11 ...
 ------ 8 / 11 ...
 ------ 9 / 11 ...
 ------ 10 / 11 ...
 ------ 11 / 11 ...
 ------ 1 / 11 ...
 ------ 2 / 11 ...
 ------ 3 / 11 ...
 ------ 4 / 11 ...
 ------ 5 / 11 ...
 ------ 6 / 11 ...
 ------ 7 / 11 ...
 ------ 8 / 11 ...
 ------ 9 / 11 ...
 ------ 10 / 11 ...
 ------ 11 / 11 ...
93960.0
94274.0
94045.0
93999.0
94058.0
93936.0
93887.0
93850.0
93783.0
94129.0
[187984]

Mean FP TimeList
[[357327, 3863, 13]]

Mean BP TimeList
[[1596546, 4075, 2927]]

Mean DPOH TimeList
[187984]

FP TimeList
[[357327, 4075]]

BP TimeList
[[1596546, 2927]]

Time Chart for FP
[357327]
[357327, 4075]

FP for each step:  [357327, 357327]

Time Chart for BP
[4075, 1596546]
[1596546, 2927]

BP for each step:  [1596546, 1596546]
Time without overhead: 3.907746 s

Total Time: 4.09573 s
